[0.011s] Invoking command in '/home/yongjing-ub22/comms_nusmr/mapviz_ws_YJ_laptop_only/build/mapviz_interfaces': CMAKE_PREFIX_PATH=${CMAKE_PREFIX_PATH}:/home/yongjing-ub22/comms_nusmr/mapviz_ws_YJ_laptop_only/install/path_publisher:/opt/ros/humble /usr/bin/cmake --build /home/yongjing-ub22/comms_nusmr/mapviz_ws_YJ_laptop_only/build/mapviz_interfaces -- -j20 -l20
[0.070s] [  3%] Built target mapviz_interfaces__cpp
[0.071s] [ 12%] Built target mapviz_interfaces__rosidl_generator_c
[0.084s] [ 12%] Built target ament_cmake_python_copy_mapviz_interfaces
[0.102s] [ 22%] Built target mapviz_interfaces__rosidl_typesupport_fastrtps_cpp
[0.103s] [ 32%] Built target mapviz_interfaces__rosidl_typesupport_cpp
[0.104s] [ 41%] Built target mapviz_interfaces__rosidl_typesupport_introspection_c
[0.104s] [ 51%] Built target mapviz_interfaces__rosidl_typesupport_introspection_cpp
[0.106s] [ 61%] Built target mapviz_interfaces__rosidl_typesupport_c
[0.107s] [ 70%] Built target mapviz_interfaces__rosidl_typesupport_fastrtps_c
[0.132s] [ 70%] Built target mapviz_interfaces
[0.159s] [ 74%] Built target mapviz_interfaces__py
[0.184s] [ 80%] Built target mapviz_interfaces__rosidl_generator_py
[0.211s] [100%] Built target mapviz_interfaces__rosidl_typesupport_c__pyext
[0.211s] [100%] Built target mapviz_interfaces__rosidl_typesupport_introspection_c__pyext
[0.212s] [100%] Built target mapviz_interfaces__rosidl_typesupport_fastrtps_c__pyext
[0.334s] running egg_info
[0.335s] writing mapviz_interfaces.egg-info/PKG-INFO
[0.335s] writing dependency_links to mapviz_interfaces.egg-info/dependency_links.txt
[0.335s] writing top-level names to mapviz_interfaces.egg-info/top_level.txt
[0.337s] reading manifest file 'mapviz_interfaces.egg-info/SOURCES.txt'
[0.337s] writing manifest file 'mapviz_interfaces.egg-info/SOURCES.txt'
[0.361s] [100%] Built target ament_cmake_python_build_mapviz_interfaces_egg
[0.371s] Invoked command in '/home/yongjing-ub22/comms_nusmr/mapviz_ws_YJ_laptop_only/build/mapviz_interfaces' returned '0': CMAKE_PREFIX_PATH=${CMAKE_PREFIX_PATH}:/home/yongjing-ub22/comms_nusmr/mapviz_ws_YJ_laptop_only/install/path_publisher:/opt/ros/humble /usr/bin/cmake --build /home/yongjing-ub22/comms_nusmr/mapviz_ws_YJ_laptop_only/build/mapviz_interfaces -- -j20 -l20
[0.385s] Invoking command in '/home/yongjing-ub22/comms_nusmr/mapviz_ws_YJ_laptop_only/build/mapviz_interfaces': CMAKE_PREFIX_PATH=${CMAKE_PREFIX_PATH}:/home/yongjing-ub22/comms_nusmr/mapviz_ws_YJ_laptop_only/install/path_publisher:/opt/ros/humble /usr/bin/cmake --install /home/yongjing-ub22/comms_nusmr/mapviz_ws_YJ_laptop_only/build/mapviz_interfaces
[0.394s] -- Install configuration: ""
[0.395s] -- Up-to-date: /home/yongjing-ub22/comms_nusmr/mapviz_ws_YJ_laptop_only/install/mapviz_interfaces/share/ament_index/resource_index/rosidl_interfaces/mapviz_interfaces
[0.395s] -- Up-to-date: /home/yongjing-ub22/comms_nusmr/mapviz_ws_YJ_laptop_only/install/mapviz_interfaces/include/mapviz_interfaces/mapviz_interfaces
[0.395s] -- Up-to-date: /home/yongjing-ub22/comms_nusmr/mapviz_ws_YJ_laptop_only/install/mapviz_interfaces/include/mapviz_interfaces/mapviz_interfaces/msg
[0.395s] -- Up-to-date: /home/yongjing-ub22/comms_nusmr/mapviz_ws_YJ_laptop_only/install/mapviz_interfaces/include/mapviz_interfaces/mapviz_interfaces/msg/rosidl_generator_c__visibility_control.h
[0.395s] -- Up-to-date: /home/yongjing-ub22/comms_nusmr/mapviz_ws_YJ_laptop_only/install/mapviz_interfaces/include/mapviz_interfaces/mapviz_interfaces/srv
[0.396s] -- Up-to-date: /home/yongjing-ub22/comms_nusmr/mapviz_ws_YJ_laptop_only/install/mapviz_interfaces/include/mapviz_interfaces/mapviz_interfaces/srv/add_mapviz_display.h
[0.396s] -- Up-to-date: /home/yongjing-ub22/comms_nusmr/mapviz_ws_YJ_laptop_only/install/mapviz_interfaces/include/mapviz_interfaces/mapviz_interfaces/srv/detail
[0.396s] -- Up-to-date: /home/yongjing-ub22/comms_nusmr/mapviz_ws_YJ_laptop_only/install/mapviz_interfaces/include/mapviz_interfaces/mapviz_interfaces/srv/detail/add_mapviz_display__functions.c
[0.396s] -- Up-to-date: /home/yongjing-ub22/comms_nusmr/mapviz_ws_YJ_laptop_only/install/mapviz_interfaces/include/mapviz_interfaces/mapviz_interfaces/srv/detail/add_mapviz_display__functions.h
[0.396s] -- Up-to-date: /home/yongjing-ub22/comms_nusmr/mapviz_ws_YJ_laptop_only/install/mapviz_interfaces/include/mapviz_interfaces/mapviz_interfaces/srv/detail/add_mapviz_display__type_support.h
[0.396s] -- Up-to-date: /home/yongjing-ub22/comms_nusmr/mapviz_ws_YJ_laptop_only/install/mapviz_interfaces/include/mapviz_interfaces/mapviz_interfaces/srv/detail/add_mapviz_display__struct.h
[0.396s] -- Up-to-date: /home/yongjing-ub22/comms_nusmr/mapviz_ws_YJ_laptop_only/install/mapviz_interfaces/share/mapviz_interfaces/environment/library_path.sh
[0.397s] -- Up-to-date: /home/yongjing-ub22/comms_nusmr/mapviz_ws_YJ_laptop_only/install/mapviz_interfaces/share/mapviz_interfaces/environment/library_path.dsv
[0.397s] -- Up-to-date: /home/yongjing-ub22/comms_nusmr/mapviz_ws_YJ_laptop_only/install/mapviz_interfaces/lib/libmapviz_interfaces__rosidl_generator_c.so
[0.397s] -- Up-to-date: /home/yongjing-ub22/comms_nusmr/mapviz_ws_YJ_laptop_only/install/mapviz_interfaces/include/mapviz_interfaces/mapviz_interfaces
[0.397s] -- Up-to-date: /home/yongjing-ub22/comms_nusmr/mapviz_ws_YJ_laptop_only/install/mapviz_interfaces/include/mapviz_interfaces/mapviz_interfaces/msg
[0.397s] -- Up-to-date: /home/yongjing-ub22/comms_nusmr/mapviz_ws_YJ_laptop_only/install/mapviz_interfaces/include/mapviz_interfaces/mapviz_interfaces/msg/rosidl_typesupport_fastrtps_c__visibility_control.h
[0.397s] -- Up-to-date: /home/yongjing-ub22/comms_nusmr/mapviz_ws_YJ_laptop_only/install/mapviz_interfaces/include/mapviz_interfaces/mapviz_interfaces/srv
[0.398s] -- Up-to-date: /home/yongjing-ub22/comms_nusmr/mapviz_ws_YJ_laptop_only/install/mapviz_interfaces/include/mapviz_interfaces/mapviz_interfaces/srv/detail
[0.398s] -- Up-to-date: /home/yongjing-ub22/comms_nusmr/mapviz_ws_YJ_laptop_only/install/mapviz_interfaces/include/mapviz_interfaces/mapviz_interfaces/srv/detail/add_mapviz_display__rosidl_typesupport_fastrtps_c.h
[0.398s] -- Up-to-date: /home/yongjing-ub22/comms_nusmr/mapviz_ws_YJ_laptop_only/install/mapviz_interfaces/lib/libmapviz_interfaces__rosidl_typesupport_fastrtps_c.so
[0.398s] -- Up-to-date: /home/yongjing-ub22/comms_nusmr/mapviz_ws_YJ_laptop_only/install/mapviz_interfaces/include/mapviz_interfaces/mapviz_interfaces
[0.398s] -- Up-to-date: /home/yongjing-ub22/comms_nusmr/mapviz_ws_YJ_laptop_only/install/mapviz_interfaces/include/mapviz_interfaces/mapviz_interfaces/msg
[0.398s] -- Up-to-date: /home/yongjing-ub22/comms_nusmr/mapviz_ws_YJ_laptop_only/install/mapviz_interfaces/include/mapviz_interfaces/mapviz_interfaces/msg/rosidl_generator_cpp__visibility_control.hpp
[0.398s] -- Up-to-date: /home/yongjing-ub22/comms_nusmr/mapviz_ws_YJ_laptop_only/install/mapviz_interfaces/include/mapviz_interfaces/mapviz_interfaces/srv
[0.398s] -- Up-to-date: /home/yongjing-ub22/comms_nusmr/mapviz_ws_YJ_laptop_only/install/mapviz_interfaces/include/mapviz_interfaces/mapviz_interfaces/srv/add_mapviz_display.hpp
[0.399s] -- Up-to-date: /home/yongjing-ub22/comms_nusmr/mapviz_ws_YJ_laptop_only/install/mapviz_interfaces/include/mapviz_interfaces/mapviz_interfaces/srv/detail
[0.399s] -- Up-to-date: /home/yongjing-ub22/comms_nusmr/mapviz_ws_YJ_laptop_only/install/mapviz_interfaces/include/mapviz_interfaces/mapviz_interfaces/srv/detail/add_mapviz_display__builder.hpp
[0.399s] -- Up-to-date: /home/yongjing-ub22/comms_nusmr/mapviz_ws_YJ_laptop_only/install/mapviz_interfaces/include/mapviz_interfaces/mapviz_interfaces/srv/detail/add_mapviz_display__struct.hpp
[0.399s] -- Up-to-date: /home/yongjing-ub22/comms_nusmr/mapviz_ws_YJ_laptop_only/install/mapviz_interfaces/include/mapviz_interfaces/mapviz_interfaces/srv/detail/add_mapviz_display__type_support.hpp
[0.399s] -- Up-to-date: /home/yongjing-ub22/comms_nusmr/mapviz_ws_YJ_laptop_only/install/mapviz_interfaces/include/mapviz_interfaces/mapviz_interfaces/srv/detail/add_mapviz_display__traits.hpp
[0.399s] -- Up-to-date: /home/yongjing-ub22/comms_nusmr/mapviz_ws_YJ_laptop_only/install/mapviz_interfaces/include/mapviz_interfaces/mapviz_interfaces
[0.399s] -- Up-to-date: /home/yongjing-ub22/comms_nusmr/mapviz_ws_YJ_laptop_only/install/mapviz_interfaces/include/mapviz_interfaces/mapviz_interfaces/msg
[0.400s] -- Up-to-date: /home/yongjing-ub22/comms_nusmr/mapviz_ws_YJ_laptop_only/install/mapviz_interfaces/include/mapviz_interfaces/mapviz_interfaces/msg/rosidl_typesupport_fastrtps_cpp__visibility_control.h
[0.400s] -- Up-to-date: /home/yongjing-ub22/comms_nusmr/mapviz_ws_YJ_laptop_only/install/mapviz_interfaces/include/mapviz_interfaces/mapviz_interfaces/srv
[0.400s] -- Up-to-date: /home/yongjing-ub22/comms_nusmr/mapviz_ws_YJ_laptop_only/install/mapviz_interfaces/include/mapviz_interfaces/mapviz_interfaces/srv/detail
[0.400s] -- Up-to-date: /home/yongjing-ub22/comms_nusmr/mapviz_ws_YJ_laptop_only/install/mapviz_interfaces/include/mapviz_interfaces/mapviz_interfaces/srv/detail/add_mapviz_display__rosidl_typesupport_fastrtps_cpp.hpp
[0.400s] -- Up-to-date: /home/yongjing-ub22/comms_nusmr/mapviz_ws_YJ_laptop_only/install/mapviz_interfaces/include/mapviz_interfaces/mapviz_interfaces/srv/detail/dds_fastrtps
[0.400s] -- Up-to-date: /home/yongjing-ub22/comms_nusmr/mapviz_ws_YJ_laptop_only/install/mapviz_interfaces/lib/libmapviz_interfaces__rosidl_typesupport_fastrtps_cpp.so
[0.400s] -- Up-to-date: /home/yongjing-ub22/comms_nusmr/mapviz_ws_YJ_laptop_only/install/mapviz_interfaces/include/mapviz_interfaces/mapviz_interfaces
[0.400s] -- Up-to-date: /home/yongjing-ub22/comms_nusmr/mapviz_ws_YJ_laptop_only/install/mapviz_interfaces/include/mapviz_interfaces/mapviz_interfaces/msg
[0.401s] -- Up-to-date: /home/yongjing-ub22/comms_nusmr/mapviz_ws_YJ_laptop_only/install/mapviz_interfaces/include/mapviz_interfaces/mapviz_interfaces/msg/rosidl_typesupport_introspection_c__visibility_control.h
[0.401s] -- Up-to-date: /home/yongjing-ub22/comms_nusmr/mapviz_ws_YJ_laptop_only/install/mapviz_interfaces/include/mapviz_interfaces/mapviz_interfaces/srv
[0.401s] -- Up-to-date: /home/yongjing-ub22/comms_nusmr/mapviz_ws_YJ_laptop_only/install/mapviz_interfaces/include/mapviz_interfaces/mapviz_interfaces/srv/detail
[0.401s] -- Up-to-date: /home/yongjing-ub22/comms_nusmr/mapviz_ws_YJ_laptop_only/install/mapviz_interfaces/include/mapviz_interfaces/mapviz_interfaces/srv/detail/add_mapviz_display__type_support.c
[0.401s] -- Up-to-date: /home/yongjing-ub22/comms_nusmr/mapviz_ws_YJ_laptop_only/install/mapviz_interfaces/include/mapviz_interfaces/mapviz_interfaces/srv/detail/add_mapviz_display__rosidl_typesupport_introspection_c.h
[0.401s] -- Up-to-date: /home/yongjing-ub22/comms_nusmr/mapviz_ws_YJ_laptop_only/install/mapviz_interfaces/lib/libmapviz_interfaces__rosidl_typesupport_introspection_c.so
[0.401s] -- Up-to-date: /home/yongjing-ub22/comms_nusmr/mapviz_ws_YJ_laptop_only/install/mapviz_interfaces/lib/libmapviz_interfaces__rosidl_typesupport_c.so
[0.401s] -- Up-to-date: /home/yongjing-ub22/comms_nusmr/mapviz_ws_YJ_laptop_only/install/mapviz_interfaces/include/mapviz_interfaces/mapviz_interfaces
[0.401s] -- Up-to-date: /home/yongjing-ub22/comms_nusmr/mapviz_ws_YJ_laptop_only/install/mapviz_interfaces/include/mapviz_interfaces/mapviz_interfaces/srv
[0.402s] -- Up-to-date: /home/yongjing-ub22/comms_nusmr/mapviz_ws_YJ_laptop_only/install/mapviz_interfaces/include/mapviz_interfaces/mapviz_interfaces/srv/detail
[0.402s] -- Up-to-date: /home/yongjing-ub22/comms_nusmr/mapviz_ws_YJ_laptop_only/install/mapviz_interfaces/include/mapviz_interfaces/mapviz_interfaces/srv/detail/add_mapviz_display__type_support.cpp
[0.402s] -- Up-to-date: /home/yongjing-ub22/comms_nusmr/mapviz_ws_YJ_laptop_only/install/mapviz_interfaces/include/mapviz_interfaces/mapviz_interfaces/srv/detail/add_mapviz_display__rosidl_typesupport_introspection_cpp.hpp
[0.402s] -- Up-to-date: /home/yongjing-ub22/comms_nusmr/mapviz_ws_YJ_laptop_only/install/mapviz_interfaces/lib/libmapviz_interfaces__rosidl_typesupport_introspection_cpp.so
[0.402s] -- Up-to-date: /home/yongjing-ub22/comms_nusmr/mapviz_ws_YJ_laptop_only/install/mapviz_interfaces/lib/libmapviz_interfaces__rosidl_typesupport_cpp.so
[0.402s] -- Up-to-date: /home/yongjing-ub22/comms_nusmr/mapviz_ws_YJ_laptop_only/install/mapviz_interfaces/share/mapviz_interfaces/environment/pythonpath.sh
[0.402s] -- Up-to-date: /home/yongjing-ub22/comms_nusmr/mapviz_ws_YJ_laptop_only/install/mapviz_interfaces/share/mapviz_interfaces/environment/pythonpath.dsv
[0.402s] -- Up-to-date: /home/yongjing-ub22/comms_nusmr/mapviz_ws_YJ_laptop_only/install/mapviz_interfaces/local/lib/python3.10/dist-packages/mapviz_interfaces-2.4.5-py3.10.egg-info
[0.402s] -- Installing: /home/yongjing-ub22/comms_nusmr/mapviz_ws_YJ_laptop_only/install/mapviz_interfaces/local/lib/python3.10/dist-packages/mapviz_interfaces-2.4.5-py3.10.egg-info/PKG-INFO
[0.402s] -- Installing: /home/yongjing-ub22/comms_nusmr/mapviz_ws_YJ_laptop_only/install/mapviz_interfaces/local/lib/python3.10/dist-packages/mapviz_interfaces-2.4.5-py3.10.egg-info/dependency_links.txt
[0.402s] -- Installing: /home/yongjing-ub22/comms_nusmr/mapviz_ws_YJ_laptop_only/install/mapviz_interfaces/local/lib/python3.10/dist-packages/mapviz_interfaces-2.4.5-py3.10.egg-info/top_level.txt
[0.403s] -- Installing: /home/yongjing-ub22/comms_nusmr/mapviz_ws_YJ_laptop_only/install/mapviz_interfaces/local/lib/python3.10/dist-packages/mapviz_interfaces-2.4.5-py3.10.egg-info/SOURCES.txt
[0.403s] -- Up-to-date: /home/yongjing-ub22/comms_nusmr/mapviz_ws_YJ_laptop_only/install/mapviz_interfaces/local/lib/python3.10/dist-packages/mapviz_interfaces
[0.403s] -- Up-to-date: /home/yongjing-ub22/comms_nusmr/mapviz_ws_YJ_laptop_only/install/mapviz_interfaces/local/lib/python3.10/dist-packages/mapviz_interfaces/mapviz_interfaces_s__rosidl_typesupport_introspection_c.cpython-310-x86_64-linux-gnu.so
[0.403s] -- Up-to-date: /home/yongjing-ub22/comms_nusmr/mapviz_ws_YJ_laptop_only/install/mapviz_interfaces/local/lib/python3.10/dist-packages/mapviz_interfaces/__init__.py
[0.403s] -- Up-to-date: /home/yongjing-ub22/comms_nusmr/mapviz_ws_YJ_laptop_only/install/mapviz_interfaces/local/lib/python3.10/dist-packages/mapviz_interfaces/srv
[0.403s] -- Up-to-date: /home/yongjing-ub22/comms_nusmr/mapviz_ws_YJ_laptop_only/install/mapviz_interfaces/local/lib/python3.10/dist-packages/mapviz_interfaces/srv/__init__.py
[0.403s] -- Up-to-date: /home/yongjing-ub22/comms_nusmr/mapviz_ws_YJ_laptop_only/install/mapviz_interfaces/local/lib/python3.10/dist-packages/mapviz_interfaces/srv/_add_mapviz_display_s.c
[0.403s] -- Up-to-date: /home/yongjing-ub22/comms_nusmr/mapviz_ws_YJ_laptop_only/install/mapviz_interfaces/local/lib/python3.10/dist-packages/mapviz_interfaces/srv/_add_mapviz_display.py
[0.403s] -- Up-to-date: /home/yongjing-ub22/comms_nusmr/mapviz_ws_YJ_laptop_only/install/mapviz_interfaces/local/lib/python3.10/dist-packages/mapviz_interfaces/_mapviz_interfaces_s.ep.rosidl_typesupport_introspection_c.c
[0.403s] -- Up-to-date: /home/yongjing-ub22/comms_nusmr/mapviz_ws_YJ_laptop_only/install/mapviz_interfaces/local/lib/python3.10/dist-packages/mapviz_interfaces/mapviz_interfaces_s__rosidl_typesupport_fastrtps_c.cpython-310-x86_64-linux-gnu.so
[0.404s] -- Up-to-date: /home/yongjing-ub22/comms_nusmr/mapviz_ws_YJ_laptop_only/install/mapviz_interfaces/local/lib/python3.10/dist-packages/mapviz_interfaces/libmapviz_interfaces__rosidl_generator_py.so
[0.404s] -- Up-to-date: /home/yongjing-ub22/comms_nusmr/mapviz_ws_YJ_laptop_only/install/mapviz_interfaces/local/lib/python3.10/dist-packages/mapviz_interfaces/mapviz_interfaces_s__rosidl_typesupport_c.cpython-310-x86_64-linux-gnu.so
[0.404s] -- Up-to-date: /home/yongjing-ub22/comms_nusmr/mapviz_ws_YJ_laptop_only/install/mapviz_interfaces/local/lib/python3.10/dist-packages/mapviz_interfaces/_mapviz_interfaces_s.ep.rosidl_typesupport_fastrtps_c.c
[0.404s] -- Up-to-date: /home/yongjing-ub22/comms_nusmr/mapviz_ws_YJ_laptop_only/install/mapviz_interfaces/local/lib/python3.10/dist-packages/mapviz_interfaces/_mapviz_interfaces_s.ep.rosidl_typesupport_c.c
[0.434s] Listing '/home/yongjing-ub22/comms_nusmr/mapviz_ws_YJ_laptop_only/install/mapviz_interfaces/local/lib/python3.10/dist-packages/mapviz_interfaces'...
[0.434s] Listing '/home/yongjing-ub22/comms_nusmr/mapviz_ws_YJ_laptop_only/install/mapviz_interfaces/local/lib/python3.10/dist-packages/mapviz_interfaces/srv'...
[0.438s] -- Up-to-date: /home/yongjing-ub22/comms_nusmr/mapviz_ws_YJ_laptop_only/install/mapviz_interfaces/local/lib/python3.10/dist-packages/mapviz_interfaces/mapviz_interfaces_s__rosidl_typesupport_fastrtps_c.cpython-310-x86_64-linux-gnu.so
[0.438s] -- Up-to-date: /home/yongjing-ub22/comms_nusmr/mapviz_ws_YJ_laptop_only/install/mapviz_interfaces/local/lib/python3.10/dist-packages/mapviz_interfaces/mapviz_interfaces_s__rosidl_typesupport_introspection_c.cpython-310-x86_64-linux-gnu.so
[0.439s] -- Up-to-date: /home/yongjing-ub22/comms_nusmr/mapviz_ws_YJ_laptop_only/install/mapviz_interfaces/local/lib/python3.10/dist-packages/mapviz_interfaces/mapviz_interfaces_s__rosidl_typesupport_c.cpython-310-x86_64-linux-gnu.so
[0.439s] -- Up-to-date: /home/yongjing-ub22/comms_nusmr/mapviz_ws_YJ_laptop_only/install/mapviz_interfaces/lib/libmapviz_interfaces__rosidl_generator_py.so
[0.439s] -- Up-to-date: /home/yongjing-ub22/comms_nusmr/mapviz_ws_YJ_laptop_only/install/mapviz_interfaces/share/mapviz_interfaces/srv/AddMapvizDisplay.idl
[0.439s] -- Up-to-date: /home/yongjing-ub22/comms_nusmr/mapviz_ws_YJ_laptop_only/install/mapviz_interfaces/share/mapviz_interfaces/srv/AddMapvizDisplay.srv
[0.439s] -- Up-to-date: /home/yongjing-ub22/comms_nusmr/mapviz_ws_YJ_laptop_only/install/mapviz_interfaces/share/mapviz_interfaces/srv/AddMapvizDisplay_Request.msg
[0.440s] -- Up-to-date: /home/yongjing-ub22/comms_nusmr/mapviz_ws_YJ_laptop_only/install/mapviz_interfaces/share/mapviz_interfaces/srv/AddMapvizDisplay_Response.msg
[0.440s] -- Up-to-date: /home/yongjing-ub22/comms_nusmr/mapviz_ws_YJ_laptop_only/install/mapviz_interfaces/share/ament_index/resource_index/package_run_dependencies/mapviz_interfaces
[0.440s] -- Up-to-date: /home/yongjing-ub22/comms_nusmr/mapviz_ws_YJ_laptop_only/install/mapviz_interfaces/share/ament_index/resource_index/parent_prefix_path/mapviz_interfaces
[0.440s] -- Up-to-date: /home/yongjing-ub22/comms_nusmr/mapviz_ws_YJ_laptop_only/install/mapviz_interfaces/share/mapviz_interfaces/environment/ament_prefix_path.sh
[0.441s] -- Up-to-date: /home/yongjing-ub22/comms_nusmr/mapviz_ws_YJ_laptop_only/install/mapviz_interfaces/share/mapviz_interfaces/environment/ament_prefix_path.dsv
[0.441s] -- Up-to-date: /home/yongjing-ub22/comms_nusmr/mapviz_ws_YJ_laptop_only/install/mapviz_interfaces/share/mapviz_interfaces/environment/path.sh
[0.441s] -- Up-to-date: /home/yongjing-ub22/comms_nusmr/mapviz_ws_YJ_laptop_only/install/mapviz_interfaces/share/mapviz_interfaces/environment/path.dsv
[0.441s] -- Up-to-date: /home/yongjing-ub22/comms_nusmr/mapviz_ws_YJ_laptop_only/install/mapviz_interfaces/share/mapviz_interfaces/local_setup.bash
[0.441s] -- Up-to-date: /home/yongjing-ub22/comms_nusmr/mapviz_ws_YJ_laptop_only/install/mapviz_interfaces/share/mapviz_interfaces/local_setup.sh
[0.441s] -- Up-to-date: /home/yongjing-ub22/comms_nusmr/mapviz_ws_YJ_laptop_only/install/mapviz_interfaces/share/mapviz_interfaces/local_setup.zsh
[0.441s] -- Up-to-date: /home/yongjing-ub22/comms_nusmr/mapviz_ws_YJ_laptop_only/install/mapviz_interfaces/share/mapviz_interfaces/local_setup.dsv
[0.441s] -- Installing: /home/yongjing-ub22/comms_nusmr/mapviz_ws_YJ_laptop_only/install/mapviz_interfaces/share/mapviz_interfaces/package.dsv
[0.441s] -- Up-to-date: /home/yongjing-ub22/comms_nusmr/mapviz_ws_YJ_laptop_only/install/mapviz_interfaces/share/ament_index/resource_index/packages/mapviz_interfaces
[0.442s] -- Up-to-date: /home/yongjing-ub22/comms_nusmr/mapviz_ws_YJ_laptop_only/install/mapviz_interfaces/share/mapviz_interfaces/cmake/export_mapviz_interfaces__rosidl_generator_cExport.cmake
[0.442s] -- Up-to-date: /home/yongjing-ub22/comms_nusmr/mapviz_ws_YJ_laptop_only/install/mapviz_interfaces/share/mapviz_interfaces/cmake/export_mapviz_interfaces__rosidl_generator_cExport-noconfig.cmake
[0.442s] -- Up-to-date: /home/yongjing-ub22/comms_nusmr/mapviz_ws_YJ_laptop_only/install/mapviz_interfaces/share/mapviz_interfaces/cmake/export_mapviz_interfaces__rosidl_typesupport_fastrtps_cExport.cmake
[0.442s] -- Up-to-date: /home/yongjing-ub22/comms_nusmr/mapviz_ws_YJ_laptop_only/install/mapviz_interfaces/share/mapviz_interfaces/cmake/export_mapviz_interfaces__rosidl_typesupport_fastrtps_cExport-noconfig.cmake
[0.442s] -- Up-to-date: /home/yongjing-ub22/comms_nusmr/mapviz_ws_YJ_laptop_only/install/mapviz_interfaces/share/mapviz_interfaces/cmake/export_mapviz_interfaces__rosidl_generator_cppExport.cmake
[0.442s] -- Up-to-date: /home/yongjing-ub22/comms_nusmr/mapviz_ws_YJ_laptop_only/install/mapviz_interfaces/share/mapviz_interfaces/cmake/export_mapviz_interfaces__rosidl_typesupport_fastrtps_cppExport.cmake
[0.443s] -- Up-to-date: /home/yongjing-ub22/comms_nusmr/mapviz_ws_YJ_laptop_only/install/mapviz_interfaces/share/mapviz_interfaces/cmake/export_mapviz_interfaces__rosidl_typesupport_fastrtps_cppExport-noconfig.cmake
[0.443s] -- Up-to-date: /home/yongjing-ub22/comms_nusmr/mapviz_ws_YJ_laptop_only/install/mapviz_interfaces/share/mapviz_interfaces/cmake/mapviz_interfaces__rosidl_typesupport_introspection_cExport.cmake
[0.443s] -- Up-to-date: /home/yongjing-ub22/comms_nusmr/mapviz_ws_YJ_laptop_only/install/mapviz_interfaces/share/mapviz_interfaces/cmake/mapviz_interfaces__rosidl_typesupport_introspection_cExport-noconfig.cmake
[0.443s] -- Up-to-date: /home/yongjing-ub22/comms_nusmr/mapviz_ws_YJ_laptop_only/install/mapviz_interfaces/share/mapviz_interfaces/cmake/mapviz_interfaces__rosidl_typesupport_cExport.cmake
[0.444s] -- Up-to-date: /home/yongjing-ub22/comms_nusmr/mapviz_ws_YJ_laptop_only/install/mapviz_interfaces/share/mapviz_interfaces/cmake/mapviz_interfaces__rosidl_typesupport_cExport-noconfig.cmake
[0.444s] -- Up-to-date: /home/yongjing-ub22/comms_nusmr/mapviz_ws_YJ_laptop_only/install/mapviz_interfaces/share/mapviz_interfaces/cmake/mapviz_interfaces__rosidl_typesupport_introspection_cppExport.cmake
[0.444s] -- Up-to-date: /home/yongjing-ub22/comms_nusmr/mapviz_ws_YJ_laptop_only/install/mapviz_interfaces/share/mapviz_interfaces/cmake/mapviz_interfaces__rosidl_typesupport_introspection_cppExport-noconfig.cmake
[0.444s] -- Up-to-date: /home/yongjing-ub22/comms_nusmr/mapviz_ws_YJ_laptop_only/install/mapviz_interfaces/share/mapviz_interfaces/cmake/mapviz_interfaces__rosidl_typesupport_cppExport.cmake
[0.444s] -- Up-to-date: /home/yongjing-ub22/comms_nusmr/mapviz_ws_YJ_laptop_only/install/mapviz_interfaces/share/mapviz_interfaces/cmake/mapviz_interfaces__rosidl_typesupport_cppExport-noconfig.cmake
[0.444s] -- Up-to-date: /home/yongjing-ub22/comms_nusmr/mapviz_ws_YJ_laptop_only/install/mapviz_interfaces/share/mapviz_interfaces/cmake/export_mapviz_interfaces__rosidl_generator_pyExport.cmake
[0.444s] -- Up-to-date: /home/yongjing-ub22/comms_nusmr/mapviz_ws_YJ_laptop_only/install/mapviz_interfaces/share/mapviz_interfaces/cmake/export_mapviz_interfaces__rosidl_generator_pyExport-noconfig.cmake
[0.444s] -- Up-to-date: /home/yongjing-ub22/comms_nusmr/mapviz_ws_YJ_laptop_only/install/mapviz_interfaces/share/mapviz_interfaces/cmake/rosidl_cmake-extras.cmake
[0.445s] -- Up-to-date: /home/yongjing-ub22/comms_nusmr/mapviz_ws_YJ_laptop_only/install/mapviz_interfaces/share/mapviz_interfaces/cmake/ament_cmake_export_dependencies-extras.cmake
[0.446s] -- Up-to-date: /home/yongjing-ub22/comms_nusmr/mapviz_ws_YJ_laptop_only/install/mapviz_interfaces/share/mapviz_interfaces/cmake/ament_cmake_export_include_directories-extras.cmake
[0.446s] -- Up-to-date: /home/yongjing-ub22/comms_nusmr/mapviz_ws_YJ_laptop_only/install/mapviz_interfaces/share/mapviz_interfaces/cmake/ament_cmake_export_libraries-extras.cmake
[0.446s] -- Up-to-date: /home/yongjing-ub22/comms_nusmr/mapviz_ws_YJ_laptop_only/install/mapviz_interfaces/share/mapviz_interfaces/cmake/ament_cmake_export_targets-extras.cmake
[0.446s] -- Up-to-date: /home/yongjing-ub22/comms_nusmr/mapviz_ws_YJ_laptop_only/install/mapviz_interfaces/share/mapviz_interfaces/cmake/rosidl_cmake_export_typesupport_targets-extras.cmake
[0.446s] -- Up-to-date: /home/yongjing-ub22/comms_nusmr/mapviz_ws_YJ_laptop_only/install/mapviz_interfaces/share/mapviz_interfaces/cmake/rosidl_cmake_export_typesupport_libraries-extras.cmake
[0.446s] -- Up-to-date: /home/yongjing-ub22/comms_nusmr/mapviz_ws_YJ_laptop_only/install/mapviz_interfaces/share/mapviz_interfaces/cmake/mapviz_interfacesConfig.cmake
[0.446s] -- Up-to-date: /home/yongjing-ub22/comms_nusmr/mapviz_ws_YJ_laptop_only/install/mapviz_interfaces/share/mapviz_interfaces/cmake/mapviz_interfacesConfig-version.cmake
[0.446s] -- Up-to-date: /home/yongjing-ub22/comms_nusmr/mapviz_ws_YJ_laptop_only/install/mapviz_interfaces/share/mapviz_interfaces/package.xml
[0.447s] Invoked command in '/home/yongjing-ub22/comms_nusmr/mapviz_ws_YJ_laptop_only/build/mapviz_interfaces' returned '0': CMAKE_PREFIX_PATH=${CMAKE_PREFIX_PATH}:/home/yongjing-ub22/comms_nusmr/mapviz_ws_YJ_laptop_only/install/path_publisher:/opt/ros/humble /usr/bin/cmake --install /home/yongjing-ub22/comms_nusmr/mapviz_ws_YJ_laptop_only/build/mapviz_interfaces
