[0.064s] DEBUG:colcon:Command line arguments: ['/usr/bin/colcon', 'build']
[0.064s] DEBUG:colcon:Parsed command line arguments: Namespace(log_base=None, log_level=None, verb_name='build', build_base='build', install_base='install', merge_install=False, symlink_install=False, test_result_base=None, continue_on_error=False, executor='parallel', parallel_workers=20, event_handlers=None, ignore_user_meta=False, metas=['./colcon.meta'], base_paths=['.'], packages_ignore=None, packages_ignore_regex=None, paths=None, packages_up_to=None, packages_up_to_regex=None, packages_above=None, packages_above_and_dependencies=None, packages_above_depth=None, packages_select_by_dep=None, packages_skip_by_dep=None, packages_skip_up_to=None, packages_select_build_failed=False, packages_skip_build_finished=False, packages_select_test_failures=False, packages_skip_test_passed=False, packages_select=None, packages_skip=None, packages_select_regex=None, packages_skip_regex=None, packages_start=None, packages_end=None, allow_overriding=[], cmake_args=None, cmake_target=None, cmake_target_skip_unavailable=False, cmake_clean_cache=False, cmake_clean_first=False, cmake_force_configure=False, ament_cmake_args=None, catkin_cmake_args=None, catkin_skip_building_tests=False, mixin_files=None, mixin=None, verb_parser=<colcon_mixin.mixin.mixin_argument.MixinArgumentDecorator object at 0x725504543670>, verb_extension=<colcon_core.verb.build.BuildVerb object at 0x7255046f9090>, main=<bound method BuildVerb.main of <colcon_core.verb.build.BuildVerb object at 0x7255046f9090>>, mixin_verb=('build',))
[0.162s] Level 1:colcon.colcon_core.package_discovery:discover_packages(colcon_meta) check parameters
[0.163s] Level 1:colcon.colcon_core.package_discovery:discover_packages(recursive) check parameters
[0.163s] Level 1:colcon.colcon_core.package_discovery:discover_packages(ignore) check parameters
[0.163s] Level 1:colcon.colcon_core.package_discovery:discover_packages(path) check parameters
[0.163s] Level 1:colcon.colcon_core.package_discovery:discover_packages(colcon_meta) discover
[0.163s] Level 1:colcon.colcon_core.package_discovery:discover_packages(recursive) discover
[0.163s] INFO:colcon.colcon_core.package_discovery:Crawling recursively for packages in '/home/yongjing-ub22/RTK_GPS_NTRIP_ws'
[0.163s] Level 1:colcon.colcon_core.package_identification:_identify(.) by extensions ['ignore', 'ignore_ament_install']
[0.163s] Level 1:colcon.colcon_core.package_identification:_identify(.) by extension 'ignore'
[0.163s] Level 1:colcon.colcon_core.package_identification:_identify(.) by extension 'ignore_ament_install'
[0.163s] Level 1:colcon.colcon_core.package_identification:_identify(.) by extensions ['colcon_pkg']
[0.163s] Level 1:colcon.colcon_core.package_identification:_identify(.) by extension 'colcon_pkg'
[0.163s] Level 1:colcon.colcon_core.package_identification:_identify(.) by extensions ['colcon_meta']
[0.163s] Level 1:colcon.colcon_core.package_identification:_identify(.) by extension 'colcon_meta'
[0.163s] Level 1:colcon.colcon_core.package_identification:_identify(.) by extensions ['ros']
[0.163s] Level 1:colcon.colcon_core.package_identification:_identify(.) by extension 'ros'
[0.170s] Level 1:colcon.colcon_core.package_identification:_identify(.) by extensions ['cmake', 'python']
[0.170s] Level 1:colcon.colcon_core.package_identification:_identify(.) by extension 'cmake'
[0.170s] Level 1:colcon.colcon_core.package_identification:_identify(.) by extension 'python'
[0.170s] Level 1:colcon.colcon_core.package_identification:_identify(.) by extensions ['python_setup_py']
[0.170s] Level 1:colcon.colcon_core.package_identification:_identify(.) by extension 'python_setup_py'
[0.170s] Level 1:colcon.colcon_core.package_identification:_identify(build) by extensions ['ignore', 'ignore_ament_install']
[0.170s] Level 1:colcon.colcon_core.package_identification:_identify(build) by extension 'ignore'
[0.170s] Level 1:colcon.colcon_core.package_identification:_identify(build) ignored
[0.170s] Level 1:colcon.colcon_core.package_identification:_identify(install) by extensions ['ignore', 'ignore_ament_install']
[0.170s] Level 1:colcon.colcon_core.package_identification:_identify(install) by extension 'ignore'
[0.170s] Level 1:colcon.colcon_core.package_identification:_identify(install) ignored
[0.170s] Level 1:colcon.colcon_core.package_identification:_identify(log) by extensions ['ignore', 'ignore_ament_install']
[0.170s] Level 1:colcon.colcon_core.package_identification:_identify(log) by extension 'ignore'
[0.170s] Level 1:colcon.colcon_core.package_identification:_identify(log) ignored
[0.170s] Level 1:colcon.colcon_core.package_identification:_identify(src) by extensions ['ignore', 'ignore_ament_install']
[0.170s] Level 1:colcon.colcon_core.package_identification:_identify(src) by extension 'ignore'
[0.170s] Level 1:colcon.colcon_core.package_identification:_identify(src) by extension 'ignore_ament_install'
[0.170s] Level 1:colcon.colcon_core.package_identification:_identify(src) by extensions ['colcon_pkg']
[0.170s] Level 1:colcon.colcon_core.package_identification:_identify(src) by extension 'colcon_pkg'
[0.170s] Level 1:colcon.colcon_core.package_identification:_identify(src) by extensions ['colcon_meta']
[0.170s] Level 1:colcon.colcon_core.package_identification:_identify(src) by extension 'colcon_meta'
[0.171s] Level 1:colcon.colcon_core.package_identification:_identify(src) by extensions ['ros']
[0.171s] Level 1:colcon.colcon_core.package_identification:_identify(src) by extension 'ros'
[0.171s] Level 1:colcon.colcon_core.package_identification:_identify(src) by extensions ['cmake', 'python']
[0.171s] Level 1:colcon.colcon_core.package_identification:_identify(src) by extension 'cmake'
[0.171s] Level 1:colcon.colcon_core.package_identification:_identify(src) by extension 'python'
[0.171s] Level 1:colcon.colcon_core.package_identification:_identify(src) by extensions ['python_setup_py']
[0.171s] Level 1:colcon.colcon_core.package_identification:_identify(src) by extension 'python_setup_py'
[0.171s] Level 1:colcon.colcon_core.package_identification:_identify(src/RTK_GPS_NTRIP) by extensions ['ignore', 'ignore_ament_install']
[0.171s] Level 1:colcon.colcon_core.package_identification:_identify(src/RTK_GPS_NTRIP) by extension 'ignore'
[0.171s] Level 1:colcon.colcon_core.package_identification:_identify(src/RTK_GPS_NTRIP) by extension 'ignore_ament_install'
[0.171s] Level 1:colcon.colcon_core.package_identification:_identify(src/RTK_GPS_NTRIP) by extensions ['colcon_pkg']
[0.171s] Level 1:colcon.colcon_core.package_identification:_identify(src/RTK_GPS_NTRIP) by extension 'colcon_pkg'
[0.171s] Level 1:colcon.colcon_core.package_identification:_identify(src/RTK_GPS_NTRIP) by extensions ['colcon_meta']
[0.171s] Level 1:colcon.colcon_core.package_identification:_identify(src/RTK_GPS_NTRIP) by extension 'colcon_meta'
[0.171s] Level 1:colcon.colcon_core.package_identification:_identify(src/RTK_GPS_NTRIP) by extensions ['ros']
[0.171s] Level 1:colcon.colcon_core.package_identification:_identify(src/RTK_GPS_NTRIP) by extension 'ros'
[0.171s] Level 1:colcon.colcon_core.package_identification:_identify(src/RTK_GPS_NTRIP) by extensions ['cmake', 'python']
[0.171s] Level 1:colcon.colcon_core.package_identification:_identify(src/RTK_GPS_NTRIP) by extension 'cmake'
[0.171s] Level 1:colcon.colcon_core.package_identification:_identify(src/RTK_GPS_NTRIP) by extension 'python'
[0.171s] Level 1:colcon.colcon_core.package_identification:_identify(src/RTK_GPS_NTRIP) by extensions ['python_setup_py']
[0.171s] Level 1:colcon.colcon_core.package_identification:_identify(src/RTK_GPS_NTRIP) by extension 'python_setup_py'
[0.171s] Level 1:colcon.colcon_core.package_identification:_identify(src/RTK_GPS_NTRIP/fix2nmea) by extensions ['ignore', 'ignore_ament_install']
[0.171s] Level 1:colcon.colcon_core.package_identification:_identify(src/RTK_GPS_NTRIP/fix2nmea) by extension 'ignore'
[0.171s] Level 1:colcon.colcon_core.package_identification:_identify(src/RTK_GPS_NTRIP/fix2nmea) by extension 'ignore_ament_install'
[0.171s] Level 1:colcon.colcon_core.package_identification:_identify(src/RTK_GPS_NTRIP/fix2nmea) by extensions ['colcon_pkg']
[0.171s] Level 1:colcon.colcon_core.package_identification:_identify(src/RTK_GPS_NTRIP/fix2nmea) by extension 'colcon_pkg'
[0.171s] Level 1:colcon.colcon_core.package_identification:_identify(src/RTK_GPS_NTRIP/fix2nmea) by extensions ['colcon_meta']
[0.171s] Level 1:colcon.colcon_core.package_identification:_identify(src/RTK_GPS_NTRIP/fix2nmea) by extension 'colcon_meta'
[0.171s] Level 1:colcon.colcon_core.package_identification:_identify(src/RTK_GPS_NTRIP/fix2nmea) by extensions ['ros']
[0.171s] Level 1:colcon.colcon_core.package_identification:_identify(src/RTK_GPS_NTRIP/fix2nmea) by extension 'ros'
[0.173s] DEBUG:colcon.colcon_core.package_identification:Package 'src/RTK_GPS_NTRIP/fix2nmea' with type 'ros.ament_cmake' and name 'fix2nmea'
[0.173s] Level 1:colcon.colcon_core.package_identification:_identify(src/RTK_GPS_NTRIP/ntrip_client) by extensions ['ignore', 'ignore_ament_install']
[0.173s] Level 1:colcon.colcon_core.package_identification:_identify(src/RTK_GPS_NTRIP/ntrip_client) by extension 'ignore'
[0.173s] Level 1:colcon.colcon_core.package_identification:_identify(src/RTK_GPS_NTRIP/ntrip_client) by extension 'ignore_ament_install'
[0.173s] Level 1:colcon.colcon_core.package_identification:_identify(src/RTK_GPS_NTRIP/ntrip_client) by extensions ['colcon_pkg']
[0.173s] Level 1:colcon.colcon_core.package_identification:_identify(src/RTK_GPS_NTRIP/ntrip_client) by extension 'colcon_pkg'
[0.173s] Level 1:colcon.colcon_core.package_identification:_identify(src/RTK_GPS_NTRIP/ntrip_client) by extensions ['colcon_meta']
[0.173s] Level 1:colcon.colcon_core.package_identification:_identify(src/RTK_GPS_NTRIP/ntrip_client) by extension 'colcon_meta'
[0.173s] Level 1:colcon.colcon_core.package_identification:_identify(src/RTK_GPS_NTRIP/ntrip_client) by extensions ['ros']
[0.173s] Level 1:colcon.colcon_core.package_identification:_identify(src/RTK_GPS_NTRIP/ntrip_client) by extension 'ros'
[0.173s] DEBUG:colcon.colcon_core.package_identification:Package 'src/RTK_GPS_NTRIP/ntrip_client' with type 'ros.ament_python' and name 'ntrip_client'
[0.174s] Level 1:colcon.colcon_core.package_identification:_identify(src/RTK_GPS_NTRIP/rtcm_msgs) by extensions ['ignore', 'ignore_ament_install']
[0.174s] Level 1:colcon.colcon_core.package_identification:_identify(src/RTK_GPS_NTRIP/rtcm_msgs) by extension 'ignore'
[0.174s] Level 1:colcon.colcon_core.package_identification:_identify(src/RTK_GPS_NTRIP/rtcm_msgs) by extension 'ignore_ament_install'
[0.174s] Level 1:colcon.colcon_core.package_identification:_identify(src/RTK_GPS_NTRIP/rtcm_msgs) by extensions ['colcon_pkg']
[0.174s] Level 1:colcon.colcon_core.package_identification:_identify(src/RTK_GPS_NTRIP/rtcm_msgs) by extension 'colcon_pkg'
[0.174s] Level 1:colcon.colcon_core.package_identification:_identify(src/RTK_GPS_NTRIP/rtcm_msgs) by extensions ['colcon_meta']
[0.174s] Level 1:colcon.colcon_core.package_identification:_identify(src/RTK_GPS_NTRIP/rtcm_msgs) by extension 'colcon_meta'
[0.174s] Level 1:colcon.colcon_core.package_identification:_identify(src/RTK_GPS_NTRIP/rtcm_msgs) by extensions ['ros']
[0.174s] Level 1:colcon.colcon_core.package_identification:_identify(src/RTK_GPS_NTRIP/rtcm_msgs) by extension 'ros'
[0.176s] DEBUG:colcon.colcon_core.package_identification:Package 'src/RTK_GPS_NTRIP/rtcm_msgs' with type 'ros.ament_cmake' and name 'rtcm_msgs'
[0.176s] Level 1:colcon.colcon_core.package_identification:_identify(src/RTK_GPS_NTRIP/ublox) by extensions ['ignore', 'ignore_ament_install']
[0.176s] Level 1:colcon.colcon_core.package_identification:_identify(src/RTK_GPS_NTRIP/ublox) by extension 'ignore'
[0.176s] Level 1:colcon.colcon_core.package_identification:_identify(src/RTK_GPS_NTRIP/ublox) by extension 'ignore_ament_install'
[0.176s] Level 1:colcon.colcon_core.package_identification:_identify(src/RTK_GPS_NTRIP/ublox) by extensions ['colcon_pkg']
[0.176s] Level 1:colcon.colcon_core.package_identification:_identify(src/RTK_GPS_NTRIP/ublox) by extension 'colcon_pkg'
[0.176s] Level 1:colcon.colcon_core.package_identification:_identify(src/RTK_GPS_NTRIP/ublox) by extensions ['colcon_meta']
[0.176s] Level 1:colcon.colcon_core.package_identification:_identify(src/RTK_GPS_NTRIP/ublox) by extension 'colcon_meta'
[0.176s] Level 1:colcon.colcon_core.package_identification:_identify(src/RTK_GPS_NTRIP/ublox) by extensions ['ros']
[0.177s] Level 1:colcon.colcon_core.package_identification:_identify(src/RTK_GPS_NTRIP/ublox) by extension 'ros'
[0.177s] DEBUG:colcon.colcon_core.package_identification:Package 'src/RTK_GPS_NTRIP/ublox' with type 'ros.ament_cmake' and name 'ublox'
[0.177s] Level 1:colcon.colcon_core.package_identification:_identify(src/RTK_GPS_NTRIP/ublox_gps) by extensions ['ignore', 'ignore_ament_install']
[0.177s] Level 1:colcon.colcon_core.package_identification:_identify(src/RTK_GPS_NTRIP/ublox_gps) by extension 'ignore'
[0.177s] Level 1:colcon.colcon_core.package_identification:_identify(src/RTK_GPS_NTRIP/ublox_gps) by extension 'ignore_ament_install'
[0.177s] Level 1:colcon.colcon_core.package_identification:_identify(src/RTK_GPS_NTRIP/ublox_gps) by extensions ['colcon_pkg']
[0.177s] Level 1:colcon.colcon_core.package_identification:_identify(src/RTK_GPS_NTRIP/ublox_gps) by extension 'colcon_pkg'
[0.177s] Level 1:colcon.colcon_core.package_identification:_identify(src/RTK_GPS_NTRIP/ublox_gps) by extensions ['colcon_meta']
[0.177s] Level 1:colcon.colcon_core.package_identification:_identify(src/RTK_GPS_NTRIP/ublox_gps) by extension 'colcon_meta'
[0.177s] Level 1:colcon.colcon_core.package_identification:_identify(src/RTK_GPS_NTRIP/ublox_gps) by extensions ['ros']
[0.177s] Level 1:colcon.colcon_core.package_identification:_identify(src/RTK_GPS_NTRIP/ublox_gps) by extension 'ros'
[0.178s] DEBUG:colcon.colcon_core.package_identification:Package 'src/RTK_GPS_NTRIP/ublox_gps' with type 'ros.ament_cmake' and name 'ublox_gps'
[0.178s] Level 1:colcon.colcon_core.package_identification:_identify(src/RTK_GPS_NTRIP/ublox_msgs) by extensions ['ignore', 'ignore_ament_install']
[0.178s] Level 1:colcon.colcon_core.package_identification:_identify(src/RTK_GPS_NTRIP/ublox_msgs) by extension 'ignore'
[0.178s] Level 1:colcon.colcon_core.package_identification:_identify(src/RTK_GPS_NTRIP/ublox_msgs) by extension 'ignore_ament_install'
[0.178s] Level 1:colcon.colcon_core.package_identification:_identify(src/RTK_GPS_NTRIP/ublox_msgs) by extensions ['colcon_pkg']
[0.178s] Level 1:colcon.colcon_core.package_identification:_identify(src/RTK_GPS_NTRIP/ublox_msgs) by extension 'colcon_pkg'
[0.178s] Level 1:colcon.colcon_core.package_identification:_identify(src/RTK_GPS_NTRIP/ublox_msgs) by extensions ['colcon_meta']
[0.178s] Level 1:colcon.colcon_core.package_identification:_identify(src/RTK_GPS_NTRIP/ublox_msgs) by extension 'colcon_meta'
[0.178s] Level 1:colcon.colcon_core.package_identification:_identify(src/RTK_GPS_NTRIP/ublox_msgs) by extensions ['ros']
[0.178s] Level 1:colcon.colcon_core.package_identification:_identify(src/RTK_GPS_NTRIP/ublox_msgs) by extension 'ros'
[0.179s] DEBUG:colcon.colcon_core.package_identification:Package 'src/RTK_GPS_NTRIP/ublox_msgs' with type 'ros.ament_cmake' and name 'ublox_msgs'
[0.179s] Level 1:colcon.colcon_core.package_identification:_identify(src/RTK_GPS_NTRIP/ublox_serialization) by extensions ['ignore', 'ignore_ament_install']
[0.179s] Level 1:colcon.colcon_core.package_identification:_identify(src/RTK_GPS_NTRIP/ublox_serialization) by extension 'ignore'
[0.179s] Level 1:colcon.colcon_core.package_identification:_identify(src/RTK_GPS_NTRIP/ublox_serialization) by extension 'ignore_ament_install'
[0.179s] Level 1:colcon.colcon_core.package_identification:_identify(src/RTK_GPS_NTRIP/ublox_serialization) by extensions ['colcon_pkg']
[0.179s] Level 1:colcon.colcon_core.package_identification:_identify(src/RTK_GPS_NTRIP/ublox_serialization) by extension 'colcon_pkg'
[0.179s] Level 1:colcon.colcon_core.package_identification:_identify(src/RTK_GPS_NTRIP/ublox_serialization) by extensions ['colcon_meta']
[0.179s] Level 1:colcon.colcon_core.package_identification:_identify(src/RTK_GPS_NTRIP/ublox_serialization) by extension 'colcon_meta'
[0.179s] Level 1:colcon.colcon_core.package_identification:_identify(src/RTK_GPS_NTRIP/ublox_serialization) by extensions ['ros']
[0.179s] Level 1:colcon.colcon_core.package_identification:_identify(src/RTK_GPS_NTRIP/ublox_serialization) by extension 'ros'
[0.179s] DEBUG:colcon.colcon_core.package_identification:Package 'src/RTK_GPS_NTRIP/ublox_serialization' with type 'ros.ament_cmake' and name 'ublox_serialization'
[0.179s] Level 1:colcon.colcon_core.package_discovery:discover_packages(recursive) using defaults
[0.179s] Level 1:colcon.colcon_core.package_discovery:discover_packages(ignore) discover
[0.179s] Level 1:colcon.colcon_core.package_discovery:discover_packages(ignore) using defaults
[0.179s] Level 1:colcon.colcon_core.package_discovery:discover_packages(path) discover
[0.179s] Level 1:colcon.colcon_core.package_discovery:discover_packages(path) using defaults
[0.192s] Level 1:colcon.colcon_core.package_discovery:discover_packages(prefix_path) check parameters
[0.192s] Level 1:colcon.colcon_core.package_discovery:discover_packages(prefix_path) discover
[0.193s] DEBUG:colcon.colcon_installed_package_information.package_discovery:Found 392 installed packages in /opt/ros/humble
[0.200s] Level 1:colcon.colcon_core.package_discovery:discover_packages(prefix_path) using defaults
[0.224s] Level 5:colcon.colcon_core.verb:set package 'ntrip_client' build argument 'cmake_args' from command line to 'None'
[0.224s] Level 5:colcon.colcon_core.verb:set package 'ntrip_client' build argument 'cmake_target' from command line to 'None'
[0.224s] Level 5:colcon.colcon_core.verb:set package 'ntrip_client' build argument 'cmake_target_skip_unavailable' from command line to 'False'
[0.224s] Level 5:colcon.colcon_core.verb:set package 'ntrip_client' build argument 'cmake_clean_cache' from command line to 'False'
[0.224s] Level 5:colcon.colcon_core.verb:set package 'ntrip_client' build argument 'cmake_clean_first' from command line to 'False'
[0.224s] Level 5:colcon.colcon_core.verb:set package 'ntrip_client' build argument 'cmake_force_configure' from command line to 'False'
[0.224s] Level 5:colcon.colcon_core.verb:set package 'ntrip_client' build argument 'ament_cmake_args' from command line to 'None'
[0.224s] Level 5:colcon.colcon_core.verb:set package 'ntrip_client' build argument 'catkin_cmake_args' from command line to 'None'
[0.224s] Level 5:colcon.colcon_core.verb:set package 'ntrip_client' build argument 'catkin_skip_building_tests' from command line to 'False'
[0.224s] DEBUG:colcon.colcon_core.verb:Building package 'ntrip_client' with the following arguments: {'ament_cmake_args': None, 'build_base': '/home/yongjing-ub22/RTK_GPS_NTRIP_ws/build/ntrip_client', 'catkin_cmake_args': None, 'catkin_skip_building_tests': False, 'cmake_args': None, 'cmake_clean_cache': False, 'cmake_clean_first': False, 'cmake_force_configure': False, 'cmake_target': None, 'cmake_target_skip_unavailable': False, 'install_base': '/home/yongjing-ub22/RTK_GPS_NTRIP_ws/install/ntrip_client', 'merge_install': False, 'path': '/home/yongjing-ub22/RTK_GPS_NTRIP_ws/src/RTK_GPS_NTRIP/ntrip_client', 'symlink_install': False, 'test_result_base': None}
[0.224s] Level 5:colcon.colcon_core.verb:set package 'rtcm_msgs' build argument 'cmake_args' from command line to 'None'
[0.224s] Level 5:colcon.colcon_core.verb:set package 'rtcm_msgs' build argument 'cmake_target' from command line to 'None'
[0.224s] Level 5:colcon.colcon_core.verb:set package 'rtcm_msgs' build argument 'cmake_target_skip_unavailable' from command line to 'False'
[0.224s] Level 5:colcon.colcon_core.verb:set package 'rtcm_msgs' build argument 'cmake_clean_cache' from command line to 'False'
[0.224s] Level 5:colcon.colcon_core.verb:set package 'rtcm_msgs' build argument 'cmake_clean_first' from command line to 'False'
[0.224s] Level 5:colcon.colcon_core.verb:set package 'rtcm_msgs' build argument 'cmake_force_configure' from command line to 'False'
[0.225s] Level 5:colcon.colcon_core.verb:set package 'rtcm_msgs' build argument 'ament_cmake_args' from command line to 'None'
[0.225s] Level 5:colcon.colcon_core.verb:set package 'rtcm_msgs' build argument 'catkin_cmake_args' from command line to 'None'
[0.225s] Level 5:colcon.colcon_core.verb:set package 'rtcm_msgs' build argument 'catkin_skip_building_tests' from command line to 'False'
[0.225s] DEBUG:colcon.colcon_core.verb:Building package 'rtcm_msgs' with the following arguments: {'ament_cmake_args': None, 'build_base': '/home/yongjing-ub22/RTK_GPS_NTRIP_ws/build/rtcm_msgs', 'catkin_cmake_args': None, 'catkin_skip_building_tests': False, 'cmake_args': None, 'cmake_clean_cache': False, 'cmake_clean_first': False, 'cmake_force_configure': False, 'cmake_target': None, 'cmake_target_skip_unavailable': False, 'install_base': '/home/yongjing-ub22/RTK_GPS_NTRIP_ws/install/rtcm_msgs', 'merge_install': False, 'path': '/home/yongjing-ub22/RTK_GPS_NTRIP_ws/src/RTK_GPS_NTRIP/rtcm_msgs', 'symlink_install': False, 'test_result_base': None}
[0.225s] Level 5:colcon.colcon_core.verb:set package 'ublox_serialization' build argument 'cmake_args' from command line to 'None'
[0.225s] Level 5:colcon.colcon_core.verb:set package 'ublox_serialization' build argument 'cmake_target' from command line to 'None'
[0.225s] Level 5:colcon.colcon_core.verb:set package 'ublox_serialization' build argument 'cmake_target_skip_unavailable' from command line to 'False'
[0.225s] Level 5:colcon.colcon_core.verb:set package 'ublox_serialization' build argument 'cmake_clean_cache' from command line to 'False'
[0.225s] Level 5:colcon.colcon_core.verb:set package 'ublox_serialization' build argument 'cmake_clean_first' from command line to 'False'
[0.225s] Level 5:colcon.colcon_core.verb:set package 'ublox_serialization' build argument 'cmake_force_configure' from command line to 'False'
[0.225s] Level 5:colcon.colcon_core.verb:set package 'ublox_serialization' build argument 'ament_cmake_args' from command line to 'None'
[0.225s] Level 5:colcon.colcon_core.verb:set package 'ublox_serialization' build argument 'catkin_cmake_args' from command line to 'None'
[0.225s] Level 5:colcon.colcon_core.verb:set package 'ublox_serialization' build argument 'catkin_skip_building_tests' from command line to 'False'
[0.225s] DEBUG:colcon.colcon_core.verb:Building package 'ublox_serialization' with the following arguments: {'ament_cmake_args': None, 'build_base': '/home/yongjing-ub22/RTK_GPS_NTRIP_ws/build/ublox_serialization', 'catkin_cmake_args': None, 'catkin_skip_building_tests': False, 'cmake_args': None, 'cmake_clean_cache': False, 'cmake_clean_first': False, 'cmake_force_configure': False, 'cmake_target': None, 'cmake_target_skip_unavailable': False, 'install_base': '/home/yongjing-ub22/RTK_GPS_NTRIP_ws/install/ublox_serialization', 'merge_install': False, 'path': '/home/yongjing-ub22/RTK_GPS_NTRIP_ws/src/RTK_GPS_NTRIP/ublox_serialization', 'symlink_install': False, 'test_result_base': None}
[0.225s] Level 5:colcon.colcon_core.verb:set package 'ublox_msgs' build argument 'cmake_args' from command line to 'None'
[0.225s] Level 5:colcon.colcon_core.verb:set package 'ublox_msgs' build argument 'cmake_target' from command line to 'None'
[0.225s] Level 5:colcon.colcon_core.verb:set package 'ublox_msgs' build argument 'cmake_target_skip_unavailable' from command line to 'False'
[0.225s] Level 5:colcon.colcon_core.verb:set package 'ublox_msgs' build argument 'cmake_clean_cache' from command line to 'False'
[0.225s] Level 5:colcon.colcon_core.verb:set package 'ublox_msgs' build argument 'cmake_clean_first' from command line to 'False'
[0.225s] Level 5:colcon.colcon_core.verb:set package 'ublox_msgs' build argument 'cmake_force_configure' from command line to 'False'
[0.225s] Level 5:colcon.colcon_core.verb:set package 'ublox_msgs' build argument 'ament_cmake_args' from command line to 'None'
[0.225s] Level 5:colcon.colcon_core.verb:set package 'ublox_msgs' build argument 'catkin_cmake_args' from command line to 'None'
[0.225s] Level 5:colcon.colcon_core.verb:set package 'ublox_msgs' build argument 'catkin_skip_building_tests' from command line to 'False'
[0.225s] DEBUG:colcon.colcon_core.verb:Building package 'ublox_msgs' with the following arguments: {'ament_cmake_args': None, 'build_base': '/home/yongjing-ub22/RTK_GPS_NTRIP_ws/build/ublox_msgs', 'catkin_cmake_args': None, 'catkin_skip_building_tests': False, 'cmake_args': None, 'cmake_clean_cache': False, 'cmake_clean_first': False, 'cmake_force_configure': False, 'cmake_target': None, 'cmake_target_skip_unavailable': False, 'install_base': '/home/yongjing-ub22/RTK_GPS_NTRIP_ws/install/ublox_msgs', 'merge_install': False, 'path': '/home/yongjing-ub22/RTK_GPS_NTRIP_ws/src/RTK_GPS_NTRIP/ublox_msgs', 'symlink_install': False, 'test_result_base': None}
[0.225s] Level 5:colcon.colcon_core.verb:set package 'fix2nmea' build argument 'cmake_args' from command line to 'None'
[0.225s] Level 5:colcon.colcon_core.verb:set package 'fix2nmea' build argument 'cmake_target' from command line to 'None'
[0.225s] Level 5:colcon.colcon_core.verb:set package 'fix2nmea' build argument 'cmake_target_skip_unavailable' from command line to 'False'
[0.225s] Level 5:colcon.colcon_core.verb:set package 'fix2nmea' build argument 'cmake_clean_cache' from command line to 'False'
[0.225s] Level 5:colcon.colcon_core.verb:set package 'fix2nmea' build argument 'cmake_clean_first' from command line to 'False'
[0.225s] Level 5:colcon.colcon_core.verb:set package 'fix2nmea' build argument 'cmake_force_configure' from command line to 'False'
[0.225s] Level 5:colcon.colcon_core.verb:set package 'fix2nmea' build argument 'ament_cmake_args' from command line to 'None'
[0.225s] Level 5:colcon.colcon_core.verb:set package 'fix2nmea' build argument 'catkin_cmake_args' from command line to 'None'
[0.225s] Level 5:colcon.colcon_core.verb:set package 'fix2nmea' build argument 'catkin_skip_building_tests' from command line to 'False'
[0.225s] DEBUG:colcon.colcon_core.verb:Building package 'fix2nmea' with the following arguments: {'ament_cmake_args': None, 'build_base': '/home/yongjing-ub22/RTK_GPS_NTRIP_ws/build/fix2nmea', 'catkin_cmake_args': None, 'catkin_skip_building_tests': False, 'cmake_args': None, 'cmake_clean_cache': False, 'cmake_clean_first': False, 'cmake_force_configure': False, 'cmake_target': None, 'cmake_target_skip_unavailable': False, 'install_base': '/home/yongjing-ub22/RTK_GPS_NTRIP_ws/install/fix2nmea', 'merge_install': False, 'path': '/home/yongjing-ub22/RTK_GPS_NTRIP_ws/src/RTK_GPS_NTRIP/fix2nmea', 'symlink_install': False, 'test_result_base': None}
[0.226s] Level 5:colcon.colcon_core.verb:set package 'ublox_gps' build argument 'cmake_args' from command line to 'None'
[0.226s] Level 5:colcon.colcon_core.verb:set package 'ublox_gps' build argument 'cmake_target' from command line to 'None'
[0.226s] Level 5:colcon.colcon_core.verb:set package 'ublox_gps' build argument 'cmake_target_skip_unavailable' from command line to 'False'
[0.226s] Level 5:colcon.colcon_core.verb:set package 'ublox_gps' build argument 'cmake_clean_cache' from command line to 'False'
[0.226s] Level 5:colcon.colcon_core.verb:set package 'ublox_gps' build argument 'cmake_clean_first' from command line to 'False'
[0.226s] Level 5:colcon.colcon_core.verb:set package 'ublox_gps' build argument 'cmake_force_configure' from command line to 'False'
[0.226s] Level 5:colcon.colcon_core.verb:set package 'ublox_gps' build argument 'ament_cmake_args' from command line to 'None'
[0.226s] Level 5:colcon.colcon_core.verb:set package 'ublox_gps' build argument 'catkin_cmake_args' from command line to 'None'
[0.226s] Level 5:colcon.colcon_core.verb:set package 'ublox_gps' build argument 'catkin_skip_building_tests' from command line to 'False'
[0.226s] DEBUG:colcon.colcon_core.verb:Building package 'ublox_gps' with the following arguments: {'ament_cmake_args': None, 'build_base': '/home/yongjing-ub22/RTK_GPS_NTRIP_ws/build/ublox_gps', 'catkin_cmake_args': None, 'catkin_skip_building_tests': False, 'cmake_args': None, 'cmake_clean_cache': False, 'cmake_clean_first': False, 'cmake_force_configure': False, 'cmake_target': None, 'cmake_target_skip_unavailable': False, 'install_base': '/home/yongjing-ub22/RTK_GPS_NTRIP_ws/install/ublox_gps', 'merge_install': False, 'path': '/home/yongjing-ub22/RTK_GPS_NTRIP_ws/src/RTK_GPS_NTRIP/ublox_gps', 'symlink_install': False, 'test_result_base': None}
[0.226s] Level 5:colcon.colcon_core.verb:set package 'ublox' build argument 'cmake_args' from command line to 'None'
[0.226s] Level 5:colcon.colcon_core.verb:set package 'ublox' build argument 'cmake_target' from command line to 'None'
[0.226s] Level 5:colcon.colcon_core.verb:set package 'ublox' build argument 'cmake_target_skip_unavailable' from command line to 'False'
[0.226s] Level 5:colcon.colcon_core.verb:set package 'ublox' build argument 'cmake_clean_cache' from command line to 'False'
[0.226s] Level 5:colcon.colcon_core.verb:set package 'ublox' build argument 'cmake_clean_first' from command line to 'False'
[0.226s] Level 5:colcon.colcon_core.verb:set package 'ublox' build argument 'cmake_force_configure' from command line to 'False'
[0.226s] Level 5:colcon.colcon_core.verb:set package 'ublox' build argument 'ament_cmake_args' from command line to 'None'
[0.226s] Level 5:colcon.colcon_core.verb:set package 'ublox' build argument 'catkin_cmake_args' from command line to 'None'
[0.226s] Level 5:colcon.colcon_core.verb:set package 'ublox' build argument 'catkin_skip_building_tests' from command line to 'False'
[0.226s] DEBUG:colcon.colcon_core.verb:Building package 'ublox' with the following arguments: {'ament_cmake_args': None, 'build_base': '/home/yongjing-ub22/RTK_GPS_NTRIP_ws/build/ublox', 'catkin_cmake_args': None, 'catkin_skip_building_tests': False, 'cmake_args': None, 'cmake_clean_cache': False, 'cmake_clean_first': False, 'cmake_force_configure': False, 'cmake_target': None, 'cmake_target_skip_unavailable': False, 'install_base': '/home/yongjing-ub22/RTK_GPS_NTRIP_ws/install/ublox', 'merge_install': False, 'path': '/home/yongjing-ub22/RTK_GPS_NTRIP_ws/src/RTK_GPS_NTRIP/ublox', 'symlink_install': False, 'test_result_base': None}
[0.226s] INFO:colcon.colcon_core.executor:Executing jobs using 'parallel' executor
[0.227s] DEBUG:colcon.colcon_parallel_executor.executor.parallel:run_until_complete
[0.227s] INFO:colcon.colcon_ros.task.ament_cmake.build:Building ROS package in '/home/yongjing-ub22/RTK_GPS_NTRIP_ws/src/RTK_GPS_NTRIP/ublox_serialization' with build type 'ament_cmake'
[0.227s] INFO:colcon.colcon_cmake.task.cmake.build:Building CMake package in '/home/yongjing-ub22/RTK_GPS_NTRIP_ws/src/RTK_GPS_NTRIP/ublox_serialization'
[0.228s] INFO:colcon.colcon_core.plugin_system:Skipping extension 'colcon_core.shell.bat': Not used on non-Windows systems
[0.228s] INFO:colcon.colcon_core.shell:Skip shell extension 'powershell' for command environment: Not usable outside of PowerShell
[0.228s] DEBUG:colcon.colcon_core.shell:Skip shell extension 'dsv' for command environment
[0.230s] INFO:colcon.colcon_ros.task.ament_cmake.build:Building ROS package in '/home/yongjing-ub22/RTK_GPS_NTRIP_ws/src/RTK_GPS_NTRIP/rtcm_msgs' with build type 'ament_cmake'
[0.230s] INFO:colcon.colcon_cmake.task.cmake.build:Building CMake package in '/home/yongjing-ub22/RTK_GPS_NTRIP_ws/src/RTK_GPS_NTRIP/rtcm_msgs'
[0.231s] INFO:colcon.colcon_core.shell:Skip shell extension 'powershell' for command environment: Not usable outside of PowerShell
[0.231s] DEBUG:colcon.colcon_core.shell:Skip shell extension 'dsv' for command environment
[0.232s] INFO:colcon.colcon_ros.task.ament_python.build:Building ROS package in '/home/yongjing-ub22/RTK_GPS_NTRIP_ws/src/RTK_GPS_NTRIP/ntrip_client' with build type 'ament_python'
[0.232s] Level 1:colcon.colcon_core.shell:create_environment_hook('ntrip_client', 'ament_prefix_path')
[0.232s] INFO:colcon.colcon_core.shell:Creating environment hook '/home/yongjing-ub22/RTK_GPS_NTRIP_ws/install/ntrip_client/share/ntrip_client/hook/ament_prefix_path.ps1'
[0.233s] INFO:colcon.colcon_core.shell:Creating environment descriptor '/home/yongjing-ub22/RTK_GPS_NTRIP_ws/install/ntrip_client/share/ntrip_client/hook/ament_prefix_path.dsv'
[0.233s] INFO:colcon.colcon_core.shell:Creating environment hook '/home/yongjing-ub22/RTK_GPS_NTRIP_ws/install/ntrip_client/share/ntrip_client/hook/ament_prefix_path.sh'
[0.233s] INFO:colcon.colcon_core.shell:Skip shell extension 'powershell' for command environment: Not usable outside of PowerShell
[0.233s] DEBUG:colcon.colcon_core.shell:Skip shell extension 'dsv' for command environment
[0.238s] DEBUG:colcon.colcon_core.event_handler.log_command:Invoking command in '/home/yongjing-ub22/RTK_GPS_NTRIP_ws/build/ublox_serialization': CMAKE_PREFIX_PATH=/opt/ros/humble /usr/bin/cmake --build /home/yongjing-ub22/RTK_GPS_NTRIP_ws/build/ublox_serialization -- -j20 -l20
[0.241s] DEBUG:colcon.colcon_core.event_handler.log_command:Invoking command in '/home/yongjing-ub22/RTK_GPS_NTRIP_ws/build/rtcm_msgs': CMAKE_PREFIX_PATH=/opt/ros/humble /usr/bin/cmake --build /home/yongjing-ub22/RTK_GPS_NTRIP_ws/build/rtcm_msgs -- -j20 -l20
[0.405s] INFO:colcon.colcon_core.task.python.build:Building Python package in '/home/yongjing-ub22/RTK_GPS_NTRIP_ws/src/RTK_GPS_NTRIP/ntrip_client'
[0.406s] INFO:colcon.colcon_core.shell:Skip shell extension 'powershell' for command environment: Not usable outside of PowerShell
[0.406s] DEBUG:colcon.colcon_core.shell:Skip shell extension 'dsv' for command environment
[0.409s] DEBUG:colcon.colcon_core.event_handler.log_command:Invoked command in '/home/yongjing-ub22/RTK_GPS_NTRIP_ws/build/ublox_serialization' returned '0': CMAKE_PREFIX_PATH=/opt/ros/humble /usr/bin/cmake --build /home/yongjing-ub22/RTK_GPS_NTRIP_ws/build/ublox_serialization -- -j20 -l20
[0.427s] DEBUG:colcon.colcon_core.event_handler.log_command:Invoking command in '/home/yongjing-ub22/RTK_GPS_NTRIP_ws/build/ublox_serialization': CMAKE_PREFIX_PATH=/opt/ros/humble /usr/bin/cmake --install /home/yongjing-ub22/RTK_GPS_NTRIP_ws/build/ublox_serialization
[0.433s] Level 1:colcon.colcon_core.environment:create_environment_scripts_only(ublox_serialization)
[0.434s] DEBUG:colcon.colcon_core.event_handler.log_command:Invoked command in '/home/yongjing-ub22/RTK_GPS_NTRIP_ws/build/ublox_serialization' returned '0': CMAKE_PREFIX_PATH=/opt/ros/humble /usr/bin/cmake --install /home/yongjing-ub22/RTK_GPS_NTRIP_ws/build/ublox_serialization
[0.436s] Level 1:colcon.colcon_core.environment:checking '/home/yongjing-ub22/RTK_GPS_NTRIP_ws/install/ublox_serialization' for CMake module files
[0.436s] Level 1:colcon.colcon_core.environment:checking '/home/yongjing-ub22/RTK_GPS_NTRIP_ws/install/ublox_serialization' for CMake config files
[0.436s] Level 1:colcon.colcon_core.shell:create_environment_hook('ublox_serialization', 'cmake_prefix_path')
[0.437s] INFO:colcon.colcon_core.shell:Creating environment hook '/home/yongjing-ub22/RTK_GPS_NTRIP_ws/install/ublox_serialization/share/ublox_serialization/hook/cmake_prefix_path.ps1'
[0.437s] INFO:colcon.colcon_core.shell:Creating environment descriptor '/home/yongjing-ub22/RTK_GPS_NTRIP_ws/install/ublox_serialization/share/ublox_serialization/hook/cmake_prefix_path.dsv'
[0.437s] INFO:colcon.colcon_core.shell:Creating environment hook '/home/yongjing-ub22/RTK_GPS_NTRIP_ws/install/ublox_serialization/share/ublox_serialization/hook/cmake_prefix_path.sh'
[0.438s] Level 1:colcon.colcon_core.environment:checking '/home/yongjing-ub22/RTK_GPS_NTRIP_ws/install/ublox_serialization/bin'
[0.438s] Level 1:colcon.colcon_core.environment:checking '/home/yongjing-ub22/RTK_GPS_NTRIP_ws/install/ublox_serialization/lib/pkgconfig/ublox_serialization.pc'
[0.438s] Level 1:colcon.colcon_core.environment:checking '/home/yongjing-ub22/RTK_GPS_NTRIP_ws/install/ublox_serialization/lib/python3.10/site-packages'
[0.438s] Level 1:colcon.colcon_core.environment:checking '/home/yongjing-ub22/RTK_GPS_NTRIP_ws/install/ublox_serialization/bin'
[0.438s] INFO:colcon.colcon_core.shell:Creating package script '/home/yongjing-ub22/RTK_GPS_NTRIP_ws/install/ublox_serialization/share/ublox_serialization/package.ps1'
[0.439s] INFO:colcon.colcon_core.shell:Creating package descriptor '/home/yongjing-ub22/RTK_GPS_NTRIP_ws/install/ublox_serialization/share/ublox_serialization/package.dsv'
[0.439s] INFO:colcon.colcon_core.shell:Creating package script '/home/yongjing-ub22/RTK_GPS_NTRIP_ws/install/ublox_serialization/share/ublox_serialization/package.sh'
[0.440s] INFO:colcon.colcon_core.shell:Creating package script '/home/yongjing-ub22/RTK_GPS_NTRIP_ws/install/ublox_serialization/share/ublox_serialization/package.bash'
[0.440s] INFO:colcon.colcon_core.shell:Creating package script '/home/yongjing-ub22/RTK_GPS_NTRIP_ws/install/ublox_serialization/share/ublox_serialization/package.zsh'
[0.440s] Level 1:colcon.colcon_core.environment:create_file_with_runtime_dependencies(/home/yongjing-ub22/RTK_GPS_NTRIP_ws/install/ublox_serialization/share/colcon-core/packages/ublox_serialization)
[0.456s] Level 1:colcon.colcon_core.environment:create_environment_scripts_only(ublox_serialization)
[0.456s] Level 1:colcon.colcon_core.environment:checking '/home/yongjing-ub22/RTK_GPS_NTRIP_ws/install/ublox_serialization' for CMake module files
[0.456s] Level 1:colcon.colcon_core.environment:checking '/home/yongjing-ub22/RTK_GPS_NTRIP_ws/install/ublox_serialization' for CMake config files
[0.457s] Level 1:colcon.colcon_core.shell:create_environment_hook('ublox_serialization', 'cmake_prefix_path')
[0.457s] INFO:colcon.colcon_core.shell:Creating environment hook '/home/yongjing-ub22/RTK_GPS_NTRIP_ws/install/ublox_serialization/share/ublox_serialization/hook/cmake_prefix_path.ps1'
[0.457s] INFO:colcon.colcon_core.shell:Creating environment descriptor '/home/yongjing-ub22/RTK_GPS_NTRIP_ws/install/ublox_serialization/share/ublox_serialization/hook/cmake_prefix_path.dsv'
[0.457s] INFO:colcon.colcon_core.shell:Creating environment hook '/home/yongjing-ub22/RTK_GPS_NTRIP_ws/install/ublox_serialization/share/ublox_serialization/hook/cmake_prefix_path.sh'
[0.457s] Level 1:colcon.colcon_core.environment:checking '/home/yongjing-ub22/RTK_GPS_NTRIP_ws/install/ublox_serialization/bin'
[0.457s] Level 1:colcon.colcon_core.environment:checking '/home/yongjing-ub22/RTK_GPS_NTRIP_ws/install/ublox_serialization/lib/pkgconfig/ublox_serialization.pc'
[0.458s] Level 1:colcon.colcon_core.environment:checking '/home/yongjing-ub22/RTK_GPS_NTRIP_ws/install/ublox_serialization/lib/python3.10/site-packages'
[0.458s] Level 1:colcon.colcon_core.environment:checking '/home/yongjing-ub22/RTK_GPS_NTRIP_ws/install/ublox_serialization/bin'
[0.458s] INFO:colcon.colcon_core.shell:Creating package script '/home/yongjing-ub22/RTK_GPS_NTRIP_ws/install/ublox_serialization/share/ublox_serialization/package.ps1'
[0.458s] INFO:colcon.colcon_core.shell:Creating package descriptor '/home/yongjing-ub22/RTK_GPS_NTRIP_ws/install/ublox_serialization/share/ublox_serialization/package.dsv'
[0.458s] INFO:colcon.colcon_core.shell:Creating package script '/home/yongjing-ub22/RTK_GPS_NTRIP_ws/install/ublox_serialization/share/ublox_serialization/package.sh'
[0.458s] INFO:colcon.colcon_core.shell:Creating package script '/home/yongjing-ub22/RTK_GPS_NTRIP_ws/install/ublox_serialization/share/ublox_serialization/package.bash'
[0.459s] INFO:colcon.colcon_core.shell:Creating package script '/home/yongjing-ub22/RTK_GPS_NTRIP_ws/install/ublox_serialization/share/ublox_serialization/package.zsh'
[0.459s] Level 1:colcon.colcon_core.environment:create_file_with_runtime_dependencies(/home/yongjing-ub22/RTK_GPS_NTRIP_ws/install/ublox_serialization/share/colcon-core/packages/ublox_serialization)
[0.459s] INFO:colcon.colcon_ros.task.ament_cmake.build:Building ROS package in '/home/yongjing-ub22/RTK_GPS_NTRIP_ws/src/RTK_GPS_NTRIP/ublox_msgs' with build type 'ament_cmake'
[0.459s] INFO:colcon.colcon_cmake.task.cmake.build:Building CMake package in '/home/yongjing-ub22/RTK_GPS_NTRIP_ws/src/RTK_GPS_NTRIP/ublox_msgs'
[0.459s] INFO:colcon.colcon_core.shell:Skip shell extension 'powershell' for command environment: Not usable outside of PowerShell
[0.459s] DEBUG:colcon.colcon_core.shell:Skip shell extension 'dsv' for command environment
[0.464s] DEBUG:colcon.colcon_core.event_handler.log_command:Invoking command in '/home/yongjing-ub22/RTK_GPS_NTRIP_ws/build/ublox_msgs': AMENT_PREFIX_PATH=/home/yongjing-ub22/RTK_GPS_NTRIP_ws/install/ublox_serialization:${AMENT_PREFIX_PATH} CMAKE_PREFIX_PATH=/home/yongjing-ub22/RTK_GPS_NTRIP_ws/install/ublox_serialization:/opt/ros/humble /usr/bin/cmake /home/yongjing-ub22/RTK_GPS_NTRIP_ws/src/RTK_GPS_NTRIP/ublox_msgs -DCMAKE_INSTALL_PREFIX=/home/yongjing-ub22/RTK_GPS_NTRIP_ws/install/ublox_msgs
[0.657s] DEBUG:colcon.colcon_core.event_handler.log_command:Invoking command in '/home/yongjing-ub22/RTK_GPS_NTRIP_ws/src/RTK_GPS_NTRIP/ntrip_client': PYTHONPATH=/home/yongjing-ub22/RTK_GPS_NTRIP_ws/build/ntrip_client/prefix_override:/usr/lib/python3/dist-packages/colcon_core/task/python/colcon_distutils_commands:/home/yongjing-ub22/RTK_GPS_NTRIP_ws/install/ntrip_client/lib/python3.10/site-packages:${PYTHONPATH} /usr/bin/python3 -W ignore:setup.py install is deprecated setup.py egg_info --egg-base ../../../build/ntrip_client build --build-base /home/yongjing-ub22/RTK_GPS_NTRIP_ws/build/ntrip_client/build install --record /home/yongjing-ub22/RTK_GPS_NTRIP_ws/build/ntrip_client/install.log --single-version-externally-managed install_data
[0.863s] Level 1:colcon.colcon_core.environment:checking '/home/yongjing-ub22/RTK_GPS_NTRIP_ws/install/ntrip_client' for CMake module files
[0.863s] DEBUG:colcon.colcon_core.event_handler.log_command:Invoked command in '/home/yongjing-ub22/RTK_GPS_NTRIP_ws/src/RTK_GPS_NTRIP/ntrip_client' returned '0': PYTHONPATH=/home/yongjing-ub22/RTK_GPS_NTRIP_ws/build/ntrip_client/prefix_override:/usr/lib/python3/dist-packages/colcon_core/task/python/colcon_distutils_commands:/home/yongjing-ub22/RTK_GPS_NTRIP_ws/install/ntrip_client/lib/python3.10/site-packages:${PYTHONPATH} /usr/bin/python3 -W ignore:setup.py install is deprecated setup.py egg_info --egg-base ../../../build/ntrip_client build --build-base /home/yongjing-ub22/RTK_GPS_NTRIP_ws/build/ntrip_client/build install --record /home/yongjing-ub22/RTK_GPS_NTRIP_ws/build/ntrip_client/install.log --single-version-externally-managed install_data
[0.863s] Level 1:colcon.colcon_core.environment:checking '/home/yongjing-ub22/RTK_GPS_NTRIP_ws/install/ntrip_client' for CMake config files
[0.864s] Level 1:colcon.colcon_core.environment:checking '/home/yongjing-ub22/RTK_GPS_NTRIP_ws/install/ntrip_client/lib'
[0.864s] Level 1:colcon.colcon_core.environment:checking '/home/yongjing-ub22/RTK_GPS_NTRIP_ws/install/ntrip_client/bin'
[0.864s] Level 1:colcon.colcon_core.environment:checking '/home/yongjing-ub22/RTK_GPS_NTRIP_ws/install/ntrip_client/lib/pkgconfig/ntrip_client.pc'
[0.864s] Level 1:colcon.colcon_core.environment:checking '/home/yongjing-ub22/RTK_GPS_NTRIP_ws/install/ntrip_client/lib/python3.10/site-packages'
[0.864s] Level 1:colcon.colcon_core.shell:create_environment_hook('ntrip_client', 'pythonpath')
[0.865s] INFO:colcon.colcon_core.shell:Creating environment hook '/home/yongjing-ub22/RTK_GPS_NTRIP_ws/install/ntrip_client/share/ntrip_client/hook/pythonpath.ps1'
[0.865s] INFO:colcon.colcon_core.shell:Creating environment descriptor '/home/yongjing-ub22/RTK_GPS_NTRIP_ws/install/ntrip_client/share/ntrip_client/hook/pythonpath.dsv'
[0.865s] INFO:colcon.colcon_core.shell:Creating environment hook '/home/yongjing-ub22/RTK_GPS_NTRIP_ws/install/ntrip_client/share/ntrip_client/hook/pythonpath.sh'
[0.866s] Level 1:colcon.colcon_core.environment:checking '/home/yongjing-ub22/RTK_GPS_NTRIP_ws/install/ntrip_client/bin'
[0.866s] Level 1:colcon.colcon_core.environment:create_environment_scripts_only(ntrip_client)
[0.866s] INFO:colcon.colcon_core.shell:Creating package script '/home/yongjing-ub22/RTK_GPS_NTRIP_ws/install/ntrip_client/share/ntrip_client/package.ps1'
[0.866s] INFO:colcon.colcon_core.shell:Creating package descriptor '/home/yongjing-ub22/RTK_GPS_NTRIP_ws/install/ntrip_client/share/ntrip_client/package.dsv'
[0.867s] INFO:colcon.colcon_core.shell:Creating package script '/home/yongjing-ub22/RTK_GPS_NTRIP_ws/install/ntrip_client/share/ntrip_client/package.sh'
[0.867s] INFO:colcon.colcon_core.shell:Creating package script '/home/yongjing-ub22/RTK_GPS_NTRIP_ws/install/ntrip_client/share/ntrip_client/package.bash'
[0.867s] INFO:colcon.colcon_core.shell:Creating package script '/home/yongjing-ub22/RTK_GPS_NTRIP_ws/install/ntrip_client/share/ntrip_client/package.zsh'
[0.867s] Level 1:colcon.colcon_core.environment:create_file_with_runtime_dependencies(/home/yongjing-ub22/RTK_GPS_NTRIP_ws/install/ntrip_client/share/colcon-core/packages/ntrip_client)
[1.432s] DEBUG:colcon.colcon_core.event_handler.log_command:Invoked command in '/home/yongjing-ub22/RTK_GPS_NTRIP_ws/build/rtcm_msgs' returned '0': CMAKE_PREFIX_PATH=/opt/ros/humble /usr/bin/cmake --build /home/yongjing-ub22/RTK_GPS_NTRIP_ws/build/rtcm_msgs -- -j20 -l20
[1.475s] DEBUG:colcon.colcon_core.event_handler.log_command:Invoking command in '/home/yongjing-ub22/RTK_GPS_NTRIP_ws/build/rtcm_msgs': CMAKE_PREFIX_PATH=/opt/ros/humble /usr/bin/cmake --install /home/yongjing-ub22/RTK_GPS_NTRIP_ws/build/rtcm_msgs
[1.511s] Level 1:colcon.colcon_core.environment:create_environment_scripts_only(rtcm_msgs)
[1.512s] Level 1:colcon.colcon_core.environment:checking '/home/yongjing-ub22/RTK_GPS_NTRIP_ws/install/rtcm_msgs' for CMake module files
[1.512s] DEBUG:colcon.colcon_core.event_handler.log_command:Invoked command in '/home/yongjing-ub22/RTK_GPS_NTRIP_ws/build/rtcm_msgs' returned '0': CMAKE_PREFIX_PATH=/opt/ros/humble /usr/bin/cmake --install /home/yongjing-ub22/RTK_GPS_NTRIP_ws/build/rtcm_msgs
[1.512s] Level 1:colcon.colcon_core.environment:checking '/home/yongjing-ub22/RTK_GPS_NTRIP_ws/install/rtcm_msgs' for CMake config files
[1.512s] Level 1:colcon.colcon_core.shell:create_environment_hook('rtcm_msgs', 'cmake_prefix_path')
[1.512s] INFO:colcon.colcon_core.shell:Creating environment hook '/home/yongjing-ub22/RTK_GPS_NTRIP_ws/install/rtcm_msgs/share/rtcm_msgs/hook/cmake_prefix_path.ps1'
[1.513s] INFO:colcon.colcon_core.shell:Creating environment descriptor '/home/yongjing-ub22/RTK_GPS_NTRIP_ws/install/rtcm_msgs/share/rtcm_msgs/hook/cmake_prefix_path.dsv'
[1.513s] INFO:colcon.colcon_core.shell:Creating environment hook '/home/yongjing-ub22/RTK_GPS_NTRIP_ws/install/rtcm_msgs/share/rtcm_msgs/hook/cmake_prefix_path.sh'
[1.513s] Level 1:colcon.colcon_core.environment:checking '/home/yongjing-ub22/RTK_GPS_NTRIP_ws/install/rtcm_msgs/lib'
[1.513s] Level 1:colcon.colcon_core.shell:create_environment_hook('rtcm_msgs', 'ld_library_path_lib')
[1.513s] INFO:colcon.colcon_core.shell:Creating environment hook '/home/yongjing-ub22/RTK_GPS_NTRIP_ws/install/rtcm_msgs/share/rtcm_msgs/hook/ld_library_path_lib.ps1'
[1.513s] INFO:colcon.colcon_core.shell:Creating environment descriptor '/home/yongjing-ub22/RTK_GPS_NTRIP_ws/install/rtcm_msgs/share/rtcm_msgs/hook/ld_library_path_lib.dsv'
[1.513s] INFO:colcon.colcon_core.shell:Creating environment hook '/home/yongjing-ub22/RTK_GPS_NTRIP_ws/install/rtcm_msgs/share/rtcm_msgs/hook/ld_library_path_lib.sh'
[1.514s] Level 1:colcon.colcon_core.environment:checking '/home/yongjing-ub22/RTK_GPS_NTRIP_ws/install/rtcm_msgs/bin'
[1.514s] Level 1:colcon.colcon_core.environment:checking '/home/yongjing-ub22/RTK_GPS_NTRIP_ws/install/rtcm_msgs/lib/pkgconfig/rtcm_msgs.pc'
[1.514s] Level 1:colcon.colcon_core.environment:checking '/home/yongjing-ub22/RTK_GPS_NTRIP_ws/install/rtcm_msgs/lib/python3.10/site-packages'
[1.514s] Level 1:colcon.colcon_core.environment:checking '/home/yongjing-ub22/RTK_GPS_NTRIP_ws/install/rtcm_msgs/bin'
[1.514s] INFO:colcon.colcon_core.shell:Creating package script '/home/yongjing-ub22/RTK_GPS_NTRIP_ws/install/rtcm_msgs/share/rtcm_msgs/package.ps1'
[1.514s] INFO:colcon.colcon_core.shell:Creating package descriptor '/home/yongjing-ub22/RTK_GPS_NTRIP_ws/install/rtcm_msgs/share/rtcm_msgs/package.dsv'
[1.514s] INFO:colcon.colcon_core.shell:Creating package script '/home/yongjing-ub22/RTK_GPS_NTRIP_ws/install/rtcm_msgs/share/rtcm_msgs/package.sh'
[1.515s] INFO:colcon.colcon_core.shell:Creating package script '/home/yongjing-ub22/RTK_GPS_NTRIP_ws/install/rtcm_msgs/share/rtcm_msgs/package.bash'
[1.515s] INFO:colcon.colcon_core.shell:Creating package script '/home/yongjing-ub22/RTK_GPS_NTRIP_ws/install/rtcm_msgs/share/rtcm_msgs/package.zsh'
[1.515s] Level 1:colcon.colcon_core.environment:create_file_with_runtime_dependencies(/home/yongjing-ub22/RTK_GPS_NTRIP_ws/install/rtcm_msgs/share/colcon-core/packages/rtcm_msgs)
[1.556s] Level 1:colcon.colcon_core.environment:create_environment_scripts_only(rtcm_msgs)
[1.556s] Level 1:colcon.colcon_core.environment:checking '/home/yongjing-ub22/RTK_GPS_NTRIP_ws/install/rtcm_msgs' for CMake module files
[1.556s] Level 1:colcon.colcon_core.environment:checking '/home/yongjing-ub22/RTK_GPS_NTRIP_ws/install/rtcm_msgs' for CMake config files
[1.556s] Level 1:colcon.colcon_core.shell:create_environment_hook('rtcm_msgs', 'cmake_prefix_path')
[1.557s] INFO:colcon.colcon_core.shell:Creating environment hook '/home/yongjing-ub22/RTK_GPS_NTRIP_ws/install/rtcm_msgs/share/rtcm_msgs/hook/cmake_prefix_path.ps1'
[1.557s] INFO:colcon.colcon_core.shell:Creating environment descriptor '/home/yongjing-ub22/RTK_GPS_NTRIP_ws/install/rtcm_msgs/share/rtcm_msgs/hook/cmake_prefix_path.dsv'
[1.557s] INFO:colcon.colcon_core.shell:Creating environment hook '/home/yongjing-ub22/RTK_GPS_NTRIP_ws/install/rtcm_msgs/share/rtcm_msgs/hook/cmake_prefix_path.sh'
[1.557s] Level 1:colcon.colcon_core.environment:checking '/home/yongjing-ub22/RTK_GPS_NTRIP_ws/install/rtcm_msgs/lib'
[1.557s] Level 1:colcon.colcon_core.shell:create_environment_hook('rtcm_msgs', 'ld_library_path_lib')
[1.557s] INFO:colcon.colcon_core.shell:Creating environment hook '/home/yongjing-ub22/RTK_GPS_NTRIP_ws/install/rtcm_msgs/share/rtcm_msgs/hook/ld_library_path_lib.ps1'
[1.558s] INFO:colcon.colcon_core.shell:Creating environment descriptor '/home/yongjing-ub22/RTK_GPS_NTRIP_ws/install/rtcm_msgs/share/rtcm_msgs/hook/ld_library_path_lib.dsv'
[1.558s] INFO:colcon.colcon_core.shell:Creating environment hook '/home/yongjing-ub22/RTK_GPS_NTRIP_ws/install/rtcm_msgs/share/rtcm_msgs/hook/ld_library_path_lib.sh'
[1.558s] Level 1:colcon.colcon_core.environment:checking '/home/yongjing-ub22/RTK_GPS_NTRIP_ws/install/rtcm_msgs/bin'
[1.558s] Level 1:colcon.colcon_core.environment:checking '/home/yongjing-ub22/RTK_GPS_NTRIP_ws/install/rtcm_msgs/lib/pkgconfig/rtcm_msgs.pc'
[1.558s] Level 1:colcon.colcon_core.environment:checking '/home/yongjing-ub22/RTK_GPS_NTRIP_ws/install/rtcm_msgs/lib/python3.10/site-packages'
[1.558s] Level 1:colcon.colcon_core.environment:checking '/home/yongjing-ub22/RTK_GPS_NTRIP_ws/install/rtcm_msgs/bin'
[1.559s] INFO:colcon.colcon_core.shell:Creating package script '/home/yongjing-ub22/RTK_GPS_NTRIP_ws/install/rtcm_msgs/share/rtcm_msgs/package.ps1'
[1.559s] INFO:colcon.colcon_core.shell:Creating package descriptor '/home/yongjing-ub22/RTK_GPS_NTRIP_ws/install/rtcm_msgs/share/rtcm_msgs/package.dsv'
[1.559s] INFO:colcon.colcon_core.shell:Creating package script '/home/yongjing-ub22/RTK_GPS_NTRIP_ws/install/rtcm_msgs/share/rtcm_msgs/package.sh'
[1.559s] INFO:colcon.colcon_core.shell:Creating package script '/home/yongjing-ub22/RTK_GPS_NTRIP_ws/install/rtcm_msgs/share/rtcm_msgs/package.bash'
[1.559s] INFO:colcon.colcon_core.shell:Creating package script '/home/yongjing-ub22/RTK_GPS_NTRIP_ws/install/rtcm_msgs/share/rtcm_msgs/package.zsh'
[1.560s] Level 1:colcon.colcon_core.environment:create_file_with_runtime_dependencies(/home/yongjing-ub22/RTK_GPS_NTRIP_ws/install/rtcm_msgs/share/colcon-core/packages/rtcm_msgs)
[2.144s] DEBUG:colcon.colcon_core.event_handler.log_command:Invoked command in '/home/yongjing-ub22/RTK_GPS_NTRIP_ws/build/ublox_msgs' returned '0': AMENT_PREFIX_PATH=/home/yongjing-ub22/RTK_GPS_NTRIP_ws/install/ublox_serialization:${AMENT_PREFIX_PATH} CMAKE_PREFIX_PATH=/home/yongjing-ub22/RTK_GPS_NTRIP_ws/install/ublox_serialization:/opt/ros/humble /usr/bin/cmake /home/yongjing-ub22/RTK_GPS_NTRIP_ws/src/RTK_GPS_NTRIP/ublox_msgs -DCMAKE_INSTALL_PREFIX=/home/yongjing-ub22/RTK_GPS_NTRIP_ws/install/ublox_msgs
[2.144s] DEBUG:colcon.colcon_core.event_handler.log_command:Invoking command in '/home/yongjing-ub22/RTK_GPS_NTRIP_ws/build/ublox_msgs': AMENT_PREFIX_PATH=/home/yongjing-ub22/RTK_GPS_NTRIP_ws/install/ublox_serialization:${AMENT_PREFIX_PATH} CMAKE_PREFIX_PATH=/home/yongjing-ub22/RTK_GPS_NTRIP_ws/install/ublox_serialization:/opt/ros/humble /usr/bin/cmake --build /home/yongjing-ub22/RTK_GPS_NTRIP_ws/build/ublox_msgs -- -j20 -l20
[55.427s] DEBUG:colcon.colcon_core.event_handler.log_command:Invoked command in '/home/yongjing-ub22/RTK_GPS_NTRIP_ws/build/ublox_msgs' returned '0': AMENT_PREFIX_PATH=/home/yongjing-ub22/RTK_GPS_NTRIP_ws/install/ublox_serialization:${AMENT_PREFIX_PATH} CMAKE_PREFIX_PATH=/home/yongjing-ub22/RTK_GPS_NTRIP_ws/install/ublox_serialization:/opt/ros/humble /usr/bin/cmake --build /home/yongjing-ub22/RTK_GPS_NTRIP_ws/build/ublox_msgs -- -j20 -l20
[56.462s] DEBUG:colcon.colcon_core.event_handler.log_command:Invoking command in '/home/yongjing-ub22/RTK_GPS_NTRIP_ws/build/ublox_msgs': AMENT_PREFIX_PATH=/home/yongjing-ub22/RTK_GPS_NTRIP_ws/install/ublox_serialization:${AMENT_PREFIX_PATH} CMAKE_PREFIX_PATH=/home/yongjing-ub22/RTK_GPS_NTRIP_ws/install/ublox_serialization:/opt/ros/humble /usr/bin/cmake --install /home/yongjing-ub22/RTK_GPS_NTRIP_ws/build/ublox_msgs
[56.660s] Level 1:colcon.colcon_core.environment:create_environment_scripts_only(ublox_msgs)
[56.660s] DEBUG:colcon.colcon_core.event_handler.log_command:Invoked command in '/home/yongjing-ub22/RTK_GPS_NTRIP_ws/build/ublox_msgs' returned '0': AMENT_PREFIX_PATH=/home/yongjing-ub22/RTK_GPS_NTRIP_ws/install/ublox_serialization:${AMENT_PREFIX_PATH} CMAKE_PREFIX_PATH=/home/yongjing-ub22/RTK_GPS_NTRIP_ws/install/ublox_serialization:/opt/ros/humble /usr/bin/cmake --install /home/yongjing-ub22/RTK_GPS_NTRIP_ws/build/ublox_msgs
[56.661s] Level 1:colcon.colcon_core.environment:checking '/home/yongjing-ub22/RTK_GPS_NTRIP_ws/install/ublox_msgs' for CMake module files
[56.661s] Level 1:colcon.colcon_core.environment:checking '/home/yongjing-ub22/RTK_GPS_NTRIP_ws/install/ublox_msgs' for CMake config files
[56.662s] Level 1:colcon.colcon_core.shell:create_environment_hook('ublox_msgs', 'cmake_prefix_path')
[56.662s] INFO:colcon.colcon_core.shell:Creating environment hook '/home/yongjing-ub22/RTK_GPS_NTRIP_ws/install/ublox_msgs/share/ublox_msgs/hook/cmake_prefix_path.ps1'
[56.663s] INFO:colcon.colcon_core.shell:Creating environment descriptor '/home/yongjing-ub22/RTK_GPS_NTRIP_ws/install/ublox_msgs/share/ublox_msgs/hook/cmake_prefix_path.dsv'
[56.663s] INFO:colcon.colcon_core.shell:Creating environment hook '/home/yongjing-ub22/RTK_GPS_NTRIP_ws/install/ublox_msgs/share/ublox_msgs/hook/cmake_prefix_path.sh'
[56.663s] Level 1:colcon.colcon_core.environment:checking '/home/yongjing-ub22/RTK_GPS_NTRIP_ws/install/ublox_msgs/lib'
[56.663s] Level 1:colcon.colcon_core.shell:create_environment_hook('ublox_msgs', 'ld_library_path_lib')
[56.663s] INFO:colcon.colcon_core.shell:Creating environment hook '/home/yongjing-ub22/RTK_GPS_NTRIP_ws/install/ublox_msgs/share/ublox_msgs/hook/ld_library_path_lib.ps1'
[56.663s] INFO:colcon.colcon_core.shell:Creating environment descriptor '/home/yongjing-ub22/RTK_GPS_NTRIP_ws/install/ublox_msgs/share/ublox_msgs/hook/ld_library_path_lib.dsv'
[56.663s] INFO:colcon.colcon_core.shell:Creating environment hook '/home/yongjing-ub22/RTK_GPS_NTRIP_ws/install/ublox_msgs/share/ublox_msgs/hook/ld_library_path_lib.sh'
[56.664s] Level 1:colcon.colcon_core.environment:checking '/home/yongjing-ub22/RTK_GPS_NTRIP_ws/install/ublox_msgs/bin'
[56.664s] Level 1:colcon.colcon_core.environment:checking '/home/yongjing-ub22/RTK_GPS_NTRIP_ws/install/ublox_msgs/lib/pkgconfig/ublox_msgs.pc'
[56.664s] Level 1:colcon.colcon_core.environment:checking '/home/yongjing-ub22/RTK_GPS_NTRIP_ws/install/ublox_msgs/lib/python3.10/site-packages'
[56.664s] Level 1:colcon.colcon_core.environment:checking '/home/yongjing-ub22/RTK_GPS_NTRIP_ws/install/ublox_msgs/bin'
[56.664s] INFO:colcon.colcon_core.shell:Creating package script '/home/yongjing-ub22/RTK_GPS_NTRIP_ws/install/ublox_msgs/share/ublox_msgs/package.ps1'
[56.664s] INFO:colcon.colcon_core.shell:Creating package descriptor '/home/yongjing-ub22/RTK_GPS_NTRIP_ws/install/ublox_msgs/share/ublox_msgs/package.dsv'
[56.665s] INFO:colcon.colcon_core.shell:Creating package script '/home/yongjing-ub22/RTK_GPS_NTRIP_ws/install/ublox_msgs/share/ublox_msgs/package.sh'
[56.665s] INFO:colcon.colcon_core.shell:Creating package script '/home/yongjing-ub22/RTK_GPS_NTRIP_ws/install/ublox_msgs/share/ublox_msgs/package.bash'
[56.665s] INFO:colcon.colcon_core.shell:Creating package script '/home/yongjing-ub22/RTK_GPS_NTRIP_ws/install/ublox_msgs/share/ublox_msgs/package.zsh'
[56.665s] Level 1:colcon.colcon_core.environment:create_file_with_runtime_dependencies(/home/yongjing-ub22/RTK_GPS_NTRIP_ws/install/ublox_msgs/share/colcon-core/packages/ublox_msgs)
[57.691s] Level 1:colcon.colcon_core.environment:create_environment_scripts_only(ublox_msgs)
[57.691s] Level 1:colcon.colcon_core.environment:checking '/home/yongjing-ub22/RTK_GPS_NTRIP_ws/install/ublox_msgs' for CMake module files
[57.691s] Level 1:colcon.colcon_core.environment:checking '/home/yongjing-ub22/RTK_GPS_NTRIP_ws/install/ublox_msgs' for CMake config files
[57.693s] Level 1:colcon.colcon_core.shell:create_environment_hook('ublox_msgs', 'cmake_prefix_path')
[57.693s] INFO:colcon.colcon_core.shell:Creating environment hook '/home/yongjing-ub22/RTK_GPS_NTRIP_ws/install/ublox_msgs/share/ublox_msgs/hook/cmake_prefix_path.ps1'
[57.694s] INFO:colcon.colcon_core.shell:Creating environment descriptor '/home/yongjing-ub22/RTK_GPS_NTRIP_ws/install/ublox_msgs/share/ublox_msgs/hook/cmake_prefix_path.dsv'
[57.694s] INFO:colcon.colcon_core.shell:Creating environment hook '/home/yongjing-ub22/RTK_GPS_NTRIP_ws/install/ublox_msgs/share/ublox_msgs/hook/cmake_prefix_path.sh'
[57.694s] Level 1:colcon.colcon_core.environment:checking '/home/yongjing-ub22/RTK_GPS_NTRIP_ws/install/ublox_msgs/lib'
[57.695s] Level 1:colcon.colcon_core.shell:create_environment_hook('ublox_msgs', 'ld_library_path_lib')
[57.695s] INFO:colcon.colcon_core.shell:Creating environment hook '/home/yongjing-ub22/RTK_GPS_NTRIP_ws/install/ublox_msgs/share/ublox_msgs/hook/ld_library_path_lib.ps1'
[57.695s] INFO:colcon.colcon_core.shell:Creating environment descriptor '/home/yongjing-ub22/RTK_GPS_NTRIP_ws/install/ublox_msgs/share/ublox_msgs/hook/ld_library_path_lib.dsv'
[57.695s] INFO:colcon.colcon_core.shell:Creating environment hook '/home/yongjing-ub22/RTK_GPS_NTRIP_ws/install/ublox_msgs/share/ublox_msgs/hook/ld_library_path_lib.sh'
[57.695s] Level 1:colcon.colcon_core.environment:checking '/home/yongjing-ub22/RTK_GPS_NTRIP_ws/install/ublox_msgs/bin'
[57.695s] Level 1:colcon.colcon_core.environment:checking '/home/yongjing-ub22/RTK_GPS_NTRIP_ws/install/ublox_msgs/lib/pkgconfig/ublox_msgs.pc'
[57.695s] Level 1:colcon.colcon_core.environment:checking '/home/yongjing-ub22/RTK_GPS_NTRIP_ws/install/ublox_msgs/lib/python3.10/site-packages'
[57.696s] Level 1:colcon.colcon_core.environment:checking '/home/yongjing-ub22/RTK_GPS_NTRIP_ws/install/ublox_msgs/bin'
[57.696s] INFO:colcon.colcon_core.shell:Creating package script '/home/yongjing-ub22/RTK_GPS_NTRIP_ws/install/ublox_msgs/share/ublox_msgs/package.ps1'
[57.696s] INFO:colcon.colcon_core.shell:Creating package descriptor '/home/yongjing-ub22/RTK_GPS_NTRIP_ws/install/ublox_msgs/share/ublox_msgs/package.dsv'
[57.696s] INFO:colcon.colcon_core.shell:Creating package script '/home/yongjing-ub22/RTK_GPS_NTRIP_ws/install/ublox_msgs/share/ublox_msgs/package.sh'
[57.696s] INFO:colcon.colcon_core.shell:Creating package script '/home/yongjing-ub22/RTK_GPS_NTRIP_ws/install/ublox_msgs/share/ublox_msgs/package.bash'
[57.697s] INFO:colcon.colcon_core.shell:Creating package script '/home/yongjing-ub22/RTK_GPS_NTRIP_ws/install/ublox_msgs/share/ublox_msgs/package.zsh'
[57.697s] Level 1:colcon.colcon_core.environment:create_file_with_runtime_dependencies(/home/yongjing-ub22/RTK_GPS_NTRIP_ws/install/ublox_msgs/share/colcon-core/packages/ublox_msgs)
[57.697s] INFO:colcon.colcon_ros.task.ament_cmake.build:Building ROS package in '/home/yongjing-ub22/RTK_GPS_NTRIP_ws/src/RTK_GPS_NTRIP/ublox_gps' with build type 'ament_cmake'
[57.697s] INFO:colcon.colcon_cmake.task.cmake.build:Building CMake package in '/home/yongjing-ub22/RTK_GPS_NTRIP_ws/src/RTK_GPS_NTRIP/ublox_gps'
[57.697s] INFO:colcon.colcon_core.shell:Skip shell extension 'powershell' for command environment: Not usable outside of PowerShell
[57.697s] DEBUG:colcon.colcon_core.shell:Skip shell extension 'dsv' for command environment
[57.699s] INFO:colcon.colcon_ros.task.ament_cmake.build:Building ROS package in '/home/yongjing-ub22/RTK_GPS_NTRIP_ws/src/RTK_GPS_NTRIP/fix2nmea' with build type 'ament_cmake'
[57.699s] INFO:colcon.colcon_cmake.task.cmake.build:Building CMake package in '/home/yongjing-ub22/RTK_GPS_NTRIP_ws/src/RTK_GPS_NTRIP/fix2nmea'
[57.700s] INFO:colcon.colcon_core.shell:Skip shell extension 'powershell' for command environment: Not usable outside of PowerShell
[57.700s] DEBUG:colcon.colcon_core.shell:Skip shell extension 'dsv' for command environment
[57.706s] DEBUG:colcon.colcon_core.event_handler.log_command:Invoking command in '/home/yongjing-ub22/RTK_GPS_NTRIP_ws/build/ublox_gps': AMENT_PREFIX_PATH=/home/yongjing-ub22/RTK_GPS_NTRIP_ws/install/ublox_msgs:/home/yongjing-ub22/RTK_GPS_NTRIP_ws/install/ublox_serialization:/home/yongjing-ub22/RTK_GPS_NTRIP_ws/install/rtcm_msgs:${AMENT_PREFIX_PATH} CMAKE_PREFIX_PATH=/home/yongjing-ub22/RTK_GPS_NTRIP_ws/install/ublox_msgs:/home/yongjing-ub22/RTK_GPS_NTRIP_ws/install/ublox_serialization:/home/yongjing-ub22/RTK_GPS_NTRIP_ws/install/rtcm_msgs:/opt/ros/humble LD_LIBRARY_PATH=/home/yongjing-ub22/RTK_GPS_NTRIP_ws/install/ublox_msgs/lib:/home/yongjing-ub22/RTK_GPS_NTRIP_ws/install/rtcm_msgs/lib:${LD_LIBRARY_PATH} PYTHONPATH=/home/yongjing-ub22/RTK_GPS_NTRIP_ws/install/ublox_msgs/local/lib/python3.10/dist-packages:/home/yongjing-ub22/RTK_GPS_NTRIP_ws/install/rtcm_msgs/local/lib/python3.10/dist-packages:${PYTHONPATH} /usr/bin/cmake /home/yongjing-ub22/RTK_GPS_NTRIP_ws/src/RTK_GPS_NTRIP/ublox_gps -DCMAKE_INSTALL_PREFIX=/home/yongjing-ub22/RTK_GPS_NTRIP_ws/install/ublox_gps
[57.706s] DEBUG:colcon.colcon_core.event_handler.log_command:Invoking command in '/home/yongjing-ub22/RTK_GPS_NTRIP_ws/build/fix2nmea': AMENT_PREFIX_PATH=/home/yongjing-ub22/RTK_GPS_NTRIP_ws/install/ublox_msgs:/home/yongjing-ub22/RTK_GPS_NTRIP_ws/install/ublox_serialization:${AMENT_PREFIX_PATH} CMAKE_PREFIX_PATH=/home/yongjing-ub22/RTK_GPS_NTRIP_ws/install/ublox_msgs:/home/yongjing-ub22/RTK_GPS_NTRIP_ws/install/ublox_serialization:/opt/ros/humble LD_LIBRARY_PATH=/home/yongjing-ub22/RTK_GPS_NTRIP_ws/install/ublox_msgs/lib:${LD_LIBRARY_PATH} PYTHONPATH=/home/yongjing-ub22/RTK_GPS_NTRIP_ws/install/ublox_msgs/local/lib/python3.10/dist-packages:${PYTHONPATH} /usr/bin/cmake /home/yongjing-ub22/RTK_GPS_NTRIP_ws/src/RTK_GPS_NTRIP/fix2nmea -DCMAKE_INSTALL_PREFIX=/home/yongjing-ub22/RTK_GPS_NTRIP_ws/install/fix2nmea
[58.552s] DEBUG:colcon.colcon_core.event_handler.log_command:Invoked command in '/home/yongjing-ub22/RTK_GPS_NTRIP_ws/build/fix2nmea' returned '0': AMENT_PREFIX_PATH=/home/yongjing-ub22/RTK_GPS_NTRIP_ws/install/ublox_msgs:/home/yongjing-ub22/RTK_GPS_NTRIP_ws/install/ublox_serialization:${AMENT_PREFIX_PATH} CMAKE_PREFIX_PATH=/home/yongjing-ub22/RTK_GPS_NTRIP_ws/install/ublox_msgs:/home/yongjing-ub22/RTK_GPS_NTRIP_ws/install/ublox_serialization:/opt/ros/humble LD_LIBRARY_PATH=/home/yongjing-ub22/RTK_GPS_NTRIP_ws/install/ublox_msgs/lib:${LD_LIBRARY_PATH} PYTHONPATH=/home/yongjing-ub22/RTK_GPS_NTRIP_ws/install/ublox_msgs/local/lib/python3.10/dist-packages:${PYTHONPATH} /usr/bin/cmake /home/yongjing-ub22/RTK_GPS_NTRIP_ws/src/RTK_GPS_NTRIP/fix2nmea -DCMAKE_INSTALL_PREFIX=/home/yongjing-ub22/RTK_GPS_NTRIP_ws/install/fix2nmea
[58.552s] DEBUG:colcon.colcon_core.event_handler.log_command:Invoking command in '/home/yongjing-ub22/RTK_GPS_NTRIP_ws/build/fix2nmea': AMENT_PREFIX_PATH=/home/yongjing-ub22/RTK_GPS_NTRIP_ws/install/ublox_msgs:/home/yongjing-ub22/RTK_GPS_NTRIP_ws/install/ublox_serialization:${AMENT_PREFIX_PATH} CMAKE_PREFIX_PATH=/home/yongjing-ub22/RTK_GPS_NTRIP_ws/install/ublox_msgs:/home/yongjing-ub22/RTK_GPS_NTRIP_ws/install/ublox_serialization:/opt/ros/humble LD_LIBRARY_PATH=/home/yongjing-ub22/RTK_GPS_NTRIP_ws/install/ublox_msgs/lib:${LD_LIBRARY_PATH} PYTHONPATH=/home/yongjing-ub22/RTK_GPS_NTRIP_ws/install/ublox_msgs/local/lib/python3.10/dist-packages:${PYTHONPATH} /usr/bin/cmake --build /home/yongjing-ub22/RTK_GPS_NTRIP_ws/build/fix2nmea -- -j20 -l20
[58.586s] DEBUG:colcon.colcon_core.event_handler.log_command:Invoked command in '/home/yongjing-ub22/RTK_GPS_NTRIP_ws/build/ublox_gps' returned '0': AMENT_PREFIX_PATH=/home/yongjing-ub22/RTK_GPS_NTRIP_ws/install/ublox_msgs:/home/yongjing-ub22/RTK_GPS_NTRIP_ws/install/ublox_serialization:/home/yongjing-ub22/RTK_GPS_NTRIP_ws/install/rtcm_msgs:${AMENT_PREFIX_PATH} CMAKE_PREFIX_PATH=/home/yongjing-ub22/RTK_GPS_NTRIP_ws/install/ublox_msgs:/home/yongjing-ub22/RTK_GPS_NTRIP_ws/install/ublox_serialization:/home/yongjing-ub22/RTK_GPS_NTRIP_ws/install/rtcm_msgs:/opt/ros/humble LD_LIBRARY_PATH=/home/yongjing-ub22/RTK_GPS_NTRIP_ws/install/ublox_msgs/lib:/home/yongjing-ub22/RTK_GPS_NTRIP_ws/install/rtcm_msgs/lib:${LD_LIBRARY_PATH} PYTHONPATH=/home/yongjing-ub22/RTK_GPS_NTRIP_ws/install/ublox_msgs/local/lib/python3.10/dist-packages:/home/yongjing-ub22/RTK_GPS_NTRIP_ws/install/rtcm_msgs/local/lib/python3.10/dist-packages:${PYTHONPATH} /usr/bin/cmake /home/yongjing-ub22/RTK_GPS_NTRIP_ws/src/RTK_GPS_NTRIP/ublox_gps -DCMAKE_INSTALL_PREFIX=/home/yongjing-ub22/RTK_GPS_NTRIP_ws/install/ublox_gps
[58.587s] DEBUG:colcon.colcon_core.event_handler.log_command:Invoking command in '/home/yongjing-ub22/RTK_GPS_NTRIP_ws/build/ublox_gps': AMENT_PREFIX_PATH=/home/yongjing-ub22/RTK_GPS_NTRIP_ws/install/ublox_msgs:/home/yongjing-ub22/RTK_GPS_NTRIP_ws/install/ublox_serialization:/home/yongjing-ub22/RTK_GPS_NTRIP_ws/install/rtcm_msgs:${AMENT_PREFIX_PATH} CMAKE_PREFIX_PATH=/home/yongjing-ub22/RTK_GPS_NTRIP_ws/install/ublox_msgs:/home/yongjing-ub22/RTK_GPS_NTRIP_ws/install/ublox_serialization:/home/yongjing-ub22/RTK_GPS_NTRIP_ws/install/rtcm_msgs:/opt/ros/humble LD_LIBRARY_PATH=/home/yongjing-ub22/RTK_GPS_NTRIP_ws/install/ublox_msgs/lib:/home/yongjing-ub22/RTK_GPS_NTRIP_ws/install/rtcm_msgs/lib:${LD_LIBRARY_PATH} PYTHONPATH=/home/yongjing-ub22/RTK_GPS_NTRIP_ws/install/ublox_msgs/local/lib/python3.10/dist-packages:/home/yongjing-ub22/RTK_GPS_NTRIP_ws/install/rtcm_msgs/local/lib/python3.10/dist-packages:${PYTHONPATH} /usr/bin/cmake --build /home/yongjing-ub22/RTK_GPS_NTRIP_ws/build/ublox_gps -- -j20 -l20
[69.156s] DEBUG:colcon.colcon_core.event_handler.log_command:Invoked command in '/home/yongjing-ub22/RTK_GPS_NTRIP_ws/build/fix2nmea' returned '0': AMENT_PREFIX_PATH=/home/yongjing-ub22/RTK_GPS_NTRIP_ws/install/ublox_msgs:/home/yongjing-ub22/RTK_GPS_NTRIP_ws/install/ublox_serialization:${AMENT_PREFIX_PATH} CMAKE_PREFIX_PATH=/home/yongjing-ub22/RTK_GPS_NTRIP_ws/install/ublox_msgs:/home/yongjing-ub22/RTK_GPS_NTRIP_ws/install/ublox_serialization:/opt/ros/humble LD_LIBRARY_PATH=/home/yongjing-ub22/RTK_GPS_NTRIP_ws/install/ublox_msgs/lib:${LD_LIBRARY_PATH} PYTHONPATH=/home/yongjing-ub22/RTK_GPS_NTRIP_ws/install/ublox_msgs/local/lib/python3.10/dist-packages:${PYTHONPATH} /usr/bin/cmake --build /home/yongjing-ub22/RTK_GPS_NTRIP_ws/build/fix2nmea -- -j20 -l20
[69.177s] DEBUG:colcon.colcon_core.event_handler.log_command:Invoking command in '/home/yongjing-ub22/RTK_GPS_NTRIP_ws/build/fix2nmea': AMENT_PREFIX_PATH=/home/yongjing-ub22/RTK_GPS_NTRIP_ws/install/ublox_msgs:/home/yongjing-ub22/RTK_GPS_NTRIP_ws/install/ublox_serialization:${AMENT_PREFIX_PATH} CMAKE_PREFIX_PATH=/home/yongjing-ub22/RTK_GPS_NTRIP_ws/install/ublox_msgs:/home/yongjing-ub22/RTK_GPS_NTRIP_ws/install/ublox_serialization:/opt/ros/humble LD_LIBRARY_PATH=/home/yongjing-ub22/RTK_GPS_NTRIP_ws/install/ublox_msgs/lib:${LD_LIBRARY_PATH} PYTHONPATH=/home/yongjing-ub22/RTK_GPS_NTRIP_ws/install/ublox_msgs/local/lib/python3.10/dist-packages:${PYTHONPATH} /usr/bin/cmake --install /home/yongjing-ub22/RTK_GPS_NTRIP_ws/build/fix2nmea
[69.185s] Level 1:colcon.colcon_core.environment:create_environment_scripts_only(fix2nmea)
[69.186s] Level 1:colcon.colcon_core.environment:checking '/home/yongjing-ub22/RTK_GPS_NTRIP_ws/install/fix2nmea' for CMake module files
[69.186s] DEBUG:colcon.colcon_core.event_handler.log_command:Invoked command in '/home/yongjing-ub22/RTK_GPS_NTRIP_ws/build/fix2nmea' returned '0': AMENT_PREFIX_PATH=/home/yongjing-ub22/RTK_GPS_NTRIP_ws/install/ublox_msgs:/home/yongjing-ub22/RTK_GPS_NTRIP_ws/install/ublox_serialization:${AMENT_PREFIX_PATH} CMAKE_PREFIX_PATH=/home/yongjing-ub22/RTK_GPS_NTRIP_ws/install/ublox_msgs:/home/yongjing-ub22/RTK_GPS_NTRIP_ws/install/ublox_serialization:/opt/ros/humble LD_LIBRARY_PATH=/home/yongjing-ub22/RTK_GPS_NTRIP_ws/install/ublox_msgs/lib:${LD_LIBRARY_PATH} PYTHONPATH=/home/yongjing-ub22/RTK_GPS_NTRIP_ws/install/ublox_msgs/local/lib/python3.10/dist-packages:${PYTHONPATH} /usr/bin/cmake --install /home/yongjing-ub22/RTK_GPS_NTRIP_ws/build/fix2nmea
[69.186s] Level 1:colcon.colcon_core.environment:checking '/home/yongjing-ub22/RTK_GPS_NTRIP_ws/install/fix2nmea' for CMake config files
[69.186s] Level 1:colcon.colcon_core.shell:create_environment_hook('fix2nmea', 'cmake_prefix_path')
[69.187s] INFO:colcon.colcon_core.shell:Creating environment hook '/home/yongjing-ub22/RTK_GPS_NTRIP_ws/install/fix2nmea/share/fix2nmea/hook/cmake_prefix_path.ps1'
[69.187s] INFO:colcon.colcon_core.shell:Creating environment descriptor '/home/yongjing-ub22/RTK_GPS_NTRIP_ws/install/fix2nmea/share/fix2nmea/hook/cmake_prefix_path.dsv'
[69.187s] INFO:colcon.colcon_core.shell:Creating environment hook '/home/yongjing-ub22/RTK_GPS_NTRIP_ws/install/fix2nmea/share/fix2nmea/hook/cmake_prefix_path.sh'
[69.187s] Level 1:colcon.colcon_core.environment:checking '/home/yongjing-ub22/RTK_GPS_NTRIP_ws/install/fix2nmea/lib'
[69.187s] Level 1:colcon.colcon_core.environment:checking '/home/yongjing-ub22/RTK_GPS_NTRIP_ws/install/fix2nmea/bin'
[69.187s] Level 1:colcon.colcon_core.environment:checking '/home/yongjing-ub22/RTK_GPS_NTRIP_ws/install/fix2nmea/lib/pkgconfig/fix2nmea.pc'
[69.188s] Level 1:colcon.colcon_core.environment:checking '/home/yongjing-ub22/RTK_GPS_NTRIP_ws/install/fix2nmea/lib/python3.10/site-packages'
[69.188s] Level 1:colcon.colcon_core.environment:checking '/home/yongjing-ub22/RTK_GPS_NTRIP_ws/install/fix2nmea/bin'
[69.188s] INFO:colcon.colcon_core.shell:Creating package script '/home/yongjing-ub22/RTK_GPS_NTRIP_ws/install/fix2nmea/share/fix2nmea/package.ps1'
[69.188s] INFO:colcon.colcon_core.shell:Creating package descriptor '/home/yongjing-ub22/RTK_GPS_NTRIP_ws/install/fix2nmea/share/fix2nmea/package.dsv'
[69.188s] INFO:colcon.colcon_core.shell:Creating package script '/home/yongjing-ub22/RTK_GPS_NTRIP_ws/install/fix2nmea/share/fix2nmea/package.sh'
[69.189s] INFO:colcon.colcon_core.shell:Creating package script '/home/yongjing-ub22/RTK_GPS_NTRIP_ws/install/fix2nmea/share/fix2nmea/package.bash'
[69.189s] INFO:colcon.colcon_core.shell:Creating package script '/home/yongjing-ub22/RTK_GPS_NTRIP_ws/install/fix2nmea/share/fix2nmea/package.zsh'
[69.189s] Level 1:colcon.colcon_core.environment:create_file_with_runtime_dependencies(/home/yongjing-ub22/RTK_GPS_NTRIP_ws/install/fix2nmea/share/colcon-core/packages/fix2nmea)
[69.208s] Level 1:colcon.colcon_core.environment:create_environment_scripts_only(fix2nmea)
[69.208s] Level 1:colcon.colcon_core.environment:checking '/home/yongjing-ub22/RTK_GPS_NTRIP_ws/install/fix2nmea' for CMake module files
[69.208s] Level 1:colcon.colcon_core.environment:checking '/home/yongjing-ub22/RTK_GPS_NTRIP_ws/install/fix2nmea' for CMake config files
[69.208s] Level 1:colcon.colcon_core.shell:create_environment_hook('fix2nmea', 'cmake_prefix_path')
[69.208s] INFO:colcon.colcon_core.shell:Creating environment hook '/home/yongjing-ub22/RTK_GPS_NTRIP_ws/install/fix2nmea/share/fix2nmea/hook/cmake_prefix_path.ps1'
[69.209s] INFO:colcon.colcon_core.shell:Creating environment descriptor '/home/yongjing-ub22/RTK_GPS_NTRIP_ws/install/fix2nmea/share/fix2nmea/hook/cmake_prefix_path.dsv'
[69.209s] INFO:colcon.colcon_core.shell:Creating environment hook '/home/yongjing-ub22/RTK_GPS_NTRIP_ws/install/fix2nmea/share/fix2nmea/hook/cmake_prefix_path.sh'
[69.209s] Level 1:colcon.colcon_core.environment:checking '/home/yongjing-ub22/RTK_GPS_NTRIP_ws/install/fix2nmea/lib'
[69.209s] Level 1:colcon.colcon_core.environment:checking '/home/yongjing-ub22/RTK_GPS_NTRIP_ws/install/fix2nmea/bin'
[69.209s] Level 1:colcon.colcon_core.environment:checking '/home/yongjing-ub22/RTK_GPS_NTRIP_ws/install/fix2nmea/lib/pkgconfig/fix2nmea.pc'
[69.209s] Level 1:colcon.colcon_core.environment:checking '/home/yongjing-ub22/RTK_GPS_NTRIP_ws/install/fix2nmea/lib/python3.10/site-packages'
[69.209s] Level 1:colcon.colcon_core.environment:checking '/home/yongjing-ub22/RTK_GPS_NTRIP_ws/install/fix2nmea/bin'
[69.210s] INFO:colcon.colcon_core.shell:Creating package script '/home/yongjing-ub22/RTK_GPS_NTRIP_ws/install/fix2nmea/share/fix2nmea/package.ps1'
[69.210s] INFO:colcon.colcon_core.shell:Creating package descriptor '/home/yongjing-ub22/RTK_GPS_NTRIP_ws/install/fix2nmea/share/fix2nmea/package.dsv'
[69.210s] INFO:colcon.colcon_core.shell:Creating package script '/home/yongjing-ub22/RTK_GPS_NTRIP_ws/install/fix2nmea/share/fix2nmea/package.sh'
[69.210s] INFO:colcon.colcon_core.shell:Creating package script '/home/yongjing-ub22/RTK_GPS_NTRIP_ws/install/fix2nmea/share/fix2nmea/package.bash'
[69.210s] INFO:colcon.colcon_core.shell:Creating package script '/home/yongjing-ub22/RTK_GPS_NTRIP_ws/install/fix2nmea/share/fix2nmea/package.zsh'
[69.211s] Level 1:colcon.colcon_core.environment:create_file_with_runtime_dependencies(/home/yongjing-ub22/RTK_GPS_NTRIP_ws/install/fix2nmea/share/colcon-core/packages/fix2nmea)
[82.723s] DEBUG:colcon.colcon_core.event_handler.log_command:Invoked command in '/home/yongjing-ub22/RTK_GPS_NTRIP_ws/build/ublox_gps' returned '0': AMENT_PREFIX_PATH=/home/yongjing-ub22/RTK_GPS_NTRIP_ws/install/ublox_msgs:/home/yongjing-ub22/RTK_GPS_NTRIP_ws/install/ublox_serialization:/home/yongjing-ub22/RTK_GPS_NTRIP_ws/install/rtcm_msgs:${AMENT_PREFIX_PATH} CMAKE_PREFIX_PATH=/home/yongjing-ub22/RTK_GPS_NTRIP_ws/install/ublox_msgs:/home/yongjing-ub22/RTK_GPS_NTRIP_ws/install/ublox_serialization:/home/yongjing-ub22/RTK_GPS_NTRIP_ws/install/rtcm_msgs:/opt/ros/humble LD_LIBRARY_PATH=/home/yongjing-ub22/RTK_GPS_NTRIP_ws/install/ublox_msgs/lib:/home/yongjing-ub22/RTK_GPS_NTRIP_ws/install/rtcm_msgs/lib:${LD_LIBRARY_PATH} PYTHONPATH=/home/yongjing-ub22/RTK_GPS_NTRIP_ws/install/ublox_msgs/local/lib/python3.10/dist-packages:/home/yongjing-ub22/RTK_GPS_NTRIP_ws/install/rtcm_msgs/local/lib/python3.10/dist-packages:${PYTHONPATH} /usr/bin/cmake --build /home/yongjing-ub22/RTK_GPS_NTRIP_ws/build/ublox_gps -- -j20 -l20
[82.780s] DEBUG:colcon.colcon_core.event_handler.log_command:Invoking command in '/home/yongjing-ub22/RTK_GPS_NTRIP_ws/build/ublox_gps': AMENT_PREFIX_PATH=/home/yongjing-ub22/RTK_GPS_NTRIP_ws/install/ublox_msgs:/home/yongjing-ub22/RTK_GPS_NTRIP_ws/install/ublox_serialization:/home/yongjing-ub22/RTK_GPS_NTRIP_ws/install/rtcm_msgs:${AMENT_PREFIX_PATH} CMAKE_PREFIX_PATH=/home/yongjing-ub22/RTK_GPS_NTRIP_ws/install/ublox_msgs:/home/yongjing-ub22/RTK_GPS_NTRIP_ws/install/ublox_serialization:/home/yongjing-ub22/RTK_GPS_NTRIP_ws/install/rtcm_msgs:/opt/ros/humble LD_LIBRARY_PATH=/home/yongjing-ub22/RTK_GPS_NTRIP_ws/install/ublox_msgs/lib:/home/yongjing-ub22/RTK_GPS_NTRIP_ws/install/rtcm_msgs/lib:${LD_LIBRARY_PATH} PYTHONPATH=/home/yongjing-ub22/RTK_GPS_NTRIP_ws/install/ublox_msgs/local/lib/python3.10/dist-packages:/home/yongjing-ub22/RTK_GPS_NTRIP_ws/install/rtcm_msgs/local/lib/python3.10/dist-packages:${PYTHONPATH} /usr/bin/cmake --install /home/yongjing-ub22/RTK_GPS_NTRIP_ws/build/ublox_gps
[82.809s] Level 1:colcon.colcon_core.environment:create_environment_scripts_only(ublox_gps)
[82.810s] Level 1:colcon.colcon_core.environment:checking '/home/yongjing-ub22/RTK_GPS_NTRIP_ws/install/ublox_gps' for CMake module files
[82.810s] DEBUG:colcon.colcon_core.event_handler.log_command:Invoked command in '/home/yongjing-ub22/RTK_GPS_NTRIP_ws/build/ublox_gps' returned '0': AMENT_PREFIX_PATH=/home/yongjing-ub22/RTK_GPS_NTRIP_ws/install/ublox_msgs:/home/yongjing-ub22/RTK_GPS_NTRIP_ws/install/ublox_serialization:/home/yongjing-ub22/RTK_GPS_NTRIP_ws/install/rtcm_msgs:${AMENT_PREFIX_PATH} CMAKE_PREFIX_PATH=/home/yongjing-ub22/RTK_GPS_NTRIP_ws/install/ublox_msgs:/home/yongjing-ub22/RTK_GPS_NTRIP_ws/install/ublox_serialization:/home/yongjing-ub22/RTK_GPS_NTRIP_ws/install/rtcm_msgs:/opt/ros/humble LD_LIBRARY_PATH=/home/yongjing-ub22/RTK_GPS_NTRIP_ws/install/ublox_msgs/lib:/home/yongjing-ub22/RTK_GPS_NTRIP_ws/install/rtcm_msgs/lib:${LD_LIBRARY_PATH} PYTHONPATH=/home/yongjing-ub22/RTK_GPS_NTRIP_ws/install/ublox_msgs/local/lib/python3.10/dist-packages:/home/yongjing-ub22/RTK_GPS_NTRIP_ws/install/rtcm_msgs/local/lib/python3.10/dist-packages:${PYTHONPATH} /usr/bin/cmake --install /home/yongjing-ub22/RTK_GPS_NTRIP_ws/build/ublox_gps
[82.810s] Level 1:colcon.colcon_core.environment:checking '/home/yongjing-ub22/RTK_GPS_NTRIP_ws/install/ublox_gps' for CMake config files
[82.810s] Level 1:colcon.colcon_core.shell:create_environment_hook('ublox_gps', 'cmake_prefix_path')
[82.810s] INFO:colcon.colcon_core.shell:Creating environment hook '/home/yongjing-ub22/RTK_GPS_NTRIP_ws/install/ublox_gps/share/ublox_gps/hook/cmake_prefix_path.ps1'
[82.811s] INFO:colcon.colcon_core.shell:Creating environment descriptor '/home/yongjing-ub22/RTK_GPS_NTRIP_ws/install/ublox_gps/share/ublox_gps/hook/cmake_prefix_path.dsv'
[82.811s] INFO:colcon.colcon_core.shell:Creating environment hook '/home/yongjing-ub22/RTK_GPS_NTRIP_ws/install/ublox_gps/share/ublox_gps/hook/cmake_prefix_path.sh'
[82.811s] Level 1:colcon.colcon_core.environment:checking '/home/yongjing-ub22/RTK_GPS_NTRIP_ws/install/ublox_gps/lib'
[82.811s] Level 1:colcon.colcon_core.shell:create_environment_hook('ublox_gps', 'ld_library_path_lib')
[82.811s] INFO:colcon.colcon_core.shell:Creating environment hook '/home/yongjing-ub22/RTK_GPS_NTRIP_ws/install/ublox_gps/share/ublox_gps/hook/ld_library_path_lib.ps1'
[82.811s] INFO:colcon.colcon_core.shell:Creating environment descriptor '/home/yongjing-ub22/RTK_GPS_NTRIP_ws/install/ublox_gps/share/ublox_gps/hook/ld_library_path_lib.dsv'
[82.812s] INFO:colcon.colcon_core.shell:Creating environment hook '/home/yongjing-ub22/RTK_GPS_NTRIP_ws/install/ublox_gps/share/ublox_gps/hook/ld_library_path_lib.sh'
[82.812s] Level 1:colcon.colcon_core.environment:checking '/home/yongjing-ub22/RTK_GPS_NTRIP_ws/install/ublox_gps/bin'
[82.812s] Level 1:colcon.colcon_core.environment:checking '/home/yongjing-ub22/RTK_GPS_NTRIP_ws/install/ublox_gps/lib/pkgconfig/ublox_gps.pc'
[82.812s] Level 1:colcon.colcon_core.environment:checking '/home/yongjing-ub22/RTK_GPS_NTRIP_ws/install/ublox_gps/lib/python3.10/site-packages'
[82.812s] Level 1:colcon.colcon_core.environment:checking '/home/yongjing-ub22/RTK_GPS_NTRIP_ws/install/ublox_gps/bin'
[82.812s] INFO:colcon.colcon_core.shell:Creating package script '/home/yongjing-ub22/RTK_GPS_NTRIP_ws/install/ublox_gps/share/ublox_gps/package.ps1'
[82.812s] INFO:colcon.colcon_core.shell:Creating package descriptor '/home/yongjing-ub22/RTK_GPS_NTRIP_ws/install/ublox_gps/share/ublox_gps/package.dsv'
[82.813s] INFO:colcon.colcon_core.shell:Creating package script '/home/yongjing-ub22/RTK_GPS_NTRIP_ws/install/ublox_gps/share/ublox_gps/package.sh'
[82.813s] INFO:colcon.colcon_core.shell:Creating package script '/home/yongjing-ub22/RTK_GPS_NTRIP_ws/install/ublox_gps/share/ublox_gps/package.bash'
[82.813s] INFO:colcon.colcon_core.shell:Creating package script '/home/yongjing-ub22/RTK_GPS_NTRIP_ws/install/ublox_gps/share/ublox_gps/package.zsh'
[82.813s] Level 1:colcon.colcon_core.environment:create_file_with_runtime_dependencies(/home/yongjing-ub22/RTK_GPS_NTRIP_ws/install/ublox_gps/share/colcon-core/packages/ublox_gps)
[82.861s] Level 1:colcon.colcon_core.environment:create_environment_scripts_only(ublox_gps)
[82.861s] Level 1:colcon.colcon_core.environment:checking '/home/yongjing-ub22/RTK_GPS_NTRIP_ws/install/ublox_gps' for CMake module files
[82.862s] Level 1:colcon.colcon_core.environment:checking '/home/yongjing-ub22/RTK_GPS_NTRIP_ws/install/ublox_gps' for CMake config files
[82.862s] Level 1:colcon.colcon_core.shell:create_environment_hook('ublox_gps', 'cmake_prefix_path')
[82.862s] INFO:colcon.colcon_core.shell:Creating environment hook '/home/yongjing-ub22/RTK_GPS_NTRIP_ws/install/ublox_gps/share/ublox_gps/hook/cmake_prefix_path.ps1'
[82.862s] INFO:colcon.colcon_core.shell:Creating environment descriptor '/home/yongjing-ub22/RTK_GPS_NTRIP_ws/install/ublox_gps/share/ublox_gps/hook/cmake_prefix_path.dsv'
[82.863s] INFO:colcon.colcon_core.shell:Creating environment hook '/home/yongjing-ub22/RTK_GPS_NTRIP_ws/install/ublox_gps/share/ublox_gps/hook/cmake_prefix_path.sh'
[82.863s] Level 1:colcon.colcon_core.environment:checking '/home/yongjing-ub22/RTK_GPS_NTRIP_ws/install/ublox_gps/lib'
[82.863s] Level 1:colcon.colcon_core.shell:create_environment_hook('ublox_gps', 'ld_library_path_lib')
[82.863s] INFO:colcon.colcon_core.shell:Creating environment hook '/home/yongjing-ub22/RTK_GPS_NTRIP_ws/install/ublox_gps/share/ublox_gps/hook/ld_library_path_lib.ps1'
[82.863s] INFO:colcon.colcon_core.shell:Creating environment descriptor '/home/yongjing-ub22/RTK_GPS_NTRIP_ws/install/ublox_gps/share/ublox_gps/hook/ld_library_path_lib.dsv'
[82.863s] INFO:colcon.colcon_core.shell:Creating environment hook '/home/yongjing-ub22/RTK_GPS_NTRIP_ws/install/ublox_gps/share/ublox_gps/hook/ld_library_path_lib.sh'
[82.864s] Level 1:colcon.colcon_core.environment:checking '/home/yongjing-ub22/RTK_GPS_NTRIP_ws/install/ublox_gps/bin'
[82.864s] Level 1:colcon.colcon_core.environment:checking '/home/yongjing-ub22/RTK_GPS_NTRIP_ws/install/ublox_gps/lib/pkgconfig/ublox_gps.pc'
[82.864s] Level 1:colcon.colcon_core.environment:checking '/home/yongjing-ub22/RTK_GPS_NTRIP_ws/install/ublox_gps/lib/python3.10/site-packages'
[82.864s] Level 1:colcon.colcon_core.environment:checking '/home/yongjing-ub22/RTK_GPS_NTRIP_ws/install/ublox_gps/bin'
[82.864s] INFO:colcon.colcon_core.shell:Creating package script '/home/yongjing-ub22/RTK_GPS_NTRIP_ws/install/ublox_gps/share/ublox_gps/package.ps1'
[82.864s] INFO:colcon.colcon_core.shell:Creating package descriptor '/home/yongjing-ub22/RTK_GPS_NTRIP_ws/install/ublox_gps/share/ublox_gps/package.dsv'
[82.865s] INFO:colcon.colcon_core.shell:Creating package script '/home/yongjing-ub22/RTK_GPS_NTRIP_ws/install/ublox_gps/share/ublox_gps/package.sh'
[82.865s] INFO:colcon.colcon_core.shell:Creating package script '/home/yongjing-ub22/RTK_GPS_NTRIP_ws/install/ublox_gps/share/ublox_gps/package.bash'
[82.865s] INFO:colcon.colcon_core.shell:Creating package script '/home/yongjing-ub22/RTK_GPS_NTRIP_ws/install/ublox_gps/share/ublox_gps/package.zsh'
[82.865s] Level 1:colcon.colcon_core.environment:create_file_with_runtime_dependencies(/home/yongjing-ub22/RTK_GPS_NTRIP_ws/install/ublox_gps/share/colcon-core/packages/ublox_gps)
[82.865s] INFO:colcon.colcon_ros.task.ament_cmake.build:Building ROS package in '/home/yongjing-ub22/RTK_GPS_NTRIP_ws/src/RTK_GPS_NTRIP/ublox' with build type 'ament_cmake'
[82.865s] INFO:colcon.colcon_cmake.task.cmake.build:Building CMake package in '/home/yongjing-ub22/RTK_GPS_NTRIP_ws/src/RTK_GPS_NTRIP/ublox'
[82.866s] INFO:colcon.colcon_core.shell:Skip shell extension 'powershell' for command environment: Not usable outside of PowerShell
[82.866s] DEBUG:colcon.colcon_core.shell:Skip shell extension 'dsv' for command environment
[82.880s] DEBUG:colcon.colcon_core.event_handler.log_command:Invoking command in '/home/yongjing-ub22/RTK_GPS_NTRIP_ws/build/ublox': AMENT_PREFIX_PATH=/home/yongjing-ub22/RTK_GPS_NTRIP_ws/install/ublox_gps:/home/yongjing-ub22/RTK_GPS_NTRIP_ws/install/ublox_msgs:/home/yongjing-ub22/RTK_GPS_NTRIP_ws/install/ublox_serialization:/home/yongjing-ub22/RTK_GPS_NTRIP_ws/install/rtcm_msgs:${AMENT_PREFIX_PATH} CMAKE_PREFIX_PATH=/home/yongjing-ub22/RTK_GPS_NTRIP_ws/install/ublox_gps:/home/yongjing-ub22/RTK_GPS_NTRIP_ws/install/ublox_msgs:/home/yongjing-ub22/RTK_GPS_NTRIP_ws/install/ublox_serialization:/home/yongjing-ub22/RTK_GPS_NTRIP_ws/install/rtcm_msgs:/opt/ros/humble LD_LIBRARY_PATH=/home/yongjing-ub22/RTK_GPS_NTRIP_ws/install/ublox_gps/lib:/home/yongjing-ub22/RTK_GPS_NTRIP_ws/install/ublox_msgs/lib:/home/yongjing-ub22/RTK_GPS_NTRIP_ws/install/rtcm_msgs/lib:${LD_LIBRARY_PATH} PYTHONPATH=/home/yongjing-ub22/RTK_GPS_NTRIP_ws/install/ublox_msgs/local/lib/python3.10/dist-packages:/home/yongjing-ub22/RTK_GPS_NTRIP_ws/install/rtcm_msgs/local/lib/python3.10/dist-packages:${PYTHONPATH} /usr/bin/cmake /home/yongjing-ub22/RTK_GPS_NTRIP_ws/src/RTK_GPS_NTRIP/ublox -DCMAKE_INSTALL_PREFIX=/home/yongjing-ub22/RTK_GPS_NTRIP_ws/install/ublox
[83.327s] DEBUG:colcon.colcon_core.event_handler.log_command:Invoked command in '/home/yongjing-ub22/RTK_GPS_NTRIP_ws/build/ublox' returned '0': AMENT_PREFIX_PATH=/home/yongjing-ub22/RTK_GPS_NTRIP_ws/install/ublox_gps:/home/yongjing-ub22/RTK_GPS_NTRIP_ws/install/ublox_msgs:/home/yongjing-ub22/RTK_GPS_NTRIP_ws/install/ublox_serialization:/home/yongjing-ub22/RTK_GPS_NTRIP_ws/install/rtcm_msgs:${AMENT_PREFIX_PATH} CMAKE_PREFIX_PATH=/home/yongjing-ub22/RTK_GPS_NTRIP_ws/install/ublox_gps:/home/yongjing-ub22/RTK_GPS_NTRIP_ws/install/ublox_msgs:/home/yongjing-ub22/RTK_GPS_NTRIP_ws/install/ublox_serialization:/home/yongjing-ub22/RTK_GPS_NTRIP_ws/install/rtcm_msgs:/opt/ros/humble LD_LIBRARY_PATH=/home/yongjing-ub22/RTK_GPS_NTRIP_ws/install/ublox_gps/lib:/home/yongjing-ub22/RTK_GPS_NTRIP_ws/install/ublox_msgs/lib:/home/yongjing-ub22/RTK_GPS_NTRIP_ws/install/rtcm_msgs/lib:${LD_LIBRARY_PATH} PYTHONPATH=/home/yongjing-ub22/RTK_GPS_NTRIP_ws/install/ublox_msgs/local/lib/python3.10/dist-packages:/home/yongjing-ub22/RTK_GPS_NTRIP_ws/install/rtcm_msgs/local/lib/python3.10/dist-packages:${PYTHONPATH} /usr/bin/cmake /home/yongjing-ub22/RTK_GPS_NTRIP_ws/src/RTK_GPS_NTRIP/ublox -DCMAKE_INSTALL_PREFIX=/home/yongjing-ub22/RTK_GPS_NTRIP_ws/install/ublox
[83.328s] DEBUG:colcon.colcon_core.event_handler.log_command:Invoking command in '/home/yongjing-ub22/RTK_GPS_NTRIP_ws/build/ublox': AMENT_PREFIX_PATH=/home/yongjing-ub22/RTK_GPS_NTRIP_ws/install/ublox_gps:/home/yongjing-ub22/RTK_GPS_NTRIP_ws/install/ublox_msgs:/home/yongjing-ub22/RTK_GPS_NTRIP_ws/install/ublox_serialization:/home/yongjing-ub22/RTK_GPS_NTRIP_ws/install/rtcm_msgs:${AMENT_PREFIX_PATH} CMAKE_PREFIX_PATH=/home/yongjing-ub22/RTK_GPS_NTRIP_ws/install/ublox_gps:/home/yongjing-ub22/RTK_GPS_NTRIP_ws/install/ublox_msgs:/home/yongjing-ub22/RTK_GPS_NTRIP_ws/install/ublox_serialization:/home/yongjing-ub22/RTK_GPS_NTRIP_ws/install/rtcm_msgs:/opt/ros/humble LD_LIBRARY_PATH=/home/yongjing-ub22/RTK_GPS_NTRIP_ws/install/ublox_gps/lib:/home/yongjing-ub22/RTK_GPS_NTRIP_ws/install/ublox_msgs/lib:/home/yongjing-ub22/RTK_GPS_NTRIP_ws/install/rtcm_msgs/lib:${LD_LIBRARY_PATH} PYTHONPATH=/home/yongjing-ub22/RTK_GPS_NTRIP_ws/install/ublox_msgs/local/lib/python3.10/dist-packages:/home/yongjing-ub22/RTK_GPS_NTRIP_ws/install/rtcm_msgs/local/lib/python3.10/dist-packages:${PYTHONPATH} /usr/bin/cmake --build /home/yongjing-ub22/RTK_GPS_NTRIP_ws/build/ublox -- -j20 -l20
[83.354s] DEBUG:colcon.colcon_core.event_handler.log_command:Invoked command in '/home/yongjing-ub22/RTK_GPS_NTRIP_ws/build/ublox' returned '0': AMENT_PREFIX_PATH=/home/yongjing-ub22/RTK_GPS_NTRIP_ws/install/ublox_gps:/home/yongjing-ub22/RTK_GPS_NTRIP_ws/install/ublox_msgs:/home/yongjing-ub22/RTK_GPS_NTRIP_ws/install/ublox_serialization:/home/yongjing-ub22/RTK_GPS_NTRIP_ws/install/rtcm_msgs:${AMENT_PREFIX_PATH} CMAKE_PREFIX_PATH=/home/yongjing-ub22/RTK_GPS_NTRIP_ws/install/ublox_gps:/home/yongjing-ub22/RTK_GPS_NTRIP_ws/install/ublox_msgs:/home/yongjing-ub22/RTK_GPS_NTRIP_ws/install/ublox_serialization:/home/yongjing-ub22/RTK_GPS_NTRIP_ws/install/rtcm_msgs:/opt/ros/humble LD_LIBRARY_PATH=/home/yongjing-ub22/RTK_GPS_NTRIP_ws/install/ublox_gps/lib:/home/yongjing-ub22/RTK_GPS_NTRIP_ws/install/ublox_msgs/lib:/home/yongjing-ub22/RTK_GPS_NTRIP_ws/install/rtcm_msgs/lib:${LD_LIBRARY_PATH} PYTHONPATH=/home/yongjing-ub22/RTK_GPS_NTRIP_ws/install/ublox_msgs/local/lib/python3.10/dist-packages:/home/yongjing-ub22/RTK_GPS_NTRIP_ws/install/rtcm_msgs/local/lib/python3.10/dist-packages:${PYTHONPATH} /usr/bin/cmake --build /home/yongjing-ub22/RTK_GPS_NTRIP_ws/build/ublox -- -j20 -l20
[83.374s] DEBUG:colcon.colcon_core.event_handler.log_command:Invoking command in '/home/yongjing-ub22/RTK_GPS_NTRIP_ws/build/ublox': AMENT_PREFIX_PATH=/home/yongjing-ub22/RTK_GPS_NTRIP_ws/install/ublox_gps:/home/yongjing-ub22/RTK_GPS_NTRIP_ws/install/ublox_msgs:/home/yongjing-ub22/RTK_GPS_NTRIP_ws/install/ublox_serialization:/home/yongjing-ub22/RTK_GPS_NTRIP_ws/install/rtcm_msgs:${AMENT_PREFIX_PATH} CMAKE_PREFIX_PATH=/home/yongjing-ub22/RTK_GPS_NTRIP_ws/install/ublox_gps:/home/yongjing-ub22/RTK_GPS_NTRIP_ws/install/ublox_msgs:/home/yongjing-ub22/RTK_GPS_NTRIP_ws/install/ublox_serialization:/home/yongjing-ub22/RTK_GPS_NTRIP_ws/install/rtcm_msgs:/opt/ros/humble LD_LIBRARY_PATH=/home/yongjing-ub22/RTK_GPS_NTRIP_ws/install/ublox_gps/lib:/home/yongjing-ub22/RTK_GPS_NTRIP_ws/install/ublox_msgs/lib:/home/yongjing-ub22/RTK_GPS_NTRIP_ws/install/rtcm_msgs/lib:${LD_LIBRARY_PATH} PYTHONPATH=/home/yongjing-ub22/RTK_GPS_NTRIP_ws/install/ublox_msgs/local/lib/python3.10/dist-packages:/home/yongjing-ub22/RTK_GPS_NTRIP_ws/install/rtcm_msgs/local/lib/python3.10/dist-packages:${PYTHONPATH} /usr/bin/cmake --install /home/yongjing-ub22/RTK_GPS_NTRIP_ws/build/ublox
[83.381s] Level 1:colcon.colcon_core.environment:create_environment_scripts_only(ublox)
[83.382s] Level 1:colcon.colcon_core.environment:checking '/home/yongjing-ub22/RTK_GPS_NTRIP_ws/install/ublox' for CMake module files
[83.382s] DEBUG:colcon.colcon_core.event_handler.log_command:Invoked command in '/home/yongjing-ub22/RTK_GPS_NTRIP_ws/build/ublox' returned '0': AMENT_PREFIX_PATH=/home/yongjing-ub22/RTK_GPS_NTRIP_ws/install/ublox_gps:/home/yongjing-ub22/RTK_GPS_NTRIP_ws/install/ublox_msgs:/home/yongjing-ub22/RTK_GPS_NTRIP_ws/install/ublox_serialization:/home/yongjing-ub22/RTK_GPS_NTRIP_ws/install/rtcm_msgs:${AMENT_PREFIX_PATH} CMAKE_PREFIX_PATH=/home/yongjing-ub22/RTK_GPS_NTRIP_ws/install/ublox_gps:/home/yongjing-ub22/RTK_GPS_NTRIP_ws/install/ublox_msgs:/home/yongjing-ub22/RTK_GPS_NTRIP_ws/install/ublox_serialization:/home/yongjing-ub22/RTK_GPS_NTRIP_ws/install/rtcm_msgs:/opt/ros/humble LD_LIBRARY_PATH=/home/yongjing-ub22/RTK_GPS_NTRIP_ws/install/ublox_gps/lib:/home/yongjing-ub22/RTK_GPS_NTRIP_ws/install/ublox_msgs/lib:/home/yongjing-ub22/RTK_GPS_NTRIP_ws/install/rtcm_msgs/lib:${LD_LIBRARY_PATH} PYTHONPATH=/home/yongjing-ub22/RTK_GPS_NTRIP_ws/install/ublox_msgs/local/lib/python3.10/dist-packages:/home/yongjing-ub22/RTK_GPS_NTRIP_ws/install/rtcm_msgs/local/lib/python3.10/dist-packages:${PYTHONPATH} /usr/bin/cmake --install /home/yongjing-ub22/RTK_GPS_NTRIP_ws/build/ublox
[83.382s] Level 1:colcon.colcon_core.environment:checking '/home/yongjing-ub22/RTK_GPS_NTRIP_ws/install/ublox' for CMake config files
[83.382s] Level 1:colcon.colcon_core.shell:create_environment_hook('ublox', 'cmake_prefix_path')
[83.382s] INFO:colcon.colcon_core.shell:Creating environment hook '/home/yongjing-ub22/RTK_GPS_NTRIP_ws/install/ublox/share/ublox/hook/cmake_prefix_path.ps1'
[83.382s] INFO:colcon.colcon_core.shell:Creating environment descriptor '/home/yongjing-ub22/RTK_GPS_NTRIP_ws/install/ublox/share/ublox/hook/cmake_prefix_path.dsv'
[83.382s] INFO:colcon.colcon_core.shell:Creating environment hook '/home/yongjing-ub22/RTK_GPS_NTRIP_ws/install/ublox/share/ublox/hook/cmake_prefix_path.sh'
[83.383s] Level 1:colcon.colcon_core.environment:checking '/home/yongjing-ub22/RTK_GPS_NTRIP_ws/install/ublox/bin'
[83.383s] Level 1:colcon.colcon_core.environment:checking '/home/yongjing-ub22/RTK_GPS_NTRIP_ws/install/ublox/lib/pkgconfig/ublox.pc'
[83.383s] Level 1:colcon.colcon_core.environment:checking '/home/yongjing-ub22/RTK_GPS_NTRIP_ws/install/ublox/lib/python3.10/site-packages'
[83.383s] Level 1:colcon.colcon_core.environment:checking '/home/yongjing-ub22/RTK_GPS_NTRIP_ws/install/ublox/bin'
[83.383s] INFO:colcon.colcon_core.shell:Creating package script '/home/yongjing-ub22/RTK_GPS_NTRIP_ws/install/ublox/share/ublox/package.ps1'
[83.383s] INFO:colcon.colcon_core.shell:Creating package descriptor '/home/yongjing-ub22/RTK_GPS_NTRIP_ws/install/ublox/share/ublox/package.dsv'
[83.384s] INFO:colcon.colcon_core.shell:Creating package script '/home/yongjing-ub22/RTK_GPS_NTRIP_ws/install/ublox/share/ublox/package.sh'
[83.384s] INFO:colcon.colcon_core.shell:Creating package script '/home/yongjing-ub22/RTK_GPS_NTRIP_ws/install/ublox/share/ublox/package.bash'
[83.384s] INFO:colcon.colcon_core.shell:Creating package script '/home/yongjing-ub22/RTK_GPS_NTRIP_ws/install/ublox/share/ublox/package.zsh'
[83.384s] Level 1:colcon.colcon_core.environment:create_file_with_runtime_dependencies(/home/yongjing-ub22/RTK_GPS_NTRIP_ws/install/ublox/share/colcon-core/packages/ublox)
[83.401s] Level 1:colcon.colcon_core.environment:create_environment_scripts_only(ublox)
[83.401s] Level 1:colcon.colcon_core.environment:checking '/home/yongjing-ub22/RTK_GPS_NTRIP_ws/install/ublox' for CMake module files
[83.401s] Level 1:colcon.colcon_core.environment:checking '/home/yongjing-ub22/RTK_GPS_NTRIP_ws/install/ublox' for CMake config files
[83.401s] Level 1:colcon.colcon_core.shell:create_environment_hook('ublox', 'cmake_prefix_path')
[83.401s] INFO:colcon.colcon_core.shell:Creating environment hook '/home/yongjing-ub22/RTK_GPS_NTRIP_ws/install/ublox/share/ublox/hook/cmake_prefix_path.ps1'
[83.402s] INFO:colcon.colcon_core.shell:Creating environment descriptor '/home/yongjing-ub22/RTK_GPS_NTRIP_ws/install/ublox/share/ublox/hook/cmake_prefix_path.dsv'
[83.402s] INFO:colcon.colcon_core.shell:Creating environment hook '/home/yongjing-ub22/RTK_GPS_NTRIP_ws/install/ublox/share/ublox/hook/cmake_prefix_path.sh'
[83.402s] Level 1:colcon.colcon_core.environment:checking '/home/yongjing-ub22/RTK_GPS_NTRIP_ws/install/ublox/bin'
[83.402s] Level 1:colcon.colcon_core.environment:checking '/home/yongjing-ub22/RTK_GPS_NTRIP_ws/install/ublox/lib/pkgconfig/ublox.pc'
[83.402s] Level 1:colcon.colcon_core.environment:checking '/home/yongjing-ub22/RTK_GPS_NTRIP_ws/install/ublox/lib/python3.10/site-packages'
[83.402s] Level 1:colcon.colcon_core.environment:checking '/home/yongjing-ub22/RTK_GPS_NTRIP_ws/install/ublox/bin'
[83.403s] INFO:colcon.colcon_core.shell:Creating package script '/home/yongjing-ub22/RTK_GPS_NTRIP_ws/install/ublox/share/ublox/package.ps1'
[83.403s] INFO:colcon.colcon_core.shell:Creating package descriptor '/home/yongjing-ub22/RTK_GPS_NTRIP_ws/install/ublox/share/ublox/package.dsv'
[83.403s] INFO:colcon.colcon_core.shell:Creating package script '/home/yongjing-ub22/RTK_GPS_NTRIP_ws/install/ublox/share/ublox/package.sh'
[83.403s] INFO:colcon.colcon_core.shell:Creating package script '/home/yongjing-ub22/RTK_GPS_NTRIP_ws/install/ublox/share/ublox/package.bash'
[83.404s] INFO:colcon.colcon_core.shell:Creating package script '/home/yongjing-ub22/RTK_GPS_NTRIP_ws/install/ublox/share/ublox/package.zsh'
[83.404s] Level 1:colcon.colcon_core.environment:create_file_with_runtime_dependencies(/home/yongjing-ub22/RTK_GPS_NTRIP_ws/install/ublox/share/colcon-core/packages/ublox)
[83.404s] DEBUG:colcon.colcon_parallel_executor.executor.parallel:closing loop
[83.404s] DEBUG:colcon.colcon_parallel_executor.executor.parallel:loop closed
[83.404s] DEBUG:colcon.colcon_parallel_executor.executor.parallel:run_until_complete finished with '0'
[83.404s] DEBUG:colcon.colcon_core.event_reactor:joining thread
[83.407s] INFO:colcon.colcon_core.plugin_system:Skipping extension 'colcon_notification.desktop_notification.terminal_notifier': Not used on non-Darwin systems
[83.407s] INFO:colcon.colcon_core.plugin_system:Skipping extension 'colcon_notification.desktop_notification.win32': Not used on non-Windows systems
[83.407s] INFO:colcon.colcon_notification.desktop_notification:Sending desktop notification using 'notify2'
[83.416s] DEBUG:colcon.colcon_core.event_reactor:joined thread
[83.417s] INFO:colcon.colcon_core.shell:Creating prefix script '/home/yongjing-ub22/RTK_GPS_NTRIP_ws/install/local_setup.ps1'
[83.417s] INFO:colcon.colcon_core.shell:Creating prefix util module '/home/yongjing-ub22/RTK_GPS_NTRIP_ws/install/_local_setup_util_ps1.py'
[83.418s] INFO:colcon.colcon_core.shell:Creating prefix chain script '/home/yongjing-ub22/RTK_GPS_NTRIP_ws/install/setup.ps1'
[83.418s] INFO:colcon.colcon_core.shell:Creating prefix script '/home/yongjing-ub22/RTK_GPS_NTRIP_ws/install/local_setup.sh'
[83.419s] INFO:colcon.colcon_core.shell:Creating prefix util module '/home/yongjing-ub22/RTK_GPS_NTRIP_ws/install/_local_setup_util_sh.py'
[83.419s] INFO:colcon.colcon_core.shell:Creating prefix chain script '/home/yongjing-ub22/RTK_GPS_NTRIP_ws/install/setup.sh'
[83.419s] INFO:colcon.colcon_core.shell:Creating prefix script '/home/yongjing-ub22/RTK_GPS_NTRIP_ws/install/local_setup.bash'
[83.420s] INFO:colcon.colcon_core.shell:Creating prefix chain script '/home/yongjing-ub22/RTK_GPS_NTRIP_ws/install/setup.bash'
[83.420s] INFO:colcon.colcon_core.shell:Creating prefix script '/home/yongjing-ub22/RTK_GPS_NTRIP_ws/install/local_setup.zsh'
[83.421s] INFO:colcon.colcon_core.shell:Creating prefix chain script '/home/yongjing-ub22/RTK_GPS_NTRIP_ws/install/setup.zsh'
