[0.016s] Invoking command in '/home/yongjing-ub22/comms_nusmr/mapviz_ws_YJ_laptop_only/build/mapviz_interfaces': CMAKE_PREFIX_PATH=/opt/ros/humble /usr/bin/cmake --build /home/yongjing-ub22/comms_nusmr/mapviz_ws_YJ_laptop_only/build/mapviz_interfaces -- -j20 -l20
[0.101s] [  3%] Built target mapviz_interfaces__cpp
[0.103s] [ 12%] Built target mapviz_interfaces__rosidl_generator_c
[0.118s] [ 12%] Built target ament_cmake_python_copy_mapviz_interfaces
[0.133s] [ 22%] Built target mapviz_interfaces__rosidl_typesupport_fastrtps_cpp
[0.135s] [ 32%] Built target mapviz_interfaces__rosidl_typesupport_fastrtps_c
[0.137s] [ 41%] Built target mapviz_interfaces__rosidl_typesupport_c
[0.138s] [ 51%] Built target mapviz_interfaces__rosidl_typesupport_cpp
[0.138s] [ 61%] Built target mapviz_interfaces__rosidl_typesupport_introspection_cpp
[0.140s] [ 70%] Built target mapviz_interfaces__rosidl_typesupport_introspection_c
[0.166s] [ 70%] Built target mapviz_interfaces
[0.194s] [ 74%] Built target mapviz_interfaces__py
[0.221s] [ 80%] Built target mapviz_interfaces__rosidl_generator_py
[0.254s] [ 87%] Built target mapviz_interfaces__rosidl_typesupport_introspection_c__pyext
[0.254s] [ 93%] Built target mapviz_interfaces__rosidl_typesupport_c__pyext
[0.255s] [100%] Built target mapviz_interfaces__rosidl_typesupport_fastrtps_c__pyext
[0.398s] running egg_info
[0.399s] writing mapviz_interfaces.egg-info/PKG-INFO
[0.399s] writing dependency_links to mapviz_interfaces.egg-info/dependency_links.txt
[0.399s] writing top-level names to mapviz_interfaces.egg-info/top_level.txt
[0.402s] reading manifest file 'mapviz_interfaces.egg-info/SOURCES.txt'
[0.402s] writing manifest file 'mapviz_interfaces.egg-info/SOURCES.txt'
[0.428s] [100%] Built target ament_cmake_python_build_mapviz_interfaces_egg
[0.441s] Invoked command in '/home/yongjing-ub22/comms_nusmr/mapviz_ws_YJ_laptop_only/build/mapviz_interfaces' returned '0': CMAKE_PREFIX_PATH=/opt/ros/humble /usr/bin/cmake --build /home/yongjing-ub22/comms_nusmr/mapviz_ws_YJ_laptop_only/build/mapviz_interfaces -- -j20 -l20
[0.450s] Invoking command in '/home/yongjing-ub22/comms_nusmr/mapviz_ws_YJ_laptop_only/build/mapviz_interfaces': CMAKE_PREFIX_PATH=/opt/ros/humble /usr/bin/cmake --install /home/yongjing-ub22/comms_nusmr/mapviz_ws_YJ_laptop_only/build/mapviz_interfaces
[0.459s] -- Install configuration: ""
[0.460s] -- Up-to-date: /home/yongjing-ub22/comms_nusmr/mapviz_ws_YJ_laptop_only/install/mapviz_interfaces/share/ament_index/resource_index/rosidl_interfaces/mapviz_interfaces
[0.460s] -- Up-to-date: /home/yongjing-ub22/comms_nusmr/mapviz_ws_YJ_laptop_only/install/mapviz_interfaces/include/mapviz_interfaces/mapviz_interfaces
[0.460s] -- Up-to-date: /home/yongjing-ub22/comms_nusmr/mapviz_ws_YJ_laptop_only/install/mapviz_interfaces/include/mapviz_interfaces/mapviz_interfaces/msg
[0.460s] -- Up-to-date: /home/yongjing-ub22/comms_nusmr/mapviz_ws_YJ_laptop_only/install/mapviz_interfaces/include/mapviz_interfaces/mapviz_interfaces/msg/rosidl_generator_c__visibility_control.h
[0.460s] -- Up-to-date: /home/yongjing-ub22/comms_nusmr/mapviz_ws_YJ_laptop_only/install/mapviz_interfaces/include/mapviz_interfaces/mapviz_interfaces/srv
[0.461s] -- Up-to-date: /home/yongjing-ub22/comms_nusmr/mapviz_ws_YJ_laptop_only/install/mapviz_interfaces/include/mapviz_interfaces/mapviz_interfaces/srv/add_mapviz_display.h
[0.461s] -- Up-to-date: /home/yongjing-ub22/comms_nusmr/mapviz_ws_YJ_laptop_only/install/mapviz_interfaces/include/mapviz_interfaces/mapviz_interfaces/srv/detail
[0.461s] -- Up-to-date: /home/yongjing-ub22/comms_nusmr/mapviz_ws_YJ_laptop_only/install/mapviz_interfaces/include/mapviz_interfaces/mapviz_interfaces/srv/detail/add_mapviz_display__functions.c
[0.461s] -- Up-to-date: /home/yongjing-ub22/comms_nusmr/mapviz_ws_YJ_laptop_only/install/mapviz_interfaces/include/mapviz_interfaces/mapviz_interfaces/srv/detail/add_mapviz_display__functions.h
[0.461s] -- Up-to-date: /home/yongjing-ub22/comms_nusmr/mapviz_ws_YJ_laptop_only/install/mapviz_interfaces/include/mapviz_interfaces/mapviz_interfaces/srv/detail/add_mapviz_display__type_support.h
[0.461s] -- Up-to-date: /home/yongjing-ub22/comms_nusmr/mapviz_ws_YJ_laptop_only/install/mapviz_interfaces/include/mapviz_interfaces/mapviz_interfaces/srv/detail/add_mapviz_display__struct.h
[0.461s] -- Up-to-date: /home/yongjing-ub22/comms_nusmr/mapviz_ws_YJ_laptop_only/install/mapviz_interfaces/share/mapviz_interfaces/environment/library_path.sh
[0.461s] -- Up-to-date: /home/yongjing-ub22/comms_nusmr/mapviz_ws_YJ_laptop_only/install/mapviz_interfaces/share/mapviz_interfaces/environment/library_path.dsv
[0.461s] -- Up-to-date: /home/yongjing-ub22/comms_nusmr/mapviz_ws_YJ_laptop_only/install/mapviz_interfaces/lib/libmapviz_interfaces__rosidl_generator_c.so
[0.462s] -- Up-to-date: /home/yongjing-ub22/comms_nusmr/mapviz_ws_YJ_laptop_only/install/mapviz_interfaces/include/mapviz_interfaces/mapviz_interfaces
[0.462s] -- Up-to-date: /home/yongjing-ub22/comms_nusmr/mapviz_ws_YJ_laptop_only/install/mapviz_interfaces/include/mapviz_interfaces/mapviz_interfaces/msg
[0.462s] -- Up-to-date: /home/yongjing-ub22/comms_nusmr/mapviz_ws_YJ_laptop_only/install/mapviz_interfaces/include/mapviz_interfaces/mapviz_interfaces/msg/rosidl_typesupport_fastrtps_c__visibility_control.h
[0.462s] -- Up-to-date: /home/yongjing-ub22/comms_nusmr/mapviz_ws_YJ_laptop_only/install/mapviz_interfaces/include/mapviz_interfaces/mapviz_interfaces/srv
[0.462s] -- Up-to-date: /home/yongjing-ub22/comms_nusmr/mapviz_ws_YJ_laptop_only/install/mapviz_interfaces/include/mapviz_interfaces/mapviz_interfaces/srv/detail
[0.462s] -- Up-to-date: /home/yongjing-ub22/comms_nusmr/mapviz_ws_YJ_laptop_only/install/mapviz_interfaces/include/mapviz_interfaces/mapviz_interfaces/srv/detail/add_mapviz_display__rosidl_typesupport_fastrtps_c.h
[0.463s] -- Up-to-date: /home/yongjing-ub22/comms_nusmr/mapviz_ws_YJ_laptop_only/install/mapviz_interfaces/lib/libmapviz_interfaces__rosidl_typesupport_fastrtps_c.so
[0.463s] -- Up-to-date: /home/yongjing-ub22/comms_nusmr/mapviz_ws_YJ_laptop_only/install/mapviz_interfaces/include/mapviz_interfaces/mapviz_interfaces
[0.463s] -- Up-to-date: /home/yongjing-ub22/comms_nusmr/mapviz_ws_YJ_laptop_only/install/mapviz_interfaces/include/mapviz_interfaces/mapviz_interfaces/msg
[0.463s] -- Up-to-date: /home/yongjing-ub22/comms_nusmr/mapviz_ws_YJ_laptop_only/install/mapviz_interfaces/include/mapviz_interfaces/mapviz_interfaces/msg/rosidl_generator_cpp__visibility_control.hpp
[0.463s] -- Up-to-date: /home/yongjing-ub22/comms_nusmr/mapviz_ws_YJ_laptop_only/install/mapviz_interfaces/include/mapviz_interfaces/mapviz_interfaces/srv
[0.463s] -- Up-to-date: /home/yongjing-ub22/comms_nusmr/mapviz_ws_YJ_laptop_only/install/mapviz_interfaces/include/mapviz_interfaces/mapviz_interfaces/srv/add_mapviz_display.hpp
[0.463s] -- Up-to-date: /home/yongjing-ub22/comms_nusmr/mapviz_ws_YJ_laptop_only/install/mapviz_interfaces/include/mapviz_interfaces/mapviz_interfaces/srv/detail
[0.463s] -- Up-to-date: /home/yongjing-ub22/comms_nusmr/mapviz_ws_YJ_laptop_only/install/mapviz_interfaces/include/mapviz_interfaces/mapviz_interfaces/srv/detail/add_mapviz_display__builder.hpp
[0.463s] -- Up-to-date: /home/yongjing-ub22/comms_nusmr/mapviz_ws_YJ_laptop_only/install/mapviz_interfaces/include/mapviz_interfaces/mapviz_interfaces/srv/detail/add_mapviz_display__struct.hpp
[0.463s] -- Up-to-date: /home/yongjing-ub22/comms_nusmr/mapviz_ws_YJ_laptop_only/install/mapviz_interfaces/include/mapviz_interfaces/mapviz_interfaces/srv/detail/add_mapviz_display__type_support.hpp
[0.463s] -- Up-to-date: /home/yongjing-ub22/comms_nusmr/mapviz_ws_YJ_laptop_only/install/mapviz_interfaces/include/mapviz_interfaces/mapviz_interfaces/srv/detail/add_mapviz_display__traits.hpp
[0.463s] -- Up-to-date: /home/yongjing-ub22/comms_nusmr/mapviz_ws_YJ_laptop_only/install/mapviz_interfaces/include/mapviz_interfaces/mapviz_interfaces
[0.463s] -- Up-to-date: /home/yongjing-ub22/comms_nusmr/mapviz_ws_YJ_laptop_only/install/mapviz_interfaces/include/mapviz_interfaces/mapviz_interfaces/msg
[0.463s] -- Up-to-date: /home/yongjing-ub22/comms_nusmr/mapviz_ws_YJ_laptop_only/install/mapviz_interfaces/include/mapviz_interfaces/mapviz_interfaces/msg/rosidl_typesupport_fastrtps_cpp__visibility_control.h
[0.463s] -- Up-to-date: /home/yongjing-ub22/comms_nusmr/mapviz_ws_YJ_laptop_only/install/mapviz_interfaces/include/mapviz_interfaces/mapviz_interfaces/srv
[0.464s] -- Up-to-date: /home/yongjing-ub22/comms_nusmr/mapviz_ws_YJ_laptop_only/install/mapviz_interfaces/include/mapviz_interfaces/mapviz_interfaces/srv/detail
[0.464s] -- Up-to-date: /home/yongjing-ub22/comms_nusmr/mapviz_ws_YJ_laptop_only/install/mapviz_interfaces/include/mapviz_interfaces/mapviz_interfaces/srv/detail/add_mapviz_display__rosidl_typesupport_fastrtps_cpp.hpp
[0.464s] -- Up-to-date: /home/yongjing-ub22/comms_nusmr/mapviz_ws_YJ_laptop_only/install/mapviz_interfaces/include/mapviz_interfaces/mapviz_interfaces/srv/detail/dds_fastrtps
[0.464s] -- Up-to-date: /home/yongjing-ub22/comms_nusmr/mapviz_ws_YJ_laptop_only/install/mapviz_interfaces/lib/libmapviz_interfaces__rosidl_typesupport_fastrtps_cpp.so
[0.464s] -- Up-to-date: /home/yongjing-ub22/comms_nusmr/mapviz_ws_YJ_laptop_only/install/mapviz_interfaces/include/mapviz_interfaces/mapviz_interfaces
[0.464s] -- Up-to-date: /home/yongjing-ub22/comms_nusmr/mapviz_ws_YJ_laptop_only/install/mapviz_interfaces/include/mapviz_interfaces/mapviz_interfaces/msg
[0.464s] -- Up-to-date: /home/yongjing-ub22/comms_nusmr/mapviz_ws_YJ_laptop_only/install/mapviz_interfaces/include/mapviz_interfaces/mapviz_interfaces/msg/rosidl_typesupport_introspection_c__visibility_control.h
[0.464s] -- Up-to-date: /home/yongjing-ub22/comms_nusmr/mapviz_ws_YJ_laptop_only/install/mapviz_interfaces/include/mapviz_interfaces/mapviz_interfaces/srv
[0.464s] -- Up-to-date: /home/yongjing-ub22/comms_nusmr/mapviz_ws_YJ_laptop_only/install/mapviz_interfaces/include/mapviz_interfaces/mapviz_interfaces/srv/detail
[0.464s] -- Up-to-date: /home/yongjing-ub22/comms_nusmr/mapviz_ws_YJ_laptop_only/install/mapviz_interfaces/include/mapviz_interfaces/mapviz_interfaces/srv/detail/add_mapviz_display__type_support.c
[0.464s] -- Up-to-date: /home/yongjing-ub22/comms_nusmr/mapviz_ws_YJ_laptop_only/install/mapviz_interfaces/include/mapviz_interfaces/mapviz_interfaces/srv/detail/add_mapviz_display__rosidl_typesupport_introspection_c.h
[0.464s] -- Up-to-date: /home/yongjing-ub22/comms_nusmr/mapviz_ws_YJ_laptop_only/install/mapviz_interfaces/lib/libmapviz_interfaces__rosidl_typesupport_introspection_c.so
[0.465s] -- Up-to-date: /home/yongjing-ub22/comms_nusmr/mapviz_ws_YJ_laptop_only/install/mapviz_interfaces/lib/libmapviz_interfaces__rosidl_typesupport_c.so
[0.465s] -- Up-to-date: /home/yongjing-ub22/comms_nusmr/mapviz_ws_YJ_laptop_only/install/mapviz_interfaces/include/mapviz_interfaces/mapviz_interfaces
[0.465s] -- Up-to-date: /home/yongjing-ub22/comms_nusmr/mapviz_ws_YJ_laptop_only/install/mapviz_interfaces/include/mapviz_interfaces/mapviz_interfaces/srv
[0.465s] -- Up-to-date: /home/yongjing-ub22/comms_nusmr/mapviz_ws_YJ_laptop_only/install/mapviz_interfaces/include/mapviz_interfaces/mapviz_interfaces/srv/detail
[0.465s] -- Up-to-date: /home/yongjing-ub22/comms_nusmr/mapviz_ws_YJ_laptop_only/install/mapviz_interfaces/include/mapviz_interfaces/mapviz_interfaces/srv/detail/add_mapviz_display__type_support.cpp
[0.465s] -- Up-to-date: /home/yongjing-ub22/comms_nusmr/mapviz_ws_YJ_laptop_only/install/mapviz_interfaces/include/mapviz_interfaces/mapviz_interfaces/srv/detail/add_mapviz_display__rosidl_typesupport_introspection_cpp.hpp
[0.465s] -- Up-to-date: /home/yongjing-ub22/comms_nusmr/mapviz_ws_YJ_laptop_only/install/mapviz_interfaces/lib/libmapviz_interfaces__rosidl_typesupport_introspection_cpp.so
[0.465s] -- Up-to-date: /home/yongjing-ub22/comms_nusmr/mapviz_ws_YJ_laptop_only/install/mapviz_interfaces/lib/libmapviz_interfaces__rosidl_typesupport_cpp.so
[0.465s] -- Up-to-date: /home/yongjing-ub22/comms_nusmr/mapviz_ws_YJ_laptop_only/install/mapviz_interfaces/share/mapviz_interfaces/environment/pythonpath.sh
[0.465s] -- Up-to-date: /home/yongjing-ub22/comms_nusmr/mapviz_ws_YJ_laptop_only/install/mapviz_interfaces/share/mapviz_interfaces/environment/pythonpath.dsv
[0.465s] -- Up-to-date: /home/yongjing-ub22/comms_nusmr/mapviz_ws_YJ_laptop_only/install/mapviz_interfaces/local/lib/python3.10/dist-packages/mapviz_interfaces-2.4.5-py3.10.egg-info
[0.465s] -- Installing: /home/yongjing-ub22/comms_nusmr/mapviz_ws_YJ_laptop_only/install/mapviz_interfaces/local/lib/python3.10/dist-packages/mapviz_interfaces-2.4.5-py3.10.egg-info/PKG-INFO
[0.466s] -- Installing: /home/yongjing-ub22/comms_nusmr/mapviz_ws_YJ_laptop_only/install/mapviz_interfaces/local/lib/python3.10/dist-packages/mapviz_interfaces-2.4.5-py3.10.egg-info/dependency_links.txt
[0.466s] -- Installing: /home/yongjing-ub22/comms_nusmr/mapviz_ws_YJ_laptop_only/install/mapviz_interfaces/local/lib/python3.10/dist-packages/mapviz_interfaces-2.4.5-py3.10.egg-info/top_level.txt
[0.466s] -- Installing: /home/yongjing-ub22/comms_nusmr/mapviz_ws_YJ_laptop_only/install/mapviz_interfaces/local/lib/python3.10/dist-packages/mapviz_interfaces-2.4.5-py3.10.egg-info/SOURCES.txt
[0.466s] -- Up-to-date: /home/yongjing-ub22/comms_nusmr/mapviz_ws_YJ_laptop_only/install/mapviz_interfaces/local/lib/python3.10/dist-packages/mapviz_interfaces
[0.466s] -- Up-to-date: /home/yongjing-ub22/comms_nusmr/mapviz_ws_YJ_laptop_only/install/mapviz_interfaces/local/lib/python3.10/dist-packages/mapviz_interfaces/mapviz_interfaces_s__rosidl_typesupport_introspection_c.cpython-310-x86_64-linux-gnu.so
[0.466s] -- Up-to-date: /home/yongjing-ub22/comms_nusmr/mapviz_ws_YJ_laptop_only/install/mapviz_interfaces/local/lib/python3.10/dist-packages/mapviz_interfaces/__init__.py
[0.466s] -- Up-to-date: /home/yongjing-ub22/comms_nusmr/mapviz_ws_YJ_laptop_only/install/mapviz_interfaces/local/lib/python3.10/dist-packages/mapviz_interfaces/srv
[0.466s] -- Up-to-date: /home/yongjing-ub22/comms_nusmr/mapviz_ws_YJ_laptop_only/install/mapviz_interfaces/local/lib/python3.10/dist-packages/mapviz_interfaces/srv/__init__.py
[0.466s] -- Up-to-date: /home/yongjing-ub22/comms_nusmr/mapviz_ws_YJ_laptop_only/install/mapviz_interfaces/local/lib/python3.10/dist-packages/mapviz_interfaces/srv/_add_mapviz_display_s.c
[0.466s] -- Up-to-date: /home/yongjing-ub22/comms_nusmr/mapviz_ws_YJ_laptop_only/install/mapviz_interfaces/local/lib/python3.10/dist-packages/mapviz_interfaces/srv/_add_mapviz_display.py
[0.466s] -- Up-to-date: /home/yongjing-ub22/comms_nusmr/mapviz_ws_YJ_laptop_only/install/mapviz_interfaces/local/lib/python3.10/dist-packages/mapviz_interfaces/_mapviz_interfaces_s.ep.rosidl_typesupport_introspection_c.c
[0.466s] -- Up-to-date: /home/yongjing-ub22/comms_nusmr/mapviz_ws_YJ_laptop_only/install/mapviz_interfaces/local/lib/python3.10/dist-packages/mapviz_interfaces/mapviz_interfaces_s__rosidl_typesupport_fastrtps_c.cpython-310-x86_64-linux-gnu.so
[0.466s] -- Up-to-date: /home/yongjing-ub22/comms_nusmr/mapviz_ws_YJ_laptop_only/install/mapviz_interfaces/local/lib/python3.10/dist-packages/mapviz_interfaces/libmapviz_interfaces__rosidl_generator_py.so
[0.467s] -- Up-to-date: /home/yongjing-ub22/comms_nusmr/mapviz_ws_YJ_laptop_only/install/mapviz_interfaces/local/lib/python3.10/dist-packages/mapviz_interfaces/mapviz_interfaces_s__rosidl_typesupport_c.cpython-310-x86_64-linux-gnu.so
[0.467s] -- Up-to-date: /home/yongjing-ub22/comms_nusmr/mapviz_ws_YJ_laptop_only/install/mapviz_interfaces/local/lib/python3.10/dist-packages/mapviz_interfaces/_mapviz_interfaces_s.ep.rosidl_typesupport_fastrtps_c.c
[0.467s] -- Up-to-date: /home/yongjing-ub22/comms_nusmr/mapviz_ws_YJ_laptop_only/install/mapviz_interfaces/local/lib/python3.10/dist-packages/mapviz_interfaces/_mapviz_interfaces_s.ep.rosidl_typesupport_c.c
[0.499s] Listing '/home/yongjing-ub22/comms_nusmr/mapviz_ws_YJ_laptop_only/install/mapviz_interfaces/local/lib/python3.10/dist-packages/mapviz_interfaces'...
[0.499s] Listing '/home/yongjing-ub22/comms_nusmr/mapviz_ws_YJ_laptop_only/install/mapviz_interfaces/local/lib/python3.10/dist-packages/mapviz_interfaces/srv'...
[0.505s] -- Up-to-date: /home/yongjing-ub22/comms_nusmr/mapviz_ws_YJ_laptop_only/install/mapviz_interfaces/local/lib/python3.10/dist-packages/mapviz_interfaces/mapviz_interfaces_s__rosidl_typesupport_fastrtps_c.cpython-310-x86_64-linux-gnu.so
[0.506s] -- Up-to-date: /home/yongjing-ub22/comms_nusmr/mapviz_ws_YJ_laptop_only/install/mapviz_interfaces/local/lib/python3.10/dist-packages/mapviz_interfaces/mapviz_interfaces_s__rosidl_typesupport_introspection_c.cpython-310-x86_64-linux-gnu.so
[0.506s] -- Up-to-date: /home/yongjing-ub22/comms_nusmr/mapviz_ws_YJ_laptop_only/install/mapviz_interfaces/local/lib/python3.10/dist-packages/mapviz_interfaces/mapviz_interfaces_s__rosidl_typesupport_c.cpython-310-x86_64-linux-gnu.so
[0.506s] -- Up-to-date: /home/yongjing-ub22/comms_nusmr/mapviz_ws_YJ_laptop_only/install/mapviz_interfaces/lib/libmapviz_interfaces__rosidl_generator_py.so
[0.507s] -- Up-to-date: /home/yongjing-ub22/comms_nusmr/mapviz_ws_YJ_laptop_only/install/mapviz_interfaces/share/mapviz_interfaces/srv/AddMapvizDisplay.idl
[0.507s] -- Up-to-date: /home/yongjing-ub22/comms_nusmr/mapviz_ws_YJ_laptop_only/install/mapviz_interfaces/share/mapviz_interfaces/srv/AddMapvizDisplay.srv
[0.507s] -- Up-to-date: /home/yongjing-ub22/comms_nusmr/mapviz_ws_YJ_laptop_only/install/mapviz_interfaces/share/mapviz_interfaces/srv/AddMapvizDisplay_Request.msg
[0.507s] -- Up-to-date: /home/yongjing-ub22/comms_nusmr/mapviz_ws_YJ_laptop_only/install/mapviz_interfaces/share/mapviz_interfaces/srv/AddMapvizDisplay_Response.msg
[0.507s] -- Up-to-date: /home/yongjing-ub22/comms_nusmr/mapviz_ws_YJ_laptop_only/install/mapviz_interfaces/share/ament_index/resource_index/package_run_dependencies/mapviz_interfaces
[0.507s] -- Up-to-date: /home/yongjing-ub22/comms_nusmr/mapviz_ws_YJ_laptop_only/install/mapviz_interfaces/share/ament_index/resource_index/parent_prefix_path/mapviz_interfaces
[0.507s] -- Up-to-date: /home/yongjing-ub22/comms_nusmr/mapviz_ws_YJ_laptop_only/install/mapviz_interfaces/share/mapviz_interfaces/environment/ament_prefix_path.sh
[0.507s] -- Up-to-date: /home/yongjing-ub22/comms_nusmr/mapviz_ws_YJ_laptop_only/install/mapviz_interfaces/share/mapviz_interfaces/environment/ament_prefix_path.dsv
[0.507s] -- Up-to-date: /home/yongjing-ub22/comms_nusmr/mapviz_ws_YJ_laptop_only/install/mapviz_interfaces/share/mapviz_interfaces/environment/path.sh
[0.507s] -- Up-to-date: /home/yongjing-ub22/comms_nusmr/mapviz_ws_YJ_laptop_only/install/mapviz_interfaces/share/mapviz_interfaces/environment/path.dsv
[0.507s] -- Up-to-date: /home/yongjing-ub22/comms_nusmr/mapviz_ws_YJ_laptop_only/install/mapviz_interfaces/share/mapviz_interfaces/local_setup.bash
[0.507s] -- Up-to-date: /home/yongjing-ub22/comms_nusmr/mapviz_ws_YJ_laptop_only/install/mapviz_interfaces/share/mapviz_interfaces/local_setup.sh
[0.507s] -- Up-to-date: /home/yongjing-ub22/comms_nusmr/mapviz_ws_YJ_laptop_only/install/mapviz_interfaces/share/mapviz_interfaces/local_setup.zsh
[0.507s] -- Up-to-date: /home/yongjing-ub22/comms_nusmr/mapviz_ws_YJ_laptop_only/install/mapviz_interfaces/share/mapviz_interfaces/local_setup.dsv
[0.508s] -- Installing: /home/yongjing-ub22/comms_nusmr/mapviz_ws_YJ_laptop_only/install/mapviz_interfaces/share/mapviz_interfaces/package.dsv
[0.508s] -- Up-to-date: /home/yongjing-ub22/comms_nusmr/mapviz_ws_YJ_laptop_only/install/mapviz_interfaces/share/ament_index/resource_index/packages/mapviz_interfaces
[0.508s] -- Up-to-date: /home/yongjing-ub22/comms_nusmr/mapviz_ws_YJ_laptop_only/install/mapviz_interfaces/share/mapviz_interfaces/cmake/export_mapviz_interfaces__rosidl_generator_cExport.cmake
[0.508s] -- Up-to-date: /home/yongjing-ub22/comms_nusmr/mapviz_ws_YJ_laptop_only/install/mapviz_interfaces/share/mapviz_interfaces/cmake/export_mapviz_interfaces__rosidl_generator_cExport-noconfig.cmake
[0.508s] -- Up-to-date: /home/yongjing-ub22/comms_nusmr/mapviz_ws_YJ_laptop_only/install/mapviz_interfaces/share/mapviz_interfaces/cmake/export_mapviz_interfaces__rosidl_typesupport_fastrtps_cExport.cmake
[0.508s] -- Up-to-date: /home/yongjing-ub22/comms_nusmr/mapviz_ws_YJ_laptop_only/install/mapviz_interfaces/share/mapviz_interfaces/cmake/export_mapviz_interfaces__rosidl_typesupport_fastrtps_cExport-noconfig.cmake
[0.508s] -- Up-to-date: /home/yongjing-ub22/comms_nusmr/mapviz_ws_YJ_laptop_only/install/mapviz_interfaces/share/mapviz_interfaces/cmake/export_mapviz_interfaces__rosidl_generator_cppExport.cmake
[0.508s] -- Up-to-date: /home/yongjing-ub22/comms_nusmr/mapviz_ws_YJ_laptop_only/install/mapviz_interfaces/share/mapviz_interfaces/cmake/export_mapviz_interfaces__rosidl_typesupport_fastrtps_cppExport.cmake
[0.508s] -- Up-to-date: /home/yongjing-ub22/comms_nusmr/mapviz_ws_YJ_laptop_only/install/mapviz_interfaces/share/mapviz_interfaces/cmake/export_mapviz_interfaces__rosidl_typesupport_fastrtps_cppExport-noconfig.cmake
[0.509s] -- Up-to-date: /home/yongjing-ub22/comms_nusmr/mapviz_ws_YJ_laptop_only/install/mapviz_interfaces/share/mapviz_interfaces/cmake/mapviz_interfaces__rosidl_typesupport_introspection_cExport.cmake
[0.509s] -- Up-to-date: /home/yongjing-ub22/comms_nusmr/mapviz_ws_YJ_laptop_only/install/mapviz_interfaces/share/mapviz_interfaces/cmake/mapviz_interfaces__rosidl_typesupport_introspection_cExport-noconfig.cmake
[0.509s] -- Up-to-date: /home/yongjing-ub22/comms_nusmr/mapviz_ws_YJ_laptop_only/install/mapviz_interfaces/share/mapviz_interfaces/cmake/mapviz_interfaces__rosidl_typesupport_cExport.cmake
[0.509s] -- Up-to-date: /home/yongjing-ub22/comms_nusmr/mapviz_ws_YJ_laptop_only/install/mapviz_interfaces/share/mapviz_interfaces/cmake/mapviz_interfaces__rosidl_typesupport_cExport-noconfig.cmake
[0.509s] -- Up-to-date: /home/yongjing-ub22/comms_nusmr/mapviz_ws_YJ_laptop_only/install/mapviz_interfaces/share/mapviz_interfaces/cmake/mapviz_interfaces__rosidl_typesupport_introspection_cppExport.cmake
[0.509s] -- Up-to-date: /home/yongjing-ub22/comms_nusmr/mapviz_ws_YJ_laptop_only/install/mapviz_interfaces/share/mapviz_interfaces/cmake/mapviz_interfaces__rosidl_typesupport_introspection_cppExport-noconfig.cmake
[0.509s] -- Up-to-date: /home/yongjing-ub22/comms_nusmr/mapviz_ws_YJ_laptop_only/install/mapviz_interfaces/share/mapviz_interfaces/cmake/mapviz_interfaces__rosidl_typesupport_cppExport.cmake
[0.509s] -- Up-to-date: /home/yongjing-ub22/comms_nusmr/mapviz_ws_YJ_laptop_only/install/mapviz_interfaces/share/mapviz_interfaces/cmake/mapviz_interfaces__rosidl_typesupport_cppExport-noconfig.cmake
[0.509s] -- Up-to-date: /home/yongjing-ub22/comms_nusmr/mapviz_ws_YJ_laptop_only/install/mapviz_interfaces/share/mapviz_interfaces/cmake/export_mapviz_interfaces__rosidl_generator_pyExport.cmake
[0.510s] -- Up-to-date: /home/yongjing-ub22/comms_nusmr/mapviz_ws_YJ_laptop_only/install/mapviz_interfaces/share/mapviz_interfaces/cmake/export_mapviz_interfaces__rosidl_generator_pyExport-noconfig.cmake
[0.510s] -- Up-to-date: /home/yongjing-ub22/comms_nusmr/mapviz_ws_YJ_laptop_only/install/mapviz_interfaces/share/mapviz_interfaces/cmake/rosidl_cmake-extras.cmake
[0.510s] -- Up-to-date: /home/yongjing-ub22/comms_nusmr/mapviz_ws_YJ_laptop_only/install/mapviz_interfaces/share/mapviz_interfaces/cmake/ament_cmake_export_dependencies-extras.cmake
[0.510s] -- Up-to-date: /home/yongjing-ub22/comms_nusmr/mapviz_ws_YJ_laptop_only/install/mapviz_interfaces/share/mapviz_interfaces/cmake/ament_cmake_export_include_directories-extras.cmake
[0.510s] -- Up-to-date: /home/yongjing-ub22/comms_nusmr/mapviz_ws_YJ_laptop_only/install/mapviz_interfaces/share/mapviz_interfaces/cmake/ament_cmake_export_libraries-extras.cmake
[0.510s] -- Up-to-date: /home/yongjing-ub22/comms_nusmr/mapviz_ws_YJ_laptop_only/install/mapviz_interfaces/share/mapviz_interfaces/cmake/ament_cmake_export_targets-extras.cmake
[0.510s] -- Up-to-date: /home/yongjing-ub22/comms_nusmr/mapviz_ws_YJ_laptop_only/install/mapviz_interfaces/share/mapviz_interfaces/cmake/rosidl_cmake_export_typesupport_targets-extras.cmake
[0.510s] -- Up-to-date: /home/yongjing-ub22/comms_nusmr/mapviz_ws_YJ_laptop_only/install/mapviz_interfaces/share/mapviz_interfaces/cmake/rosidl_cmake_export_typesupport_libraries-extras.cmake
[0.511s] -- Up-to-date: /home/yongjing-ub22/comms_nusmr/mapviz_ws_YJ_laptop_only/install/mapviz_interfaces/share/mapviz_interfaces/cmake/mapviz_interfacesConfig.cmake
[0.511s] -- Up-to-date: /home/yongjing-ub22/comms_nusmr/mapviz_ws_YJ_laptop_only/install/mapviz_interfaces/share/mapviz_interfaces/cmake/mapviz_interfacesConfig-version.cmake
[0.511s] -- Up-to-date: /home/yongjing-ub22/comms_nusmr/mapviz_ws_YJ_laptop_only/install/mapviz_interfaces/share/mapviz_interfaces/package.xml
[0.513s] Invoked command in '/home/yongjing-ub22/comms_nusmr/mapviz_ws_YJ_laptop_only/build/mapviz_interfaces' returned '0': CMAKE_PREFIX_PATH=/opt/ros/humble /usr/bin/cmake --install /home/yongjing-ub22/comms_nusmr/mapviz_ws_YJ_laptop_only/build/mapviz_interfaces
