[0.010s] Invoking command in '/home/yongjing-ub22/comms_nusmr/mapviz_ws_YJ_laptop_only/build/tile_map': CMAKE_PREFIX_PATH=/home/yongjing-ub22/comms_nusmr/mapviz_ws_YJ_laptop_only/install/mapviz:/home/yongjing-ub22/comms_nusmr/mapviz_ws_YJ_laptop_only/install/mapviz_interfaces:/home/yongjing-ub22/comms_nusmr/mapviz_ws_YJ_laptop_only/install/tile_map:/home/yongjing-ub22/comms_nusmr/mapviz_ws_YJ_laptop_only/install/multires_image:/home/yongjing-ub22/comms_nusmr/mapviz_ws_YJ_laptop_only/install/mapviz_plugins:/home/yongjing-ub22/comms_nusmr/mapviz_ws_YJ_laptop_only/install/path_publisher:/opt/ros/humble LD_LIBRARY_PATH=/home/yongjing-ub22/comms_nusmr/mapviz_ws_YJ_laptop_only/install/mapviz_interfaces/lib:/home/yongjing-ub22/comms_nusmr/mapviz_ws_YJ_laptop_only/install/tile_map/lib:/home/yongjing-ub22/comms_nusmr/mapviz_ws_YJ_laptop_only/install/multires_image/lib:/home/yongjing-ub22/comms_nusmr/mapviz_ws_YJ_laptop_only/install/mapviz_plugins/lib:/home/yongjing-ub22/comms_nusmr/mapviz_ws_YJ_laptop_only/install/mapviz/lib:/usr/lib/x86_64-linux-gnu/gazebo-11/plugins:/opt/ros/humble/opt/rviz_ogre_vendor/lib:/opt/ros/humble/lib/x86_64-linux-gnu:/opt/ros/humble/lib /usr/bin/cmake --build /home/yongjing-ub22/comms_nusmr/mapviz_ws_YJ_laptop_only/build/tile_map -- -j20 -l20
[0.063s] [ 75%] Built target tile_map
[0.094s] [100%] Built target tile_map_plugin
[0.104s] Invoked command in '/home/yongjing-ub22/comms_nusmr/mapviz_ws_YJ_laptop_only/build/tile_map' returned '0': CMAKE_PREFIX_PATH=/home/yongjing-ub22/comms_nusmr/mapviz_ws_YJ_laptop_only/install/mapviz:/home/yongjing-ub22/comms_nusmr/mapviz_ws_YJ_laptop_only/install/mapviz_interfaces:/home/yongjing-ub22/comms_nusmr/mapviz_ws_YJ_laptop_only/install/tile_map:/home/yongjing-ub22/comms_nusmr/mapviz_ws_YJ_laptop_only/install/multires_image:/home/yongjing-ub22/comms_nusmr/mapviz_ws_YJ_laptop_only/install/mapviz_plugins:/home/yongjing-ub22/comms_nusmr/mapviz_ws_YJ_laptop_only/install/path_publisher:/opt/ros/humble LD_LIBRARY_PATH=/home/yongjing-ub22/comms_nusmr/mapviz_ws_YJ_laptop_only/install/mapviz_interfaces/lib:/home/yongjing-ub22/comms_nusmr/mapviz_ws_YJ_laptop_only/install/tile_map/lib:/home/yongjing-ub22/comms_nusmr/mapviz_ws_YJ_laptop_only/install/multires_image/lib:/home/yongjing-ub22/comms_nusmr/mapviz_ws_YJ_laptop_only/install/mapviz_plugins/lib:/home/yongjing-ub22/comms_nusmr/mapviz_ws_YJ_laptop_only/install/mapviz/lib:/usr/lib/x86_64-linux-gnu/gazebo-11/plugins:/opt/ros/humble/opt/rviz_ogre_vendor/lib:/opt/ros/humble/lib/x86_64-linux-gnu:/opt/ros/humble/lib /usr/bin/cmake --build /home/yongjing-ub22/comms_nusmr/mapviz_ws_YJ_laptop_only/build/tile_map -- -j20 -l20
[0.105s] Invoking command in '/home/yongjing-ub22/comms_nusmr/mapviz_ws_YJ_laptop_only/build/tile_map': CMAKE_PREFIX_PATH=/home/yongjing-ub22/comms_nusmr/mapviz_ws_YJ_laptop_only/install/mapviz:/home/yongjing-ub22/comms_nusmr/mapviz_ws_YJ_laptop_only/install/mapviz_interfaces:/home/yongjing-ub22/comms_nusmr/mapviz_ws_YJ_laptop_only/install/tile_map:/home/yongjing-ub22/comms_nusmr/mapviz_ws_YJ_laptop_only/install/multires_image:/home/yongjing-ub22/comms_nusmr/mapviz_ws_YJ_laptop_only/install/mapviz_plugins:/home/yongjing-ub22/comms_nusmr/mapviz_ws_YJ_laptop_only/install/path_publisher:/opt/ros/humble LD_LIBRARY_PATH=/home/yongjing-ub22/comms_nusmr/mapviz_ws_YJ_laptop_only/install/mapviz_interfaces/lib:/home/yongjing-ub22/comms_nusmr/mapviz_ws_YJ_laptop_only/install/tile_map/lib:/home/yongjing-ub22/comms_nusmr/mapviz_ws_YJ_laptop_only/install/multires_image/lib:/home/yongjing-ub22/comms_nusmr/mapviz_ws_YJ_laptop_only/install/mapviz_plugins/lib:/home/yongjing-ub22/comms_nusmr/mapviz_ws_YJ_laptop_only/install/mapviz/lib:/usr/lib/x86_64-linux-gnu/gazebo-11/plugins:/opt/ros/humble/opt/rviz_ogre_vendor/lib:/opt/ros/humble/lib/x86_64-linux-gnu:/opt/ros/humble/lib /usr/bin/cmake --install /home/yongjing-ub22/comms_nusmr/mapviz_ws_YJ_laptop_only/build/tile_map
[0.110s] -- Install configuration: ""
[0.110s] -- Up-to-date: /home/yongjing-ub22/comms_nusmr/mapviz_ws_YJ_laptop_only/install/tile_map/include/tile_map
[0.110s] -- Up-to-date: /home/yongjing-ub22/comms_nusmr/mapviz_ws_YJ_laptop_only/install/tile_map/include/tile_map/texture_cache.h
[0.110s] -- Up-to-date: /home/yongjing-ub22/comms_nusmr/mapviz_ws_YJ_laptop_only/install/tile_map/include/tile_map/tile_source.h
[0.111s] -- Up-to-date: /home/yongjing-ub22/comms_nusmr/mapviz_ws_YJ_laptop_only/install/tile_map/include/tile_map/tile_map_view.h
[0.111s] -- Up-to-date: /home/yongjing-ub22/comms_nusmr/mapviz_ws_YJ_laptop_only/install/tile_map/include/tile_map/tile_map_plugin.h
[0.111s] -- Up-to-date: /home/yongjing-ub22/comms_nusmr/mapviz_ws_YJ_laptop_only/install/tile_map/include/tile_map/image_cache.h
[0.111s] -- Up-to-date: /home/yongjing-ub22/comms_nusmr/mapviz_ws_YJ_laptop_only/install/tile_map/include/tile_map/bing_source.h
[0.111s] -- Up-to-date: /home/yongjing-ub22/comms_nusmr/mapviz_ws_YJ_laptop_only/install/tile_map/include/tile_map/wmts_source.h
[0.111s] -- Up-to-date: /home/yongjing-ub22/comms_nusmr/mapviz_ws_YJ_laptop_only/install/tile_map/lib/libtile_map.a
[0.111s] -- Up-to-date: /home/yongjing-ub22/comms_nusmr/mapviz_ws_YJ_laptop_only/install/tile_map/lib/libtile_map_plugin.so
[0.111s] -- Up-to-date: /home/yongjing-ub22/comms_nusmr/mapviz_ws_YJ_laptop_only/install/tile_map/share/tile_map/mapviz_plugins.xml
[0.111s] -- Up-to-date: /home/yongjing-ub22/comms_nusmr/mapviz_ws_YJ_laptop_only/install/tile_map/share/tile_map/environment/library_path.sh
[0.111s] -- Up-to-date: /home/yongjing-ub22/comms_nusmr/mapviz_ws_YJ_laptop_only/install/tile_map/share/tile_map/environment/library_path.dsv
[0.111s] -- Up-to-date: /home/yongjing-ub22/comms_nusmr/mapviz_ws_YJ_laptop_only/install/tile_map/share/ament_index/resource_index/package_run_dependencies/tile_map
[0.111s] -- Up-to-date: /home/yongjing-ub22/comms_nusmr/mapviz_ws_YJ_laptop_only/install/tile_map/share/ament_index/resource_index/parent_prefix_path/tile_map
[0.111s] -- Up-to-date: /home/yongjing-ub22/comms_nusmr/mapviz_ws_YJ_laptop_only/install/tile_map/share/tile_map/environment/ament_prefix_path.sh
[0.111s] -- Up-to-date: /home/yongjing-ub22/comms_nusmr/mapviz_ws_YJ_laptop_only/install/tile_map/share/tile_map/environment/ament_prefix_path.dsv
[0.111s] -- Up-to-date: /home/yongjing-ub22/comms_nusmr/mapviz_ws_YJ_laptop_only/install/tile_map/share/tile_map/environment/path.sh
[0.112s] -- Up-to-date: /home/yongjing-ub22/comms_nusmr/mapviz_ws_YJ_laptop_only/install/tile_map/share/tile_map/environment/path.dsv
[0.112s] -- Up-to-date: /home/yongjing-ub22/comms_nusmr/mapviz_ws_YJ_laptop_only/install/tile_map/share/tile_map/local_setup.bash
[0.112s] -- Up-to-date: /home/yongjing-ub22/comms_nusmr/mapviz_ws_YJ_laptop_only/install/tile_map/share/tile_map/local_setup.sh
[0.112s] -- Up-to-date: /home/yongjing-ub22/comms_nusmr/mapviz_ws_YJ_laptop_only/install/tile_map/share/tile_map/local_setup.zsh
[0.112s] -- Up-to-date: /home/yongjing-ub22/comms_nusmr/mapviz_ws_YJ_laptop_only/install/tile_map/share/tile_map/local_setup.dsv
[0.112s] -- Installing: /home/yongjing-ub22/comms_nusmr/mapviz_ws_YJ_laptop_only/install/tile_map/share/tile_map/package.dsv
[0.112s] -- Up-to-date: /home/yongjing-ub22/comms_nusmr/mapviz_ws_YJ_laptop_only/install/tile_map/share/ament_index/resource_index/packages/tile_map
[0.112s] -- Up-to-date: /home/yongjing-ub22/comms_nusmr/mapviz_ws_YJ_laptop_only/install/tile_map/share/ament_index/resource_index/mapviz__pluginlib__plugin/tile_map
[0.112s] -- Up-to-date: /home/yongjing-ub22/comms_nusmr/mapviz_ws_YJ_laptop_only/install/tile_map/share/tile_map/cmake/ament_cmake_export_dependencies-extras.cmake
[0.113s] -- Up-to-date: /home/yongjing-ub22/comms_nusmr/mapviz_ws_YJ_laptop_only/install/tile_map/share/tile_map/cmake/ament_cmake_export_include_directories-extras.cmake
[0.113s] -- Up-to-date: /home/yongjing-ub22/comms_nusmr/mapviz_ws_YJ_laptop_only/install/tile_map/share/tile_map/cmake/ament_cmake_export_libraries-extras.cmake
[0.113s] -- Up-to-date: /home/yongjing-ub22/comms_nusmr/mapviz_ws_YJ_laptop_only/install/tile_map/share/tile_map/cmake/tile_mapConfig.cmake
[0.114s] -- Up-to-date: /home/yongjing-ub22/comms_nusmr/mapviz_ws_YJ_laptop_only/install/tile_map/share/tile_map/cmake/tile_mapConfig-version.cmake
[0.114s] -- Up-to-date: /home/yongjing-ub22/comms_nusmr/mapviz_ws_YJ_laptop_only/install/tile_map/share/tile_map/package.xml
[0.114s] Invoked command in '/home/yongjing-ub22/comms_nusmr/mapviz_ws_YJ_laptop_only/build/tile_map' returned '0': CMAKE_PREFIX_PATH=/home/yongjing-ub22/comms_nusmr/mapviz_ws_YJ_laptop_only/install/mapviz:/home/yongjing-ub22/comms_nusmr/mapviz_ws_YJ_laptop_only/install/mapviz_interfaces:/home/yongjing-ub22/comms_nusmr/mapviz_ws_YJ_laptop_only/install/tile_map:/home/yongjing-ub22/comms_nusmr/mapviz_ws_YJ_laptop_only/install/multires_image:/home/yongjing-ub22/comms_nusmr/mapviz_ws_YJ_laptop_only/install/mapviz_plugins:/home/yongjing-ub22/comms_nusmr/mapviz_ws_YJ_laptop_only/install/path_publisher:/opt/ros/humble LD_LIBRARY_PATH=/home/yongjing-ub22/comms_nusmr/mapviz_ws_YJ_laptop_only/install/mapviz_interfaces/lib:/home/yongjing-ub22/comms_nusmr/mapviz_ws_YJ_laptop_only/install/tile_map/lib:/home/yongjing-ub22/comms_nusmr/mapviz_ws_YJ_laptop_only/install/multires_image/lib:/home/yongjing-ub22/comms_nusmr/mapviz_ws_YJ_laptop_only/install/mapviz_plugins/lib:/home/yongjing-ub22/comms_nusmr/mapviz_ws_YJ_laptop_only/install/mapviz/lib:/usr/lib/x86_64-linux-gnu/gazebo-11/plugins:/opt/ros/humble/opt/rviz_ogre_vendor/lib:/opt/ros/humble/lib/x86_64-linux-gnu:/opt/ros/humble/lib /usr/bin/cmake --install /home/yongjing-ub22/comms_nusmr/mapviz_ws_YJ_laptop_only/build/tile_map
