[  3%] Built target mapviz_interfaces__cpp
[ 12%] Built target mapviz_interfaces__rosidl_generator_c
[ 12%] Built target ament_cmake_python_copy_mapviz_interfaces
[ 22%] Built target mapviz_interfaces__rosidl_typesupport_introspection_c
[ 32%] Built target mapviz_interfaces__rosidl_typesupport_cpp
[ 41%] Built target mapviz_interfaces__rosidl_typesupport_fastrtps_cpp
[ 51%] Built target mapviz_interfaces__rosidl_typesupport_c
[ 61%] Built target mapviz_interfaces__rosidl_typesupport_introspection_cpp
[ 70%] Built target mapviz_interfaces__rosidl_typesupport_fastrtps_c
[ 70%] Built target mapviz_interfaces
[ 74%] Built target mapviz_interfaces__py
[ 80%] Built target mapviz_interfaces__rosidl_generator_py
[ 93%] Built target mapviz_interfaces__rosidl_typesupport_c__pyext
[ 93%] Built target mapviz_interfaces__rosidl_typesupport_introspection_c__pyext
[100%] Built target mapviz_interfaces__rosidl_typesupport_fastrtps_c__pyext
running egg_info
writing mapviz_interfaces.egg-info/PKG-INFO
writing dependency_links to mapviz_interfaces.egg-info/dependency_links.txt
writing top-level names to mapviz_interfaces.egg-info/top_level.txt
reading manifest file 'mapviz_interfaces.egg-info/SOURCES.txt'
writing manifest file 'mapviz_interfaces.egg-info/SOURCES.txt'
