[0.012s] Invoking command in '/home/yongjing-ub22/RTK_GPS_NTRIP_ws/build/rtcm_msgs': CMAKE_PREFIX_PATH=${CMAKE_PREFIX_PATH}:/home/yongjing-ub22/RTK_GPS_NTRIP_ws/install/ntrip_client:/opt/ros/humble /usr/bin/cmake --build /home/yongjing-ub22/RTK_GPS_NTRIP_ws/build/rtcm_msgs -- -j20 -l20
[0.052s] -- Found ros_environment: 3.2.2 (/opt/ros/humble/share/ros_environment/cmake)
[0.052s] -- Found std_msgs: 4.2.4 (/opt/ros/humble/share/std_msgs/cmake)
[0.164s] -- Found rosidl_generator_c: 3.1.6 (/opt/ros/humble/share/rosidl_generator_c/cmake)
[0.166s] -- Found rosidl_adapter: 3.1.6 (/opt/ros/humble/share/rosidl_adapter/cmake)
[0.171s] -- Found rosidl_generator_cpp: 3.1.6 (/opt/ros/humble/share/rosidl_generator_cpp/cmake)
[0.180s] -- Using all available rosidl_typesupport_c: rosidl_typesupport_fastrtps_c;rosidl_typesupport_introspection_c
[0.189s] -- Using all available rosidl_typesupport_cpp: rosidl_typesupport_fastrtps_cpp;rosidl_typesupport_introspection_cpp
[0.206s] -- Found rosidl_default_generators: 1.2.0 (/opt/ros/humble/share/rosidl_default_generators/cmake)
[0.396s] -- Found ament_cmake_cppcheck: 0.12.11 (/opt/ros/humble/share/ament_cmake_cppcheck/cmake)
[0.397s] -- Found ament_cmake_cpplint: 0.12.11 (/opt/ros/humble/share/ament_cmake_cpplint/cmake)
[0.397s] -- Found ament_cmake_uncrustify: 0.12.11 (/opt/ros/humble/share/ament_cmake_uncrustify/cmake)
[0.398s] -- Found ament_cmake_ros: 0.10.0 (/opt/ros/humble/share/ament_cmake_ros/cmake)
[0.643s] -- Using all available rosidl_typesupport_c: rosidl_typesupport_fastrtps_c;rosidl_typesupport_introspection_c
[0.739s] -- Using all available rosidl_typesupport_cpp: rosidl_typesupport_fastrtps_cpp;rosidl_typesupport_introspection_cpp
[0.756s] -- Found python_cmake_module: 0.10.0 (/opt/ros/humble/share/python_cmake_module/cmake)
[0.772s] -- Using PYTHON_EXECUTABLE: /usr/bin/python3
[0.772s] -- Using PYTHON_INCLUDE_DIRS: /usr/include/python3.10
[0.772s] -- Using PYTHON_LIBRARIES: /usr/lib/x86_64-linux-gnu/libpython3.10.so
[0.790s] -- Found ament_cmake_flake8: 0.12.11 (/opt/ros/humble/share/ament_cmake_flake8/cmake)
[0.791s] -- Found ament_cmake_pep257: 0.12.11 (/opt/ros/humble/share/ament_cmake_pep257/cmake)
[0.796s] -- Configuring done
[0.825s] -- Generating done
[0.827s] -- Build files have been written to: /home/yongjing-ub22/RTK_GPS_NTRIP_ws/build/rtcm_msgs
[0.847s] [  3%] [34m[1mGenerating C code for ROS interfaces[0m
[0.853s] [  6%] [34m[1mGenerating C++ code for ROS interfaces[0m
[0.861s] [  6%] Built target ament_cmake_python_copy_rtcm_msgs
[0.997s] [35m[1mConsolidate compiler generated dependencies of target rtcm_msgs__rosidl_generator_c[0m
[1.000s] [  6%] Built target rtcm_msgs__cpp
[1.008s] [  9%] [34m[1mGenerating C++ introspection for ROS interfaces[0m
[1.008s] [ 12%] [34m[1mGenerating C++ type support dispatch for ROS interfaces[0m
[1.008s] [ 16%] [34m[1mGenerating C++ type support for eProsima Fast-RTPS[0m
[1.009s] [ 19%] [32mBuilding C object CMakeFiles/rtcm_msgs__rosidl_generator_c.dir/rosidl_generator_c/rtcm_msgs/msg/detail/message__functions.c.o[0m
[1.026s] running egg_info
[1.026s] writing rtcm_msgs.egg-info/PKG-INFO
[1.026s] writing dependency_links to rtcm_msgs.egg-info/dependency_links.txt
[1.026s] writing top-level names to rtcm_msgs.egg-info/top_level.txt
[1.027s] reading manifest file 'rtcm_msgs.egg-info/SOURCES.txt'
[1.028s] writing manifest file 'rtcm_msgs.egg-info/SOURCES.txt'
[1.045s] [ 19%] Built target ament_cmake_python_build_rtcm_msgs_egg
[1.114s] [ 22%] [32m[1mLinking C shared library librtcm_msgs__rosidl_generator_c.so[0m
[1.136s] [35m[1mConsolidate compiler generated dependencies of target rtcm_msgs__rosidl_typesupport_cpp[0m
[1.148s] [35m[1mConsolidate compiler generated dependencies of target rtcm_msgs__rosidl_typesupport_introspection_cpp[0m
[1.148s] [ 25%] [32mBuilding CXX object CMakeFiles/rtcm_msgs__rosidl_typesupport_cpp.dir/rosidl_typesupport_cpp/rtcm_msgs/msg/message__type_support.cpp.o[0m
[1.148s] [35m[1mConsolidate compiler generated dependencies of target rtcm_msgs__rosidl_typesupport_fastrtps_cpp[0m
[1.150s] [ 25%] Built target rtcm_msgs__rosidl_generator_c
[1.156s] [ 29%] [32mBuilding CXX object CMakeFiles/rtcm_msgs__rosidl_typesupport_introspection_cpp.dir/rosidl_typesupport_introspection_cpp/rtcm_msgs/msg/detail/message__type_support.cpp.o[0m
[1.156s] [ 32%] [34m[1mGenerating C introspection for ROS interfaces[0m
[1.156s] [ 35%] [32mBuilding CXX object CMakeFiles/rtcm_msgs__rosidl_typesupport_fastrtps_cpp.dir/rosidl_typesupport_fastrtps_cpp/rtcm_msgs/msg/detail/dds_fastrtps/message__type_support.cpp.o[0m
[1.158s] [ 38%] [34m[1mGenerating C type support for eProsima Fast-RTPS[0m
[1.158s] [ 41%] [34m[1mGenerating C type support dispatch for ROS interfaces[0m
[1.288s] [35m[1mConsolidate compiler generated dependencies of target rtcm_msgs__rosidl_typesupport_c[0m
[1.296s] [ 45%] [32mBuilding CXX object CMakeFiles/rtcm_msgs__rosidl_typesupport_c.dir/rosidl_typesupport_c/rtcm_msgs/msg/message__type_support.cpp.o[0m
[1.301s] [35m[1mConsolidate compiler generated dependencies of target rtcm_msgs__rosidl_typesupport_introspection_c[0m
[1.301s] [35m[1mConsolidate compiler generated dependencies of target rtcm_msgs__rosidl_typesupport_fastrtps_c[0m
[1.309s] [ 48%] [32mBuilding C object CMakeFiles/rtcm_msgs__rosidl_typesupport_introspection_c.dir/rosidl_typesupport_introspection_c/rtcm_msgs/msg/detail/message__type_support.c.o[0m
[1.309s] [ 51%] [32mBuilding CXX object CMakeFiles/rtcm_msgs__rosidl_typesupport_fastrtps_c.dir/rosidl_typesupport_fastrtps_c/rtcm_msgs/msg/detail/message__type_support_c.cpp.o[0m
[1.323s] [ 54%] [32m[1mLinking CXX shared library librtcm_msgs__rosidl_typesupport_c.so[0m
[1.341s] [ 58%] [32m[1mLinking C shared library librtcm_msgs__rosidl_typesupport_introspection_c.so[0m
[1.353s] [ 58%] Built target rtcm_msgs__rosidl_typesupport_c
[1.354s] [ 61%] [32m[1mLinking CXX shared library librtcm_msgs__rosidl_typesupport_cpp.so[0m
[1.364s] [ 61%] Built target rtcm_msgs__rosidl_typesupport_introspection_c
[1.381s] [ 61%] Built target rtcm_msgs__rosidl_typesupport_cpp
[1.436s] [ 64%] [32m[1mLinking CXX shared library librtcm_msgs__rosidl_typesupport_fastrtps_cpp.so[0m
[1.440s] [ 67%] [32m[1mLinking CXX shared library librtcm_msgs__rosidl_typesupport_introspection_cpp.so[0m
[1.483s] [ 67%] Built target rtcm_msgs__rosidl_typesupport_fastrtps_cpp
[1.490s] [ 67%] Built target rtcm_msgs__rosidl_typesupport_introspection_cpp
[1.490s] [ 70%] [32m[1mLinking CXX shared library librtcm_msgs__rosidl_typesupport_fastrtps_c.so[0m
[1.539s] [ 70%] Built target rtcm_msgs__rosidl_typesupport_fastrtps_c
[1.553s] [ 70%] Built target rtcm_msgs
[1.568s] [ 74%] [34m[1mGenerating Python code for ROS interfaces[0m
[1.742s] [ 74%] Built target rtcm_msgs__py
[1.750s] [35m[1mConsolidate compiler generated dependencies of target rtcm_msgs__rosidl_generator_py[0m
[1.759s] [ 77%] [32mBuilding C object CMakeFiles/rtcm_msgs__rosidl_generator_py.dir/rosidl_generator_py/rtcm_msgs/msg/_message_s.c.o[0m
[1.837s] [ 80%] [32m[1mLinking C shared library rosidl_generator_py/rtcm_msgs/librtcm_msgs__rosidl_generator_py.so[0m
[1.873s] [ 80%] Built target rtcm_msgs__rosidl_generator_py
[1.882s] [35m[1mConsolidate compiler generated dependencies of target rtcm_msgs__rosidl_typesupport_c__pyext[0m
[1.882s] [35m[1mConsolidate compiler generated dependencies of target rtcm_msgs__rosidl_typesupport_introspection_c__pyext[0m
[1.882s] [35m[1mConsolidate compiler generated dependencies of target rtcm_msgs__rosidl_typesupport_fastrtps_c__pyext[0m
[1.890s] [ 87%] [32mBuilding C object CMakeFiles/rtcm_msgs__rosidl_typesupport_c__pyext.dir/rosidl_generator_py/rtcm_msgs/_rtcm_msgs_s.ep.rosidl_typesupport_c.c.o[0m
[1.890s] [ 87%] [32mBuilding C object CMakeFiles/rtcm_msgs__rosidl_typesupport_fastrtps_c__pyext.dir/rosidl_generator_py/rtcm_msgs/_rtcm_msgs_s.ep.rosidl_typesupport_fastrtps_c.c.o[0m
[1.892s] [ 90%] [32mBuilding C object CMakeFiles/rtcm_msgs__rosidl_typesupport_introspection_c__pyext.dir/rosidl_generator_py/rtcm_msgs/_rtcm_msgs_s.ep.rosidl_typesupport_introspection_c.c.o[0m
[1.949s] [100%] [32m[1mLinking C shared library rosidl_generator_py/rtcm_msgs/rtcm_msgs_s__rosidl_typesupport_introspection_c.cpython-310-x86_64-linux-gnu.so[0m
[1.949s] [100%] [32m[1mLinking C shared library rosidl_generator_py/rtcm_msgs/rtcm_msgs_s__rosidl_typesupport_fastrtps_c.cpython-310-x86_64-linux-gnu.so[0m
[1.949s] [100%] [32m[1mLinking C shared library rosidl_generator_py/rtcm_msgs/rtcm_msgs_s__rosidl_typesupport_c.cpython-310-x86_64-linux-gnu.so[0m
[1.977s] [100%] Built target rtcm_msgs__rosidl_typesupport_c__pyext
[1.978s] [100%] Built target rtcm_msgs__rosidl_typesupport_introspection_c__pyext
[1.978s] [100%] Built target rtcm_msgs__rosidl_typesupport_fastrtps_c__pyext
[1.986s] Invoked command in '/home/yongjing-ub22/RTK_GPS_NTRIP_ws/build/rtcm_msgs' returned '0': CMAKE_PREFIX_PATH=${CMAKE_PREFIX_PATH}:/home/yongjing-ub22/RTK_GPS_NTRIP_ws/install/ntrip_client:/opt/ros/humble /usr/bin/cmake --build /home/yongjing-ub22/RTK_GPS_NTRIP_ws/build/rtcm_msgs -- -j20 -l20
[2.032s] Invoking command in '/home/yongjing-ub22/RTK_GPS_NTRIP_ws/build/rtcm_msgs': CMAKE_PREFIX_PATH=${CMAKE_PREFIX_PATH}:/home/yongjing-ub22/RTK_GPS_NTRIP_ws/install/ntrip_client:/opt/ros/humble /usr/bin/cmake --install /home/yongjing-ub22/RTK_GPS_NTRIP_ws/build/rtcm_msgs
[2.038s] -- Install configuration: ""
[2.038s] -- Up-to-date: /home/yongjing-ub22/RTK_GPS_NTRIP_ws/install/rtcm_msgs/share/ament_index/resource_index/rosidl_interfaces/rtcm_msgs
[2.039s] -- Up-to-date: /home/yongjing-ub22/RTK_GPS_NTRIP_ws/install/rtcm_msgs/include/rtcm_msgs/rtcm_msgs
[2.039s] -- Up-to-date: /home/yongjing-ub22/RTK_GPS_NTRIP_ws/install/rtcm_msgs/include/rtcm_msgs/rtcm_msgs/msg
[2.039s] -- Installing: /home/yongjing-ub22/RTK_GPS_NTRIP_ws/install/rtcm_msgs/include/rtcm_msgs/rtcm_msgs/msg/message.h
[2.039s] -- Up-to-date: /home/yongjing-ub22/RTK_GPS_NTRIP_ws/install/rtcm_msgs/include/rtcm_msgs/rtcm_msgs/msg/rosidl_generator_c__visibility_control.h
[2.039s] -- Up-to-date: /home/yongjing-ub22/RTK_GPS_NTRIP_ws/install/rtcm_msgs/include/rtcm_msgs/rtcm_msgs/msg/detail
[2.039s] -- Installing: /home/yongjing-ub22/RTK_GPS_NTRIP_ws/install/rtcm_msgs/include/rtcm_msgs/rtcm_msgs/msg/detail/message__functions.h
[2.039s] -- Installing: /home/yongjing-ub22/RTK_GPS_NTRIP_ws/install/rtcm_msgs/include/rtcm_msgs/rtcm_msgs/msg/detail/message__struct.h
[2.039s] -- Installing: /home/yongjing-ub22/RTK_GPS_NTRIP_ws/install/rtcm_msgs/include/rtcm_msgs/rtcm_msgs/msg/detail/message__type_support.h
[2.039s] -- Installing: /home/yongjing-ub22/RTK_GPS_NTRIP_ws/install/rtcm_msgs/include/rtcm_msgs/rtcm_msgs/msg/detail/message__functions.c
[2.039s] -- Up-to-date: /home/yongjing-ub22/RTK_GPS_NTRIP_ws/install/rtcm_msgs/share/rtcm_msgs/environment/library_path.sh
[2.039s] -- Installing: /home/yongjing-ub22/RTK_GPS_NTRIP_ws/install/rtcm_msgs/share/rtcm_msgs/environment/library_path.dsv
[2.039s] -- Installing: /home/yongjing-ub22/RTK_GPS_NTRIP_ws/install/rtcm_msgs/lib/librtcm_msgs__rosidl_generator_c.so
[2.040s] -- Set runtime path of "/home/yongjing-ub22/RTK_GPS_NTRIP_ws/install/rtcm_msgs/lib/librtcm_msgs__rosidl_generator_c.so" to ""
[2.040s] -- Up-to-date: /home/yongjing-ub22/RTK_GPS_NTRIP_ws/install/rtcm_msgs/include/rtcm_msgs/rtcm_msgs
[2.040s] -- Up-to-date: /home/yongjing-ub22/RTK_GPS_NTRIP_ws/install/rtcm_msgs/include/rtcm_msgs/rtcm_msgs/msg
[2.040s] -- Up-to-date: /home/yongjing-ub22/RTK_GPS_NTRIP_ws/install/rtcm_msgs/include/rtcm_msgs/rtcm_msgs/msg/rosidl_typesupport_fastrtps_c__visibility_control.h
[2.040s] -- Up-to-date: /home/yongjing-ub22/RTK_GPS_NTRIP_ws/install/rtcm_msgs/include/rtcm_msgs/rtcm_msgs/msg/detail
[2.040s] -- Installing: /home/yongjing-ub22/RTK_GPS_NTRIP_ws/install/rtcm_msgs/include/rtcm_msgs/rtcm_msgs/msg/detail/message__rosidl_typesupport_fastrtps_c.h
[2.040s] -- Installing: /home/yongjing-ub22/RTK_GPS_NTRIP_ws/install/rtcm_msgs/lib/librtcm_msgs__rosidl_typesupport_fastrtps_c.so
[2.040s] -- Set runtime path of "/home/yongjing-ub22/RTK_GPS_NTRIP_ws/install/rtcm_msgs/lib/librtcm_msgs__rosidl_typesupport_fastrtps_c.so" to ""
[2.040s] -- Up-to-date: /home/yongjing-ub22/RTK_GPS_NTRIP_ws/install/rtcm_msgs/include/rtcm_msgs/rtcm_msgs
[2.040s] -- Up-to-date: /home/yongjing-ub22/RTK_GPS_NTRIP_ws/install/rtcm_msgs/include/rtcm_msgs/rtcm_msgs/msg
[2.040s] -- Installing: /home/yongjing-ub22/RTK_GPS_NTRIP_ws/install/rtcm_msgs/include/rtcm_msgs/rtcm_msgs/msg/message.hpp
[2.040s] -- Installing: /home/yongjing-ub22/RTK_GPS_NTRIP_ws/install/rtcm_msgs/include/rtcm_msgs/rtcm_msgs/msg/rosidl_generator_cpp__visibility_control.hpp
[2.040s] -- Up-to-date: /home/yongjing-ub22/RTK_GPS_NTRIP_ws/install/rtcm_msgs/include/rtcm_msgs/rtcm_msgs/msg/detail
[2.040s] -- Installing: /home/yongjing-ub22/RTK_GPS_NTRIP_ws/install/rtcm_msgs/include/rtcm_msgs/rtcm_msgs/msg/detail/message__type_support.hpp
[2.040s] -- Installing: /home/yongjing-ub22/RTK_GPS_NTRIP_ws/install/rtcm_msgs/include/rtcm_msgs/rtcm_msgs/msg/detail/message__traits.hpp
[2.040s] -- Installing: /home/yongjing-ub22/RTK_GPS_NTRIP_ws/install/rtcm_msgs/include/rtcm_msgs/rtcm_msgs/msg/detail/message__struct.hpp
[2.041s] -- Installing: /home/yongjing-ub22/RTK_GPS_NTRIP_ws/install/rtcm_msgs/include/rtcm_msgs/rtcm_msgs/msg/detail/message__builder.hpp
[2.041s] -- Up-to-date: /home/yongjing-ub22/RTK_GPS_NTRIP_ws/install/rtcm_msgs/include/rtcm_msgs/rtcm_msgs
[2.041s] -- Up-to-date: /home/yongjing-ub22/RTK_GPS_NTRIP_ws/install/rtcm_msgs/include/rtcm_msgs/rtcm_msgs/msg
[2.041s] -- Up-to-date: /home/yongjing-ub22/RTK_GPS_NTRIP_ws/install/rtcm_msgs/include/rtcm_msgs/rtcm_msgs/msg/rosidl_typesupport_fastrtps_cpp__visibility_control.h
[2.041s] -- Up-to-date: /home/yongjing-ub22/RTK_GPS_NTRIP_ws/install/rtcm_msgs/include/rtcm_msgs/rtcm_msgs/msg/detail
[2.041s] -- Installing: /home/yongjing-ub22/RTK_GPS_NTRIP_ws/install/rtcm_msgs/include/rtcm_msgs/rtcm_msgs/msg/detail/message__rosidl_typesupport_fastrtps_cpp.hpp
[2.041s] -- Up-to-date: /home/yongjing-ub22/RTK_GPS_NTRIP_ws/install/rtcm_msgs/include/rtcm_msgs/rtcm_msgs/msg/detail/dds_fastrtps
[2.041s] -- Installing: /home/yongjing-ub22/RTK_GPS_NTRIP_ws/install/rtcm_msgs/lib/librtcm_msgs__rosidl_typesupport_fastrtps_cpp.so
[2.041s] -- Set runtime path of "/home/yongjing-ub22/RTK_GPS_NTRIP_ws/install/rtcm_msgs/lib/librtcm_msgs__rosidl_typesupport_fastrtps_cpp.so" to ""
[2.041s] -- Up-to-date: /home/yongjing-ub22/RTK_GPS_NTRIP_ws/install/rtcm_msgs/include/rtcm_msgs/rtcm_msgs
[2.041s] -- Up-to-date: /home/yongjing-ub22/RTK_GPS_NTRIP_ws/install/rtcm_msgs/include/rtcm_msgs/rtcm_msgs/msg
[2.041s] -- Up-to-date: /home/yongjing-ub22/RTK_GPS_NTRIP_ws/install/rtcm_msgs/include/rtcm_msgs/rtcm_msgs/msg/rosidl_typesupport_introspection_c__visibility_control.h
[2.041s] -- Up-to-date: /home/yongjing-ub22/RTK_GPS_NTRIP_ws/install/rtcm_msgs/include/rtcm_msgs/rtcm_msgs/msg/detail
[2.041s] -- Installing: /home/yongjing-ub22/RTK_GPS_NTRIP_ws/install/rtcm_msgs/include/rtcm_msgs/rtcm_msgs/msg/detail/message__rosidl_typesupport_introspection_c.h
[2.041s] -- Installing: /home/yongjing-ub22/RTK_GPS_NTRIP_ws/install/rtcm_msgs/include/rtcm_msgs/rtcm_msgs/msg/detail/message__type_support.c
[2.042s] -- Installing: /home/yongjing-ub22/RTK_GPS_NTRIP_ws/install/rtcm_msgs/lib/librtcm_msgs__rosidl_typesupport_introspection_c.so
[2.042s] -- Set runtime path of "/home/yongjing-ub22/RTK_GPS_NTRIP_ws/install/rtcm_msgs/lib/librtcm_msgs__rosidl_typesupport_introspection_c.so" to ""
[2.042s] -- Installing: /home/yongjing-ub22/RTK_GPS_NTRIP_ws/install/rtcm_msgs/lib/librtcm_msgs__rosidl_typesupport_c.so
[2.042s] -- Set runtime path of "/home/yongjing-ub22/RTK_GPS_NTRIP_ws/install/rtcm_msgs/lib/librtcm_msgs__rosidl_typesupport_c.so" to ""
[2.042s] -- Up-to-date: /home/yongjing-ub22/RTK_GPS_NTRIP_ws/install/rtcm_msgs/include/rtcm_msgs/rtcm_msgs
[2.042s] -- Up-to-date: /home/yongjing-ub22/RTK_GPS_NTRIP_ws/install/rtcm_msgs/include/rtcm_msgs/rtcm_msgs/msg
[2.042s] -- Up-to-date: /home/yongjing-ub22/RTK_GPS_NTRIP_ws/install/rtcm_msgs/include/rtcm_msgs/rtcm_msgs/msg/detail
[2.042s] -- Installing: /home/yongjing-ub22/RTK_GPS_NTRIP_ws/install/rtcm_msgs/include/rtcm_msgs/rtcm_msgs/msg/detail/message__type_support.cpp
[2.042s] -- Installing: /home/yongjing-ub22/RTK_GPS_NTRIP_ws/install/rtcm_msgs/include/rtcm_msgs/rtcm_msgs/msg/detail/message__rosidl_typesupport_introspection_cpp.hpp
[2.042s] -- Installing: /home/yongjing-ub22/RTK_GPS_NTRIP_ws/install/rtcm_msgs/lib/librtcm_msgs__rosidl_typesupport_introspection_cpp.so
[2.043s] -- Set runtime path of "/home/yongjing-ub22/RTK_GPS_NTRIP_ws/install/rtcm_msgs/lib/librtcm_msgs__rosidl_typesupport_introspection_cpp.so" to ""
[2.043s] -- Installing: /home/yongjing-ub22/RTK_GPS_NTRIP_ws/install/rtcm_msgs/lib/librtcm_msgs__rosidl_typesupport_cpp.so
[2.043s] -- Set runtime path of "/home/yongjing-ub22/RTK_GPS_NTRIP_ws/install/rtcm_msgs/lib/librtcm_msgs__rosidl_typesupport_cpp.so" to ""
[2.043s] -- Up-to-date: /home/yongjing-ub22/RTK_GPS_NTRIP_ws/install/rtcm_msgs/share/rtcm_msgs/environment/pythonpath.sh
[2.043s] -- Installing: /home/yongjing-ub22/RTK_GPS_NTRIP_ws/install/rtcm_msgs/share/rtcm_msgs/environment/pythonpath.dsv
[2.043s] -- Up-to-date: /home/yongjing-ub22/RTK_GPS_NTRIP_ws/install/rtcm_msgs/local/lib/python3.10/dist-packages/rtcm_msgs-1.1.6-py3.10.egg-info
[2.043s] -- Installing: /home/yongjing-ub22/RTK_GPS_NTRIP_ws/install/rtcm_msgs/local/lib/python3.10/dist-packages/rtcm_msgs-1.1.6-py3.10.egg-info/PKG-INFO
[2.043s] -- Installing: /home/yongjing-ub22/RTK_GPS_NTRIP_ws/install/rtcm_msgs/local/lib/python3.10/dist-packages/rtcm_msgs-1.1.6-py3.10.egg-info/dependency_links.txt
[2.043s] -- Installing: /home/yongjing-ub22/RTK_GPS_NTRIP_ws/install/rtcm_msgs/local/lib/python3.10/dist-packages/rtcm_msgs-1.1.6-py3.10.egg-info/top_level.txt
[2.043s] -- Installing: /home/yongjing-ub22/RTK_GPS_NTRIP_ws/install/rtcm_msgs/local/lib/python3.10/dist-packages/rtcm_msgs-1.1.6-py3.10.egg-info/SOURCES.txt
[2.044s] -- Up-to-date: /home/yongjing-ub22/RTK_GPS_NTRIP_ws/install/rtcm_msgs/local/lib/python3.10/dist-packages/rtcm_msgs
[2.044s] -- Installing: /home/yongjing-ub22/RTK_GPS_NTRIP_ws/install/rtcm_msgs/local/lib/python3.10/dist-packages/rtcm_msgs/rtcm_msgs_s__rosidl_typesupport_c.cpython-310-x86_64-linux-gnu.so
[2.044s] -- Installing: /home/yongjing-ub22/RTK_GPS_NTRIP_ws/install/rtcm_msgs/local/lib/python3.10/dist-packages/rtcm_msgs/rtcm_msgs_s__rosidl_typesupport_introspection_c.cpython-310-x86_64-linux-gnu.so
[2.044s] -- Up-to-date: /home/yongjing-ub22/RTK_GPS_NTRIP_ws/install/rtcm_msgs/local/lib/python3.10/dist-packages/rtcm_msgs/msg
[2.044s] -- Installing: /home/yongjing-ub22/RTK_GPS_NTRIP_ws/install/rtcm_msgs/local/lib/python3.10/dist-packages/rtcm_msgs/msg/_message.py
[2.044s] -- Installing: /home/yongjing-ub22/RTK_GPS_NTRIP_ws/install/rtcm_msgs/local/lib/python3.10/dist-packages/rtcm_msgs/msg/__init__.py
[2.044s] -- Installing: /home/yongjing-ub22/RTK_GPS_NTRIP_ws/install/rtcm_msgs/local/lib/python3.10/dist-packages/rtcm_msgs/msg/_message_s.c
[2.044s] -- Installing: /home/yongjing-ub22/RTK_GPS_NTRIP_ws/install/rtcm_msgs/local/lib/python3.10/dist-packages/rtcm_msgs/_rtcm_msgs_s.ep.rosidl_typesupport_c.c
[2.044s] -- Installing: /home/yongjing-ub22/RTK_GPS_NTRIP_ws/install/rtcm_msgs/local/lib/python3.10/dist-packages/rtcm_msgs/_rtcm_msgs_s.ep.rosidl_typesupport_introspection_c.c
[2.044s] -- Installing: /home/yongjing-ub22/RTK_GPS_NTRIP_ws/install/rtcm_msgs/local/lib/python3.10/dist-packages/rtcm_msgs/__init__.py
[2.044s] -- Installing: /home/yongjing-ub22/RTK_GPS_NTRIP_ws/install/rtcm_msgs/local/lib/python3.10/dist-packages/rtcm_msgs/rtcm_msgs_s__rosidl_typesupport_fastrtps_c.cpython-310-x86_64-linux-gnu.so
[2.044s] -- Installing: /home/yongjing-ub22/RTK_GPS_NTRIP_ws/install/rtcm_msgs/local/lib/python3.10/dist-packages/rtcm_msgs/_rtcm_msgs_s.ep.rosidl_typesupport_fastrtps_c.c
[2.045s] -- Installing: /home/yongjing-ub22/RTK_GPS_NTRIP_ws/install/rtcm_msgs/local/lib/python3.10/dist-packages/rtcm_msgs/librtcm_msgs__rosidl_generator_py.so
[2.068s] Listing '/home/yongjing-ub22/RTK_GPS_NTRIP_ws/install/rtcm_msgs/local/lib/python3.10/dist-packages/rtcm_msgs'...
[2.068s] Compiling '/home/yongjing-ub22/RTK_GPS_NTRIP_ws/install/rtcm_msgs/local/lib/python3.10/dist-packages/rtcm_msgs/__init__.py'...
[2.068s] Listing '/home/yongjing-ub22/RTK_GPS_NTRIP_ws/install/rtcm_msgs/local/lib/python3.10/dist-packages/rtcm_msgs/msg'...
[2.068s] Compiling '/home/yongjing-ub22/RTK_GPS_NTRIP_ws/install/rtcm_msgs/local/lib/python3.10/dist-packages/rtcm_msgs/msg/__init__.py'...
[2.068s] Compiling '/home/yongjing-ub22/RTK_GPS_NTRIP_ws/install/rtcm_msgs/local/lib/python3.10/dist-packages/rtcm_msgs/msg/_message.py'...
[2.070s] -- Installing: /home/yongjing-ub22/RTK_GPS_NTRIP_ws/install/rtcm_msgs/local/lib/python3.10/dist-packages/rtcm_msgs/rtcm_msgs_s__rosidl_typesupport_fastrtps_c.cpython-310-x86_64-linux-gnu.so
[2.070s] -- Set runtime path of "/home/yongjing-ub22/RTK_GPS_NTRIP_ws/install/rtcm_msgs/local/lib/python3.10/dist-packages/rtcm_msgs/rtcm_msgs_s__rosidl_typesupport_fastrtps_c.cpython-310-x86_64-linux-gnu.so" to ""
[2.071s] -- Installing: /home/yongjing-ub22/RTK_GPS_NTRIP_ws/install/rtcm_msgs/local/lib/python3.10/dist-packages/rtcm_msgs/rtcm_msgs_s__rosidl_typesupport_introspection_c.cpython-310-x86_64-linux-gnu.so
[2.071s] -- Set runtime path of "/home/yongjing-ub22/RTK_GPS_NTRIP_ws/install/rtcm_msgs/local/lib/python3.10/dist-packages/rtcm_msgs/rtcm_msgs_s__rosidl_typesupport_introspection_c.cpython-310-x86_64-linux-gnu.so" to ""
[2.071s] -- Installing: /home/yongjing-ub22/RTK_GPS_NTRIP_ws/install/rtcm_msgs/local/lib/python3.10/dist-packages/rtcm_msgs/rtcm_msgs_s__rosidl_typesupport_c.cpython-310-x86_64-linux-gnu.so
[2.071s] -- Set runtime path of "/home/yongjing-ub22/RTK_GPS_NTRIP_ws/install/rtcm_msgs/local/lib/python3.10/dist-packages/rtcm_msgs/rtcm_msgs_s__rosidl_typesupport_c.cpython-310-x86_64-linux-gnu.so" to ""
[2.071s] -- Installing: /home/yongjing-ub22/RTK_GPS_NTRIP_ws/install/rtcm_msgs/lib/librtcm_msgs__rosidl_generator_py.so
[2.071s] -- Set runtime path of "/home/yongjing-ub22/RTK_GPS_NTRIP_ws/install/rtcm_msgs/lib/librtcm_msgs__rosidl_generator_py.so" to ""
[2.071s] -- Up-to-date: /home/yongjing-ub22/RTK_GPS_NTRIP_ws/install/rtcm_msgs/share/rtcm_msgs/msg/Message.idl
[2.071s] -- Up-to-date: /home/yongjing-ub22/RTK_GPS_NTRIP_ws/install/rtcm_msgs/share/rtcm_msgs/msg/Message.msg
[2.071s] -- Up-to-date: /home/yongjing-ub22/RTK_GPS_NTRIP_ws/install/rtcm_msgs/share/ament_index/resource_index/package_run_dependencies/rtcm_msgs
[2.071s] -- Installing: /home/yongjing-ub22/RTK_GPS_NTRIP_ws/install/rtcm_msgs/share/ament_index/resource_index/parent_prefix_path/rtcm_msgs
[2.071s] -- Installing: /home/yongjing-ub22/RTK_GPS_NTRIP_ws/install/rtcm_msgs/share/rtcm_msgs/environment/ament_prefix_path.sh
[2.071s] -- Installing: /home/yongjing-ub22/RTK_GPS_NTRIP_ws/install/rtcm_msgs/share/rtcm_msgs/environment/ament_prefix_path.dsv
[2.071s] -- Installing: /home/yongjing-ub22/RTK_GPS_NTRIP_ws/install/rtcm_msgs/share/rtcm_msgs/environment/path.sh
[2.071s] -- Installing: /home/yongjing-ub22/RTK_GPS_NTRIP_ws/install/rtcm_msgs/share/rtcm_msgs/environment/path.dsv
[2.071s] -- Up-to-date: /home/yongjing-ub22/RTK_GPS_NTRIP_ws/install/rtcm_msgs/share/rtcm_msgs/local_setup.bash
[2.071s] -- Up-to-date: /home/yongjing-ub22/RTK_GPS_NTRIP_ws/install/rtcm_msgs/share/rtcm_msgs/local_setup.sh
[2.072s] -- Up-to-date: /home/yongjing-ub22/RTK_GPS_NTRIP_ws/install/rtcm_msgs/share/rtcm_msgs/local_setup.zsh
[2.072s] -- Installing: /home/yongjing-ub22/RTK_GPS_NTRIP_ws/install/rtcm_msgs/share/rtcm_msgs/local_setup.dsv
[2.072s] -- Installing: /home/yongjing-ub22/RTK_GPS_NTRIP_ws/install/rtcm_msgs/share/rtcm_msgs/package.dsv
[2.072s] -- Up-to-date: /home/yongjing-ub22/RTK_GPS_NTRIP_ws/install/rtcm_msgs/share/ament_index/resource_index/packages/rtcm_msgs
[2.072s] -- Up-to-date: /home/yongjing-ub22/RTK_GPS_NTRIP_ws/install/rtcm_msgs/share/rtcm_msgs/cmake/export_rtcm_msgs__rosidl_generator_cExport.cmake
[2.072s] -- Up-to-date: /home/yongjing-ub22/RTK_GPS_NTRIP_ws/install/rtcm_msgs/share/rtcm_msgs/cmake/export_rtcm_msgs__rosidl_generator_cExport-noconfig.cmake
[2.072s] -- Up-to-date: /home/yongjing-ub22/RTK_GPS_NTRIP_ws/install/rtcm_msgs/share/rtcm_msgs/cmake/export_rtcm_msgs__rosidl_typesupport_fastrtps_cExport.cmake
[2.072s] -- Up-to-date: /home/yongjing-ub22/RTK_GPS_NTRIP_ws/install/rtcm_msgs/share/rtcm_msgs/cmake/export_rtcm_msgs__rosidl_typesupport_fastrtps_cExport-noconfig.cmake
[2.072s] -- Up-to-date: /home/yongjing-ub22/RTK_GPS_NTRIP_ws/install/rtcm_msgs/share/rtcm_msgs/cmake/export_rtcm_msgs__rosidl_generator_cppExport.cmake
[2.072s] -- Up-to-date: /home/yongjing-ub22/RTK_GPS_NTRIP_ws/install/rtcm_msgs/share/rtcm_msgs/cmake/export_rtcm_msgs__rosidl_typesupport_fastrtps_cppExport.cmake
[2.072s] -- Up-to-date: /home/yongjing-ub22/RTK_GPS_NTRIP_ws/install/rtcm_msgs/share/rtcm_msgs/cmake/export_rtcm_msgs__rosidl_typesupport_fastrtps_cppExport-noconfig.cmake
[2.072s] -- Up-to-date: /home/yongjing-ub22/RTK_GPS_NTRIP_ws/install/rtcm_msgs/share/rtcm_msgs/cmake/rtcm_msgs__rosidl_typesupport_introspection_cExport.cmake
[2.072s] -- Up-to-date: /home/yongjing-ub22/RTK_GPS_NTRIP_ws/install/rtcm_msgs/share/rtcm_msgs/cmake/rtcm_msgs__rosidl_typesupport_introspection_cExport-noconfig.cmake
[2.073s] -- Up-to-date: /home/yongjing-ub22/RTK_GPS_NTRIP_ws/install/rtcm_msgs/share/rtcm_msgs/cmake/rtcm_msgs__rosidl_typesupport_cExport.cmake
[2.073s] -- Up-to-date: /home/yongjing-ub22/RTK_GPS_NTRIP_ws/install/rtcm_msgs/share/rtcm_msgs/cmake/rtcm_msgs__rosidl_typesupport_cExport-noconfig.cmake
[2.073s] -- Up-to-date: /home/yongjing-ub22/RTK_GPS_NTRIP_ws/install/rtcm_msgs/share/rtcm_msgs/cmake/rtcm_msgs__rosidl_typesupport_introspection_cppExport.cmake
[2.073s] -- Up-to-date: /home/yongjing-ub22/RTK_GPS_NTRIP_ws/install/rtcm_msgs/share/rtcm_msgs/cmake/rtcm_msgs__rosidl_typesupport_introspection_cppExport-noconfig.cmake
[2.073s] -- Up-to-date: /home/yongjing-ub22/RTK_GPS_NTRIP_ws/install/rtcm_msgs/share/rtcm_msgs/cmake/rtcm_msgs__rosidl_typesupport_cppExport.cmake
[2.073s] -- Up-to-date: /home/yongjing-ub22/RTK_GPS_NTRIP_ws/install/rtcm_msgs/share/rtcm_msgs/cmake/rtcm_msgs__rosidl_typesupport_cppExport-noconfig.cmake
[2.073s] -- Up-to-date: /home/yongjing-ub22/RTK_GPS_NTRIP_ws/install/rtcm_msgs/share/rtcm_msgs/cmake/export_rtcm_msgs__rosidl_generator_pyExport.cmake
[2.073s] -- Up-to-date: /home/yongjing-ub22/RTK_GPS_NTRIP_ws/install/rtcm_msgs/share/rtcm_msgs/cmake/export_rtcm_msgs__rosidl_generator_pyExport-noconfig.cmake
[2.073s] -- Up-to-date: /home/yongjing-ub22/RTK_GPS_NTRIP_ws/install/rtcm_msgs/share/rtcm_msgs/cmake/rosidl_cmake-extras.cmake
[2.073s] -- Up-to-date: /home/yongjing-ub22/RTK_GPS_NTRIP_ws/install/rtcm_msgs/share/rtcm_msgs/cmake/ament_cmake_export_dependencies-extras.cmake
[2.073s] -- Up-to-date: /home/yongjing-ub22/RTK_GPS_NTRIP_ws/install/rtcm_msgs/share/rtcm_msgs/cmake/ament_cmake_export_include_directories-extras.cmake
[2.073s] -- Up-to-date: /home/yongjing-ub22/RTK_GPS_NTRIP_ws/install/rtcm_msgs/share/rtcm_msgs/cmake/ament_cmake_export_libraries-extras.cmake
[2.073s] -- Up-to-date: /home/yongjing-ub22/RTK_GPS_NTRIP_ws/install/rtcm_msgs/share/rtcm_msgs/cmake/ament_cmake_export_targets-extras.cmake
[2.073s] -- Up-to-date: /home/yongjing-ub22/RTK_GPS_NTRIP_ws/install/rtcm_msgs/share/rtcm_msgs/cmake/rosidl_cmake_export_typesupport_targets-extras.cmake
[2.073s] -- Up-to-date: /home/yongjing-ub22/RTK_GPS_NTRIP_ws/install/rtcm_msgs/share/rtcm_msgs/cmake/rosidl_cmake_export_typesupport_libraries-extras.cmake
[2.073s] -- Up-to-date: /home/yongjing-ub22/RTK_GPS_NTRIP_ws/install/rtcm_msgs/share/rtcm_msgs/cmake/rtcm_msgsConfig.cmake
[2.073s] -- Up-to-date: /home/yongjing-ub22/RTK_GPS_NTRIP_ws/install/rtcm_msgs/share/rtcm_msgs/cmake/rtcm_msgsConfig-version.cmake
[2.073s] -- Up-to-date: /home/yongjing-ub22/RTK_GPS_NTRIP_ws/install/rtcm_msgs/share/rtcm_msgs/package.xml
[2.075s] Invoked command in '/home/yongjing-ub22/RTK_GPS_NTRIP_ws/build/rtcm_msgs' returned '0': CMAKE_PREFIX_PATH=${CMAKE_PREFIX_PATH}:/home/yongjing-ub22/RTK_GPS_NTRIP_ws/install/ntrip_client:/opt/ros/humble /usr/bin/cmake --install /home/yongjing-ub22/RTK_GPS_NTRIP_ws/build/rtcm_msgs
