running egg_info
writing ../../../build/ntrip_client/ntrip_client.egg-info/PKG-INFO
writing dependency_links to ../../../build/ntrip_client/ntrip_client.egg-info/dependency_links.txt
writing requirements to ../../../build/ntrip_client/ntrip_client.egg-info/requires.txt
writing top-level names to ../../../build/ntrip_client/ntrip_client.egg-info/top_level.txt
reading manifest file '../../../build/ntrip_client/ntrip_client.egg-info/SOURCES.txt'
adding license file 'LICENSE'
writing manifest file '../../../build/ntrip_client/ntrip_client.egg-info/SOURCES.txt'
running build
running build_py
running build_scripts
running install
running install_lib
running install_data
copying launch/ntrip_client_launch.py -> /home/yongjing-ub22/RTK_GPS_NTRIP_ws/install/ntrip_client/share/ntrip_client
running install_egg_info
removing '/home/yongjing-ub22/RTK_GPS_NTRIP_ws/install/ntrip_client/lib/python3.10/site-packages/ntrip_client-1.2.0-py3.10.egg-info' (and everything under it)
Copying ../../../build/ntrip_client/ntrip_client.egg-info to /home/yongjing-ub22/RTK_GPS_NTRIP_ws/install/ntrip_client/lib/python3.10/site-packages/ntrip_client-1.2.0-py3.10.egg-info
running install_scripts
changing mode of /home/yongjing-ub22/RTK_GPS_NTRIP_ws/install/ntrip_client/lib/ntrip_client/ntrip_ros.py to 775
writing list of installed files to '/home/yongjing-ub22/RTK_GPS_NTRIP_ws/build/ntrip_client/install.log'
