[0.009s] Invoking command in '/home/yongjing-ub22/comms_nusmr/mapviz_ws_YJ_laptop_only/build/mapviz_plugins': AMENT_PREFIX_PATH=/home/yongjing-ub22/comms_nusmr/mapviz_ws_YJ_laptop_only/install/mapviz:/home/yongjing-ub22/comms_nusmr/mapviz_ws_YJ_laptop_only/install/mapviz_interfaces:${AMENT_PREFIX_PATH} CMAKE_PREFIX_PATH=/home/yongjing-ub22/comms_nusmr/mapviz_ws_YJ_laptop_only/install/mapviz:/home/yongjing-ub22/comms_nusmr/mapviz_ws_YJ_laptop_only/install/mapviz_interfaces:/opt/ros/humble LD_LIBRARY_PATH=/home/yongjing-ub22/comms_nusmr/mapviz_ws_YJ_laptop_only/install/mapviz/lib:/home/yongjing-ub22/comms_nusmr/mapviz_ws_YJ_laptop_only/install/mapviz_interfaces/lib:${LD_LIBRARY_PATH} PYTHONPATH=/home/yongjing-ub22/comms_nusmr/mapviz_ws_YJ_laptop_only/install/mapviz_interfaces/local/lib/python3.10/dist-packages:${PYTHONPATH} /usr/bin/cmake /home/yongjing-ub22/comms_nusmr/mapviz_ws_YJ_laptop_only/src/mapviz_plugins -DCMAKE_INSTALL_PREFIX=/home/yongjing-ub22/comms_nusmr/mapviz_ws_YJ_laptop_only/install/mapviz_plugins
[0.078s] -- The CXX compiler identification is GNU 11.4.0
[0.084s] -- Detecting CXX compiler ABI info
[0.161s] -- Detecting CXX compiler ABI info - done
[0.167s] -- Check for working CXX compiler: /usr/bin/c++ - skipped
[0.167s] -- Detecting CXX compile features
[0.168s] -- Detecting CXX compile features - done
[0.170s] -- Found ament_cmake: 1.3.11 (/opt/ros/humble/share/ament_cmake/cmake)
[0.290s] -- Found Python3: /usr/bin/python3 (found version "3.10.12") found components: Interpreter 
[0.356s] -- Found ament_index_cpp: 1.4.0 (/opt/ros/humble/share/ament_index_cpp/cmake)
[0.358s] -- Found cv_bridge: 3.2.1 (/opt/ros/humble/share/cv_bridge/cmake)
[0.387s] -- Found rosidl_generator_c: 3.1.6 (/opt/ros/humble/share/rosidl_generator_c/cmake)
[0.390s] -- Found rosidl_adapter: 3.1.6 (/opt/ros/humble/share/rosidl_adapter/cmake)
[0.395s] -- Found rosidl_generator_cpp: 3.1.6 (/opt/ros/humble/share/rosidl_generator_cpp/cmake)
[0.403s] -- Using all available rosidl_typesupport_c: rosidl_typesupport_fastrtps_c;rosidl_typesupport_introspection_c
[0.413s] -- Using all available rosidl_typesupport_cpp: rosidl_typesupport_fastrtps_cpp;rosidl_typesupport_introspection_cpp
[0.450s] -- Found gps_msgs: 2.0.4 (/opt/ros/humble/share/gps_msgs/cmake)
[0.461s] -- Found image_transport: 3.1.10 (/opt/ros/humble/share/image_transport/cmake)
[0.490s] -- Found rmw_implementation_cmake: 6.1.2 (/opt/ros/humble/share/rmw_implementation_cmake/cmake)
[0.492s] -- Found rmw_fastrtps_cpp: 6.2.7 (/opt/ros/humble/share/rmw_fastrtps_cpp/cmake)
[0.568s] -- Found OpenSSL: /usr/lib/x86_64-linux-gnu/libcrypto.so (found version "3.0.2")  
[0.597s] -- Found FastRTPS: /opt/ros/humble/include  
[0.627s] -- Using RMW implementation 'rmw_fastrtps_cpp' as default
[0.634s] -- Looking for C++ include pthread.h
[0.704s] -- Looking for C++ include pthread.h - found
[0.704s] -- Performing Test CMAKE_HAVE_LIBC_PTHREAD
[0.785s] -- Performing Test CMAKE_HAVE_LIBC_PTHREAD - Success
[0.786s] -- Found Threads: TRUE  
[0.833s] -- Found map_msgs: 2.1.0 (/opt/ros/humble/share/map_msgs/cmake)
[0.866s] -- Found mapviz: 2.4.5 (/home/yongjing-ub22/comms_nusmr/mapviz_ws_YJ_laptop_only/install/mapviz/share/mapviz/cmake)
[0.878s] -- Found marti_common_msgs: 1.6.1 (/opt/ros/humble/share/marti_common_msgs/cmake)
[0.887s] -- Found marti_nav_msgs: 1.6.1 (/opt/ros/humble/share/marti_nav_msgs/cmake)
[0.927s] -- Found marti_sensor_msgs: 1.6.1 (/opt/ros/humble/share/marti_sensor_msgs/cmake)
[0.940s] -- Found marti_visualization_msgs: 1.6.1 (/opt/ros/humble/share/marti_visualization_msgs/cmake)
[0.957s] -- Found stereo_msgs: 4.2.4 (/opt/ros/humble/share/stereo_msgs/cmake)
[0.970s] -- Found swri_image_util: 3.7.3 (/opt/ros/humble/share/swri_image_util/cmake)
[0.972s] -- Found swri_math_util: 3.7.3 (/opt/ros/humble/share/swri_math_util/cmake)
[0.977s] -- Found swri_route_util: 3.7.3 (/opt/ros/humble/share/swri_route_util/cmake)
[0.979s] -- Found swri_transform_util: 3.7.3 (/opt/ros/humble/share/swri_transform_util/cmake)
[0.992s] -- Found eigen3_cmake_module: 0.1.1 (/opt/ros/humble/share/eigen3_cmake_module/cmake)
[0.993s] -- Found Eigen3: TRUE (found version "3.4.0") 
[0.993s] -- Ensuring Eigen3 include directory is part of orocos-kdl CMake target
[1.054s] -- Found visualization_msgs: 4.2.4 (/opt/ros/humble/share/visualization_msgs/cmake)
[1.071s] -- Found OpenCV: /usr (found version "4.5.4") found components: core imgproc 
[1.074s] -- Found OpenGL: /usr/lib/x86_64-linux-gnu/libOpenGL.so   
[1.078s] -- Found PkgConfig: /usr/bin/pkg-config (found version "0.29.2") 
[1.079s] -- Checking for module 'glut'
[1.081s] --   No package 'glut' found
[1.083s] -- Found GLUT: /usr/lib/x86_64-linux-gnu/libglut.so  
[1.151s] -- Configuring done
[1.186s] -- Generating done
[1.191s] -- Build files have been written to: /home/yongjing-ub22/comms_nusmr/mapviz_ws_YJ_laptop_only/build/mapviz_plugins
[1.199s] Invoked command in '/home/yongjing-ub22/comms_nusmr/mapviz_ws_YJ_laptop_only/build/mapviz_plugins' returned '0': AMENT_PREFIX_PATH=/home/yongjing-ub22/comms_nusmr/mapviz_ws_YJ_laptop_only/install/mapviz:/home/yongjing-ub22/comms_nusmr/mapviz_ws_YJ_laptop_only/install/mapviz_interfaces:${AMENT_PREFIX_PATH} CMAKE_PREFIX_PATH=/home/yongjing-ub22/comms_nusmr/mapviz_ws_YJ_laptop_only/install/mapviz:/home/yongjing-ub22/comms_nusmr/mapviz_ws_YJ_laptop_only/install/mapviz_interfaces:/opt/ros/humble LD_LIBRARY_PATH=/home/yongjing-ub22/comms_nusmr/mapviz_ws_YJ_laptop_only/install/mapviz/lib:/home/yongjing-ub22/comms_nusmr/mapviz_ws_YJ_laptop_only/install/mapviz_interfaces/lib:${LD_LIBRARY_PATH} PYTHONPATH=/home/yongjing-ub22/comms_nusmr/mapviz_ws_YJ_laptop_only/install/mapviz_interfaces/local/lib/python3.10/dist-packages:${PYTHONPATH} /usr/bin/cmake /home/yongjing-ub22/comms_nusmr/mapviz_ws_YJ_laptop_only/src/mapviz_plugins -DCMAKE_INSTALL_PREFIX=/home/yongjing-ub22/comms_nusmr/mapviz_ws_YJ_laptop_only/install/mapviz_plugins
[1.201s] Invoking command in '/home/yongjing-ub22/comms_nusmr/mapviz_ws_YJ_laptop_only/build/mapviz_plugins': AMENT_PREFIX_PATH=/home/yongjing-ub22/comms_nusmr/mapviz_ws_YJ_laptop_only/install/mapviz:/home/yongjing-ub22/comms_nusmr/mapviz_ws_YJ_laptop_only/install/mapviz_interfaces:${AMENT_PREFIX_PATH} CMAKE_PREFIX_PATH=/home/yongjing-ub22/comms_nusmr/mapviz_ws_YJ_laptop_only/install/mapviz:/home/yongjing-ub22/comms_nusmr/mapviz_ws_YJ_laptop_only/install/mapviz_interfaces:/opt/ros/humble LD_LIBRARY_PATH=/home/yongjing-ub22/comms_nusmr/mapviz_ws_YJ_laptop_only/install/mapviz/lib:/home/yongjing-ub22/comms_nusmr/mapviz_ws_YJ_laptop_only/install/mapviz_interfaces/lib:${LD_LIBRARY_PATH} PYTHONPATH=/home/yongjing-ub22/comms_nusmr/mapviz_ws_YJ_laptop_only/install/mapviz_interfaces/local/lib/python3.10/dist-packages:${PYTHONPATH} /usr/bin/cmake --build /home/yongjing-ub22/comms_nusmr/mapviz_ws_YJ_laptop_only/build/mapviz_plugins -- -j20 -l20
[1.249s] [  1%] [34m[1mGenerating ui_topicselect.h[0m
[1.249s] [  2%] [34m[1mGenerating include/mapviz_plugins/moc_attitude_indicator_plugin.cpp[0m
[1.249s] [  3%] [34m[1mGenerating include/mapviz_plugins/moc_draw_polygon_plugin.cpp[0m
[1.249s] [  4%] [34m[1mGenerating include/mapviz_plugins/moc_coordinate_picker_plugin.cpp[0m
[1.250s] [  5%] [34m[1mGenerating include/mapviz_plugins/moc_canvas_click_filter.cpp[0m
[1.252s] [  2%] [34m[1mGenerating include/mapviz_plugins/moc_disparity_plugin.cpp[0m
[1.253s] [  6%] [34m[1mGenerating include/mapviz_plugins/moc_grid_plugin.cpp[0m
[1.253s] [  9%] [34m[1mGenerating include/mapviz_plugins/moc_laserscan_plugin.cpp[0m
[1.253s] [  9%] [34m[1mGenerating include/mapviz_plugins/moc_image_plugin.cpp[0m
[1.253s] [ 10%] [34m[1mGenerating include/mapviz_plugins/moc_gps_plugin.cpp[0m
[1.254s] [ 10%] [34m[1mGenerating include/mapviz_plugins/moc_float_plugin.cpp[0m
[1.254s] [ 11%] [34m[1mGenerating include/mapviz_plugins/moc_marker_plugin.cpp[0m
[1.254s] [ 11%] [34m[1mGenerating include/mapviz_plugins/moc_measuring_plugin.cpp[0m
[1.254s] [ 12%] [34m[1mGenerating include/mapviz_plugins/moc_navsat_plugin.cpp[0m
[1.255s] [ 13%] [34m[1mGenerating include/mapviz_plugins/moc_occupancy_grid_plugin.cpp[0m
[1.255s] [ 14%] [34m[1mGenerating include/mapviz_plugins/moc_path_plugin.cpp[0m
[1.255s] [ 15%] [34m[1mGenerating include/mapviz_plugins/moc_plan_route_plugin.cpp[0m
[1.256s] [ 16%] [34m[1mGenerating include/mapviz_plugins/moc_point_click_publisher_plugin.cpp[0m
[1.258s] [ 17%] [34m[1mGenerating include/mapviz_plugins/moc_placeable_window_proxy.cpp[0m
[1.259s] [ 18%] [34m[1mGenerating include/mapviz_plugins/moc_odometry_plugin.cpp[0m
[1.277s] [ 19%] [34m[1mGenerating include/mapviz_plugins/moc_pointcloud2_plugin.cpp[0m
[1.277s] [ 20%] [34m[1mGenerating include/mapviz_plugins/moc_point_drawing_plugin.cpp[0m
[1.277s] [ 19%] [34m[1mGenerating include/mapviz_plugins/moc_robot_image_plugin.cpp[0m
[1.278s] [ 22%] [34m[1mGenerating include/mapviz_plugins/moc_pose_plugin.cpp[0m
[1.278s] [ 22%] [34m[1mGenerating include/mapviz_plugins/moc_route_plugin.cpp[0m
[1.278s] [ 23%] [34m[1mGenerating include/mapviz_plugins/moc_topic_select.cpp[0m
[1.279s] [ 26%] [34m[1mGenerating include/mapviz_plugins/moc_textured_marker_plugin.cpp[0m
[1.279s] [ 26%] [34m[1mGenerating include/mapviz_plugins/moc_string_plugin.cpp[0m
[1.279s] [ 26%] [34m[1mGenerating include/mapviz_plugins/moc_tf_frame_plugin.cpp[0m
[1.280s] [ 27%] [34m[1mGenerating ui_coordinate_picker_config.h[0m
[1.281s] [ 28%] [34m[1mGenerating ui_attitude_indicator_config.h[0m
[1.281s] [ 29%] [34m[1mGenerating ui_disparity_config.h[0m
[1.282s] [ 30%] [34m[1mGenerating ui_float_config.h[0m
[1.283s] [ 30%] [34m[1mGenerating ui_gps_config.h[0m
[1.283s] [ 31%] [34m[1mGenerating ui_grid_config.h[0m
[1.284s] [ 32%] [34m[1mGenerating ui_laserscan_config.h[0m
[1.285s] [ 33%] [34m[1mGenerating ui_marker_config.h[0m
[1.286s] [ 34%] [34m[1mGenerating ui_image_config.h[0m
[1.286s] [ 35%] [34m[1mGenerating ui_draw_polygon_config.h[0m
[1.287s] [ 36%] [34m[1mGenerating ui_measuring_config.h[0m
[1.303s] [ 37%] [34m[1mGenerating ui_occupancy_grid_config.h[0m
[1.304s] [ 38%] [34m[1mGenerating ui_path_config.h[0m
[1.304s] [ 39%] [34m[1mGenerating ui_pointcloud2_config.h[0m
[1.304s] [ 41%] [34m[1mGenerating ui_odometry_config.h[0m
[1.305s] [ 41%] [34m[1mGenerating ui_navsat_config.h[0m
[1.305s] [ 41%] [34m[1mGenerating ui_point_click_publisher_config.h[0m
[1.308s] [ 42%] [34m[1mGenerating ui_pose_config.h[0m
[1.308s] [ 43%] [34m[1mGenerating ui_plan_route_config.h[0m
[1.308s] [ 44%] [34m[1mGenerating ui_textured_marker_config.h[0m
[1.310s] [ 45%] [34m[1mGenerating ui_tf_frame_config.h[0m
[1.312s] [ 46%] [34m[1mGenerating ui_robot_image_config.h[0m
[1.312s] [ 47%] [34m[1mGenerating ui_route_config.h[0m
[1.312s] [ 48%] [34m[1mGenerating ui_string_config.h[0m
[1.348s] [ 52%] [32mBuilding CXX object CMakeFiles/mapviz_plugins.dir/include/mapviz_plugins/moc_draw_polygon_plugin.cpp.o[0m
[1.348s] [ 52%] [32mBuilding CXX object CMakeFiles/mapviz_plugins.dir/include/mapviz_plugins/moc_canvas_click_filter.cpp.o[0m
[1.348s] [ 52%] [32mBuilding CXX object CMakeFiles/mapviz_plugins.dir/include/mapviz_plugins/moc_disparity_plugin.cpp.o[0m
[1.348s] [ 52%] [32mBuilding CXX object CMakeFiles/mapviz_plugins.dir/include/mapviz_plugins/moc_attitude_indicator_plugin.cpp.o[0m
[1.349s] [ 53%] [32mBuilding CXX object CMakeFiles/mapviz_plugins.dir/include/mapviz_plugins/moc_grid_plugin.cpp.o[0m
[1.350s] [ 54%] [32mBuilding CXX object CMakeFiles/mapviz_plugins.dir/include/mapviz_plugins/moc_float_plugin.cpp.o[0m
[1.350s] [ 54%] [32mBuilding CXX object CMakeFiles/mapviz_plugins.dir/include/mapviz_plugins/moc_coordinate_picker_plugin.cpp.o[0m
[1.350s] [ 55%] [32mBuilding CXX object CMakeFiles/mapviz_plugins.dir/include/mapviz_plugins/moc_laserscan_plugin.cpp.o[0m
[1.350s] [ 57%] [32mBuilding CXX object CMakeFiles/mapviz_plugins.dir/include/mapviz_plugins/moc_gps_plugin.cpp.o[0m
[1.350s] [ 57%] [32mBuilding CXX object CMakeFiles/mapviz_plugins.dir/include/mapviz_plugins/moc_measuring_plugin.cpp.o[0m
[1.350s] [ 58%] [32mBuilding CXX object CMakeFiles/mapviz_plugins.dir/include/mapviz_plugins/moc_image_plugin.cpp.o[0m
[1.351s] [ 59%] [32mBuilding CXX object CMakeFiles/mapviz_plugins.dir/include/mapviz_plugins/moc_marker_plugin.cpp.o[0m
[1.352s] [ 59%] [32mBuilding CXX object CMakeFiles/mapviz_plugins.dir/include/mapviz_plugins/moc_occupancy_grid_plugin.cpp.o[0m
[1.352s] [ 60%] [32mBuilding CXX object CMakeFiles/mapviz_plugins.dir/include/mapviz_plugins/moc_navsat_plugin.cpp.o[0m
[1.353s] [ 61%] [32mBuilding CXX object CMakeFiles/mapviz_plugins.dir/include/mapviz_plugins/moc_odometry_plugin.cpp.o[0m
[1.353s] [ 62%] [32mBuilding CXX object CMakeFiles/mapviz_plugins.dir/include/mapviz_plugins/moc_path_plugin.cpp.o[0m
[1.354s] [ 63%] [32mBuilding CXX object CMakeFiles/mapviz_plugins.dir/include/mapviz_plugins/moc_plan_route_plugin.cpp.o[0m
[1.354s] [ 64%] [32mBuilding CXX object CMakeFiles/mapviz_plugins.dir/include/mapviz_plugins/moc_point_click_publisher_plugin.cpp.o[0m
[1.354s] [ 65%] [32mBuilding CXX object CMakeFiles/mapviz_plugins.dir/include/mapviz_plugins/moc_placeable_window_proxy.cpp.o[0m
[1.362s] [ 66%] [32mBuilding CXX object CMakeFiles/mapviz_plugins.dir/include/mapviz_plugins/moc_pointcloud2_plugin.cpp.o[0m
[3.422s] [ 67%] [32mBuilding CXX object CMakeFiles/mapviz_plugins.dir/include/mapviz_plugins/moc_point_drawing_plugin.cpp.o[0m
[3.667s] [ 68%] [32mBuilding CXX object CMakeFiles/mapviz_plugins.dir/include/mapviz_plugins/moc_pose_plugin.cpp.o[0m
[13.927s] [ 69%] [32mBuilding CXX object CMakeFiles/mapviz_plugins.dir/include/mapviz_plugins/moc_robot_image_plugin.cpp.o[0m
[13.996s] [ 70%] [32mBuilding CXX object CMakeFiles/mapviz_plugins.dir/include/mapviz_plugins/moc_route_plugin.cpp.o[0m
[14.033s] [ 70%] [32mBuilding CXX object CMakeFiles/mapviz_plugins.dir/include/mapviz_plugins/moc_string_plugin.cpp.o[0m
[14.291s] [ 71%] [32mBuilding CXX object CMakeFiles/mapviz_plugins.dir/include/mapviz_plugins/moc_textured_marker_plugin.cpp.o[0m
[14.342s] [ 72%] [32mBuilding CXX object CMakeFiles/mapviz_plugins.dir/include/mapviz_plugins/moc_tf_frame_plugin.cpp.o[0m
[14.375s] [ 73%] [32mBuilding CXX object CMakeFiles/mapviz_plugins.dir/include/mapviz_plugins/moc_topic_select.cpp.o[0m
[14.383s] [ 74%] [32mBuilding CXX object CMakeFiles/mapviz_plugins.dir/src/attitude_indicator_plugin.cpp.o[0m
[14.398s] [ 75%] [32mBuilding CXX object CMakeFiles/mapviz_plugins.dir/src/canvas_click_filter.cpp.o[0m
[14.431s] [ 76%] [32mBuilding CXX object CMakeFiles/mapviz_plugins.dir/src/coordinate_picker_plugin.cpp.o[0m
[14.605s] [ 77%] [32mBuilding CXX object CMakeFiles/mapviz_plugins.dir/src/disparity_plugin.cpp.o[0m
[14.621s] [ 78%] [32mBuilding CXX object CMakeFiles/mapviz_plugins.dir/src/draw_polygon_plugin.cpp.o[0m
[14.641s] [ 79%] [32mBuilding CXX object CMakeFiles/mapviz_plugins.dir/src/float_plugin.cpp.o[0m
[14.805s] [ 80%] [32mBuilding CXX object CMakeFiles/mapviz_plugins.dir/src/gps_plugin.cpp.o[0m
[14.843s] [ 80%] [32mBuilding CXX object CMakeFiles/mapviz_plugins.dir/src/grid_plugin.cpp.o[0m
[14.988s] [ 81%] [32mBuilding CXX object CMakeFiles/mapviz_plugins.dir/src/image_plugin.cpp.o[0m
[15.474s] [ 82%] [32mBuilding CXX object CMakeFiles/mapviz_plugins.dir/src/laserscan_plugin.cpp.o[0m
[15.676s] [ 83%] [32mBuilding CXX object CMakeFiles/mapviz_plugins.dir/src/marker_plugin.cpp.o[0m
[16.084s] [ 84%] [32mBuilding CXX object CMakeFiles/mapviz_plugins.dir/src/measuring_plugin.cpp.o[0m
[16.371s] [ 85%] [32mBuilding CXX object CMakeFiles/mapviz_plugins.dir/src/navsat_plugin.cpp.o[0m
[16.533s] [ 86%] [32mBuilding CXX object CMakeFiles/mapviz_plugins.dir/src/occupancy_grid_plugin.cpp.o[0m
[17.186s] [ 87%] [32mBuilding CXX object CMakeFiles/mapviz_plugins.dir/src/odometry_plugin.cpp.o[0m
[25.201s] [ 88%] [32mBuilding CXX object CMakeFiles/mapviz_plugins.dir/src/path_plugin.cpp.o[0m
[26.654s] [ 89%] [32mBuilding CXX object CMakeFiles/mapviz_plugins.dir/src/placeable_window_proxy.cpp.o[0m
[26.890s] [ 90%] [32mBuilding CXX object CMakeFiles/mapviz_plugins.dir/src/plan_route_plugin.cpp.o[0m
[27.252s] [ 90%] [32mBuilding CXX object CMakeFiles/mapviz_plugins.dir/src/point_click_publisher_plugin.cpp.o[0m
[28.123s] [ 91%] [32mBuilding CXX object CMakeFiles/mapviz_plugins.dir/src/pointcloud2_plugin.cpp.o[0m
[28.259s] [ 92%] [32mBuilding CXX object CMakeFiles/mapviz_plugins.dir/src/point_drawing_plugin.cpp.o[0m
[29.157s] [ 93%] [32mBuilding CXX object CMakeFiles/mapviz_plugins.dir/src/pose_plugin.cpp.o[0m
[30.317s] [ 94%] [32mBuilding CXX object CMakeFiles/mapviz_plugins.dir/src/robot_image_plugin.cpp.o[0m
[30.395s] [ 95%] [32mBuilding CXX object CMakeFiles/mapviz_plugins.dir/src/route_plugin.cpp.o[0m
[30.696s] [ 96%] [32mBuilding CXX object CMakeFiles/mapviz_plugins.dir/src/string_plugin.cpp.o[0m
[31.061s] [ 97%] [32mBuilding CXX object CMakeFiles/mapviz_plugins.dir/src/textured_marker_plugin.cpp.o[0m
[32.557s] [ 98%] [32mBuilding CXX object CMakeFiles/mapviz_plugins.dir/src/tf_frame_plugin.cpp.o[0m
[42.422s] [ 99%] [32mBuilding CXX object CMakeFiles/mapviz_plugins.dir/src/topic_select.cpp.o[0m
[59.145s] [100%] [32m[1mLinking CXX shared library libmapviz_plugins.so[0m
[66.890s] [100%] Built target mapviz_plugins
[66.963s] Invoked command in '/home/yongjing-ub22/comms_nusmr/mapviz_ws_YJ_laptop_only/build/mapviz_plugins' returned '0': AMENT_PREFIX_PATH=/home/yongjing-ub22/comms_nusmr/mapviz_ws_YJ_laptop_only/install/mapviz:/home/yongjing-ub22/comms_nusmr/mapviz_ws_YJ_laptop_only/install/mapviz_interfaces:${AMENT_PREFIX_PATH} CMAKE_PREFIX_PATH=/home/yongjing-ub22/comms_nusmr/mapviz_ws_YJ_laptop_only/install/mapviz:/home/yongjing-ub22/comms_nusmr/mapviz_ws_YJ_laptop_only/install/mapviz_interfaces:/opt/ros/humble LD_LIBRARY_PATH=/home/yongjing-ub22/comms_nusmr/mapviz_ws_YJ_laptop_only/install/mapviz/lib:/home/yongjing-ub22/comms_nusmr/mapviz_ws_YJ_laptop_only/install/mapviz_interfaces/lib:${LD_LIBRARY_PATH} PYTHONPATH=/home/yongjing-ub22/comms_nusmr/mapviz_ws_YJ_laptop_only/install/mapviz_interfaces/local/lib/python3.10/dist-packages:${PYTHONPATH} /usr/bin/cmake --build /home/yongjing-ub22/comms_nusmr/mapviz_ws_YJ_laptop_only/build/mapviz_plugins -- -j20 -l20
[67.008s] Invoking command in '/home/yongjing-ub22/comms_nusmr/mapviz_ws_YJ_laptop_only/build/mapviz_plugins': AMENT_PREFIX_PATH=/home/yongjing-ub22/comms_nusmr/mapviz_ws_YJ_laptop_only/install/mapviz:/home/yongjing-ub22/comms_nusmr/mapviz_ws_YJ_laptop_only/install/mapviz_interfaces:${AMENT_PREFIX_PATH} CMAKE_PREFIX_PATH=/home/yongjing-ub22/comms_nusmr/mapviz_ws_YJ_laptop_only/install/mapviz:/home/yongjing-ub22/comms_nusmr/mapviz_ws_YJ_laptop_only/install/mapviz_interfaces:/opt/ros/humble LD_LIBRARY_PATH=/home/yongjing-ub22/comms_nusmr/mapviz_ws_YJ_laptop_only/install/mapviz/lib:/home/yongjing-ub22/comms_nusmr/mapviz_ws_YJ_laptop_only/install/mapviz_interfaces/lib:${LD_LIBRARY_PATH} PYTHONPATH=/home/yongjing-ub22/comms_nusmr/mapviz_ws_YJ_laptop_only/install/mapviz_interfaces/local/lib/python3.10/dist-packages:${PYTHONPATH} /usr/bin/cmake --install /home/yongjing-ub22/comms_nusmr/mapviz_ws_YJ_laptop_only/build/mapviz_plugins
[67.020s] -- Install configuration: ""
[67.020s] -- Installing: /home/yongjing-ub22/comms_nusmr/mapviz_ws_YJ_laptop_only/install/mapviz_plugins/include/mapviz_plugins
[67.020s] -- Installing: /home/yongjing-ub22/comms_nusmr/mapviz_ws_YJ_laptop_only/install/mapviz_plugins/include/mapviz_plugins/pose_plugin.h
[67.020s] -- Installing: /home/yongjing-ub22/comms_nusmr/mapviz_ws_YJ_laptop_only/install/mapviz_plugins/include/mapviz_plugins/grid_plugin.h
[67.020s] -- Installing: /home/yongjing-ub22/comms_nusmr/mapviz_ws_YJ_laptop_only/install/mapviz_plugins/include/mapviz_plugins/marker_plugin.h
[67.020s] -- Installing: /home/yongjing-ub22/comms_nusmr/mapviz_ws_YJ_laptop_only/install/mapviz_plugins/include/mapviz_plugins/odometry_plugin.h
[67.021s] -- Installing: /home/yongjing-ub22/comms_nusmr/mapviz_ws_YJ_laptop_only/install/mapviz_plugins/include/mapviz_plugins/robot_image_plugin.h
[67.021s] -- Installing: /home/yongjing-ub22/comms_nusmr/mapviz_ws_YJ_laptop_only/install/mapviz_plugins/include/mapviz_plugins/measuring_plugin.h
[67.021s] -- Installing: /home/yongjing-ub22/comms_nusmr/mapviz_ws_YJ_laptop_only/install/mapviz_plugins/include/mapviz_plugins/occupancy_grid_plugin.h
[67.021s] -- Installing: /home/yongjing-ub22/comms_nusmr/mapviz_ws_YJ_laptop_only/install/mapviz_plugins/include/mapviz_plugins/topic_select.h
[67.022s] -- Installing: /home/yongjing-ub22/comms_nusmr/mapviz_ws_YJ_laptop_only/install/mapviz_plugins/include/mapviz_plugins/plan_route_plugin.h
[67.022s] -- Installing: /home/yongjing-ub22/comms_nusmr/mapviz_ws_YJ_laptop_only/install/mapviz_plugins/include/mapviz_plugins/canvas_click_filter.h
[67.023s] -- Installing: /home/yongjing-ub22/comms_nusmr/mapviz_ws_YJ_laptop_only/install/mapviz_plugins/include/mapviz_plugins/point_click_publisher_plugin.h
[67.023s] -- Installing: /home/yongjing-ub22/comms_nusmr/mapviz_ws_YJ_laptop_only/install/mapviz_plugins/include/mapviz_plugins/laserscan_plugin.h
[67.023s] -- Installing: /home/yongjing-ub22/comms_nusmr/mapviz_ws_YJ_laptop_only/install/mapviz_plugins/include/mapviz_plugins/coordinate_picker_plugin.h
[67.023s] -- Installing: /home/yongjing-ub22/comms_nusmr/mapviz_ws_YJ_laptop_only/install/mapviz_plugins/include/mapviz_plugins/path_plugin.h
[67.023s] -- Installing: /home/yongjing-ub22/comms_nusmr/mapviz_ws_YJ_laptop_only/install/mapviz_plugins/include/mapviz_plugins/image_plugin.h
[67.023s] -- Installing: /home/yongjing-ub22/comms_nusmr/mapviz_ws_YJ_laptop_only/install/mapviz_plugins/include/mapviz_plugins/placeable_window_proxy.h
[67.023s] -- Installing: /home/yongjing-ub22/comms_nusmr/mapviz_ws_YJ_laptop_only/install/mapviz_plugins/include/mapviz_plugins/textured_marker_plugin.h
[67.023s] -- Installing: /home/yongjing-ub22/comms_nusmr/mapviz_ws_YJ_laptop_only/install/mapviz_plugins/include/mapviz_plugins/navsat_plugin.h
[67.023s] -- Installing: /home/yongjing-ub22/comms_nusmr/mapviz_ws_YJ_laptop_only/install/mapviz_plugins/include/mapviz_plugins/float_plugin.h
[67.024s] -- Installing: /home/yongjing-ub22/comms_nusmr/mapviz_ws_YJ_laptop_only/install/mapviz_plugins/include/mapviz_plugins/tf_frame_plugin.h
[67.024s] -- Installing: /home/yongjing-ub22/comms_nusmr/mapviz_ws_YJ_laptop_only/install/mapviz_plugins/include/mapviz_plugins/point_drawing_plugin.h
[67.024s] -- Installing: /home/yongjing-ub22/comms_nusmr/mapviz_ws_YJ_laptop_only/install/mapviz_plugins/include/mapviz_plugins/attitude_indicator_plugin.h
[67.024s] -- Installing: /home/yongjing-ub22/comms_nusmr/mapviz_ws_YJ_laptop_only/install/mapviz_plugins/include/mapviz_plugins/draw_polygon_plugin.h
[67.024s] -- Installing: /home/yongjing-ub22/comms_nusmr/mapviz_ws_YJ_laptop_only/install/mapviz_plugins/include/mapviz_plugins/pointcloud2_plugin.h
[67.024s] -- Installing: /home/yongjing-ub22/comms_nusmr/mapviz_ws_YJ_laptop_only/install/mapviz_plugins/include/mapviz_plugins/string_plugin.h
[67.024s] -- Installing: /home/yongjing-ub22/comms_nusmr/mapviz_ws_YJ_laptop_only/install/mapviz_plugins/include/mapviz_plugins/move_base_plugin.h
[67.024s] -- Installing: /home/yongjing-ub22/comms_nusmr/mapviz_ws_YJ_laptop_only/install/mapviz_plugins/include/mapviz_plugins/gps_plugin.h
[67.024s] -- Installing: /home/yongjing-ub22/comms_nusmr/mapviz_ws_YJ_laptop_only/install/mapviz_plugins/include/mapviz_plugins/route_plugin.h
[67.024s] -- Installing: /home/yongjing-ub22/comms_nusmr/mapviz_ws_YJ_laptop_only/install/mapviz_plugins/include/mapviz_plugins/disparity_plugin.h
[67.024s] -- Installing: /home/yongjing-ub22/comms_nusmr/mapviz_ws_YJ_laptop_only/install/mapviz_plugins/include/mapviz_plugins/ui_topicselect.h
[67.024s] -- Installing: /home/yongjing-ub22/comms_nusmr/mapviz_ws_YJ_laptop_only/install/mapviz_plugins/lib/libmapviz_plugins.so
[67.103s] -- Set runtime path of "/home/yongjing-ub22/comms_nusmr/mapviz_ws_YJ_laptop_only/install/mapviz_plugins/lib/libmapviz_plugins.so" to ""
[67.103s] -- Installing: /home/yongjing-ub22/comms_nusmr/mapviz_ws_YJ_laptop_only/install/mapviz_plugins/share/mapviz_plugins/mapviz_plugins.xml
[67.103s] -- Installing: /home/yongjing-ub22/comms_nusmr/mapviz_ws_YJ_laptop_only/install/mapviz_plugins/share/mapviz_plugins/environment/library_path.sh
[67.103s] -- Installing: /home/yongjing-ub22/comms_nusmr/mapviz_ws_YJ_laptop_only/install/mapviz_plugins/share/mapviz_plugins/environment/library_path.dsv
[67.104s] -- Installing: /home/yongjing-ub22/comms_nusmr/mapviz_ws_YJ_laptop_only/install/mapviz_plugins/share/ament_index/resource_index/package_run_dependencies/mapviz_plugins
[67.104s] -- Installing: /home/yongjing-ub22/comms_nusmr/mapviz_ws_YJ_laptop_only/install/mapviz_plugins/share/ament_index/resource_index/parent_prefix_path/mapviz_plugins
[67.104s] -- Installing: /home/yongjing-ub22/comms_nusmr/mapviz_ws_YJ_laptop_only/install/mapviz_plugins/share/mapviz_plugins/environment/ament_prefix_path.sh
[67.104s] -- Installing: /home/yongjing-ub22/comms_nusmr/mapviz_ws_YJ_laptop_only/install/mapviz_plugins/share/mapviz_plugins/environment/ament_prefix_path.dsv
[67.105s] -- Installing: /home/yongjing-ub22/comms_nusmr/mapviz_ws_YJ_laptop_only/install/mapviz_plugins/share/mapviz_plugins/environment/path.sh
[67.105s] -- Installing: /home/yongjing-ub22/comms_nusmr/mapviz_ws_YJ_laptop_only/install/mapviz_plugins/share/mapviz_plugins/environment/path.dsv
[67.105s] -- Installing: /home/yongjing-ub22/comms_nusmr/mapviz_ws_YJ_laptop_only/install/mapviz_plugins/share/mapviz_plugins/local_setup.bash
[67.105s] -- Installing: /home/yongjing-ub22/comms_nusmr/mapviz_ws_YJ_laptop_only/install/mapviz_plugins/share/mapviz_plugins/local_setup.sh
[67.106s] -- Installing: /home/yongjing-ub22/comms_nusmr/mapviz_ws_YJ_laptop_only/install/mapviz_plugins/share/mapviz_plugins/local_setup.zsh
[67.106s] -- Installing: /home/yongjing-ub22/comms_nusmr/mapviz_ws_YJ_laptop_only/install/mapviz_plugins/share/mapviz_plugins/local_setup.dsv
[67.106s] -- Installing: /home/yongjing-ub22/comms_nusmr/mapviz_ws_YJ_laptop_only/install/mapviz_plugins/share/mapviz_plugins/package.dsv
[67.106s] -- Installing: /home/yongjing-ub22/comms_nusmr/mapviz_ws_YJ_laptop_only/install/mapviz_plugins/share/ament_index/resource_index/packages/mapviz_plugins
[67.107s] -- Installing: /home/yongjing-ub22/comms_nusmr/mapviz_ws_YJ_laptop_only/install/mapviz_plugins/share/ament_index/resource_index/mapviz__pluginlib__plugin/mapviz_plugins
[67.107s] -- Installing: /home/yongjing-ub22/comms_nusmr/mapviz_ws_YJ_laptop_only/install/mapviz_plugins/share/mapviz_plugins/cmake/ament_cmake_export_dependencies-extras.cmake
[67.107s] -- Installing: /home/yongjing-ub22/comms_nusmr/mapviz_ws_YJ_laptop_only/install/mapviz_plugins/share/mapviz_plugins/cmake/ament_cmake_export_include_directories-extras.cmake
[67.107s] -- Installing: /home/yongjing-ub22/comms_nusmr/mapviz_ws_YJ_laptop_only/install/mapviz_plugins/share/mapviz_plugins/cmake/ament_cmake_export_libraries-extras.cmake
[67.108s] -- Installing: /home/yongjing-ub22/comms_nusmr/mapviz_ws_YJ_laptop_only/install/mapviz_plugins/share/mapviz_plugins/cmake/mapviz_pluginsConfig.cmake
[67.108s] -- Installing: /home/yongjing-ub22/comms_nusmr/mapviz_ws_YJ_laptop_only/install/mapviz_plugins/share/mapviz_plugins/cmake/mapviz_pluginsConfig-version.cmake
[67.108s] -- Installing: /home/yongjing-ub22/comms_nusmr/mapviz_ws_YJ_laptop_only/install/mapviz_plugins/share/mapviz_plugins/package.xml
[67.118s] Invoked command in '/home/yongjing-ub22/comms_nusmr/mapviz_ws_YJ_laptop_only/build/mapviz_plugins' returned '0': AMENT_PREFIX_PATH=/home/yongjing-ub22/comms_nusmr/mapviz_ws_YJ_laptop_only/install/mapviz:/home/yongjing-ub22/comms_nusmr/mapviz_ws_YJ_laptop_only/install/mapviz_interfaces:${AMENT_PREFIX_PATH} CMAKE_PREFIX_PATH=/home/yongjing-ub22/comms_nusmr/mapviz_ws_YJ_laptop_only/install/mapviz:/home/yongjing-ub22/comms_nusmr/mapviz_ws_YJ_laptop_only/install/mapviz_interfaces:/opt/ros/humble LD_LIBRARY_PATH=/home/yongjing-ub22/comms_nusmr/mapviz_ws_YJ_laptop_only/install/mapviz/lib:/home/yongjing-ub22/comms_nusmr/mapviz_ws_YJ_laptop_only/install/mapviz_interfaces/lib:${LD_LIBRARY_PATH} PYTHONPATH=/home/yongjing-ub22/comms_nusmr/mapviz_ws_YJ_laptop_only/install/mapviz_interfaces/local/lib/python3.10/dist-packages:${PYTHONPATH} /usr/bin/cmake --install /home/yongjing-ub22/comms_nusmr/mapviz_ws_YJ_laptop_only/build/mapviz_plugins
