-- The CXX compiler identification is GNU 11.4.0
-- Detecting CXX compiler ABI info
-- Detecting CXX compiler ABI info - done
-- Check for working CXX compiler: /usr/bin/c++ - skipped
-- Detecting CXX compile features
-- Detecting CXX compile features - done
-- Found ament_cmake: 1.3.11 (/opt/ros/humble/share/ament_cmake/cmake)
-- Found Python3: /usr/bin/python3 (found version "3.10.12") found components: Interpreter 
-- Found cv_bridge: 3.2.1 (/opt/ros/humble/share/cv_bridge/cmake)
-- Found rosidl_generator_c: 3.1.6 (/opt/ros/humble/share/rosidl_generator_c/cmake)
-- Found rosidl_adapter: 3.1.6 (/opt/ros/humble/share/rosidl_adapter/cmake)
-- Found rosidl_generator_cpp: 3.1.6 (/opt/ros/humble/share/rosidl_generator_cpp/cmake)
-- Using all available rosidl_typesupport_c: rosidl_typesupport_fastrtps_c;rosidl_typesupport_introspection_c
-- Using all available rosidl_typesupport_cpp: rosidl_typesupport_fastrtps_cpp;rosidl_typesupport_introspection_cpp
-- Found gps_msgs: 2.0.4 (/opt/ros/humble/share/gps_msgs/cmake)
-- Found mapviz: 2.4.5 (/home/yongjing-ub22/comms_nusmr/mapviz_ws_YJ_laptop_only/install/mapviz/share/mapviz/cmake)
-- Found pluginlib: 5.1.0 (/opt/ros/humble/share/pluginlib/cmake)
-- Found rclcpp: 16.0.11 (/opt/ros/humble/share/rclcpp/cmake)
-- Found rmw_implementation_cmake: 6.1.2 (/opt/ros/humble/share/rmw_implementation_cmake/cmake)
-- Found rmw_fastrtps_cpp: 6.2.7 (/opt/ros/humble/share/rmw_fastrtps_cpp/cmake)
-- Found TinyXML2 via Config file: TinyXML2_DIR-NOTFOUND
-- Found OpenSSL: /usr/lib/x86_64-linux-gnu/libcrypto.so (found version "3.0.2")  
-- Found TinyXML2 via Config file: TinyXML2_DIR-NOTFOUND
-- Found FastRTPS: /opt/ros/humble/include  
-- Found TinyXML2 via Config file: TinyXML2_DIR-NOTFOUND
-- Found TinyXML2 via Config file: TinyXML2_DIR-NOTFOUND
-- Using RMW implementation 'rmw_fastrtps_cpp' as default
-- Looking for C++ include pthread.h
-- Looking for C++ include pthread.h - found
-- Performing Test CMAKE_HAVE_LIBC_PTHREAD
-- Performing Test CMAKE_HAVE_LIBC_PTHREAD - Success
-- Found Threads: TRUE  
-- Found tf2: 0.25.9 (/opt/ros/humble/share/tf2/cmake)
-- Found swri_transform_util: 3.7.3 (/opt/ros/humble/share/swri_transform_util/cmake)
-- Found eigen3_cmake_module: 0.1.1 (/opt/ros/humble/share/eigen3_cmake_module/cmake)
-- Found Eigen3: TRUE (found version "3.4.0") 
-- Ensuring Eigen3 include directory is part of orocos-kdl CMake target
-- Found swri_math_util: 3.7.3 (/opt/ros/humble/share/swri_math_util/cmake)
-- Found Boost: /usr/lib/x86_64-linux-gnu/cmake/Boost-1.74.0/BoostConfig.cmake (found version "1.74.0") found components: filesystem thread 
-- Found OpenGL: /usr/lib/x86_64-linux-gnu/libOpenGL.so   
-- Found OpenCV: /usr (found version "4.5.4") found components: core imgproc 
-- Configuring done
-- Generating done
-- Build files have been written to: /home/yongjing-ub22/comms_nusmr/mapviz_ws_YJ_laptop_only/build/multires_image
[  4%] [34m[1mGenerating include/multires_image/moc_tile_cache.cpp[0m
[  8%] [32mBuilding CXX object CMakeFiles/multires_image.dir/src/tile_cache.cpp.o[0m
[ 12%] [32mBuilding CXX object CMakeFiles/multires_image.dir/src/tile_set.cpp.o[0m
[ 16%] [32mBuilding CXX object CMakeFiles/multires_image.dir/src/tile_set_layer.cpp.o[0m
[ 20%] [32mBuilding CXX object CMakeFiles/multires_image.dir/include/multires_image/moc_tile_cache.cpp.o[0m
[ 25%] [32mBuilding CXX object CMakeFiles/multires_image.dir/src/tile.cpp.o[0m
[ 29%] [32m[1mLinking CXX static library libmultires_image.a[0m
[ 29%] Built target multires_image
[ 33%] [34m[1mGenerating ui_multires_config.h[0m
[ 37%] [34m[1mGenerating include/multires_image/moc_multires_image_plugin.cpp[0m
[ 41%] [34m[1mGenerating ui_QGLMap.h[0m
[ 45%] [34m[1mGenerating include/multires_image/moc_QGLMap.cpp[0m
[ 50%] [34m[1mGenerating ui_multires_config.h[0m
[ 58%] [32mBuilding CXX object CMakeFiles/multires_image_plugin.dir/src/multires_view.cpp.o[0m
[ 58%] [32mBuilding CXX object CMakeFiles/multires_image_plugin.dir/src/multires_image_plugin.cpp.o[0m
[ 70%] [32mBuilding CXX object CMakeFiles/multires_widget.dir/include/multires_image/moc_QGLMap.cpp.o[0m
[ 70%] [32mBuilding CXX object CMakeFiles/multires_widget.dir/src/QGLMap.cpp.o[0m
[ 70%] [32mBuilding CXX object CMakeFiles/multires_widget.dir/src/tile_view.cpp.o[0m
[ 75%] [32mBuilding CXX object CMakeFiles/multires_image_plugin.dir/include/multires_image/moc_multires_image_plugin.cpp.o[0m
[ 79%] [32m[1mLinking CXX static library libmultires_widget.a[0m
[ 79%] Built target multires_widget
[ 83%] [34m[1mGenerating include/multires_image/moc_multires_view_node.cpp[0m
[ 87%] [32mBuilding CXX object CMakeFiles/multires_view_node.dir/src/nodes/multires_view_node.cpp.o[0m
[ 91%] [32mBuilding CXX object CMakeFiles/multires_view_node.dir/include/multires_image/moc_multires_view_node.cpp.o[0m
[ 95%] [32m[1mLinking CXX shared library libmultires_image_plugin.so[0m
[ 95%] Built target multires_image_plugin
[100%] [32m[1mLinking CXX executable multires_view_node[0m
[100%] Built target multires_view_node
-- Install configuration: ""
-- Installing: /home/yongjing-ub22/comms_nusmr/mapviz_ws_YJ_laptop_only/install/multires_image/include/multires_image
-- Installing: /home/yongjing-ub22/comms_nusmr/mapviz_ws_YJ_laptop_only/install/multires_image/include/multires_image/tile_set.h
-- Installing: /home/yongjing-ub22/comms_nusmr/mapviz_ws_YJ_laptop_only/install/multires_image/include/multires_image/multires_view.h
-- Installing: /home/yongjing-ub22/comms_nusmr/mapviz_ws_YJ_laptop_only/install/multires_image/include/multires_image/tile_cache.h
-- Installing: /home/yongjing-ub22/comms_nusmr/mapviz_ws_YJ_laptop_only/install/multires_image/include/multires_image/tile_set_layer.h
-- Installing: /home/yongjing-ub22/comms_nusmr/mapviz_ws_YJ_laptop_only/install/multires_image/include/multires_image/QGLMap.h
-- Installing: /home/yongjing-ub22/comms_nusmr/mapviz_ws_YJ_laptop_only/install/multires_image/include/multires_image/multires_image_plugin.h
-- Installing: /home/yongjing-ub22/comms_nusmr/mapviz_ws_YJ_laptop_only/install/multires_image/include/multires_image/tile_view.h
-- Installing: /home/yongjing-ub22/comms_nusmr/mapviz_ws_YJ_laptop_only/install/multires_image/include/multires_image/tile.h
-- Installing: /home/yongjing-ub22/comms_nusmr/mapviz_ws_YJ_laptop_only/install/multires_image/include/multires_image/multires_view_node.h
-- Installing: /home/yongjing-ub22/comms_nusmr/mapviz_ws_YJ_laptop_only/install/multires_image/lib/libmultires_image.a
-- Installing: /home/yongjing-ub22/comms_nusmr/mapviz_ws_YJ_laptop_only/install/multires_image/lib/multires_image/multires_view_node
-- Set runtime path of "/home/yongjing-ub22/comms_nusmr/mapviz_ws_YJ_laptop_only/install/multires_image/lib/multires_image/multires_view_node" to ""
-- Installing: /home/yongjing-ub22/comms_nusmr/mapviz_ws_YJ_laptop_only/install/multires_image/lib/libmultires_widget.a
-- Installing: /home/yongjing-ub22/comms_nusmr/mapviz_ws_YJ_laptop_only/install/multires_image/lib/libmultires_image_plugin.so
-- Set runtime path of "/home/yongjing-ub22/comms_nusmr/mapviz_ws_YJ_laptop_only/install/multires_image/lib/libmultires_image_plugin.so" to ""
-- Installing: /home/yongjing-ub22/comms_nusmr/mapviz_ws_YJ_laptop_only/install/multires_image/lib/multires_image/mapviz_tile_loader
-- Installing: /home/yongjing-ub22/comms_nusmr/mapviz_ws_YJ_laptop_only/install/multires_image/share/multires_image/launch
-- Installing: /home/yongjing-ub22/comms_nusmr/mapviz_ws_YJ_laptop_only/install/multires_image/share/multires_image/mapviz_plugins.xml
-- Installing: /home/yongjing-ub22/comms_nusmr/mapviz_ws_YJ_laptop_only/install/multires_image/share/multires_image/environment/library_path.sh
-- Installing: /home/yongjing-ub22/comms_nusmr/mapviz_ws_YJ_laptop_only/install/multires_image/share/multires_image/environment/library_path.dsv
-- Installing: /home/yongjing-ub22/comms_nusmr/mapviz_ws_YJ_laptop_only/install/multires_image/share/ament_index/resource_index/package_run_dependencies/multires_image
-- Installing: /home/yongjing-ub22/comms_nusmr/mapviz_ws_YJ_laptop_only/install/multires_image/share/ament_index/resource_index/parent_prefix_path/multires_image
-- Installing: /home/yongjing-ub22/comms_nusmr/mapviz_ws_YJ_laptop_only/install/multires_image/share/multires_image/environment/ament_prefix_path.sh
-- Installing: /home/yongjing-ub22/comms_nusmr/mapviz_ws_YJ_laptop_only/install/multires_image/share/multires_image/environment/ament_prefix_path.dsv
-- Installing: /home/yongjing-ub22/comms_nusmr/mapviz_ws_YJ_laptop_only/install/multires_image/share/multires_image/environment/path.sh
-- Installing: /home/yongjing-ub22/comms_nusmr/mapviz_ws_YJ_laptop_only/install/multires_image/share/multires_image/environment/path.dsv
-- Installing: /home/yongjing-ub22/comms_nusmr/mapviz_ws_YJ_laptop_only/install/multires_image/share/multires_image/local_setup.bash
-- Installing: /home/yongjing-ub22/comms_nusmr/mapviz_ws_YJ_laptop_only/install/multires_image/share/multires_image/local_setup.sh
-- Installing: /home/yongjing-ub22/comms_nusmr/mapviz_ws_YJ_laptop_only/install/multires_image/share/multires_image/local_setup.zsh
-- Installing: /home/yongjing-ub22/comms_nusmr/mapviz_ws_YJ_laptop_only/install/multires_image/share/multires_image/local_setup.dsv
-- Installing: /home/yongjing-ub22/comms_nusmr/mapviz_ws_YJ_laptop_only/install/multires_image/share/multires_image/package.dsv
-- Installing: /home/yongjing-ub22/comms_nusmr/mapviz_ws_YJ_laptop_only/install/multires_image/share/ament_index/resource_index/packages/multires_image
-- Installing: /home/yongjing-ub22/comms_nusmr/mapviz_ws_YJ_laptop_only/install/multires_image/share/ament_index/resource_index/mapviz__pluginlib__plugin/multires_image
-- Installing: /home/yongjing-ub22/comms_nusmr/mapviz_ws_YJ_laptop_only/install/multires_image/share/multires_image/cmake/ament_cmake_export_dependencies-extras.cmake
-- Installing: /home/yongjing-ub22/comms_nusmr/mapviz_ws_YJ_laptop_only/install/multires_image/share/multires_image/cmake/ament_cmake_export_include_directories-extras.cmake
-- Installing: /home/yongjing-ub22/comms_nusmr/mapviz_ws_YJ_laptop_only/install/multires_image/share/multires_image/cmake/ament_cmake_export_libraries-extras.cmake
-- Installing: /home/yongjing-ub22/comms_nusmr/mapviz_ws_YJ_laptop_only/install/multires_image/share/multires_image/cmake/multires_imageConfig.cmake
-- Installing: /home/yongjing-ub22/comms_nusmr/mapviz_ws_YJ_laptop_only/install/multires_image/share/multires_image/cmake/multires_imageConfig-version.cmake
-- Installing: /home/yongjing-ub22/comms_nusmr/mapviz_ws_YJ_laptop_only/install/multires_image/share/multires_image/package.xml
