[0.077s] Invoking command in '/home/yongjing-ub22/comms_nusmr/mapviz_ws_YJ_laptop_only/build/multires_image': AMENT_PREFIX_PATH=/home/yongjing-ub22/comms_nusmr/mapviz_ws_YJ_laptop_only/install/mapviz:/home/yongjing-ub22/comms_nusmr/mapviz_ws_YJ_laptop_only/install/mapviz_interfaces:${AMENT_PREFIX_PATH} CMAKE_PREFIX_PATH=/home/yongjing-ub22/comms_nusmr/mapviz_ws_YJ_laptop_only/install/mapviz:/home/yongjing-ub22/comms_nusmr/mapviz_ws_YJ_laptop_only/install/mapviz_interfaces:/opt/ros/humble LD_LIBRARY_PATH=/home/yongjing-ub22/comms_nusmr/mapviz_ws_YJ_laptop_only/install/mapviz/lib:/home/yongjing-ub22/comms_nusmr/mapviz_ws_YJ_laptop_only/install/mapviz_interfaces/lib:${LD_LIBRARY_PATH} PYTHONPATH=/home/yongjing-ub22/comms_nusmr/mapviz_ws_YJ_laptop_only/install/mapviz_interfaces/local/lib/python3.10/dist-packages:${PYTHONPATH} /usr/bin/cmake /home/yongjing-ub22/comms_nusmr/mapviz_ws_YJ_laptop_only/src/multires_image -DCMAKE_INSTALL_PREFIX=/home/yongjing-ub22/comms_nusmr/mapviz_ws_YJ_laptop_only/install/multires_image
[0.181s] -- The CXX compiler identification is GNU 11.4.0
[0.203s] -- Detecting CXX compiler ABI info
[0.297s] -- Detecting CXX compiler ABI info - done
[0.303s] -- Check for working CXX compiler: /usr/bin/c++ - skipped
[0.303s] -- Detecting CXX compile features
[0.304s] -- Detecting CXX compile features - done
[0.339s] -- Found ament_cmake: 1.3.11 (/opt/ros/humble/share/ament_cmake/cmake)
[0.537s] -- Found Python3: /usr/bin/python3 (found version "3.10.12") found components: Interpreter 
[0.673s] -- Found cv_bridge: 3.2.1 (/opt/ros/humble/share/cv_bridge/cmake)
[0.769s] -- Found rosidl_generator_c: 3.1.6 (/opt/ros/humble/share/rosidl_generator_c/cmake)
[0.776s] -- Found rosidl_adapter: 3.1.6 (/opt/ros/humble/share/rosidl_adapter/cmake)
[0.788s] -- Found rosidl_generator_cpp: 3.1.6 (/opt/ros/humble/share/rosidl_generator_cpp/cmake)
[0.809s] -- Using all available rosidl_typesupport_c: rosidl_typesupport_fastrtps_c;rosidl_typesupport_introspection_c
[0.828s] -- Using all available rosidl_typesupport_cpp: rosidl_typesupport_fastrtps_cpp;rosidl_typesupport_introspection_cpp
[0.917s] -- Found gps_msgs: 2.0.4 (/opt/ros/humble/share/gps_msgs/cmake)
[0.928s] -- Found mapviz: 2.4.5 (/home/yongjing-ub22/comms_nusmr/mapviz_ws_YJ_laptop_only/install/mapviz/share/mapviz/cmake)
[0.952s] -- Found pluginlib: 5.1.0 (/opt/ros/humble/share/pluginlib/cmake)
[0.991s] -- Found rclcpp: 16.0.11 (/opt/ros/humble/share/rclcpp/cmake)
[1.035s] -- Found rmw_implementation_cmake: 6.1.2 (/opt/ros/humble/share/rmw_implementation_cmake/cmake)
[1.038s] -- Found rmw_fastrtps_cpp: 6.2.7 (/opt/ros/humble/share/rmw_fastrtps_cpp/cmake)
[1.076s] -- Found TinyXML2 via Config file: TinyXML2_DIR-NOTFOUND
[1.156s] -- Found OpenSSL: /usr/lib/x86_64-linux-gnu/libcrypto.so (found version "3.0.2")  
[1.161s] -- Found TinyXML2 via Config file: TinyXML2_DIR-NOTFOUND
[1.177s] -- Found FastRTPS: /opt/ros/humble/include  
[1.179s] -- Found TinyXML2 via Config file: TinyXML2_DIR-NOTFOUND
[1.186s] -- Found TinyXML2 via Config file: TinyXML2_DIR-NOTFOUND
[1.194s] -- Using RMW implementation 'rmw_fastrtps_cpp' as default
[1.209s] -- Looking for C++ include pthread.h
[1.284s] -- Looking for C++ include pthread.h - found
[1.285s] -- Performing Test CMAKE_HAVE_LIBC_PTHREAD
[1.363s] -- Performing Test CMAKE_HAVE_LIBC_PTHREAD - Success
[1.364s] -- Found Threads: TRUE  
[1.420s] -- Found tf2: 0.25.9 (/opt/ros/humble/share/tf2/cmake)
[1.427s] -- Found swri_transform_util: 3.7.3 (/opt/ros/humble/share/swri_transform_util/cmake)
[1.486s] -- Found eigen3_cmake_module: 0.1.1 (/opt/ros/humble/share/eigen3_cmake_module/cmake)
[1.487s] -- Found Eigen3: TRUE (found version "3.4.0") 
[1.487s] -- Ensuring Eigen3 include directory is part of orocos-kdl CMake target
[1.579s] -- Found swri_math_util: 3.7.3 (/opt/ros/humble/share/swri_math_util/cmake)
[1.605s] -- Found Boost: /usr/lib/x86_64-linux-gnu/cmake/Boost-1.74.0/BoostConfig.cmake (found version "1.74.0") found components: filesystem thread 
[1.609s] -- Found OpenGL: /usr/lib/x86_64-linux-gnu/libOpenGL.so   
[1.610s] -- Found OpenCV: /usr (found version "4.5.4") found components: core imgproc 
[1.690s] -- Configuring done
[1.747s] -- Generating done
[1.757s] -- Build files have been written to: /home/yongjing-ub22/comms_nusmr/mapviz_ws_YJ_laptop_only/build/multires_image
[1.768s] Invoked command in '/home/yongjing-ub22/comms_nusmr/mapviz_ws_YJ_laptop_only/build/multires_image' returned '0': AMENT_PREFIX_PATH=/home/yongjing-ub22/comms_nusmr/mapviz_ws_YJ_laptop_only/install/mapviz:/home/yongjing-ub22/comms_nusmr/mapviz_ws_YJ_laptop_only/install/mapviz_interfaces:${AMENT_PREFIX_PATH} CMAKE_PREFIX_PATH=/home/yongjing-ub22/comms_nusmr/mapviz_ws_YJ_laptop_only/install/mapviz:/home/yongjing-ub22/comms_nusmr/mapviz_ws_YJ_laptop_only/install/mapviz_interfaces:/opt/ros/humble LD_LIBRARY_PATH=/home/yongjing-ub22/comms_nusmr/mapviz_ws_YJ_laptop_only/install/mapviz/lib:/home/yongjing-ub22/comms_nusmr/mapviz_ws_YJ_laptop_only/install/mapviz_interfaces/lib:${LD_LIBRARY_PATH} PYTHONPATH=/home/yongjing-ub22/comms_nusmr/mapviz_ws_YJ_laptop_only/install/mapviz_interfaces/local/lib/python3.10/dist-packages:${PYTHONPATH} /usr/bin/cmake /home/yongjing-ub22/comms_nusmr/mapviz_ws_YJ_laptop_only/src/multires_image -DCMAKE_INSTALL_PREFIX=/home/yongjing-ub22/comms_nusmr/mapviz_ws_YJ_laptop_only/install/multires_image
[1.768s] Invoking command in '/home/yongjing-ub22/comms_nusmr/mapviz_ws_YJ_laptop_only/build/multires_image': AMENT_PREFIX_PATH=/home/yongjing-ub22/comms_nusmr/mapviz_ws_YJ_laptop_only/install/mapviz:/home/yongjing-ub22/comms_nusmr/mapviz_ws_YJ_laptop_only/install/mapviz_interfaces:${AMENT_PREFIX_PATH} CMAKE_PREFIX_PATH=/home/yongjing-ub22/comms_nusmr/mapviz_ws_YJ_laptop_only/install/mapviz:/home/yongjing-ub22/comms_nusmr/mapviz_ws_YJ_laptop_only/install/mapviz_interfaces:/opt/ros/humble LD_LIBRARY_PATH=/home/yongjing-ub22/comms_nusmr/mapviz_ws_YJ_laptop_only/install/mapviz/lib:/home/yongjing-ub22/comms_nusmr/mapviz_ws_YJ_laptop_only/install/mapviz_interfaces/lib:${LD_LIBRARY_PATH} PYTHONPATH=/home/yongjing-ub22/comms_nusmr/mapviz_ws_YJ_laptop_only/install/mapviz_interfaces/local/lib/python3.10/dist-packages:${PYTHONPATH} /usr/bin/cmake --build /home/yongjing-ub22/comms_nusmr/mapviz_ws_YJ_laptop_only/build/multires_image -- -j20 -l20
[1.800s] [  4%] [34m[1mGenerating include/multires_image/moc_tile_cache.cpp[0m
[1.820s] [  8%] [32mBuilding CXX object CMakeFiles/multires_image.dir/src/tile_cache.cpp.o[0m
[1.821s] [ 12%] [32mBuilding CXX object CMakeFiles/multires_image.dir/src/tile_set.cpp.o[0m
[1.821s] [ 16%] [32mBuilding CXX object CMakeFiles/multires_image.dir/src/tile_set_layer.cpp.o[0m
[1.822s] [ 20%] [32mBuilding CXX object CMakeFiles/multires_image.dir/include/multires_image/moc_tile_cache.cpp.o[0m
[1.822s] [ 25%] [32mBuilding CXX object CMakeFiles/multires_image.dir/src/tile.cpp.o[0m
[6.510s] [ 29%] [32m[1mLinking CXX static library libmultires_image.a[0m
[6.742s] [ 29%] Built target multires_image
[6.751s] [ 33%] [34m[1mGenerating ui_multires_config.h[0m
[6.752s] [ 37%] [34m[1mGenerating include/multires_image/moc_multires_image_plugin.cpp[0m
[6.753s] [ 41%] [34m[1mGenerating ui_QGLMap.h[0m
[6.754s] [ 45%] [34m[1mGenerating include/multires_image/moc_QGLMap.cpp[0m
[6.755s] [ 50%] [34m[1mGenerating ui_multires_config.h[0m
[6.783s] [ 58%] [32mBuilding CXX object CMakeFiles/multires_image_plugin.dir/src/multires_view.cpp.o[0m
[6.783s] [ 58%] [32mBuilding CXX object CMakeFiles/multires_image_plugin.dir/src/multires_image_plugin.cpp.o[0m
[6.785s] [ 70%] [32mBuilding CXX object CMakeFiles/multires_widget.dir/include/multires_image/moc_QGLMap.cpp.o[0m
[6.785s] [ 70%] [32mBuilding CXX object CMakeFiles/multires_widget.dir/src/QGLMap.cpp.o[0m
[6.785s] [ 70%] [32mBuilding CXX object CMakeFiles/multires_widget.dir/src/tile_view.cpp.o[0m
[6.786s] [ 75%] [32mBuilding CXX object CMakeFiles/multires_image_plugin.dir/include/multires_image/moc_multires_image_plugin.cpp.o[0m
[11.953s] [ 79%] [32m[1mLinking CXX static library libmultires_widget.a[0m
[12.026s] [ 79%] Built target multires_widget
[12.038s] [ 83%] [34m[1mGenerating include/multires_image/moc_multires_view_node.cpp[0m
[12.061s] [ 87%] [32mBuilding CXX object CMakeFiles/multires_view_node.dir/src/nodes/multires_view_node.cpp.o[0m
[12.062s] [ 91%] [32mBuilding CXX object CMakeFiles/multires_view_node.dir/include/multires_image/moc_multires_view_node.cpp.o[0m
[13.055s] [ 95%] [32m[1mLinking CXX shared library libmultires_image_plugin.so[0m
[14.774s] [ 95%] Built target multires_image_plugin
[17.275s] [100%] [32m[1mLinking CXX executable multires_view_node[0m
[17.736s] [100%] Built target multires_view_node
[17.746s] Invoked command in '/home/yongjing-ub22/comms_nusmr/mapviz_ws_YJ_laptop_only/build/multires_image' returned '0': AMENT_PREFIX_PATH=/home/yongjing-ub22/comms_nusmr/mapviz_ws_YJ_laptop_only/install/mapviz:/home/yongjing-ub22/comms_nusmr/mapviz_ws_YJ_laptop_only/install/mapviz_interfaces:${AMENT_PREFIX_PATH} CMAKE_PREFIX_PATH=/home/yongjing-ub22/comms_nusmr/mapviz_ws_YJ_laptop_only/install/mapviz:/home/yongjing-ub22/comms_nusmr/mapviz_ws_YJ_laptop_only/install/mapviz_interfaces:/opt/ros/humble LD_LIBRARY_PATH=/home/yongjing-ub22/comms_nusmr/mapviz_ws_YJ_laptop_only/install/mapviz/lib:/home/yongjing-ub22/comms_nusmr/mapviz_ws_YJ_laptop_only/install/mapviz_interfaces/lib:${LD_LIBRARY_PATH} PYTHONPATH=/home/yongjing-ub22/comms_nusmr/mapviz_ws_YJ_laptop_only/install/mapviz_interfaces/local/lib/python3.10/dist-packages:${PYTHONPATH} /usr/bin/cmake --build /home/yongjing-ub22/comms_nusmr/mapviz_ws_YJ_laptop_only/build/multires_image -- -j20 -l20
[17.747s] Invoking command in '/home/yongjing-ub22/comms_nusmr/mapviz_ws_YJ_laptop_only/build/multires_image': AMENT_PREFIX_PATH=/home/yongjing-ub22/comms_nusmr/mapviz_ws_YJ_laptop_only/install/mapviz:/home/yongjing-ub22/comms_nusmr/mapviz_ws_YJ_laptop_only/install/mapviz_interfaces:${AMENT_PREFIX_PATH} CMAKE_PREFIX_PATH=/home/yongjing-ub22/comms_nusmr/mapviz_ws_YJ_laptop_only/install/mapviz:/home/yongjing-ub22/comms_nusmr/mapviz_ws_YJ_laptop_only/install/mapviz_interfaces:/opt/ros/humble LD_LIBRARY_PATH=/home/yongjing-ub22/comms_nusmr/mapviz_ws_YJ_laptop_only/install/mapviz/lib:/home/yongjing-ub22/comms_nusmr/mapviz_ws_YJ_laptop_only/install/mapviz_interfaces/lib:${LD_LIBRARY_PATH} PYTHONPATH=/home/yongjing-ub22/comms_nusmr/mapviz_ws_YJ_laptop_only/install/mapviz_interfaces/local/lib/python3.10/dist-packages:${PYTHONPATH} /usr/bin/cmake --install /home/yongjing-ub22/comms_nusmr/mapviz_ws_YJ_laptop_only/build/multires_image
[17.754s] -- Install configuration: ""
[17.754s] -- Installing: /home/yongjing-ub22/comms_nusmr/mapviz_ws_YJ_laptop_only/install/multires_image/include/multires_image
[17.754s] -- Installing: /home/yongjing-ub22/comms_nusmr/mapviz_ws_YJ_laptop_only/install/multires_image/include/multires_image/tile_set.h
[17.754s] -- Installing: /home/yongjing-ub22/comms_nusmr/mapviz_ws_YJ_laptop_only/install/multires_image/include/multires_image/multires_view.h
[17.754s] -- Installing: /home/yongjing-ub22/comms_nusmr/mapviz_ws_YJ_laptop_only/install/multires_image/include/multires_image/tile_cache.h
[17.754s] -- Installing: /home/yongjing-ub22/comms_nusmr/mapviz_ws_YJ_laptop_only/install/multires_image/include/multires_image/tile_set_layer.h
[17.754s] -- Installing: /home/yongjing-ub22/comms_nusmr/mapviz_ws_YJ_laptop_only/install/multires_image/include/multires_image/QGLMap.h
[17.754s] -- Installing: /home/yongjing-ub22/comms_nusmr/mapviz_ws_YJ_laptop_only/install/multires_image/include/multires_image/multires_image_plugin.h
[17.754s] -- Installing: /home/yongjing-ub22/comms_nusmr/mapviz_ws_YJ_laptop_only/install/multires_image/include/multires_image/tile_view.h
[17.755s] -- Installing: /home/yongjing-ub22/comms_nusmr/mapviz_ws_YJ_laptop_only/install/multires_image/include/multires_image/tile.h
[17.755s] -- Installing: /home/yongjing-ub22/comms_nusmr/mapviz_ws_YJ_laptop_only/install/multires_image/include/multires_image/multires_view_node.h
[17.755s] -- Installing: /home/yongjing-ub22/comms_nusmr/mapviz_ws_YJ_laptop_only/install/multires_image/lib/libmultires_image.a
[17.756s] -- Installing: /home/yongjing-ub22/comms_nusmr/mapviz_ws_YJ_laptop_only/install/multires_image/lib/multires_image/multires_view_node
[17.757s] -- Set runtime path of "/home/yongjing-ub22/comms_nusmr/mapviz_ws_YJ_laptop_only/install/multires_image/lib/multires_image/multires_view_node" to ""
[17.757s] -- Installing: /home/yongjing-ub22/comms_nusmr/mapviz_ws_YJ_laptop_only/install/multires_image/lib/libmultires_widget.a
[17.757s] -- Installing: /home/yongjing-ub22/comms_nusmr/mapviz_ws_YJ_laptop_only/install/multires_image/lib/libmultires_image_plugin.so
[17.758s] -- Set runtime path of "/home/yongjing-ub22/comms_nusmr/mapviz_ws_YJ_laptop_only/install/multires_image/lib/libmultires_image_plugin.so" to ""
[17.758s] -- Installing: /home/yongjing-ub22/comms_nusmr/mapviz_ws_YJ_laptop_only/install/multires_image/lib/multires_image/mapviz_tile_loader
[17.758s] -- Installing: /home/yongjing-ub22/comms_nusmr/mapviz_ws_YJ_laptop_only/install/multires_image/share/multires_image/launch
[17.758s] -- Installing: /home/yongjing-ub22/comms_nusmr/mapviz_ws_YJ_laptop_only/install/multires_image/share/multires_image/mapviz_plugins.xml
[17.758s] -- Installing: /home/yongjing-ub22/comms_nusmr/mapviz_ws_YJ_laptop_only/install/multires_image/share/multires_image/environment/library_path.sh
[17.758s] -- Installing: /home/yongjing-ub22/comms_nusmr/mapviz_ws_YJ_laptop_only/install/multires_image/share/multires_image/environment/library_path.dsv
[17.759s] -- Installing: /home/yongjing-ub22/comms_nusmr/mapviz_ws_YJ_laptop_only/install/multires_image/share/ament_index/resource_index/package_run_dependencies/multires_image
[17.759s] -- Installing: /home/yongjing-ub22/comms_nusmr/mapviz_ws_YJ_laptop_only/install/multires_image/share/ament_index/resource_index/parent_prefix_path/multires_image
[17.759s] -- Installing: /home/yongjing-ub22/comms_nusmr/mapviz_ws_YJ_laptop_only/install/multires_image/share/multires_image/environment/ament_prefix_path.sh
[17.759s] -- Installing: /home/yongjing-ub22/comms_nusmr/mapviz_ws_YJ_laptop_only/install/multires_image/share/multires_image/environment/ament_prefix_path.dsv
[17.759s] -- Installing: /home/yongjing-ub22/comms_nusmr/mapviz_ws_YJ_laptop_only/install/multires_image/share/multires_image/environment/path.sh
[17.759s] -- Installing: /home/yongjing-ub22/comms_nusmr/mapviz_ws_YJ_laptop_only/install/multires_image/share/multires_image/environment/path.dsv
[17.759s] -- Installing: /home/yongjing-ub22/comms_nusmr/mapviz_ws_YJ_laptop_only/install/multires_image/share/multires_image/local_setup.bash
[17.759s] -- Installing: /home/yongjing-ub22/comms_nusmr/mapviz_ws_YJ_laptop_only/install/multires_image/share/multires_image/local_setup.sh
[17.759s] -- Installing: /home/yongjing-ub22/comms_nusmr/mapviz_ws_YJ_laptop_only/install/multires_image/share/multires_image/local_setup.zsh
[17.759s] -- Installing: /home/yongjing-ub22/comms_nusmr/mapviz_ws_YJ_laptop_only/install/multires_image/share/multires_image/local_setup.dsv
[17.759s] -- Installing: /home/yongjing-ub22/comms_nusmr/mapviz_ws_YJ_laptop_only/install/multires_image/share/multires_image/package.dsv
[17.759s] -- Installing: /home/yongjing-ub22/comms_nusmr/mapviz_ws_YJ_laptop_only/install/multires_image/share/ament_index/resource_index/packages/multires_image
[17.760s] -- Installing: /home/yongjing-ub22/comms_nusmr/mapviz_ws_YJ_laptop_only/install/multires_image/share/ament_index/resource_index/mapviz__pluginlib__plugin/multires_image
[17.760s] -- Installing: /home/yongjing-ub22/comms_nusmr/mapviz_ws_YJ_laptop_only/install/multires_image/share/multires_image/cmake/ament_cmake_export_dependencies-extras.cmake
[17.760s] -- Installing: /home/yongjing-ub22/comms_nusmr/mapviz_ws_YJ_laptop_only/install/multires_image/share/multires_image/cmake/ament_cmake_export_include_directories-extras.cmake
[17.760s] -- Installing: /home/yongjing-ub22/comms_nusmr/mapviz_ws_YJ_laptop_only/install/multires_image/share/multires_image/cmake/ament_cmake_export_libraries-extras.cmake
[17.760s] -- Installing: /home/yongjing-ub22/comms_nusmr/mapviz_ws_YJ_laptop_only/install/multires_image/share/multires_image/cmake/multires_imageConfig.cmake
[17.760s] -- Installing: /home/yongjing-ub22/comms_nusmr/mapviz_ws_YJ_laptop_only/install/multires_image/share/multires_image/cmake/multires_imageConfig-version.cmake
[17.760s] -- Installing: /home/yongjing-ub22/comms_nusmr/mapviz_ws_YJ_laptop_only/install/multires_image/share/multires_image/package.xml
[17.762s] Invoked command in '/home/yongjing-ub22/comms_nusmr/mapviz_ws_YJ_laptop_only/build/multires_image' returned '0': AMENT_PREFIX_PATH=/home/yongjing-ub22/comms_nusmr/mapviz_ws_YJ_laptop_only/install/mapviz:/home/yongjing-ub22/comms_nusmr/mapviz_ws_YJ_laptop_only/install/mapviz_interfaces:${AMENT_PREFIX_PATH} CMAKE_PREFIX_PATH=/home/yongjing-ub22/comms_nusmr/mapviz_ws_YJ_laptop_only/install/mapviz:/home/yongjing-ub22/comms_nusmr/mapviz_ws_YJ_laptop_only/install/mapviz_interfaces:/opt/ros/humble LD_LIBRARY_PATH=/home/yongjing-ub22/comms_nusmr/mapviz_ws_YJ_laptop_only/install/mapviz/lib:/home/yongjing-ub22/comms_nusmr/mapviz_ws_YJ_laptop_only/install/mapviz_interfaces/lib:${LD_LIBRARY_PATH} PYTHONPATH=/home/yongjing-ub22/comms_nusmr/mapviz_ws_YJ_laptop_only/install/mapviz_interfaces/local/lib/python3.10/dist-packages:${PYTHONPATH} /usr/bin/cmake --install /home/yongjing-ub22/comms_nusmr/mapviz_ws_YJ_laptop_only/build/multires_image
