[0.726s] Invoking command in '/home/yongjing-ub22/comms_nusmr/simple_pubsub_ws/src/py_pubsub': PYTHONPATH=/home/yongjing-ub22/comms_nusmr/simple_pubsub_ws/build/py_pubsub/prefix_override:/usr/lib/python3/dist-packages/colcon_core/task/python/colcon_distutils_commands:/home/yongjing-ub22/comms_nusmr/simple_pubsub_ws/install/py_pubsub/lib/python3.10/site-packages:${PYTHONPATH} /usr/bin/python3 -W ignore:setup.py install is deprecated -W ignore:easy_install command is deprecated setup.py egg_info --egg-base ../../build/py_pubsub build --build-base /home/yongjing-ub22/comms_nusmr/simple_pubsub_ws/build/py_pubsub/build install --record /home/yongjing-ub22/comms_nusmr/simple_pubsub_ws/build/py_pubsub/install.log --single-version-externally-managed install_data
[0.985s] running egg_info
[0.987s] writing ../../build/py_pubsub/py_pubsub.egg-info/PKG-INFO
[0.987s] writing dependency_links to ../../build/py_pubsub/py_pubsub.egg-info/dependency_links.txt
[0.987s] writing entry points to ../../build/py_pubsub/py_pubsub.egg-info/entry_points.txt
[0.987s] writing requirements to ../../build/py_pubsub/py_pubsub.egg-info/requires.txt
[0.987s] writing top-level names to ../../build/py_pubsub/py_pubsub.egg-info/top_level.txt
[0.989s] reading manifest file '../../build/py_pubsub/py_pubsub.egg-info/SOURCES.txt'
[0.993s] writing manifest file '../../build/py_pubsub/py_pubsub.egg-info/SOURCES.txt'
[0.993s] running build
[0.993s] running build_py
[0.994s] copying py_pubsub/subscriber_member_function.py -> /home/yongjing-ub22/comms_nusmr/simple_pubsub_ws/build/py_pubsub/build/lib/py_pubsub
[0.994s] running install
[0.994s] running install_lib
[0.995s] copying /home/yongjing-ub22/comms_nusmr/simple_pubsub_ws/build/py_pubsub/build/lib/py_pubsub/subscriber_member_function.py -> /home/yongjing-ub22/comms_nusmr/simple_pubsub_ws/install/py_pubsub/lib/python3.10/site-packages/py_pubsub
[0.996s] byte-compiling /home/yongjing-ub22/comms_nusmr/simple_pubsub_ws/install/py_pubsub/lib/python3.10/site-packages/py_pubsub/subscriber_member_function.py to subscriber_member_function.cpython-310.pyc
[0.996s]   File "/home/yongjing-ub22/comms_nusmr/simple_pubsub_ws/install/py_pubsub/lib/python3.10/site-packages/py_pubsub/subscriber_member_function.py", line 82
[0.997s]     '''
[0.997s]     ^
[0.997s] SyntaxError: unterminated triple-quoted string literal (detected at line 82)
[0.997s] 
[0.997s] running install_data
[0.997s] running install_egg_info
[1.000s] removing '/home/yongjing-ub22/comms_nusmr/simple_pubsub_ws/install/py_pubsub/lib/python3.10/site-packages/py_pubsub-0.0.0-py3.10.egg-info' (and everything under it)
[1.000s] Copying ../../build/py_pubsub/py_pubsub.egg-info to /home/yongjing-ub22/comms_nusmr/simple_pubsub_ws/install/py_pubsub/lib/python3.10/site-packages/py_pubsub-0.0.0-py3.10.egg-info
[1.001s] running install_scripts
[1.028s] Installing listener script to /home/yongjing-ub22/comms_nusmr/simple_pubsub_ws/install/py_pubsub/lib/py_pubsub
[1.029s] Installing talker script to /home/yongjing-ub22/comms_nusmr/simple_pubsub_ws/install/py_pubsub/lib/py_pubsub
[1.029s] writing list of installed files to '/home/yongjing-ub22/comms_nusmr/simple_pubsub_ws/build/py_pubsub/install.log'
[1.063s] Invoked command in '/home/yongjing-ub22/comms_nusmr/simple_pubsub_ws/src/py_pubsub' returned '0': PYTHONPATH=/home/yongjing-ub22/comms_nusmr/simple_pubsub_ws/build/py_pubsub/prefix_override:/usr/lib/python3/dist-packages/colcon_core/task/python/colcon_distutils_commands:/home/yongjing-ub22/comms_nusmr/simple_pubsub_ws/install/py_pubsub/lib/python3.10/site-packages:${PYTHONPATH} /usr/bin/python3 -W ignore:setup.py install is deprecated -W ignore:easy_install command is deprecated setup.py egg_info --egg-base ../../build/py_pubsub build --build-base /home/yongjing-ub22/comms_nusmr/simple_pubsub_ws/build/py_pubsub/build install --record /home/yongjing-ub22/comms_nusmr/simple_pubsub_ws/build/py_pubsub/install.log --single-version-externally-managed install_data
