[0.008s] Invoking command in '/home/yongjing-ub22/comms_nusmr/mapviz_ws_YJ_laptop_only/build/mapviz_interfaces': CMAKE_PREFIX_PATH=/opt/ros/humble /usr/bin/cmake /home/yongjing-ub22/comms_nusmr/mapviz_ws_YJ_laptop_only/src/mapviz_interfaces -DCMAKE_INSTALL_PREFIX=/home/yongjing-ub22/comms_nusmr/mapviz_ws_YJ_laptop_only/install/mapviz_interfaces
[0.137s] -- The C compiler identification is GNU 11.4.0
[0.261s] -- The CXX compiler identification is GNU 11.4.0
[0.269s] -- Detecting C compiler ABI info
[0.344s] -- Detecting C compiler ABI info - done
[0.350s] -- Check for working C compiler: /usr/bin/cc - skipped
[0.350s] -- Detecting C compile features
[0.350s] -- Detecting C compile features - done
[0.353s] -- Detecting CXX compiler ABI info
[0.438s] -- Detecting CXX compiler ABI info - done
[0.444s] -- Check for working CXX compiler: /usr/bin/c++ - skipped
[0.444s] -- Detecting CXX compile features
[0.444s] -- Detecting CXX compile features - done
[0.448s] -- Found ament_cmake: 1.3.11 (/opt/ros/humble/share/ament_cmake/cmake)
[0.571s] -- Found Python3: /usr/bin/python3 (found version "3.10.12") found components: Interpreter 
[0.651s] -- Found marti_common_msgs: 1.6.1 (/opt/ros/humble/share/marti_common_msgs/cmake)
[0.681s] -- Found rosidl_generator_c: 3.1.6 (/opt/ros/humble/share/rosidl_generator_c/cmake)
[0.686s] -- Found rosidl_adapter: 3.1.6 (/opt/ros/humble/share/rosidl_adapter/cmake)
[0.693s] -- Found rosidl_generator_cpp: 3.1.6 (/opt/ros/humble/share/rosidl_generator_cpp/cmake)
[0.705s] -- Using all available rosidl_typesupport_c: rosidl_typesupport_fastrtps_c;rosidl_typesupport_introspection_c
[0.719s] -- Using all available rosidl_typesupport_cpp: rosidl_typesupport_fastrtps_cpp;rosidl_typesupport_introspection_cpp
[0.750s] -- Found rosidl_default_generators: 1.2.0 (/opt/ros/humble/share/rosidl_default_generators/cmake)
[0.980s] -- Found ament_cmake_ros: 0.10.0 (/opt/ros/humble/share/ament_cmake_ros/cmake)
[1.288s] -- Using all available rosidl_typesupport_c: rosidl_typesupport_fastrtps_c;rosidl_typesupport_introspection_c
[1.409s] -- Using all available rosidl_typesupport_cpp: rosidl_typesupport_fastrtps_cpp;rosidl_typesupport_introspection_cpp
[1.433s] -- Found PythonInterp: /usr/bin/python3 (found suitable version "3.10.12", minimum required is "3.6") 
[1.436s] -- Found python_cmake_module: 0.10.0 (/opt/ros/humble/share/python_cmake_module/cmake)
[1.457s] -- Found PythonLibs: /usr/lib/x86_64-linux-gnu/libpython3.10.so (found suitable version "3.10.12", minimum required is "3.5") 
[1.458s] -- Using PYTHON_EXECUTABLE: /usr/bin/python3
[1.458s] -- Using PYTHON_INCLUDE_DIRS: /usr/include/python3.10
[1.458s] -- Using PYTHON_LIBRARIES: /usr/lib/x86_64-linux-gnu/libpython3.10.so
[1.476s] -- Found PythonExtra: .so  
[1.524s] -- Configuring done
[1.548s] -- Generating done
[1.558s] -- Build files have been written to: /home/yongjing-ub22/comms_nusmr/mapviz_ws_YJ_laptop_only/build/mapviz_interfaces
[1.566s] Invoked command in '/home/yongjing-ub22/comms_nusmr/mapviz_ws_YJ_laptop_only/build/mapviz_interfaces' returned '0': CMAKE_PREFIX_PATH=/opt/ros/humble /usr/bin/cmake /home/yongjing-ub22/comms_nusmr/mapviz_ws_YJ_laptop_only/src/mapviz_interfaces -DCMAKE_INSTALL_PREFIX=/home/yongjing-ub22/comms_nusmr/mapviz_ws_YJ_laptop_only/install/mapviz_interfaces
[1.567s] Invoking command in '/home/yongjing-ub22/comms_nusmr/mapviz_ws_YJ_laptop_only/build/mapviz_interfaces': CMAKE_PREFIX_PATH=/opt/ros/humble /usr/bin/cmake --build /home/yongjing-ub22/comms_nusmr/mapviz_ws_YJ_laptop_only/build/mapviz_interfaces -- -j20 -l20
[1.599s] [  3%] [34m[1mGenerating C code for ROS interfaces[0m
[1.609s] [  6%] [34m[1mGenerating C++ code for ROS interfaces[0m
[1.615s] [  6%] Built target ament_cmake_python_copy_mapviz_interfaces
[1.861s] running egg_info
[1.861s] creating mapviz_interfaces.egg-info
[1.861s] writing mapviz_interfaces.egg-info/PKG-INFO
[1.862s] writing dependency_links to mapviz_interfaces.egg-info/dependency_links.txt
[1.862s] writing top-level names to mapviz_interfaces.egg-info/top_level.txt
[1.862s] writing manifest file 'mapviz_interfaces.egg-info/SOURCES.txt'
[1.864s] reading manifest file 'mapviz_interfaces.egg-info/SOURCES.txt'
[1.864s] writing manifest file 'mapviz_interfaces.egg-info/SOURCES.txt'
[1.887s] [  6%] Built target ament_cmake_python_build_mapviz_interfaces_egg
[1.920s] [  6%] Built target mapviz_interfaces__cpp
[1.921s] [  9%] [32mBuilding C object CMakeFiles/mapviz_interfaces__rosidl_generator_c.dir/rosidl_generator_c/mapviz_interfaces/srv/detail/add_mapviz_display__functions.c.o[0m
[1.932s] [ 16%] [34m[1mGenerating C++ introspection for ROS interfaces[0m
[1.933s] [ 16%] [34m[1mGenerating C++ type support dispatch for ROS interfaces[0m
[1.933s] [ 19%] [34m[1mGenerating C++ type support for eProsima Fast-RTPS[0m
[2.010s] [ 22%] [32m[1mLinking C shared library libmapviz_interfaces__rosidl_generator_c.so[0m
[2.055s] [ 22%] Built target mapviz_interfaces__rosidl_generator_c
[2.070s] [ 25%] [34m[1mGenerating C type support for eProsima Fast-RTPS[0m
[2.071s] [ 32%] [34m[1mGenerating C introspection for ROS interfaces[0m
[2.071s] [ 32%] [34m[1mGenerating C type support dispatch for ROS interfaces[0m
[2.283s] [ 35%] [32mBuilding CXX object CMakeFiles/mapviz_interfaces__rosidl_typesupport_cpp.dir/rosidl_typesupport_cpp/mapviz_interfaces/srv/add_mapviz_display__type_support.cpp.o[0m
[2.312s] [ 38%] [32mBuilding CXX object CMakeFiles/mapviz_interfaces__rosidl_typesupport_introspection_cpp.dir/rosidl_typesupport_introspection_cpp/mapviz_interfaces/srv/detail/add_mapviz_display__type_support.cpp.o[0m
[2.326s] [ 41%] [32mBuilding CXX object CMakeFiles/mapviz_interfaces__rosidl_typesupport_fastrtps_cpp.dir/rosidl_typesupport_fastrtps_cpp/mapviz_interfaces/srv/detail/dds_fastrtps/add_mapviz_display__type_support.cpp.o[0m
[2.445s] [ 45%] [32mBuilding CXX object CMakeFiles/mapviz_interfaces__rosidl_typesupport_c.dir/rosidl_typesupport_c/mapviz_interfaces/srv/add_mapviz_display__type_support.cpp.o[0m
[2.486s] [ 48%] [32mBuilding CXX object CMakeFiles/mapviz_interfaces__rosidl_typesupport_fastrtps_c.dir/rosidl_typesupport_fastrtps_c/mapviz_interfaces/srv/detail/add_mapviz_display__type_support_c.cpp.o[0m
[2.490s] [ 51%] [32mBuilding C object CMakeFiles/mapviz_interfaces__rosidl_typesupport_introspection_c.dir/rosidl_typesupport_introspection_c/mapviz_interfaces/srv/detail/add_mapviz_display__type_support.c.o[0m
[2.491s] [ 54%] [32m[1mLinking CXX shared library libmapviz_interfaces__rosidl_typesupport_c.so[0m
[2.544s] [ 54%] Built target mapviz_interfaces__rosidl_typesupport_c
[2.550s] [ 58%] [32m[1mLinking C shared library libmapviz_interfaces__rosidl_typesupport_introspection_c.so[0m
[2.596s] [ 58%] Built target mapviz_interfaces__rosidl_typesupport_introspection_c
[2.604s] [ 61%] [32m[1mLinking CXX shared library libmapviz_interfaces__rosidl_typesupport_cpp.so[0m
[2.652s] [ 61%] Built target mapviz_interfaces__rosidl_typesupport_cpp
[2.759s] [ 64%] [32m[1mLinking CXX shared library libmapviz_interfaces__rosidl_typesupport_introspection_cpp.so[0m
[2.788s] [ 67%] [32m[1mLinking CXX shared library libmapviz_interfaces__rosidl_typesupport_fastrtps_cpp.so[0m
[2.813s] [ 70%] [32m[1mLinking CXX shared library libmapviz_interfaces__rosidl_typesupport_fastrtps_c.so[0m
[2.833s] [ 70%] Built target mapviz_interfaces__rosidl_typesupport_introspection_cpp
[2.862s] [ 70%] Built target mapviz_interfaces__rosidl_typesupport_fastrtps_cpp
[2.883s] [ 70%] Built target mapviz_interfaces__rosidl_typesupport_fastrtps_c
[2.900s] [ 70%] Built target mapviz_interfaces
[2.915s] [ 74%] [34m[1mGenerating Python code for ROS interfaces[0m
[3.256s] [ 74%] Built target mapviz_interfaces__py
[3.272s] [ 77%] [32mBuilding C object CMakeFiles/mapviz_interfaces__rosidl_generator_py.dir/rosidl_generator_py/mapviz_interfaces/srv/_add_mapviz_display_s.c.o[0m
[3.371s] [ 80%] [32m[1mLinking C shared library rosidl_generator_py/mapviz_interfaces/libmapviz_interfaces__rosidl_generator_py.so[0m
[3.406s] [ 80%] Built target mapviz_interfaces__rosidl_generator_py
[3.425s] [ 83%] [32mBuilding C object CMakeFiles/mapviz_interfaces__rosidl_typesupport_fastrtps_c__pyext.dir/rosidl_generator_py/mapviz_interfaces/_mapviz_interfaces_s.ep.rosidl_typesupport_fastrtps_c.c.o[0m
[3.425s] [ 87%] [32mBuilding C object CMakeFiles/mapviz_interfaces__rosidl_typesupport_c__pyext.dir/rosidl_generator_py/mapviz_interfaces/_mapviz_interfaces_s.ep.rosidl_typesupport_c.c.o[0m
[3.427s] [ 90%] [32mBuilding C object CMakeFiles/mapviz_interfaces__rosidl_typesupport_introspection_c__pyext.dir/rosidl_generator_py/mapviz_interfaces/_mapviz_interfaces_s.ep.rosidl_typesupport_introspection_c.c.o[0m
[3.515s] [100%] [32m[1mLinking C shared library rosidl_generator_py/mapviz_interfaces/mapviz_interfaces_s__rosidl_typesupport_fastrtps_c.cpython-310-x86_64-linux-gnu.so[0m
[3.515s] [100%] [32m[1mLinking C shared library rosidl_generator_py/mapviz_interfaces/mapviz_interfaces_s__rosidl_typesupport_c.cpython-310-x86_64-linux-gnu.so[0m
[3.515s] [100%] [32m[1mLinking C shared library rosidl_generator_py/mapviz_interfaces/mapviz_interfaces_s__rosidl_typesupport_introspection_c.cpython-310-x86_64-linux-gnu.so[0m
[3.552s] [100%] Built target mapviz_interfaces__rosidl_typesupport_introspection_c__pyext
[3.561s] [100%] Built target mapviz_interfaces__rosidl_typesupport_c__pyext
[3.561s] [100%] Built target mapviz_interfaces__rosidl_typesupport_fastrtps_c__pyext
[3.572s] Invoked command in '/home/yongjing-ub22/comms_nusmr/mapviz_ws_YJ_laptop_only/build/mapviz_interfaces' returned '0': CMAKE_PREFIX_PATH=/opt/ros/humble /usr/bin/cmake --build /home/yongjing-ub22/comms_nusmr/mapviz_ws_YJ_laptop_only/build/mapviz_interfaces -- -j20 -l20
[3.585s] Invoking command in '/home/yongjing-ub22/comms_nusmr/mapviz_ws_YJ_laptop_only/build/mapviz_interfaces': CMAKE_PREFIX_PATH=/opt/ros/humble /usr/bin/cmake --install /home/yongjing-ub22/comms_nusmr/mapviz_ws_YJ_laptop_only/build/mapviz_interfaces
[3.592s] -- Install configuration: ""
[3.592s] -- Installing: /home/yongjing-ub22/comms_nusmr/mapviz_ws_YJ_laptop_only/install/mapviz_interfaces/share/ament_index/resource_index/rosidl_interfaces/mapviz_interfaces
[3.592s] -- Installing: /home/yongjing-ub22/comms_nusmr/mapviz_ws_YJ_laptop_only/install/mapviz_interfaces/include/mapviz_interfaces/mapviz_interfaces
[3.592s] -- Installing: /home/yongjing-ub22/comms_nusmr/mapviz_ws_YJ_laptop_only/install/mapviz_interfaces/include/mapviz_interfaces/mapviz_interfaces/msg
[3.593s] -- Installing: /home/yongjing-ub22/comms_nusmr/mapviz_ws_YJ_laptop_only/install/mapviz_interfaces/include/mapviz_interfaces/mapviz_interfaces/msg/rosidl_generator_c__visibility_control.h
[3.593s] -- Installing: /home/yongjing-ub22/comms_nusmr/mapviz_ws_YJ_laptop_only/install/mapviz_interfaces/include/mapviz_interfaces/mapviz_interfaces/srv
[3.593s] -- Installing: /home/yongjing-ub22/comms_nusmr/mapviz_ws_YJ_laptop_only/install/mapviz_interfaces/include/mapviz_interfaces/mapviz_interfaces/srv/add_mapviz_display.h
[3.593s] -- Installing: /home/yongjing-ub22/comms_nusmr/mapviz_ws_YJ_laptop_only/install/mapviz_interfaces/include/mapviz_interfaces/mapviz_interfaces/srv/detail
[3.593s] -- Installing: /home/yongjing-ub22/comms_nusmr/mapviz_ws_YJ_laptop_only/install/mapviz_interfaces/include/mapviz_interfaces/mapviz_interfaces/srv/detail/add_mapviz_display__functions.c
[3.593s] -- Installing: /home/yongjing-ub22/comms_nusmr/mapviz_ws_YJ_laptop_only/install/mapviz_interfaces/include/mapviz_interfaces/mapviz_interfaces/srv/detail/add_mapviz_display__functions.h
[3.593s] -- Installing: /home/yongjing-ub22/comms_nusmr/mapviz_ws_YJ_laptop_only/install/mapviz_interfaces/include/mapviz_interfaces/mapviz_interfaces/srv/detail/add_mapviz_display__type_support.h
[3.593s] -- Installing: /home/yongjing-ub22/comms_nusmr/mapviz_ws_YJ_laptop_only/install/mapviz_interfaces/include/mapviz_interfaces/mapviz_interfaces/srv/detail/add_mapviz_display__struct.h
[3.593s] -- Installing: /home/yongjing-ub22/comms_nusmr/mapviz_ws_YJ_laptop_only/install/mapviz_interfaces/share/mapviz_interfaces/environment/library_path.sh
[3.593s] -- Installing: /home/yongjing-ub22/comms_nusmr/mapviz_ws_YJ_laptop_only/install/mapviz_interfaces/share/mapviz_interfaces/environment/library_path.dsv
[3.593s] -- Installing: /home/yongjing-ub22/comms_nusmr/mapviz_ws_YJ_laptop_only/install/mapviz_interfaces/lib/libmapviz_interfaces__rosidl_generator_c.so
[3.593s] -- Set runtime path of "/home/yongjing-ub22/comms_nusmr/mapviz_ws_YJ_laptop_only/install/mapviz_interfaces/lib/libmapviz_interfaces__rosidl_generator_c.so" to ""
[3.593s] -- Up-to-date: /home/yongjing-ub22/comms_nusmr/mapviz_ws_YJ_laptop_only/install/mapviz_interfaces/include/mapviz_interfaces/mapviz_interfaces
[3.593s] -- Up-to-date: /home/yongjing-ub22/comms_nusmr/mapviz_ws_YJ_laptop_only/install/mapviz_interfaces/include/mapviz_interfaces/mapviz_interfaces/msg
[3.594s] -- Installing: /home/yongjing-ub22/comms_nusmr/mapviz_ws_YJ_laptop_only/install/mapviz_interfaces/include/mapviz_interfaces/mapviz_interfaces/msg/rosidl_typesupport_fastrtps_c__visibility_control.h
[3.594s] -- Up-to-date: /home/yongjing-ub22/comms_nusmr/mapviz_ws_YJ_laptop_only/install/mapviz_interfaces/include/mapviz_interfaces/mapviz_interfaces/srv
[3.594s] -- Up-to-date: /home/yongjing-ub22/comms_nusmr/mapviz_ws_YJ_laptop_only/install/mapviz_interfaces/include/mapviz_interfaces/mapviz_interfaces/srv/detail
[3.594s] -- Installing: /home/yongjing-ub22/comms_nusmr/mapviz_ws_YJ_laptop_only/install/mapviz_interfaces/include/mapviz_interfaces/mapviz_interfaces/srv/detail/add_mapviz_display__rosidl_typesupport_fastrtps_c.h
[3.594s] -- Installing: /home/yongjing-ub22/comms_nusmr/mapviz_ws_YJ_laptop_only/install/mapviz_interfaces/lib/libmapviz_interfaces__rosidl_typesupport_fastrtps_c.so
[3.594s] -- Set runtime path of "/home/yongjing-ub22/comms_nusmr/mapviz_ws_YJ_laptop_only/install/mapviz_interfaces/lib/libmapviz_interfaces__rosidl_typesupport_fastrtps_c.so" to ""
[3.594s] -- Up-to-date: /home/yongjing-ub22/comms_nusmr/mapviz_ws_YJ_laptop_only/install/mapviz_interfaces/include/mapviz_interfaces/mapviz_interfaces
[3.594s] -- Up-to-date: /home/yongjing-ub22/comms_nusmr/mapviz_ws_YJ_laptop_only/install/mapviz_interfaces/include/mapviz_interfaces/mapviz_interfaces/msg
[3.594s] -- Installing: /home/yongjing-ub22/comms_nusmr/mapviz_ws_YJ_laptop_only/install/mapviz_interfaces/include/mapviz_interfaces/mapviz_interfaces/msg/rosidl_generator_cpp__visibility_control.hpp
[3.594s] -- Up-to-date: /home/yongjing-ub22/comms_nusmr/mapviz_ws_YJ_laptop_only/install/mapviz_interfaces/include/mapviz_interfaces/mapviz_interfaces/srv
[3.594s] -- Installing: /home/yongjing-ub22/comms_nusmr/mapviz_ws_YJ_laptop_only/install/mapviz_interfaces/include/mapviz_interfaces/mapviz_interfaces/srv/add_mapviz_display.hpp
[3.594s] -- Up-to-date: /home/yongjing-ub22/comms_nusmr/mapviz_ws_YJ_laptop_only/install/mapviz_interfaces/include/mapviz_interfaces/mapviz_interfaces/srv/detail
[3.594s] -- Installing: /home/yongjing-ub22/comms_nusmr/mapviz_ws_YJ_laptop_only/install/mapviz_interfaces/include/mapviz_interfaces/mapviz_interfaces/srv/detail/add_mapviz_display__builder.hpp
[3.595s] -- Installing: /home/yongjing-ub22/comms_nusmr/mapviz_ws_YJ_laptop_only/install/mapviz_interfaces/include/mapviz_interfaces/mapviz_interfaces/srv/detail/add_mapviz_display__struct.hpp
[3.595s] -- Installing: /home/yongjing-ub22/comms_nusmr/mapviz_ws_YJ_laptop_only/install/mapviz_interfaces/include/mapviz_interfaces/mapviz_interfaces/srv/detail/add_mapviz_display__type_support.hpp
[3.595s] -- Installing: /home/yongjing-ub22/comms_nusmr/mapviz_ws_YJ_laptop_only/install/mapviz_interfaces/include/mapviz_interfaces/mapviz_interfaces/srv/detail/add_mapviz_display__traits.hpp
[3.595s] -- Up-to-date: /home/yongjing-ub22/comms_nusmr/mapviz_ws_YJ_laptop_only/install/mapviz_interfaces/include/mapviz_interfaces/mapviz_interfaces
[3.595s] -- Up-to-date: /home/yongjing-ub22/comms_nusmr/mapviz_ws_YJ_laptop_only/install/mapviz_interfaces/include/mapviz_interfaces/mapviz_interfaces/msg
[3.595s] -- Installing: /home/yongjing-ub22/comms_nusmr/mapviz_ws_YJ_laptop_only/install/mapviz_interfaces/include/mapviz_interfaces/mapviz_interfaces/msg/rosidl_typesupport_fastrtps_cpp__visibility_control.h
[3.595s] -- Up-to-date: /home/yongjing-ub22/comms_nusmr/mapviz_ws_YJ_laptop_only/install/mapviz_interfaces/include/mapviz_interfaces/mapviz_interfaces/srv
[3.595s] -- Up-to-date: /home/yongjing-ub22/comms_nusmr/mapviz_ws_YJ_laptop_only/install/mapviz_interfaces/include/mapviz_interfaces/mapviz_interfaces/srv/detail
[3.595s] -- Installing: /home/yongjing-ub22/comms_nusmr/mapviz_ws_YJ_laptop_only/install/mapviz_interfaces/include/mapviz_interfaces/mapviz_interfaces/srv/detail/add_mapviz_display__rosidl_typesupport_fastrtps_cpp.hpp
[3.595s] -- Installing: /home/yongjing-ub22/comms_nusmr/mapviz_ws_YJ_laptop_only/install/mapviz_interfaces/include/mapviz_interfaces/mapviz_interfaces/srv/detail/dds_fastrtps
[3.595s] -- Installing: /home/yongjing-ub22/comms_nusmr/mapviz_ws_YJ_laptop_only/install/mapviz_interfaces/lib/libmapviz_interfaces__rosidl_typesupport_fastrtps_cpp.so
[3.595s] -- Set runtime path of "/home/yongjing-ub22/comms_nusmr/mapviz_ws_YJ_laptop_only/install/mapviz_interfaces/lib/libmapviz_interfaces__rosidl_typesupport_fastrtps_cpp.so" to ""
[3.595s] -- Up-to-date: /home/yongjing-ub22/comms_nusmr/mapviz_ws_YJ_laptop_only/install/mapviz_interfaces/include/mapviz_interfaces/mapviz_interfaces
[3.596s] -- Up-to-date: /home/yongjing-ub22/comms_nusmr/mapviz_ws_YJ_laptop_only/install/mapviz_interfaces/include/mapviz_interfaces/mapviz_interfaces/msg
[3.596s] -- Installing: /home/yongjing-ub22/comms_nusmr/mapviz_ws_YJ_laptop_only/install/mapviz_interfaces/include/mapviz_interfaces/mapviz_interfaces/msg/rosidl_typesupport_introspection_c__visibility_control.h
[3.596s] -- Up-to-date: /home/yongjing-ub22/comms_nusmr/mapviz_ws_YJ_laptop_only/install/mapviz_interfaces/include/mapviz_interfaces/mapviz_interfaces/srv
[3.596s] -- Up-to-date: /home/yongjing-ub22/comms_nusmr/mapviz_ws_YJ_laptop_only/install/mapviz_interfaces/include/mapviz_interfaces/mapviz_interfaces/srv/detail
[3.596s] -- Installing: /home/yongjing-ub22/comms_nusmr/mapviz_ws_YJ_laptop_only/install/mapviz_interfaces/include/mapviz_interfaces/mapviz_interfaces/srv/detail/add_mapviz_display__type_support.c
[3.596s] -- Installing: /home/yongjing-ub22/comms_nusmr/mapviz_ws_YJ_laptop_only/install/mapviz_interfaces/include/mapviz_interfaces/mapviz_interfaces/srv/detail/add_mapviz_display__rosidl_typesupport_introspection_c.h
[3.596s] -- Installing: /home/yongjing-ub22/comms_nusmr/mapviz_ws_YJ_laptop_only/install/mapviz_interfaces/lib/libmapviz_interfaces__rosidl_typesupport_introspection_c.so
[3.596s] -- Set runtime path of "/home/yongjing-ub22/comms_nusmr/mapviz_ws_YJ_laptop_only/install/mapviz_interfaces/lib/libmapviz_interfaces__rosidl_typesupport_introspection_c.so" to ""
[3.596s] -- Installing: /home/yongjing-ub22/comms_nusmr/mapviz_ws_YJ_laptop_only/install/mapviz_interfaces/lib/libmapviz_interfaces__rosidl_typesupport_c.so
[3.596s] -- Set runtime path of "/home/yongjing-ub22/comms_nusmr/mapviz_ws_YJ_laptop_only/install/mapviz_interfaces/lib/libmapviz_interfaces__rosidl_typesupport_c.so" to ""
[3.596s] -- Up-to-date: /home/yongjing-ub22/comms_nusmr/mapviz_ws_YJ_laptop_only/install/mapviz_interfaces/include/mapviz_interfaces/mapviz_interfaces
[3.596s] -- Up-to-date: /home/yongjing-ub22/comms_nusmr/mapviz_ws_YJ_laptop_only/install/mapviz_interfaces/include/mapviz_interfaces/mapviz_interfaces/srv
[3.596s] -- Up-to-date: /home/yongjing-ub22/comms_nusmr/mapviz_ws_YJ_laptop_only/install/mapviz_interfaces/include/mapviz_interfaces/mapviz_interfaces/srv/detail
[3.596s] -- Installing: /home/yongjing-ub22/comms_nusmr/mapviz_ws_YJ_laptop_only/install/mapviz_interfaces/include/mapviz_interfaces/mapviz_interfaces/srv/detail/add_mapviz_display__type_support.cpp
[3.596s] -- Installing: /home/yongjing-ub22/comms_nusmr/mapviz_ws_YJ_laptop_only/install/mapviz_interfaces/include/mapviz_interfaces/mapviz_interfaces/srv/detail/add_mapviz_display__rosidl_typesupport_introspection_cpp.hpp
[3.597s] -- Installing: /home/yongjing-ub22/comms_nusmr/mapviz_ws_YJ_laptop_only/install/mapviz_interfaces/lib/libmapviz_interfaces__rosidl_typesupport_introspection_cpp.so
[3.597s] -- Set runtime path of "/home/yongjing-ub22/comms_nusmr/mapviz_ws_YJ_laptop_only/install/mapviz_interfaces/lib/libmapviz_interfaces__rosidl_typesupport_introspection_cpp.so" to ""
[3.597s] -- Installing: /home/yongjing-ub22/comms_nusmr/mapviz_ws_YJ_laptop_only/install/mapviz_interfaces/lib/libmapviz_interfaces__rosidl_typesupport_cpp.so
[3.597s] -- Set runtime path of "/home/yongjing-ub22/comms_nusmr/mapviz_ws_YJ_laptop_only/install/mapviz_interfaces/lib/libmapviz_interfaces__rosidl_typesupport_cpp.so" to ""
[3.597s] -- Installing: /home/yongjing-ub22/comms_nusmr/mapviz_ws_YJ_laptop_only/install/mapviz_interfaces/share/mapviz_interfaces/environment/pythonpath.sh
[3.597s] -- Installing: /home/yongjing-ub22/comms_nusmr/mapviz_ws_YJ_laptop_only/install/mapviz_interfaces/share/mapviz_interfaces/environment/pythonpath.dsv
[3.597s] -- Installing: /home/yongjing-ub22/comms_nusmr/mapviz_ws_YJ_laptop_only/install/mapviz_interfaces/local/lib/python3.10/dist-packages/mapviz_interfaces-2.4.5-py3.10.egg-info
[3.597s] -- Installing: /home/yongjing-ub22/comms_nusmr/mapviz_ws_YJ_laptop_only/install/mapviz_interfaces/local/lib/python3.10/dist-packages/mapviz_interfaces-2.4.5-py3.10.egg-info/PKG-INFO
[3.597s] -- Installing: /home/yongjing-ub22/comms_nusmr/mapviz_ws_YJ_laptop_only/install/mapviz_interfaces/local/lib/python3.10/dist-packages/mapviz_interfaces-2.4.5-py3.10.egg-info/dependency_links.txt
[3.597s] -- Installing: /home/yongjing-ub22/comms_nusmr/mapviz_ws_YJ_laptop_only/install/mapviz_interfaces/local/lib/python3.10/dist-packages/mapviz_interfaces-2.4.5-py3.10.egg-info/top_level.txt
[3.597s] -- Installing: /home/yongjing-ub22/comms_nusmr/mapviz_ws_YJ_laptop_only/install/mapviz_interfaces/local/lib/python3.10/dist-packages/mapviz_interfaces-2.4.5-py3.10.egg-info/SOURCES.txt
[3.597s] -- Installing: /home/yongjing-ub22/comms_nusmr/mapviz_ws_YJ_laptop_only/install/mapviz_interfaces/local/lib/python3.10/dist-packages/mapviz_interfaces
[3.597s] -- Installing: /home/yongjing-ub22/comms_nusmr/mapviz_ws_YJ_laptop_only/install/mapviz_interfaces/local/lib/python3.10/dist-packages/mapviz_interfaces/mapviz_interfaces_s__rosidl_typesupport_introspection_c.cpython-310-x86_64-linux-gnu.so
[3.597s] -- Installing: /home/yongjing-ub22/comms_nusmr/mapviz_ws_YJ_laptop_only/install/mapviz_interfaces/local/lib/python3.10/dist-packages/mapviz_interfaces/__init__.py
[3.598s] -- Installing: /home/yongjing-ub22/comms_nusmr/mapviz_ws_YJ_laptop_only/install/mapviz_interfaces/local/lib/python3.10/dist-packages/mapviz_interfaces/srv
[3.598s] -- Installing: /home/yongjing-ub22/comms_nusmr/mapviz_ws_YJ_laptop_only/install/mapviz_interfaces/local/lib/python3.10/dist-packages/mapviz_interfaces/srv/__init__.py
[3.598s] -- Installing: /home/yongjing-ub22/comms_nusmr/mapviz_ws_YJ_laptop_only/install/mapviz_interfaces/local/lib/python3.10/dist-packages/mapviz_interfaces/srv/_add_mapviz_display_s.c
[3.598s] -- Installing: /home/yongjing-ub22/comms_nusmr/mapviz_ws_YJ_laptop_only/install/mapviz_interfaces/local/lib/python3.10/dist-packages/mapviz_interfaces/srv/_add_mapviz_display.py
[3.598s] -- Installing: /home/yongjing-ub22/comms_nusmr/mapviz_ws_YJ_laptop_only/install/mapviz_interfaces/local/lib/python3.10/dist-packages/mapviz_interfaces/_mapviz_interfaces_s.ep.rosidl_typesupport_introspection_c.c
[3.598s] -- Installing: /home/yongjing-ub22/comms_nusmr/mapviz_ws_YJ_laptop_only/install/mapviz_interfaces/local/lib/python3.10/dist-packages/mapviz_interfaces/mapviz_interfaces_s__rosidl_typesupport_fastrtps_c.cpython-310-x86_64-linux-gnu.so
[3.598s] -- Installing: /home/yongjing-ub22/comms_nusmr/mapviz_ws_YJ_laptop_only/install/mapviz_interfaces/local/lib/python3.10/dist-packages/mapviz_interfaces/libmapviz_interfaces__rosidl_generator_py.so
[3.598s] -- Installing: /home/yongjing-ub22/comms_nusmr/mapviz_ws_YJ_laptop_only/install/mapviz_interfaces/local/lib/python3.10/dist-packages/mapviz_interfaces/mapviz_interfaces_s__rosidl_typesupport_c.cpython-310-x86_64-linux-gnu.so
[3.598s] -- Installing: /home/yongjing-ub22/comms_nusmr/mapviz_ws_YJ_laptop_only/install/mapviz_interfaces/local/lib/python3.10/dist-packages/mapviz_interfaces/_mapviz_interfaces_s.ep.rosidl_typesupport_fastrtps_c.c
[3.598s] -- Installing: /home/yongjing-ub22/comms_nusmr/mapviz_ws_YJ_laptop_only/install/mapviz_interfaces/local/lib/python3.10/dist-packages/mapviz_interfaces/_mapviz_interfaces_s.ep.rosidl_typesupport_c.c
[3.624s] Listing '/home/yongjing-ub22/comms_nusmr/mapviz_ws_YJ_laptop_only/install/mapviz_interfaces/local/lib/python3.10/dist-packages/mapviz_interfaces'...
[3.624s] Compiling '/home/yongjing-ub22/comms_nusmr/mapviz_ws_YJ_laptop_only/install/mapviz_interfaces/local/lib/python3.10/dist-packages/mapviz_interfaces/__init__.py'...
[3.624s] Listing '/home/yongjing-ub22/comms_nusmr/mapviz_ws_YJ_laptop_only/install/mapviz_interfaces/local/lib/python3.10/dist-packages/mapviz_interfaces/srv'...
[3.624s] Compiling '/home/yongjing-ub22/comms_nusmr/mapviz_ws_YJ_laptop_only/install/mapviz_interfaces/local/lib/python3.10/dist-packages/mapviz_interfaces/srv/__init__.py'...
[3.624s] Compiling '/home/yongjing-ub22/comms_nusmr/mapviz_ws_YJ_laptop_only/install/mapviz_interfaces/local/lib/python3.10/dist-packages/mapviz_interfaces/srv/_add_mapviz_display.py'...
[3.628s] -- Installing: /home/yongjing-ub22/comms_nusmr/mapviz_ws_YJ_laptop_only/install/mapviz_interfaces/local/lib/python3.10/dist-packages/mapviz_interfaces/mapviz_interfaces_s__rosidl_typesupport_fastrtps_c.cpython-310-x86_64-linux-gnu.so
[3.629s] -- Set runtime path of "/home/yongjing-ub22/comms_nusmr/mapviz_ws_YJ_laptop_only/install/mapviz_interfaces/local/lib/python3.10/dist-packages/mapviz_interfaces/mapviz_interfaces_s__rosidl_typesupport_fastrtps_c.cpython-310-x86_64-linux-gnu.so" to ""
[3.629s] -- Installing: /home/yongjing-ub22/comms_nusmr/mapviz_ws_YJ_laptop_only/install/mapviz_interfaces/local/lib/python3.10/dist-packages/mapviz_interfaces/mapviz_interfaces_s__rosidl_typesupport_introspection_c.cpython-310-x86_64-linux-gnu.so
[3.629s] -- Set runtime path of "/home/yongjing-ub22/comms_nusmr/mapviz_ws_YJ_laptop_only/install/mapviz_interfaces/local/lib/python3.10/dist-packages/mapviz_interfaces/mapviz_interfaces_s__rosidl_typesupport_introspection_c.cpython-310-x86_64-linux-gnu.so" to ""
[3.629s] -- Installing: /home/yongjing-ub22/comms_nusmr/mapviz_ws_YJ_laptop_only/install/mapviz_interfaces/local/lib/python3.10/dist-packages/mapviz_interfaces/mapviz_interfaces_s__rosidl_typesupport_c.cpython-310-x86_64-linux-gnu.so
[3.629s] -- Set runtime path of "/home/yongjing-ub22/comms_nusmr/mapviz_ws_YJ_laptop_only/install/mapviz_interfaces/local/lib/python3.10/dist-packages/mapviz_interfaces/mapviz_interfaces_s__rosidl_typesupport_c.cpython-310-x86_64-linux-gnu.so" to ""
[3.629s] -- Installing: /home/yongjing-ub22/comms_nusmr/mapviz_ws_YJ_laptop_only/install/mapviz_interfaces/lib/libmapviz_interfaces__rosidl_generator_py.so
[3.630s] -- Set runtime path of "/home/yongjing-ub22/comms_nusmr/mapviz_ws_YJ_laptop_only/install/mapviz_interfaces/lib/libmapviz_interfaces__rosidl_generator_py.so" to ""
[3.630s] -- Installing: /home/yongjing-ub22/comms_nusmr/mapviz_ws_YJ_laptop_only/install/mapviz_interfaces/share/mapviz_interfaces/srv/AddMapvizDisplay.idl
[3.630s] -- Installing: /home/yongjing-ub22/comms_nusmr/mapviz_ws_YJ_laptop_only/install/mapviz_interfaces/share/mapviz_interfaces/srv/AddMapvizDisplay.srv
[3.630s] -- Installing: /home/yongjing-ub22/comms_nusmr/mapviz_ws_YJ_laptop_only/install/mapviz_interfaces/share/mapviz_interfaces/srv/AddMapvizDisplay_Request.msg
[3.630s] -- Installing: /home/yongjing-ub22/comms_nusmr/mapviz_ws_YJ_laptop_only/install/mapviz_interfaces/share/mapviz_interfaces/srv/AddMapvizDisplay_Response.msg
[3.630s] -- Installing: /home/yongjing-ub22/comms_nusmr/mapviz_ws_YJ_laptop_only/install/mapviz_interfaces/share/ament_index/resource_index/package_run_dependencies/mapviz_interfaces
[3.630s] -- Installing: /home/yongjing-ub22/comms_nusmr/mapviz_ws_YJ_laptop_only/install/mapviz_interfaces/share/ament_index/resource_index/parent_prefix_path/mapviz_interfaces
[3.630s] -- Installing: /home/yongjing-ub22/comms_nusmr/mapviz_ws_YJ_laptop_only/install/mapviz_interfaces/share/mapviz_interfaces/environment/ament_prefix_path.sh
[3.630s] -- Installing: /home/yongjing-ub22/comms_nusmr/mapviz_ws_YJ_laptop_only/install/mapviz_interfaces/share/mapviz_interfaces/environment/ament_prefix_path.dsv
[3.630s] -- Installing: /home/yongjing-ub22/comms_nusmr/mapviz_ws_YJ_laptop_only/install/mapviz_interfaces/share/mapviz_interfaces/environment/path.sh
[3.631s] -- Installing: /home/yongjing-ub22/comms_nusmr/mapviz_ws_YJ_laptop_only/install/mapviz_interfaces/share/mapviz_interfaces/environment/path.dsv
[3.631s] -- Installing: /home/yongjing-ub22/comms_nusmr/mapviz_ws_YJ_laptop_only/install/mapviz_interfaces/share/mapviz_interfaces/local_setup.bash
[3.631s] -- Installing: /home/yongjing-ub22/comms_nusmr/mapviz_ws_YJ_laptop_only/install/mapviz_interfaces/share/mapviz_interfaces/local_setup.sh
[3.631s] -- Installing: /home/yongjing-ub22/comms_nusmr/mapviz_ws_YJ_laptop_only/install/mapviz_interfaces/share/mapviz_interfaces/local_setup.zsh
[3.631s] -- Installing: /home/yongjing-ub22/comms_nusmr/mapviz_ws_YJ_laptop_only/install/mapviz_interfaces/share/mapviz_interfaces/local_setup.dsv
[3.631s] -- Installing: /home/yongjing-ub22/comms_nusmr/mapviz_ws_YJ_laptop_only/install/mapviz_interfaces/share/mapviz_interfaces/package.dsv
[3.631s] -- Installing: /home/yongjing-ub22/comms_nusmr/mapviz_ws_YJ_laptop_only/install/mapviz_interfaces/share/ament_index/resource_index/packages/mapviz_interfaces
[3.631s] -- Installing: /home/yongjing-ub22/comms_nusmr/mapviz_ws_YJ_laptop_only/install/mapviz_interfaces/share/mapviz_interfaces/cmake/export_mapviz_interfaces__rosidl_generator_cExport.cmake
[3.631s] -- Installing: /home/yongjing-ub22/comms_nusmr/mapviz_ws_YJ_laptop_only/install/mapviz_interfaces/share/mapviz_interfaces/cmake/export_mapviz_interfaces__rosidl_generator_cExport-noconfig.cmake
[3.631s] -- Installing: /home/yongjing-ub22/comms_nusmr/mapviz_ws_YJ_laptop_only/install/mapviz_interfaces/share/mapviz_interfaces/cmake/export_mapviz_interfaces__rosidl_typesupport_fastrtps_cExport.cmake
[3.631s] -- Installing: /home/yongjing-ub22/comms_nusmr/mapviz_ws_YJ_laptop_only/install/mapviz_interfaces/share/mapviz_interfaces/cmake/export_mapviz_interfaces__rosidl_typesupport_fastrtps_cExport-noconfig.cmake
[3.631s] -- Installing: /home/yongjing-ub22/comms_nusmr/mapviz_ws_YJ_laptop_only/install/mapviz_interfaces/share/mapviz_interfaces/cmake/export_mapviz_interfaces__rosidl_generator_cppExport.cmake
[3.631s] -- Installing: /home/yongjing-ub22/comms_nusmr/mapviz_ws_YJ_laptop_only/install/mapviz_interfaces/share/mapviz_interfaces/cmake/export_mapviz_interfaces__rosidl_typesupport_fastrtps_cppExport.cmake
[3.631s] -- Installing: /home/yongjing-ub22/comms_nusmr/mapviz_ws_YJ_laptop_only/install/mapviz_interfaces/share/mapviz_interfaces/cmake/export_mapviz_interfaces__rosidl_typesupport_fastrtps_cppExport-noconfig.cmake
[3.631s] -- Installing: /home/yongjing-ub22/comms_nusmr/mapviz_ws_YJ_laptop_only/install/mapviz_interfaces/share/mapviz_interfaces/cmake/mapviz_interfaces__rosidl_typesupport_introspection_cExport.cmake
[3.631s] -- Installing: /home/yongjing-ub22/comms_nusmr/mapviz_ws_YJ_laptop_only/install/mapviz_interfaces/share/mapviz_interfaces/cmake/mapviz_interfaces__rosidl_typesupport_introspection_cExport-noconfig.cmake
[3.632s] -- Installing: /home/yongjing-ub22/comms_nusmr/mapviz_ws_YJ_laptop_only/install/mapviz_interfaces/share/mapviz_interfaces/cmake/mapviz_interfaces__rosidl_typesupport_cExport.cmake
[3.632s] -- Installing: /home/yongjing-ub22/comms_nusmr/mapviz_ws_YJ_laptop_only/install/mapviz_interfaces/share/mapviz_interfaces/cmake/mapviz_interfaces__rosidl_typesupport_cExport-noconfig.cmake
[3.632s] -- Installing: /home/yongjing-ub22/comms_nusmr/mapviz_ws_YJ_laptop_only/install/mapviz_interfaces/share/mapviz_interfaces/cmake/mapviz_interfaces__rosidl_typesupport_introspection_cppExport.cmake
[3.632s] -- Installing: /home/yongjing-ub22/comms_nusmr/mapviz_ws_YJ_laptop_only/install/mapviz_interfaces/share/mapviz_interfaces/cmake/mapviz_interfaces__rosidl_typesupport_introspection_cppExport-noconfig.cmake
[3.632s] -- Installing: /home/yongjing-ub22/comms_nusmr/mapviz_ws_YJ_laptop_only/install/mapviz_interfaces/share/mapviz_interfaces/cmake/mapviz_interfaces__rosidl_typesupport_cppExport.cmake
[3.632s] -- Installing: /home/yongjing-ub22/comms_nusmr/mapviz_ws_YJ_laptop_only/install/mapviz_interfaces/share/mapviz_interfaces/cmake/mapviz_interfaces__rosidl_typesupport_cppExport-noconfig.cmake
[3.632s] -- Installing: /home/yongjing-ub22/comms_nusmr/mapviz_ws_YJ_laptop_only/install/mapviz_interfaces/share/mapviz_interfaces/cmake/export_mapviz_interfaces__rosidl_generator_pyExport.cmake
[3.632s] -- Installing: /home/yongjing-ub22/comms_nusmr/mapviz_ws_YJ_laptop_only/install/mapviz_interfaces/share/mapviz_interfaces/cmake/export_mapviz_interfaces__rosidl_generator_pyExport-noconfig.cmake
[3.632s] -- Installing: /home/yongjing-ub22/comms_nusmr/mapviz_ws_YJ_laptop_only/install/mapviz_interfaces/share/mapviz_interfaces/cmake/rosidl_cmake-extras.cmake
[3.632s] -- Installing: /home/yongjing-ub22/comms_nusmr/mapviz_ws_YJ_laptop_only/install/mapviz_interfaces/share/mapviz_interfaces/cmake/ament_cmake_export_dependencies-extras.cmake
[3.632s] -- Installing: /home/yongjing-ub22/comms_nusmr/mapviz_ws_YJ_laptop_only/install/mapviz_interfaces/share/mapviz_interfaces/cmake/ament_cmake_export_include_directories-extras.cmake
[3.633s] -- Installing: /home/yongjing-ub22/comms_nusmr/mapviz_ws_YJ_laptop_only/install/mapviz_interfaces/share/mapviz_interfaces/cmake/ament_cmake_export_libraries-extras.cmake
[3.633s] -- Installing: /home/yongjing-ub22/comms_nusmr/mapviz_ws_YJ_laptop_only/install/mapviz_interfaces/share/mapviz_interfaces/cmake/ament_cmake_export_targets-extras.cmake
[3.633s] -- Installing: /home/yongjing-ub22/comms_nusmr/mapviz_ws_YJ_laptop_only/install/mapviz_interfaces/share/mapviz_interfaces/cmake/rosidl_cmake_export_typesupport_targets-extras.cmake
[3.633s] -- Installing: /home/yongjing-ub22/comms_nusmr/mapviz_ws_YJ_laptop_only/install/mapviz_interfaces/share/mapviz_interfaces/cmake/rosidl_cmake_export_typesupport_libraries-extras.cmake
[3.633s] -- Installing: /home/yongjing-ub22/comms_nusmr/mapviz_ws_YJ_laptop_only/install/mapviz_interfaces/share/mapviz_interfaces/cmake/mapviz_interfacesConfig.cmake
[3.633s] -- Installing: /home/yongjing-ub22/comms_nusmr/mapviz_ws_YJ_laptop_only/install/mapviz_interfaces/share/mapviz_interfaces/cmake/mapviz_interfacesConfig-version.cmake
[3.633s] -- Installing: /home/yongjing-ub22/comms_nusmr/mapviz_ws_YJ_laptop_only/install/mapviz_interfaces/share/mapviz_interfaces/package.xml
[3.636s] Invoked command in '/home/yongjing-ub22/comms_nusmr/mapviz_ws_YJ_laptop_only/build/mapviz_interfaces' returned '0': CMAKE_PREFIX_PATH=/opt/ros/humble /usr/bin/cmake --install /home/yongjing-ub22/comms_nusmr/mapviz_ws_YJ_laptop_only/build/mapviz_interfaces
