[0.067s] DEBUG:colcon:Command line arguments: ['/usr/bin/colcon', 'build']
[0.067s] DEBUG:colcon:Parsed command line arguments: Namespace(log_base=None, log_level=None, verb_name='build', build_base='build', install_base='install', merge_install=False, symlink_install=False, test_result_base=None, continue_on_error=False, executor='parallel', parallel_workers=20, event_handlers=None, ignore_user_meta=False, metas=['./colcon.meta'], base_paths=['.'], packages_ignore=None, packages_ignore_regex=None, paths=None, packages_up_to=None, packages_up_to_regex=None, packages_above=None, packages_above_and_dependencies=None, packages_above_depth=None, packages_select_by_dep=None, packages_skip_by_dep=None, packages_skip_up_to=None, packages_select_build_failed=False, packages_skip_build_finished=False, packages_select_test_failures=False, packages_skip_test_passed=False, packages_select=None, packages_skip=None, packages_select_regex=None, packages_skip_regex=None, packages_start=None, packages_end=None, allow_overriding=[], cmake_args=None, cmake_target=None, cmake_target_skip_unavailable=False, cmake_clean_cache=False, cmake_clean_first=False, cmake_force_configure=False, ament_cmake_args=None, catkin_cmake_args=None, catkin_skip_building_tests=False, mixin_files=None, mixin=None, verb_parser=<colcon_mixin.mixin.mixin_argument.MixinArgumentDecorator object at 0x779bba23f400>, verb_extension=<colcon_core.verb.build.BuildVerb object at 0x779bba3f0e20>, main=<bound method BuildVerb.main of <colcon_core.verb.build.BuildVerb object at 0x779bba3f0e20>>, mixin_verb=('build',))
[0.180s] Level 1:colcon.colcon_core.package_discovery:discover_packages(colcon_meta) check parameters
[0.180s] Level 1:colcon.colcon_core.package_discovery:discover_packages(recursive) check parameters
[0.180s] Level 1:colcon.colcon_core.package_discovery:discover_packages(ignore) check parameters
[0.180s] Level 1:colcon.colcon_core.package_discovery:discover_packages(path) check parameters
[0.180s] Level 1:colcon.colcon_core.package_discovery:discover_packages(colcon_meta) discover
[0.180s] Level 1:colcon.colcon_core.package_discovery:discover_packages(recursive) discover
[0.180s] INFO:colcon.colcon_core.package_discovery:Crawling recursively for packages in '/home/yongjing-ub22/RTK_GPS_NTRIP_ws'
[0.180s] Level 1:colcon.colcon_core.package_identification:_identify(.) by extensions ['ignore', 'ignore_ament_install']
[0.180s] Level 1:colcon.colcon_core.package_identification:_identify(.) by extension 'ignore'
[0.180s] Level 1:colcon.colcon_core.package_identification:_identify(.) by extension 'ignore_ament_install'
[0.180s] Level 1:colcon.colcon_core.package_identification:_identify(.) by extensions ['colcon_pkg']
[0.180s] Level 1:colcon.colcon_core.package_identification:_identify(.) by extension 'colcon_pkg'
[0.180s] Level 1:colcon.colcon_core.package_identification:_identify(.) by extensions ['colcon_meta']
[0.180s] Level 1:colcon.colcon_core.package_identification:_identify(.) by extension 'colcon_meta'
[0.180s] Level 1:colcon.colcon_core.package_identification:_identify(.) by extensions ['ros']
[0.180s] Level 1:colcon.colcon_core.package_identification:_identify(.) by extension 'ros'
[0.187s] Level 1:colcon.colcon_core.package_identification:_identify(.) by extensions ['cmake', 'python']
[0.187s] Level 1:colcon.colcon_core.package_identification:_identify(.) by extension 'cmake'
[0.187s] Level 1:colcon.colcon_core.package_identification:_identify(.) by extension 'python'
[0.187s] Level 1:colcon.colcon_core.package_identification:_identify(.) by extensions ['python_setup_py']
[0.187s] Level 1:colcon.colcon_core.package_identification:_identify(.) by extension 'python_setup_py'
[0.188s] Level 1:colcon.colcon_core.package_identification:_identify(build) by extensions ['ignore', 'ignore_ament_install']
[0.188s] Level 1:colcon.colcon_core.package_identification:_identify(build) by extension 'ignore'
[0.188s] Level 1:colcon.colcon_core.package_identification:_identify(build) ignored
[0.188s] Level 1:colcon.colcon_core.package_identification:_identify(install) by extensions ['ignore', 'ignore_ament_install']
[0.188s] Level 1:colcon.colcon_core.package_identification:_identify(install) by extension 'ignore'
[0.188s] Level 1:colcon.colcon_core.package_identification:_identify(install) ignored
[0.188s] Level 1:colcon.colcon_core.package_identification:_identify(log) by extensions ['ignore', 'ignore_ament_install']
[0.188s] Level 1:colcon.colcon_core.package_identification:_identify(log) by extension 'ignore'
[0.188s] Level 1:colcon.colcon_core.package_identification:_identify(log) ignored
[0.188s] Level 1:colcon.colcon_core.package_identification:_identify(src) by extensions ['ignore', 'ignore_ament_install']
[0.188s] Level 1:colcon.colcon_core.package_identification:_identify(src) by extension 'ignore'
[0.188s] Level 1:colcon.colcon_core.package_identification:_identify(src) by extension 'ignore_ament_install'
[0.188s] Level 1:colcon.colcon_core.package_identification:_identify(src) by extensions ['colcon_pkg']
[0.188s] Level 1:colcon.colcon_core.package_identification:_identify(src) by extension 'colcon_pkg'
[0.188s] Level 1:colcon.colcon_core.package_identification:_identify(src) by extensions ['colcon_meta']
[0.188s] Level 1:colcon.colcon_core.package_identification:_identify(src) by extension 'colcon_meta'
[0.188s] Level 1:colcon.colcon_core.package_identification:_identify(src) by extensions ['ros']
[0.188s] Level 1:colcon.colcon_core.package_identification:_identify(src) by extension 'ros'
[0.188s] Level 1:colcon.colcon_core.package_identification:_identify(src) by extensions ['cmake', 'python']
[0.188s] Level 1:colcon.colcon_core.package_identification:_identify(src) by extension 'cmake'
[0.188s] Level 1:colcon.colcon_core.package_identification:_identify(src) by extension 'python'
[0.188s] Level 1:colcon.colcon_core.package_identification:_identify(src) by extensions ['python_setup_py']
[0.188s] Level 1:colcon.colcon_core.package_identification:_identify(src) by extension 'python_setup_py'
[0.188s] Level 1:colcon.colcon_core.package_identification:_identify(src/RTK_GPS_NTRIP) by extensions ['ignore', 'ignore_ament_install']
[0.188s] Level 1:colcon.colcon_core.package_identification:_identify(src/RTK_GPS_NTRIP) by extension 'ignore'
[0.188s] Level 1:colcon.colcon_core.package_identification:_identify(src/RTK_GPS_NTRIP) by extension 'ignore_ament_install'
[0.188s] Level 1:colcon.colcon_core.package_identification:_identify(src/RTK_GPS_NTRIP) by extensions ['colcon_pkg']
[0.188s] Level 1:colcon.colcon_core.package_identification:_identify(src/RTK_GPS_NTRIP) by extension 'colcon_pkg'
[0.188s] Level 1:colcon.colcon_core.package_identification:_identify(src/RTK_GPS_NTRIP) by extensions ['colcon_meta']
[0.188s] Level 1:colcon.colcon_core.package_identification:_identify(src/RTK_GPS_NTRIP) by extension 'colcon_meta'
[0.188s] Level 1:colcon.colcon_core.package_identification:_identify(src/RTK_GPS_NTRIP) by extensions ['ros']
[0.188s] Level 1:colcon.colcon_core.package_identification:_identify(src/RTK_GPS_NTRIP) by extension 'ros'
[0.188s] Level 1:colcon.colcon_core.package_identification:_identify(src/RTK_GPS_NTRIP) by extensions ['cmake', 'python']
[0.188s] Level 1:colcon.colcon_core.package_identification:_identify(src/RTK_GPS_NTRIP) by extension 'cmake'
[0.188s] Level 1:colcon.colcon_core.package_identification:_identify(src/RTK_GPS_NTRIP) by extension 'python'
[0.189s] Level 1:colcon.colcon_core.package_identification:_identify(src/RTK_GPS_NTRIP) by extensions ['python_setup_py']
[0.189s] Level 1:colcon.colcon_core.package_identification:_identify(src/RTK_GPS_NTRIP) by extension 'python_setup_py'
[0.189s] Level 1:colcon.colcon_core.package_identification:_identify(src/RTK_GPS_NTRIP/fix2nmea) by extensions ['ignore', 'ignore_ament_install']
[0.189s] Level 1:colcon.colcon_core.package_identification:_identify(src/RTK_GPS_NTRIP/fix2nmea) by extension 'ignore'
[0.189s] Level 1:colcon.colcon_core.package_identification:_identify(src/RTK_GPS_NTRIP/fix2nmea) by extension 'ignore_ament_install'
[0.189s] Level 1:colcon.colcon_core.package_identification:_identify(src/RTK_GPS_NTRIP/fix2nmea) by extensions ['colcon_pkg']
[0.189s] Level 1:colcon.colcon_core.package_identification:_identify(src/RTK_GPS_NTRIP/fix2nmea) by extension 'colcon_pkg'
[0.189s] Level 1:colcon.colcon_core.package_identification:_identify(src/RTK_GPS_NTRIP/fix2nmea) by extensions ['colcon_meta']
[0.189s] Level 1:colcon.colcon_core.package_identification:_identify(src/RTK_GPS_NTRIP/fix2nmea) by extension 'colcon_meta'
[0.189s] Level 1:colcon.colcon_core.package_identification:_identify(src/RTK_GPS_NTRIP/fix2nmea) by extensions ['ros']
[0.189s] Level 1:colcon.colcon_core.package_identification:_identify(src/RTK_GPS_NTRIP/fix2nmea) by extension 'ros'
[0.191s] DEBUG:colcon.colcon_core.package_identification:Package 'src/RTK_GPS_NTRIP/fix2nmea' with type 'ros.ament_cmake' and name 'fix2nmea'
[0.191s] Level 1:colcon.colcon_core.package_identification:_identify(src/RTK_GPS_NTRIP/ntrip_client) by extensions ['ignore', 'ignore_ament_install']
[0.191s] Level 1:colcon.colcon_core.package_identification:_identify(src/RTK_GPS_NTRIP/ntrip_client) by extension 'ignore'
[0.191s] Level 1:colcon.colcon_core.package_identification:_identify(src/RTK_GPS_NTRIP/ntrip_client) by extension 'ignore_ament_install'
[0.191s] Level 1:colcon.colcon_core.package_identification:_identify(src/RTK_GPS_NTRIP/ntrip_client) by extensions ['colcon_pkg']
[0.191s] Level 1:colcon.colcon_core.package_identification:_identify(src/RTK_GPS_NTRIP/ntrip_client) by extension 'colcon_pkg'
[0.191s] Level 1:colcon.colcon_core.package_identification:_identify(src/RTK_GPS_NTRIP/ntrip_client) by extensions ['colcon_meta']
[0.191s] Level 1:colcon.colcon_core.package_identification:_identify(src/RTK_GPS_NTRIP/ntrip_client) by extension 'colcon_meta'
[0.191s] Level 1:colcon.colcon_core.package_identification:_identify(src/RTK_GPS_NTRIP/ntrip_client) by extensions ['ros']
[0.191s] Level 1:colcon.colcon_core.package_identification:_identify(src/RTK_GPS_NTRIP/ntrip_client) by extension 'ros'
[0.191s] DEBUG:colcon.colcon_core.package_identification:Package 'src/RTK_GPS_NTRIP/ntrip_client' with type 'ros.ament_python' and name 'ntrip_client'
[0.191s] Level 1:colcon.colcon_core.package_identification:_identify(src/RTK_GPS_NTRIP/rtcm_msgs) by extensions ['ignore', 'ignore_ament_install']
[0.191s] Level 1:colcon.colcon_core.package_identification:_identify(src/RTK_GPS_NTRIP/rtcm_msgs) by extension 'ignore'
[0.192s] Level 1:colcon.colcon_core.package_identification:_identify(src/RTK_GPS_NTRIP/rtcm_msgs) by extension 'ignore_ament_install'
[0.192s] Level 1:colcon.colcon_core.package_identification:_identify(src/RTK_GPS_NTRIP/rtcm_msgs) by extensions ['colcon_pkg']
[0.192s] Level 1:colcon.colcon_core.package_identification:_identify(src/RTK_GPS_NTRIP/rtcm_msgs) by extension 'colcon_pkg'
[0.192s] Level 1:colcon.colcon_core.package_identification:_identify(src/RTK_GPS_NTRIP/rtcm_msgs) by extensions ['colcon_meta']
[0.192s] Level 1:colcon.colcon_core.package_identification:_identify(src/RTK_GPS_NTRIP/rtcm_msgs) by extension 'colcon_meta'
[0.192s] Level 1:colcon.colcon_core.package_identification:_identify(src/RTK_GPS_NTRIP/rtcm_msgs) by extensions ['ros']
[0.192s] Level 1:colcon.colcon_core.package_identification:_identify(src/RTK_GPS_NTRIP/rtcm_msgs) by extension 'ros'
[0.194s] DEBUG:colcon.colcon_core.package_identification:Package 'src/RTK_GPS_NTRIP/rtcm_msgs' with type 'ros.ament_cmake' and name 'rtcm_msgs'
[0.194s] Level 1:colcon.colcon_core.package_identification:_identify(src/RTK_GPS_NTRIP/ublox) by extensions ['ignore', 'ignore_ament_install']
[0.194s] Level 1:colcon.colcon_core.package_identification:_identify(src/RTK_GPS_NTRIP/ublox) by extension 'ignore'
[0.194s] Level 1:colcon.colcon_core.package_identification:_identify(src/RTK_GPS_NTRIP/ublox) by extension 'ignore_ament_install'
[0.194s] Level 1:colcon.colcon_core.package_identification:_identify(src/RTK_GPS_NTRIP/ublox) by extensions ['colcon_pkg']
[0.194s] Level 1:colcon.colcon_core.package_identification:_identify(src/RTK_GPS_NTRIP/ublox) by extension 'colcon_pkg'
[0.194s] Level 1:colcon.colcon_core.package_identification:_identify(src/RTK_GPS_NTRIP/ublox) by extensions ['colcon_meta']
[0.194s] Level 1:colcon.colcon_core.package_identification:_identify(src/RTK_GPS_NTRIP/ublox) by extension 'colcon_meta'
[0.194s] Level 1:colcon.colcon_core.package_identification:_identify(src/RTK_GPS_NTRIP/ublox) by extensions ['ros']
[0.194s] Level 1:colcon.colcon_core.package_identification:_identify(src/RTK_GPS_NTRIP/ublox) by extension 'ros'
[0.195s] DEBUG:colcon.colcon_core.package_identification:Package 'src/RTK_GPS_NTRIP/ublox' with type 'ros.ament_cmake' and name 'ublox'
[0.195s] Level 1:colcon.colcon_core.package_identification:_identify(src/RTK_GPS_NTRIP/ublox_gps) by extensions ['ignore', 'ignore_ament_install']
[0.195s] Level 1:colcon.colcon_core.package_identification:_identify(src/RTK_GPS_NTRIP/ublox_gps) by extension 'ignore'
[0.195s] Level 1:colcon.colcon_core.package_identification:_identify(src/RTK_GPS_NTRIP/ublox_gps) by extension 'ignore_ament_install'
[0.195s] Level 1:colcon.colcon_core.package_identification:_identify(src/RTK_GPS_NTRIP/ublox_gps) by extensions ['colcon_pkg']
[0.195s] Level 1:colcon.colcon_core.package_identification:_identify(src/RTK_GPS_NTRIP/ublox_gps) by extension 'colcon_pkg'
[0.195s] Level 1:colcon.colcon_core.package_identification:_identify(src/RTK_GPS_NTRIP/ublox_gps) by extensions ['colcon_meta']
[0.195s] Level 1:colcon.colcon_core.package_identification:_identify(src/RTK_GPS_NTRIP/ublox_gps) by extension 'colcon_meta'
[0.195s] Level 1:colcon.colcon_core.package_identification:_identify(src/RTK_GPS_NTRIP/ublox_gps) by extensions ['ros']
[0.195s] Level 1:colcon.colcon_core.package_identification:_identify(src/RTK_GPS_NTRIP/ublox_gps) by extension 'ros'
[0.196s] DEBUG:colcon.colcon_core.package_identification:Package 'src/RTK_GPS_NTRIP/ublox_gps' with type 'ros.ament_cmake' and name 'ublox_gps'
[0.196s] Level 1:colcon.colcon_core.package_identification:_identify(src/RTK_GPS_NTRIP/ublox_msgs) by extensions ['ignore', 'ignore_ament_install']
[0.196s] Level 1:colcon.colcon_core.package_identification:_identify(src/RTK_GPS_NTRIP/ublox_msgs) by extension 'ignore'
[0.196s] Level 1:colcon.colcon_core.package_identification:_identify(src/RTK_GPS_NTRIP/ublox_msgs) by extension 'ignore_ament_install'
[0.196s] Level 1:colcon.colcon_core.package_identification:_identify(src/RTK_GPS_NTRIP/ublox_msgs) by extensions ['colcon_pkg']
[0.196s] Level 1:colcon.colcon_core.package_identification:_identify(src/RTK_GPS_NTRIP/ublox_msgs) by extension 'colcon_pkg'
[0.196s] Level 1:colcon.colcon_core.package_identification:_identify(src/RTK_GPS_NTRIP/ublox_msgs) by extensions ['colcon_meta']
[0.196s] Level 1:colcon.colcon_core.package_identification:_identify(src/RTK_GPS_NTRIP/ublox_msgs) by extension 'colcon_meta'
[0.196s] Level 1:colcon.colcon_core.package_identification:_identify(src/RTK_GPS_NTRIP/ublox_msgs) by extensions ['ros']
[0.196s] Level 1:colcon.colcon_core.package_identification:_identify(src/RTK_GPS_NTRIP/ublox_msgs) by extension 'ros'
[0.197s] DEBUG:colcon.colcon_core.package_identification:Package 'src/RTK_GPS_NTRIP/ublox_msgs' with type 'ros.ament_cmake' and name 'ublox_msgs'
[0.197s] Level 1:colcon.colcon_core.package_identification:_identify(src/RTK_GPS_NTRIP/ublox_serialization) by extensions ['ignore', 'ignore_ament_install']
[0.197s] Level 1:colcon.colcon_core.package_identification:_identify(src/RTK_GPS_NTRIP/ublox_serialization) by extension 'ignore'
[0.197s] Level 1:colcon.colcon_core.package_identification:_identify(src/RTK_GPS_NTRIP/ublox_serialization) by extension 'ignore_ament_install'
[0.197s] Level 1:colcon.colcon_core.package_identification:_identify(src/RTK_GPS_NTRIP/ublox_serialization) by extensions ['colcon_pkg']
[0.197s] Level 1:colcon.colcon_core.package_identification:_identify(src/RTK_GPS_NTRIP/ublox_serialization) by extension 'colcon_pkg'
[0.197s] Level 1:colcon.colcon_core.package_identification:_identify(src/RTK_GPS_NTRIP/ublox_serialization) by extensions ['colcon_meta']
[0.197s] Level 1:colcon.colcon_core.package_identification:_identify(src/RTK_GPS_NTRIP/ublox_serialization) by extension 'colcon_meta'
[0.197s] Level 1:colcon.colcon_core.package_identification:_identify(src/RTK_GPS_NTRIP/ublox_serialization) by extensions ['ros']
[0.197s] Level 1:colcon.colcon_core.package_identification:_identify(src/RTK_GPS_NTRIP/ublox_serialization) by extension 'ros'
[0.197s] DEBUG:colcon.colcon_core.package_identification:Package 'src/RTK_GPS_NTRIP/ublox_serialization' with type 'ros.ament_cmake' and name 'ublox_serialization'
[0.197s] Level 1:colcon.colcon_core.package_discovery:discover_packages(recursive) using defaults
[0.197s] Level 1:colcon.colcon_core.package_discovery:discover_packages(ignore) discover
[0.197s] Level 1:colcon.colcon_core.package_discovery:discover_packages(ignore) using defaults
[0.197s] Level 1:colcon.colcon_core.package_discovery:discover_packages(path) discover
[0.197s] Level 1:colcon.colcon_core.package_discovery:discover_packages(path) using defaults
[0.210s] Level 1:colcon.colcon_core.package_discovery:discover_packages(prefix_path) check parameters
[0.210s] Level 1:colcon.colcon_core.package_discovery:discover_packages(prefix_path) discover
[0.211s] DEBUG:colcon.colcon_installed_package_information.package_discovery:Found 7 installed packages in /home/yongjing-ub22/RTK_GPS_NTRIP_ws/install
[0.212s] DEBUG:colcon.colcon_installed_package_information.package_discovery:Found 392 installed packages in /opt/ros/humble
[0.219s] Level 1:colcon.colcon_core.package_discovery:discover_packages(prefix_path) using defaults
[0.245s] Level 5:colcon.colcon_core.verb:set package 'ntrip_client' build argument 'cmake_args' from command line to 'None'
[0.245s] Level 5:colcon.colcon_core.verb:set package 'ntrip_client' build argument 'cmake_target' from command line to 'None'
[0.245s] Level 5:colcon.colcon_core.verb:set package 'ntrip_client' build argument 'cmake_target_skip_unavailable' from command line to 'False'
[0.245s] Level 5:colcon.colcon_core.verb:set package 'ntrip_client' build argument 'cmake_clean_cache' from command line to 'False'
[0.245s] Level 5:colcon.colcon_core.verb:set package 'ntrip_client' build argument 'cmake_clean_first' from command line to 'False'
[0.245s] Level 5:colcon.colcon_core.verb:set package 'ntrip_client' build argument 'cmake_force_configure' from command line to 'False'
[0.245s] Level 5:colcon.colcon_core.verb:set package 'ntrip_client' build argument 'ament_cmake_args' from command line to 'None'
[0.245s] Level 5:colcon.colcon_core.verb:set package 'ntrip_client' build argument 'catkin_cmake_args' from command line to 'None'
[0.245s] Level 5:colcon.colcon_core.verb:set package 'ntrip_client' build argument 'catkin_skip_building_tests' from command line to 'False'
[0.245s] DEBUG:colcon.colcon_core.verb:Building package 'ntrip_client' with the following arguments: {'ament_cmake_args': None, 'build_base': '/home/yongjing-ub22/RTK_GPS_NTRIP_ws/build/ntrip_client', 'catkin_cmake_args': None, 'catkin_skip_building_tests': False, 'cmake_args': None, 'cmake_clean_cache': False, 'cmake_clean_first': False, 'cmake_force_configure': False, 'cmake_target': None, 'cmake_target_skip_unavailable': False, 'install_base': '/home/yongjing-ub22/RTK_GPS_NTRIP_ws/install/ntrip_client', 'merge_install': False, 'path': '/home/yongjing-ub22/RTK_GPS_NTRIP_ws/src/RTK_GPS_NTRIP/ntrip_client', 'symlink_install': False, 'test_result_base': None}
[0.245s] Level 5:colcon.colcon_core.verb:set package 'rtcm_msgs' build argument 'cmake_args' from command line to 'None'
[0.245s] Level 5:colcon.colcon_core.verb:set package 'rtcm_msgs' build argument 'cmake_target' from command line to 'None'
[0.245s] Level 5:colcon.colcon_core.verb:set package 'rtcm_msgs' build argument 'cmake_target_skip_unavailable' from command line to 'False'
[0.245s] Level 5:colcon.colcon_core.verb:set package 'rtcm_msgs' build argument 'cmake_clean_cache' from command line to 'False'
[0.245s] Level 5:colcon.colcon_core.verb:set package 'rtcm_msgs' build argument 'cmake_clean_first' from command line to 'False'
[0.245s] Level 5:colcon.colcon_core.verb:set package 'rtcm_msgs' build argument 'cmake_force_configure' from command line to 'False'
[0.245s] Level 5:colcon.colcon_core.verb:set package 'rtcm_msgs' build argument 'ament_cmake_args' from command line to 'None'
[0.245s] Level 5:colcon.colcon_core.verb:set package 'rtcm_msgs' build argument 'catkin_cmake_args' from command line to 'None'
[0.245s] Level 5:colcon.colcon_core.verb:set package 'rtcm_msgs' build argument 'catkin_skip_building_tests' from command line to 'False'
[0.245s] DEBUG:colcon.colcon_core.verb:Building package 'rtcm_msgs' with the following arguments: {'ament_cmake_args': None, 'build_base': '/home/yongjing-ub22/RTK_GPS_NTRIP_ws/build/rtcm_msgs', 'catkin_cmake_args': None, 'catkin_skip_building_tests': False, 'cmake_args': None, 'cmake_clean_cache': False, 'cmake_clean_first': False, 'cmake_force_configure': False, 'cmake_target': None, 'cmake_target_skip_unavailable': False, 'install_base': '/home/yongjing-ub22/RTK_GPS_NTRIP_ws/install/rtcm_msgs', 'merge_install': False, 'path': '/home/yongjing-ub22/RTK_GPS_NTRIP_ws/src/RTK_GPS_NTRIP/rtcm_msgs', 'symlink_install': False, 'test_result_base': None}
[0.245s] Level 5:colcon.colcon_core.verb:set package 'ublox_serialization' build argument 'cmake_args' from command line to 'None'
[0.245s] Level 5:colcon.colcon_core.verb:set package 'ublox_serialization' build argument 'cmake_target' from command line to 'None'
[0.245s] Level 5:colcon.colcon_core.verb:set package 'ublox_serialization' build argument 'cmake_target_skip_unavailable' from command line to 'False'
[0.245s] Level 5:colcon.colcon_core.verb:set package 'ublox_serialization' build argument 'cmake_clean_cache' from command line to 'False'
[0.245s] Level 5:colcon.colcon_core.verb:set package 'ublox_serialization' build argument 'cmake_clean_first' from command line to 'False'
[0.246s] Level 5:colcon.colcon_core.verb:set package 'ublox_serialization' build argument 'cmake_force_configure' from command line to 'False'
[0.246s] Level 5:colcon.colcon_core.verb:set package 'ublox_serialization' build argument 'ament_cmake_args' from command line to 'None'
[0.246s] Level 5:colcon.colcon_core.verb:set package 'ublox_serialization' build argument 'catkin_cmake_args' from command line to 'None'
[0.246s] Level 5:colcon.colcon_core.verb:set package 'ublox_serialization' build argument 'catkin_skip_building_tests' from command line to 'False'
[0.246s] DEBUG:colcon.colcon_core.verb:Building package 'ublox_serialization' with the following arguments: {'ament_cmake_args': None, 'build_base': '/home/yongjing-ub22/RTK_GPS_NTRIP_ws/build/ublox_serialization', 'catkin_cmake_args': None, 'catkin_skip_building_tests': False, 'cmake_args': None, 'cmake_clean_cache': False, 'cmake_clean_first': False, 'cmake_force_configure': False, 'cmake_target': None, 'cmake_target_skip_unavailable': False, 'install_base': '/home/yongjing-ub22/RTK_GPS_NTRIP_ws/install/ublox_serialization', 'merge_install': False, 'path': '/home/yongjing-ub22/RTK_GPS_NTRIP_ws/src/RTK_GPS_NTRIP/ublox_serialization', 'symlink_install': False, 'test_result_base': None}
[0.246s] Level 5:colcon.colcon_core.verb:set package 'ublox_msgs' build argument 'cmake_args' from command line to 'None'
[0.246s] Level 5:colcon.colcon_core.verb:set package 'ublox_msgs' build argument 'cmake_target' from command line to 'None'
[0.246s] Level 5:colcon.colcon_core.verb:set package 'ublox_msgs' build argument 'cmake_target_skip_unavailable' from command line to 'False'
[0.246s] Level 5:colcon.colcon_core.verb:set package 'ublox_msgs' build argument 'cmake_clean_cache' from command line to 'False'
[0.246s] Level 5:colcon.colcon_core.verb:set package 'ublox_msgs' build argument 'cmake_clean_first' from command line to 'False'
[0.246s] Level 5:colcon.colcon_core.verb:set package 'ublox_msgs' build argument 'cmake_force_configure' from command line to 'False'
[0.246s] Level 5:colcon.colcon_core.verb:set package 'ublox_msgs' build argument 'ament_cmake_args' from command line to 'None'
[0.246s] Level 5:colcon.colcon_core.verb:set package 'ublox_msgs' build argument 'catkin_cmake_args' from command line to 'None'
[0.246s] Level 5:colcon.colcon_core.verb:set package 'ublox_msgs' build argument 'catkin_skip_building_tests' from command line to 'False'
[0.246s] DEBUG:colcon.colcon_core.verb:Building package 'ublox_msgs' with the following arguments: {'ament_cmake_args': None, 'build_base': '/home/yongjing-ub22/RTK_GPS_NTRIP_ws/build/ublox_msgs', 'catkin_cmake_args': None, 'catkin_skip_building_tests': False, 'cmake_args': None, 'cmake_clean_cache': False, 'cmake_clean_first': False, 'cmake_force_configure': False, 'cmake_target': None, 'cmake_target_skip_unavailable': False, 'install_base': '/home/yongjing-ub22/RTK_GPS_NTRIP_ws/install/ublox_msgs', 'merge_install': False, 'path': '/home/yongjing-ub22/RTK_GPS_NTRIP_ws/src/RTK_GPS_NTRIP/ublox_msgs', 'symlink_install': False, 'test_result_base': None}
[0.246s] Level 5:colcon.colcon_core.verb:set package 'fix2nmea' build argument 'cmake_args' from command line to 'None'
[0.246s] Level 5:colcon.colcon_core.verb:set package 'fix2nmea' build argument 'cmake_target' from command line to 'None'
[0.246s] Level 5:colcon.colcon_core.verb:set package 'fix2nmea' build argument 'cmake_target_skip_unavailable' from command line to 'False'
[0.246s] Level 5:colcon.colcon_core.verb:set package 'fix2nmea' build argument 'cmake_clean_cache' from command line to 'False'
[0.246s] Level 5:colcon.colcon_core.verb:set package 'fix2nmea' build argument 'cmake_clean_first' from command line to 'False'
[0.246s] Level 5:colcon.colcon_core.verb:set package 'fix2nmea' build argument 'cmake_force_configure' from command line to 'False'
[0.246s] Level 5:colcon.colcon_core.verb:set package 'fix2nmea' build argument 'ament_cmake_args' from command line to 'None'
[0.246s] Level 5:colcon.colcon_core.verb:set package 'fix2nmea' build argument 'catkin_cmake_args' from command line to 'None'
[0.246s] Level 5:colcon.colcon_core.verb:set package 'fix2nmea' build argument 'catkin_skip_building_tests' from command line to 'False'
[0.246s] DEBUG:colcon.colcon_core.verb:Building package 'fix2nmea' with the following arguments: {'ament_cmake_args': None, 'build_base': '/home/yongjing-ub22/RTK_GPS_NTRIP_ws/build/fix2nmea', 'catkin_cmake_args': None, 'catkin_skip_building_tests': False, 'cmake_args': None, 'cmake_clean_cache': False, 'cmake_clean_first': False, 'cmake_force_configure': False, 'cmake_target': None, 'cmake_target_skip_unavailable': False, 'install_base': '/home/yongjing-ub22/RTK_GPS_NTRIP_ws/install/fix2nmea', 'merge_install': False, 'path': '/home/yongjing-ub22/RTK_GPS_NTRIP_ws/src/RTK_GPS_NTRIP/fix2nmea', 'symlink_install': False, 'test_result_base': None}
[0.246s] Level 5:colcon.colcon_core.verb:set package 'ublox_gps' build argument 'cmake_args' from command line to 'None'
[0.247s] Level 5:colcon.colcon_core.verb:set package 'ublox_gps' build argument 'cmake_target' from command line to 'None'
[0.247s] Level 5:colcon.colcon_core.verb:set package 'ublox_gps' build argument 'cmake_target_skip_unavailable' from command line to 'False'
[0.247s] Level 5:colcon.colcon_core.verb:set package 'ublox_gps' build argument 'cmake_clean_cache' from command line to 'False'
[0.247s] Level 5:colcon.colcon_core.verb:set package 'ublox_gps' build argument 'cmake_clean_first' from command line to 'False'
[0.247s] Level 5:colcon.colcon_core.verb:set package 'ublox_gps' build argument 'cmake_force_configure' from command line to 'False'
[0.247s] Level 5:colcon.colcon_core.verb:set package 'ublox_gps' build argument 'ament_cmake_args' from command line to 'None'
[0.247s] Level 5:colcon.colcon_core.verb:set package 'ublox_gps' build argument 'catkin_cmake_args' from command line to 'None'
[0.247s] Level 5:colcon.colcon_core.verb:set package 'ublox_gps' build argument 'catkin_skip_building_tests' from command line to 'False'
[0.247s] DEBUG:colcon.colcon_core.verb:Building package 'ublox_gps' with the following arguments: {'ament_cmake_args': None, 'build_base': '/home/yongjing-ub22/RTK_GPS_NTRIP_ws/build/ublox_gps', 'catkin_cmake_args': None, 'catkin_skip_building_tests': False, 'cmake_args': None, 'cmake_clean_cache': False, 'cmake_clean_first': False, 'cmake_force_configure': False, 'cmake_target': None, 'cmake_target_skip_unavailable': False, 'install_base': '/home/yongjing-ub22/RTK_GPS_NTRIP_ws/install/ublox_gps', 'merge_install': False, 'path': '/home/yongjing-ub22/RTK_GPS_NTRIP_ws/src/RTK_GPS_NTRIP/ublox_gps', 'symlink_install': False, 'test_result_base': None}
[0.247s] Level 5:colcon.colcon_core.verb:set package 'ublox' build argument 'cmake_args' from command line to 'None'
[0.247s] Level 5:colcon.colcon_core.verb:set package 'ublox' build argument 'cmake_target' from command line to 'None'
[0.247s] Level 5:colcon.colcon_core.verb:set package 'ublox' build argument 'cmake_target_skip_unavailable' from command line to 'False'
[0.247s] Level 5:colcon.colcon_core.verb:set package 'ublox' build argument 'cmake_clean_cache' from command line to 'False'
[0.247s] Level 5:colcon.colcon_core.verb:set package 'ublox' build argument 'cmake_clean_first' from command line to 'False'
[0.247s] Level 5:colcon.colcon_core.verb:set package 'ublox' build argument 'cmake_force_configure' from command line to 'False'
[0.247s] Level 5:colcon.colcon_core.verb:set package 'ublox' build argument 'ament_cmake_args' from command line to 'None'
[0.247s] Level 5:colcon.colcon_core.verb:set package 'ublox' build argument 'catkin_cmake_args' from command line to 'None'
[0.247s] Level 5:colcon.colcon_core.verb:set package 'ublox' build argument 'catkin_skip_building_tests' from command line to 'False'
[0.247s] DEBUG:colcon.colcon_core.verb:Building package 'ublox' with the following arguments: {'ament_cmake_args': None, 'build_base': '/home/yongjing-ub22/RTK_GPS_NTRIP_ws/build/ublox', 'catkin_cmake_args': None, 'catkin_skip_building_tests': False, 'cmake_args': None, 'cmake_clean_cache': False, 'cmake_clean_first': False, 'cmake_force_configure': False, 'cmake_target': None, 'cmake_target_skip_unavailable': False, 'install_base': '/home/yongjing-ub22/RTK_GPS_NTRIP_ws/install/ublox', 'merge_install': False, 'path': '/home/yongjing-ub22/RTK_GPS_NTRIP_ws/src/RTK_GPS_NTRIP/ublox', 'symlink_install': False, 'test_result_base': None}
[0.247s] INFO:colcon.colcon_core.executor:Executing jobs using 'parallel' executor
[0.248s] DEBUG:colcon.colcon_parallel_executor.executor.parallel:run_until_complete
[0.248s] INFO:colcon.colcon_ros.task.ament_cmake.build:Building ROS package in '/home/yongjing-ub22/RTK_GPS_NTRIP_ws/src/RTK_GPS_NTRIP/ublox_serialization' with build type 'ament_cmake'
[0.248s] INFO:colcon.colcon_cmake.task.cmake.build:Building CMake package in '/home/yongjing-ub22/RTK_GPS_NTRIP_ws/src/RTK_GPS_NTRIP/ublox_serialization'
[0.250s] INFO:colcon.colcon_core.plugin_system:Skipping extension 'colcon_core.shell.bat': Not used on non-Windows systems
[0.251s] INFO:colcon.colcon_core.shell:Skip shell extension 'powershell' for command environment: Not usable outside of PowerShell
[0.251s] DEBUG:colcon.colcon_core.shell:Skip shell extension 'dsv' for command environment
[0.253s] INFO:colcon.colcon_ros.task.ament_cmake.build:Building ROS package in '/home/yongjing-ub22/RTK_GPS_NTRIP_ws/src/RTK_GPS_NTRIP/rtcm_msgs' with build type 'ament_cmake'
[0.254s] INFO:colcon.colcon_cmake.task.cmake.build:Building CMake package in '/home/yongjing-ub22/RTK_GPS_NTRIP_ws/src/RTK_GPS_NTRIP/rtcm_msgs'
[0.254s] INFO:colcon.colcon_core.shell:Skip shell extension 'powershell' for command environment: Not usable outside of PowerShell
[0.254s] DEBUG:colcon.colcon_core.shell:Skip shell extension 'dsv' for command environment
[0.256s] INFO:colcon.colcon_ros.task.ament_python.build:Building ROS package in '/home/yongjing-ub22/RTK_GPS_NTRIP_ws/src/RTK_GPS_NTRIP/ntrip_client' with build type 'ament_python'
[0.256s] Level 1:colcon.colcon_core.shell:create_environment_hook('ntrip_client', 'ament_prefix_path')
[0.257s] INFO:colcon.colcon_core.shell:Creating environment hook '/home/yongjing-ub22/RTK_GPS_NTRIP_ws/install/ntrip_client/share/ntrip_client/hook/ament_prefix_path.ps1'
[0.257s] INFO:colcon.colcon_core.shell:Creating environment descriptor '/home/yongjing-ub22/RTK_GPS_NTRIP_ws/install/ntrip_client/share/ntrip_client/hook/ament_prefix_path.dsv'
[0.257s] INFO:colcon.colcon_core.shell:Creating environment hook '/home/yongjing-ub22/RTK_GPS_NTRIP_ws/install/ntrip_client/share/ntrip_client/hook/ament_prefix_path.sh'
[0.258s] INFO:colcon.colcon_core.shell:Skip shell extension 'powershell' for command environment: Not usable outside of PowerShell
[0.258s] DEBUG:colcon.colcon_core.shell:Skip shell extension 'dsv' for command environment
[0.268s] DEBUG:colcon.colcon_core.event_handler.log_command:Invoking command in '/home/yongjing-ub22/RTK_GPS_NTRIP_ws/build/ublox_serialization': CMAKE_PREFIX_PATH=${CMAKE_PREFIX_PATH}:/home/yongjing-ub22/RTK_GPS_NTRIP_ws/install/ntrip_client:/opt/ros/humble /usr/bin/cmake --build /home/yongjing-ub22/RTK_GPS_NTRIP_ws/build/ublox_serialization -- -j20 -l20
[0.270s] DEBUG:colcon.colcon_core.event_handler.log_command:Invoking command in '/home/yongjing-ub22/RTK_GPS_NTRIP_ws/build/rtcm_msgs': CMAKE_PREFIX_PATH=${CMAKE_PREFIX_PATH}:/home/yongjing-ub22/RTK_GPS_NTRIP_ws/install/ntrip_client:/opt/ros/humble /usr/bin/cmake --build /home/yongjing-ub22/RTK_GPS_NTRIP_ws/build/rtcm_msgs -- -j20 -l20
[0.538s] INFO:colcon.colcon_core.task.python.build:Building Python package in '/home/yongjing-ub22/RTK_GPS_NTRIP_ws/src/RTK_GPS_NTRIP/ntrip_client'
[0.538s] INFO:colcon.colcon_core.shell:Skip shell extension 'powershell' for command environment: Not usable outside of PowerShell
[0.538s] DEBUG:colcon.colcon_core.shell:Skip shell extension 'dsv' for command environment
[0.543s] DEBUG:colcon.colcon_core.event_handler.log_command:Invoked command in '/home/yongjing-ub22/RTK_GPS_NTRIP_ws/build/ublox_serialization' returned '0': CMAKE_PREFIX_PATH=${CMAKE_PREFIX_PATH}:/home/yongjing-ub22/RTK_GPS_NTRIP_ws/install/ntrip_client:/opt/ros/humble /usr/bin/cmake --build /home/yongjing-ub22/RTK_GPS_NTRIP_ws/build/ublox_serialization -- -j20 -l20
[0.582s] DEBUG:colcon.colcon_core.event_handler.log_command:Invoking command in '/home/yongjing-ub22/RTK_GPS_NTRIP_ws/build/ublox_serialization': CMAKE_PREFIX_PATH=${CMAKE_PREFIX_PATH}:/home/yongjing-ub22/RTK_GPS_NTRIP_ws/install/ntrip_client:/opt/ros/humble /usr/bin/cmake --install /home/yongjing-ub22/RTK_GPS_NTRIP_ws/build/ublox_serialization
[0.595s] Level 1:colcon.colcon_core.environment:create_environment_scripts_only(ublox_serialization)
[0.596s] DEBUG:colcon.colcon_core.event_handler.log_command:Invoked command in '/home/yongjing-ub22/RTK_GPS_NTRIP_ws/build/ublox_serialization' returned '0': CMAKE_PREFIX_PATH=${CMAKE_PREFIX_PATH}:/home/yongjing-ub22/RTK_GPS_NTRIP_ws/install/ntrip_client:/opt/ros/humble /usr/bin/cmake --install /home/yongjing-ub22/RTK_GPS_NTRIP_ws/build/ublox_serialization
[0.598s] Level 1:colcon.colcon_core.environment:checking '/home/yongjing-ub22/RTK_GPS_NTRIP_ws/install/ublox_serialization' for CMake module files
[0.599s] Level 1:colcon.colcon_core.environment:checking '/home/yongjing-ub22/RTK_GPS_NTRIP_ws/install/ublox_serialization' for CMake config files
[0.599s] Level 1:colcon.colcon_core.shell:create_environment_hook('ublox_serialization', 'cmake_prefix_path')
[0.600s] INFO:colcon.colcon_core.shell:Creating environment hook '/home/yongjing-ub22/RTK_GPS_NTRIP_ws/install/ublox_serialization/share/ublox_serialization/hook/cmake_prefix_path.ps1'
[0.600s] INFO:colcon.colcon_core.shell:Creating environment descriptor '/home/yongjing-ub22/RTK_GPS_NTRIP_ws/install/ublox_serialization/share/ublox_serialization/hook/cmake_prefix_path.dsv'
[0.601s] INFO:colcon.colcon_core.shell:Creating environment hook '/home/yongjing-ub22/RTK_GPS_NTRIP_ws/install/ublox_serialization/share/ublox_serialization/hook/cmake_prefix_path.sh'
[0.601s] Level 1:colcon.colcon_core.environment:checking '/home/yongjing-ub22/RTK_GPS_NTRIP_ws/install/ublox_serialization/bin'
[0.601s] Level 1:colcon.colcon_core.environment:checking '/home/yongjing-ub22/RTK_GPS_NTRIP_ws/install/ublox_serialization/lib/pkgconfig/ublox_serialization.pc'
[0.602s] Level 1:colcon.colcon_core.environment:checking '/home/yongjing-ub22/RTK_GPS_NTRIP_ws/install/ublox_serialization/lib/python3.10/site-packages'
[0.602s] Level 1:colcon.colcon_core.environment:checking '/home/yongjing-ub22/RTK_GPS_NTRIP_ws/install/ublox_serialization/bin'
[0.602s] INFO:colcon.colcon_core.shell:Creating package script '/home/yongjing-ub22/RTK_GPS_NTRIP_ws/install/ublox_serialization/share/ublox_serialization/package.ps1'
[0.603s] INFO:colcon.colcon_core.shell:Creating package descriptor '/home/yongjing-ub22/RTK_GPS_NTRIP_ws/install/ublox_serialization/share/ublox_serialization/package.dsv'
[0.603s] INFO:colcon.colcon_core.shell:Creating package script '/home/yongjing-ub22/RTK_GPS_NTRIP_ws/install/ublox_serialization/share/ublox_serialization/package.sh'
[0.604s] INFO:colcon.colcon_core.shell:Creating package script '/home/yongjing-ub22/RTK_GPS_NTRIP_ws/install/ublox_serialization/share/ublox_serialization/package.bash'
[0.604s] INFO:colcon.colcon_core.shell:Creating package script '/home/yongjing-ub22/RTK_GPS_NTRIP_ws/install/ublox_serialization/share/ublox_serialization/package.zsh'
[0.605s] Level 1:colcon.colcon_core.environment:create_file_with_runtime_dependencies(/home/yongjing-ub22/RTK_GPS_NTRIP_ws/install/ublox_serialization/share/colcon-core/packages/ublox_serialization)
[0.635s] Level 1:colcon.colcon_core.environment:create_environment_scripts_only(ublox_serialization)
[0.635s] Level 1:colcon.colcon_core.environment:checking '/home/yongjing-ub22/RTK_GPS_NTRIP_ws/install/ublox_serialization' for CMake module files
[0.635s] Level 1:colcon.colcon_core.environment:checking '/home/yongjing-ub22/RTK_GPS_NTRIP_ws/install/ublox_serialization' for CMake config files
[0.636s] Level 1:colcon.colcon_core.shell:create_environment_hook('ublox_serialization', 'cmake_prefix_path')
[0.636s] INFO:colcon.colcon_core.shell:Creating environment hook '/home/yongjing-ub22/RTK_GPS_NTRIP_ws/install/ublox_serialization/share/ublox_serialization/hook/cmake_prefix_path.ps1'
[0.636s] INFO:colcon.colcon_core.shell:Creating environment descriptor '/home/yongjing-ub22/RTK_GPS_NTRIP_ws/install/ublox_serialization/share/ublox_serialization/hook/cmake_prefix_path.dsv'
[0.636s] INFO:colcon.colcon_core.shell:Creating environment hook '/home/yongjing-ub22/RTK_GPS_NTRIP_ws/install/ublox_serialization/share/ublox_serialization/hook/cmake_prefix_path.sh'
[0.637s] Level 1:colcon.colcon_core.environment:checking '/home/yongjing-ub22/RTK_GPS_NTRIP_ws/install/ublox_serialization/bin'
[0.637s] Level 1:colcon.colcon_core.environment:checking '/home/yongjing-ub22/RTK_GPS_NTRIP_ws/install/ublox_serialization/lib/pkgconfig/ublox_serialization.pc'
[0.637s] Level 1:colcon.colcon_core.environment:checking '/home/yongjing-ub22/RTK_GPS_NTRIP_ws/install/ublox_serialization/lib/python3.10/site-packages'
[0.637s] Level 1:colcon.colcon_core.environment:checking '/home/yongjing-ub22/RTK_GPS_NTRIP_ws/install/ublox_serialization/bin'
[0.638s] INFO:colcon.colcon_core.shell:Creating package script '/home/yongjing-ub22/RTK_GPS_NTRIP_ws/install/ublox_serialization/share/ublox_serialization/package.ps1'
[0.638s] INFO:colcon.colcon_core.shell:Creating package descriptor '/home/yongjing-ub22/RTK_GPS_NTRIP_ws/install/ublox_serialization/share/ublox_serialization/package.dsv'
[0.638s] INFO:colcon.colcon_core.shell:Creating package script '/home/yongjing-ub22/RTK_GPS_NTRIP_ws/install/ublox_serialization/share/ublox_serialization/package.sh'
[0.639s] INFO:colcon.colcon_core.shell:Creating package script '/home/yongjing-ub22/RTK_GPS_NTRIP_ws/install/ublox_serialization/share/ublox_serialization/package.bash'
[0.639s] INFO:colcon.colcon_core.shell:Creating package script '/home/yongjing-ub22/RTK_GPS_NTRIP_ws/install/ublox_serialization/share/ublox_serialization/package.zsh'
[0.639s] Level 1:colcon.colcon_core.environment:create_file_with_runtime_dependencies(/home/yongjing-ub22/RTK_GPS_NTRIP_ws/install/ublox_serialization/share/colcon-core/packages/ublox_serialization)
[0.640s] INFO:colcon.colcon_ros.task.ament_cmake.build:Building ROS package in '/home/yongjing-ub22/RTK_GPS_NTRIP_ws/src/RTK_GPS_NTRIP/ublox_msgs' with build type 'ament_cmake'
[0.640s] INFO:colcon.colcon_cmake.task.cmake.build:Building CMake package in '/home/yongjing-ub22/RTK_GPS_NTRIP_ws/src/RTK_GPS_NTRIP/ublox_msgs'
[0.640s] INFO:colcon.colcon_core.shell:Skip shell extension 'powershell' for command environment: Not usable outside of PowerShell
[0.640s] DEBUG:colcon.colcon_core.shell:Skip shell extension 'dsv' for command environment
[0.646s] DEBUG:colcon.colcon_core.event_handler.log_command:Invoked command in '/home/yongjing-ub22/RTK_GPS_NTRIP_ws/build/rtcm_msgs' returned '0': CMAKE_PREFIX_PATH=${CMAKE_PREFIX_PATH}:/home/yongjing-ub22/RTK_GPS_NTRIP_ws/install/ntrip_client:/opt/ros/humble /usr/bin/cmake --build /home/yongjing-ub22/RTK_GPS_NTRIP_ws/build/rtcm_msgs -- -j20 -l20
[0.651s] DEBUG:colcon.colcon_core.event_handler.log_command:Invoking command in '/home/yongjing-ub22/RTK_GPS_NTRIP_ws/build/ublox_msgs': CMAKE_PREFIX_PATH=/home/yongjing-ub22/RTK_GPS_NTRIP_ws/install/ublox_serialization:/home/yongjing-ub22/RTK_GPS_NTRIP_ws/install/ublox:/home/yongjing-ub22/RTK_GPS_NTRIP_ws/install/ublox_gps:/home/yongjing-ub22/RTK_GPS_NTRIP_ws/install/fix2nmea:/home/yongjing-ub22/RTK_GPS_NTRIP_ws/install/ublox_msgs:/home/yongjing-ub22/RTK_GPS_NTRIP_ws/install/rtcm_msgs:/home/yongjing-ub22/RTK_GPS_NTRIP_ws/install/ntrip_client:/opt/ros/humble /usr/bin/cmake --build /home/yongjing-ub22/RTK_GPS_NTRIP_ws/build/ublox_msgs -- -j20 -l20
[0.727s] DEBUG:colcon.colcon_core.event_handler.log_command:Invoking command in '/home/yongjing-ub22/RTK_GPS_NTRIP_ws/build/rtcm_msgs': CMAKE_PREFIX_PATH=${CMAKE_PREFIX_PATH}:/home/yongjing-ub22/RTK_GPS_NTRIP_ws/install/ntrip_client:/opt/ros/humble /usr/bin/cmake --install /home/yongjing-ub22/RTK_GPS_NTRIP_ws/build/rtcm_msgs
[0.794s] Level 1:colcon.colcon_core.environment:create_environment_scripts_only(rtcm_msgs)
[0.794s] Level 1:colcon.colcon_core.environment:checking '/home/yongjing-ub22/RTK_GPS_NTRIP_ws/install/rtcm_msgs' for CMake module files
[0.795s] DEBUG:colcon.colcon_core.event_handler.log_command:Invoked command in '/home/yongjing-ub22/RTK_GPS_NTRIP_ws/build/rtcm_msgs' returned '0': CMAKE_PREFIX_PATH=${CMAKE_PREFIX_PATH}:/home/yongjing-ub22/RTK_GPS_NTRIP_ws/install/ntrip_client:/opt/ros/humble /usr/bin/cmake --install /home/yongjing-ub22/RTK_GPS_NTRIP_ws/build/rtcm_msgs
[0.796s] Level 1:colcon.colcon_core.environment:checking '/home/yongjing-ub22/RTK_GPS_NTRIP_ws/install/rtcm_msgs' for CMake config files
[0.797s] Level 1:colcon.colcon_core.shell:create_environment_hook('rtcm_msgs', 'cmake_prefix_path')
[0.798s] INFO:colcon.colcon_core.shell:Creating environment hook '/home/yongjing-ub22/RTK_GPS_NTRIP_ws/install/rtcm_msgs/share/rtcm_msgs/hook/cmake_prefix_path.ps1'
[0.799s] INFO:colcon.colcon_core.shell:Creating environment descriptor '/home/yongjing-ub22/RTK_GPS_NTRIP_ws/install/rtcm_msgs/share/rtcm_msgs/hook/cmake_prefix_path.dsv'
[0.799s] INFO:colcon.colcon_core.shell:Creating environment hook '/home/yongjing-ub22/RTK_GPS_NTRIP_ws/install/rtcm_msgs/share/rtcm_msgs/hook/cmake_prefix_path.sh'
[0.800s] Level 1:colcon.colcon_core.environment:checking '/home/yongjing-ub22/RTK_GPS_NTRIP_ws/install/rtcm_msgs/lib'
[0.800s] Level 1:colcon.colcon_core.shell:create_environment_hook('rtcm_msgs', 'ld_library_path_lib')
[0.801s] INFO:colcon.colcon_core.shell:Creating environment hook '/home/yongjing-ub22/RTK_GPS_NTRIP_ws/install/rtcm_msgs/share/rtcm_msgs/hook/ld_library_path_lib.ps1'
[0.801s] INFO:colcon.colcon_core.shell:Creating environment descriptor '/home/yongjing-ub22/RTK_GPS_NTRIP_ws/install/rtcm_msgs/share/rtcm_msgs/hook/ld_library_path_lib.dsv'
[0.802s] INFO:colcon.colcon_core.shell:Creating environment hook '/home/yongjing-ub22/RTK_GPS_NTRIP_ws/install/rtcm_msgs/share/rtcm_msgs/hook/ld_library_path_lib.sh'
[0.803s] Level 1:colcon.colcon_core.environment:checking '/home/yongjing-ub22/RTK_GPS_NTRIP_ws/install/rtcm_msgs/bin'
[0.803s] Level 1:colcon.colcon_core.environment:checking '/home/yongjing-ub22/RTK_GPS_NTRIP_ws/install/rtcm_msgs/lib/pkgconfig/rtcm_msgs.pc'
[0.803s] Level 1:colcon.colcon_core.environment:checking '/home/yongjing-ub22/RTK_GPS_NTRIP_ws/install/rtcm_msgs/lib/python3.10/site-packages'
[0.804s] Level 1:colcon.colcon_core.environment:checking '/home/yongjing-ub22/RTK_GPS_NTRIP_ws/install/rtcm_msgs/bin'
[0.804s] INFO:colcon.colcon_core.shell:Creating package script '/home/yongjing-ub22/RTK_GPS_NTRIP_ws/install/rtcm_msgs/share/rtcm_msgs/package.ps1'
[0.805s] INFO:colcon.colcon_core.shell:Creating package descriptor '/home/yongjing-ub22/RTK_GPS_NTRIP_ws/install/rtcm_msgs/share/rtcm_msgs/package.dsv'
[0.806s] INFO:colcon.colcon_core.shell:Creating package script '/home/yongjing-ub22/RTK_GPS_NTRIP_ws/install/rtcm_msgs/share/rtcm_msgs/package.sh'
[0.806s] INFO:colcon.colcon_core.shell:Creating package script '/home/yongjing-ub22/RTK_GPS_NTRIP_ws/install/rtcm_msgs/share/rtcm_msgs/package.bash'
[0.807s] INFO:colcon.colcon_core.shell:Creating package script '/home/yongjing-ub22/RTK_GPS_NTRIP_ws/install/rtcm_msgs/share/rtcm_msgs/package.zsh'
[0.807s] Level 1:colcon.colcon_core.environment:create_file_with_runtime_dependencies(/home/yongjing-ub22/RTK_GPS_NTRIP_ws/install/rtcm_msgs/share/colcon-core/packages/rtcm_msgs)
[0.908s] Level 1:colcon.colcon_core.environment:create_environment_scripts_only(rtcm_msgs)
[0.908s] Level 1:colcon.colcon_core.environment:checking '/home/yongjing-ub22/RTK_GPS_NTRIP_ws/install/rtcm_msgs' for CMake module files
[0.909s] Level 1:colcon.colcon_core.environment:checking '/home/yongjing-ub22/RTK_GPS_NTRIP_ws/install/rtcm_msgs' for CMake config files
[0.909s] Level 1:colcon.colcon_core.shell:create_environment_hook('rtcm_msgs', 'cmake_prefix_path')
[0.910s] INFO:colcon.colcon_core.shell:Creating environment hook '/home/yongjing-ub22/RTK_GPS_NTRIP_ws/install/rtcm_msgs/share/rtcm_msgs/hook/cmake_prefix_path.ps1'
[0.910s] INFO:colcon.colcon_core.shell:Creating environment descriptor '/home/yongjing-ub22/RTK_GPS_NTRIP_ws/install/rtcm_msgs/share/rtcm_msgs/hook/cmake_prefix_path.dsv'
[0.910s] INFO:colcon.colcon_core.shell:Creating environment hook '/home/yongjing-ub22/RTK_GPS_NTRIP_ws/install/rtcm_msgs/share/rtcm_msgs/hook/cmake_prefix_path.sh'
[0.911s] Level 1:colcon.colcon_core.environment:checking '/home/yongjing-ub22/RTK_GPS_NTRIP_ws/install/rtcm_msgs/lib'
[0.911s] Level 1:colcon.colcon_core.shell:create_environment_hook('rtcm_msgs', 'ld_library_path_lib')
[0.911s] INFO:colcon.colcon_core.shell:Creating environment hook '/home/yongjing-ub22/RTK_GPS_NTRIP_ws/install/rtcm_msgs/share/rtcm_msgs/hook/ld_library_path_lib.ps1'
[0.912s] INFO:colcon.colcon_core.shell:Creating environment descriptor '/home/yongjing-ub22/RTK_GPS_NTRIP_ws/install/rtcm_msgs/share/rtcm_msgs/hook/ld_library_path_lib.dsv'
[0.912s] INFO:colcon.colcon_core.shell:Creating environment hook '/home/yongjing-ub22/RTK_GPS_NTRIP_ws/install/rtcm_msgs/share/rtcm_msgs/hook/ld_library_path_lib.sh'
[0.912s] Level 1:colcon.colcon_core.environment:checking '/home/yongjing-ub22/RTK_GPS_NTRIP_ws/install/rtcm_msgs/bin'
[0.912s] Level 1:colcon.colcon_core.environment:checking '/home/yongjing-ub22/RTK_GPS_NTRIP_ws/install/rtcm_msgs/lib/pkgconfig/rtcm_msgs.pc'
[0.913s] Level 1:colcon.colcon_core.environment:checking '/home/yongjing-ub22/RTK_GPS_NTRIP_ws/install/rtcm_msgs/lib/python3.10/site-packages'
[0.913s] Level 1:colcon.colcon_core.environment:checking '/home/yongjing-ub22/RTK_GPS_NTRIP_ws/install/rtcm_msgs/bin'
[0.913s] INFO:colcon.colcon_core.shell:Creating package script '/home/yongjing-ub22/RTK_GPS_NTRIP_ws/install/rtcm_msgs/share/rtcm_msgs/package.ps1'
[0.914s] INFO:colcon.colcon_core.shell:Creating package descriptor '/home/yongjing-ub22/RTK_GPS_NTRIP_ws/install/rtcm_msgs/share/rtcm_msgs/package.dsv'
[0.915s] INFO:colcon.colcon_core.shell:Creating package script '/home/yongjing-ub22/RTK_GPS_NTRIP_ws/install/rtcm_msgs/share/rtcm_msgs/package.sh'
[0.915s] INFO:colcon.colcon_core.shell:Creating package script '/home/yongjing-ub22/RTK_GPS_NTRIP_ws/install/rtcm_msgs/share/rtcm_msgs/package.bash'
[0.916s] INFO:colcon.colcon_core.shell:Creating package script '/home/yongjing-ub22/RTK_GPS_NTRIP_ws/install/rtcm_msgs/share/rtcm_msgs/package.zsh'
[0.917s] Level 1:colcon.colcon_core.environment:create_file_with_runtime_dependencies(/home/yongjing-ub22/RTK_GPS_NTRIP_ws/install/rtcm_msgs/share/colcon-core/packages/rtcm_msgs)
[0.974s] DEBUG:colcon.colcon_core.event_handler.log_command:Invoking command in '/home/yongjing-ub22/RTK_GPS_NTRIP_ws/src/RTK_GPS_NTRIP/ntrip_client': PYTHONPATH=/home/yongjing-ub22/RTK_GPS_NTRIP_ws/build/ntrip_client/prefix_override:/usr/lib/python3/dist-packages/colcon_core/task/python/colcon_distutils_commands:/home/yongjing-ub22/RTK_GPS_NTRIP_ws/install/ntrip_client/lib/python3.10/site-packages:${PYTHONPATH} /usr/bin/python3 -W ignore:setup.py install is deprecated setup.py egg_info --egg-base ../../../build/ntrip_client build --build-base /home/yongjing-ub22/RTK_GPS_NTRIP_ws/build/ntrip_client/build install --record /home/yongjing-ub22/RTK_GPS_NTRIP_ws/build/ntrip_client/install.log --single-version-externally-managed install_data
[1.144s] DEBUG:colcon.colcon_core.event_handler.log_command:Invoked command in '/home/yongjing-ub22/RTK_GPS_NTRIP_ws/build/ublox_msgs' returned '0': CMAKE_PREFIX_PATH=/home/yongjing-ub22/RTK_GPS_NTRIP_ws/install/ublox_serialization:/home/yongjing-ub22/RTK_GPS_NTRIP_ws/install/ublox:/home/yongjing-ub22/RTK_GPS_NTRIP_ws/install/ublox_gps:/home/yongjing-ub22/RTK_GPS_NTRIP_ws/install/fix2nmea:/home/yongjing-ub22/RTK_GPS_NTRIP_ws/install/ublox_msgs:/home/yongjing-ub22/RTK_GPS_NTRIP_ws/install/rtcm_msgs:/home/yongjing-ub22/RTK_GPS_NTRIP_ws/install/ntrip_client:/opt/ros/humble /usr/bin/cmake --build /home/yongjing-ub22/RTK_GPS_NTRIP_ws/build/ublox_msgs -- -j20 -l20
[1.254s] Level 1:colcon.colcon_core.environment:checking '/home/yongjing-ub22/RTK_GPS_NTRIP_ws/install/ntrip_client' for CMake module files
[1.256s] DEBUG:colcon.colcon_core.event_handler.log_command:Invoked command in '/home/yongjing-ub22/RTK_GPS_NTRIP_ws/src/RTK_GPS_NTRIP/ntrip_client' returned '0': PYTHONPATH=/home/yongjing-ub22/RTK_GPS_NTRIP_ws/build/ntrip_client/prefix_override:/usr/lib/python3/dist-packages/colcon_core/task/python/colcon_distutils_commands:/home/yongjing-ub22/RTK_GPS_NTRIP_ws/install/ntrip_client/lib/python3.10/site-packages:${PYTHONPATH} /usr/bin/python3 -W ignore:setup.py install is deprecated setup.py egg_info --egg-base ../../../build/ntrip_client build --build-base /home/yongjing-ub22/RTK_GPS_NTRIP_ws/build/ntrip_client/build install --record /home/yongjing-ub22/RTK_GPS_NTRIP_ws/build/ntrip_client/install.log --single-version-externally-managed install_data
[1.256s] Level 1:colcon.colcon_core.environment:checking '/home/yongjing-ub22/RTK_GPS_NTRIP_ws/install/ntrip_client' for CMake config files
[1.256s] Level 1:colcon.colcon_core.environment:checking '/home/yongjing-ub22/RTK_GPS_NTRIP_ws/install/ntrip_client/lib'
[1.257s] Level 1:colcon.colcon_core.environment:checking '/home/yongjing-ub22/RTK_GPS_NTRIP_ws/install/ntrip_client/bin'
[1.257s] Level 1:colcon.colcon_core.environment:checking '/home/yongjing-ub22/RTK_GPS_NTRIP_ws/install/ntrip_client/lib/pkgconfig/ntrip_client.pc'
[1.257s] Level 1:colcon.colcon_core.environment:checking '/home/yongjing-ub22/RTK_GPS_NTRIP_ws/install/ntrip_client/lib/python3.10/site-packages'
[1.257s] Level 1:colcon.colcon_core.shell:create_environment_hook('ntrip_client', 'pythonpath')
[1.257s] INFO:colcon.colcon_core.shell:Creating environment hook '/home/yongjing-ub22/RTK_GPS_NTRIP_ws/install/ntrip_client/share/ntrip_client/hook/pythonpath.ps1'
[1.258s] INFO:colcon.colcon_core.shell:Creating environment descriptor '/home/yongjing-ub22/RTK_GPS_NTRIP_ws/install/ntrip_client/share/ntrip_client/hook/pythonpath.dsv'
[1.258s] INFO:colcon.colcon_core.shell:Creating environment hook '/home/yongjing-ub22/RTK_GPS_NTRIP_ws/install/ntrip_client/share/ntrip_client/hook/pythonpath.sh'
[1.258s] Level 1:colcon.colcon_core.environment:checking '/home/yongjing-ub22/RTK_GPS_NTRIP_ws/install/ntrip_client/bin'
[1.258s] Level 1:colcon.colcon_core.environment:create_environment_scripts_only(ntrip_client)
[1.259s] INFO:colcon.colcon_core.shell:Creating package script '/home/yongjing-ub22/RTK_GPS_NTRIP_ws/install/ntrip_client/share/ntrip_client/package.ps1'
[1.259s] INFO:colcon.colcon_core.shell:Creating package descriptor '/home/yongjing-ub22/RTK_GPS_NTRIP_ws/install/ntrip_client/share/ntrip_client/package.dsv'
[1.259s] INFO:colcon.colcon_core.shell:Creating package script '/home/yongjing-ub22/RTK_GPS_NTRIP_ws/install/ntrip_client/share/ntrip_client/package.sh'
[1.260s] INFO:colcon.colcon_core.shell:Creating package script '/home/yongjing-ub22/RTK_GPS_NTRIP_ws/install/ntrip_client/share/ntrip_client/package.bash'
[1.260s] INFO:colcon.colcon_core.shell:Creating package script '/home/yongjing-ub22/RTK_GPS_NTRIP_ws/install/ntrip_client/share/ntrip_client/package.zsh'
[1.260s] Level 1:colcon.colcon_core.environment:create_file_with_runtime_dependencies(/home/yongjing-ub22/RTK_GPS_NTRIP_ws/install/ntrip_client/share/colcon-core/packages/ntrip_client)
[2.924s] DEBUG:colcon.colcon_core.event_handler.log_command:Invoking command in '/home/yongjing-ub22/RTK_GPS_NTRIP_ws/build/ublox_msgs': CMAKE_PREFIX_PATH=/home/yongjing-ub22/RTK_GPS_NTRIP_ws/install/ublox_serialization:/home/yongjing-ub22/RTK_GPS_NTRIP_ws/install/ublox:/home/yongjing-ub22/RTK_GPS_NTRIP_ws/install/ublox_gps:/home/yongjing-ub22/RTK_GPS_NTRIP_ws/install/fix2nmea:/home/yongjing-ub22/RTK_GPS_NTRIP_ws/install/ublox_msgs:/home/yongjing-ub22/RTK_GPS_NTRIP_ws/install/rtcm_msgs:/home/yongjing-ub22/RTK_GPS_NTRIP_ws/install/ntrip_client:/opt/ros/humble /usr/bin/cmake --install /home/yongjing-ub22/RTK_GPS_NTRIP_ws/build/ublox_msgs
[3.316s] Level 1:colcon.colcon_core.environment:create_environment_scripts_only(ublox_msgs)
[3.316s] DEBUG:colcon.colcon_core.event_handler.log_command:Invoked command in '/home/yongjing-ub22/RTK_GPS_NTRIP_ws/build/ublox_msgs' returned '0': CMAKE_PREFIX_PATH=/home/yongjing-ub22/RTK_GPS_NTRIP_ws/install/ublox_serialization:/home/yongjing-ub22/RTK_GPS_NTRIP_ws/install/ublox:/home/yongjing-ub22/RTK_GPS_NTRIP_ws/install/ublox_gps:/home/yongjing-ub22/RTK_GPS_NTRIP_ws/install/fix2nmea:/home/yongjing-ub22/RTK_GPS_NTRIP_ws/install/ublox_msgs:/home/yongjing-ub22/RTK_GPS_NTRIP_ws/install/rtcm_msgs:/home/yongjing-ub22/RTK_GPS_NTRIP_ws/install/ntrip_client:/opt/ros/humble /usr/bin/cmake --install /home/yongjing-ub22/RTK_GPS_NTRIP_ws/build/ublox_msgs
[3.317s] Level 1:colcon.colcon_core.environment:checking '/home/yongjing-ub22/RTK_GPS_NTRIP_ws/install/ublox_msgs' for CMake module files
[3.317s] Level 1:colcon.colcon_core.environment:checking '/home/yongjing-ub22/RTK_GPS_NTRIP_ws/install/ublox_msgs' for CMake config files
[3.319s] Level 1:colcon.colcon_core.shell:create_environment_hook('ublox_msgs', 'cmake_prefix_path')
[3.319s] INFO:colcon.colcon_core.shell:Creating environment hook '/home/yongjing-ub22/RTK_GPS_NTRIP_ws/install/ublox_msgs/share/ublox_msgs/hook/cmake_prefix_path.ps1'
[3.319s] INFO:colcon.colcon_core.shell:Creating environment descriptor '/home/yongjing-ub22/RTK_GPS_NTRIP_ws/install/ublox_msgs/share/ublox_msgs/hook/cmake_prefix_path.dsv'
[3.320s] INFO:colcon.colcon_core.shell:Creating environment hook '/home/yongjing-ub22/RTK_GPS_NTRIP_ws/install/ublox_msgs/share/ublox_msgs/hook/cmake_prefix_path.sh'
[3.320s] Level 1:colcon.colcon_core.environment:checking '/home/yongjing-ub22/RTK_GPS_NTRIP_ws/install/ublox_msgs/lib'
[3.320s] Level 1:colcon.colcon_core.shell:create_environment_hook('ublox_msgs', 'ld_library_path_lib')
[3.320s] INFO:colcon.colcon_core.shell:Creating environment hook '/home/yongjing-ub22/RTK_GPS_NTRIP_ws/install/ublox_msgs/share/ublox_msgs/hook/ld_library_path_lib.ps1'
[3.321s] INFO:colcon.colcon_core.shell:Creating environment descriptor '/home/yongjing-ub22/RTK_GPS_NTRIP_ws/install/ublox_msgs/share/ublox_msgs/hook/ld_library_path_lib.dsv'
[3.321s] INFO:colcon.colcon_core.shell:Creating environment hook '/home/yongjing-ub22/RTK_GPS_NTRIP_ws/install/ublox_msgs/share/ublox_msgs/hook/ld_library_path_lib.sh'
[3.321s] Level 1:colcon.colcon_core.environment:checking '/home/yongjing-ub22/RTK_GPS_NTRIP_ws/install/ublox_msgs/bin'
[3.321s] Level 1:colcon.colcon_core.environment:checking '/home/yongjing-ub22/RTK_GPS_NTRIP_ws/install/ublox_msgs/lib/pkgconfig/ublox_msgs.pc'
[3.321s] Level 1:colcon.colcon_core.environment:checking '/home/yongjing-ub22/RTK_GPS_NTRIP_ws/install/ublox_msgs/lib/python3.10/site-packages'
[3.321s] Level 1:colcon.colcon_core.environment:checking '/home/yongjing-ub22/RTK_GPS_NTRIP_ws/install/ublox_msgs/bin'
[3.322s] INFO:colcon.colcon_core.shell:Creating package script '/home/yongjing-ub22/RTK_GPS_NTRIP_ws/install/ublox_msgs/share/ublox_msgs/package.ps1'
[3.322s] INFO:colcon.colcon_core.shell:Creating package descriptor '/home/yongjing-ub22/RTK_GPS_NTRIP_ws/install/ublox_msgs/share/ublox_msgs/package.dsv'
[3.322s] INFO:colcon.colcon_core.shell:Creating package script '/home/yongjing-ub22/RTK_GPS_NTRIP_ws/install/ublox_msgs/share/ublox_msgs/package.sh'
[3.323s] INFO:colcon.colcon_core.shell:Creating package script '/home/yongjing-ub22/RTK_GPS_NTRIP_ws/install/ublox_msgs/share/ublox_msgs/package.bash'
[3.323s] INFO:colcon.colcon_core.shell:Creating package script '/home/yongjing-ub22/RTK_GPS_NTRIP_ws/install/ublox_msgs/share/ublox_msgs/package.zsh'
[3.323s] Level 1:colcon.colcon_core.environment:create_file_with_runtime_dependencies(/home/yongjing-ub22/RTK_GPS_NTRIP_ws/install/ublox_msgs/share/colcon-core/packages/ublox_msgs)
[5.202s] Level 1:colcon.colcon_core.environment:create_environment_scripts_only(ublox_msgs)
[5.202s] Level 1:colcon.colcon_core.environment:checking '/home/yongjing-ub22/RTK_GPS_NTRIP_ws/install/ublox_msgs' for CMake module files
[5.202s] Level 1:colcon.colcon_core.environment:checking '/home/yongjing-ub22/RTK_GPS_NTRIP_ws/install/ublox_msgs' for CMake config files
[5.204s] Level 1:colcon.colcon_core.shell:create_environment_hook('ublox_msgs', 'cmake_prefix_path')
[5.204s] INFO:colcon.colcon_core.shell:Creating environment hook '/home/yongjing-ub22/RTK_GPS_NTRIP_ws/install/ublox_msgs/share/ublox_msgs/hook/cmake_prefix_path.ps1'
[5.204s] INFO:colcon.colcon_core.shell:Creating environment descriptor '/home/yongjing-ub22/RTK_GPS_NTRIP_ws/install/ublox_msgs/share/ublox_msgs/hook/cmake_prefix_path.dsv'
[5.205s] INFO:colcon.colcon_core.shell:Creating environment hook '/home/yongjing-ub22/RTK_GPS_NTRIP_ws/install/ublox_msgs/share/ublox_msgs/hook/cmake_prefix_path.sh'
[5.205s] Level 1:colcon.colcon_core.environment:checking '/home/yongjing-ub22/RTK_GPS_NTRIP_ws/install/ublox_msgs/lib'
[5.205s] Level 1:colcon.colcon_core.shell:create_environment_hook('ublox_msgs', 'ld_library_path_lib')
[5.205s] INFO:colcon.colcon_core.shell:Creating environment hook '/home/yongjing-ub22/RTK_GPS_NTRIP_ws/install/ublox_msgs/share/ublox_msgs/hook/ld_library_path_lib.ps1'
[5.205s] INFO:colcon.colcon_core.shell:Creating environment descriptor '/home/yongjing-ub22/RTK_GPS_NTRIP_ws/install/ublox_msgs/share/ublox_msgs/hook/ld_library_path_lib.dsv'
[5.206s] INFO:colcon.colcon_core.shell:Creating environment hook '/home/yongjing-ub22/RTK_GPS_NTRIP_ws/install/ublox_msgs/share/ublox_msgs/hook/ld_library_path_lib.sh'
[5.206s] Level 1:colcon.colcon_core.environment:checking '/home/yongjing-ub22/RTK_GPS_NTRIP_ws/install/ublox_msgs/bin'
[5.206s] Level 1:colcon.colcon_core.environment:checking '/home/yongjing-ub22/RTK_GPS_NTRIP_ws/install/ublox_msgs/lib/pkgconfig/ublox_msgs.pc'
[5.206s] Level 1:colcon.colcon_core.environment:checking '/home/yongjing-ub22/RTK_GPS_NTRIP_ws/install/ublox_msgs/lib/python3.10/site-packages'
[5.206s] Level 1:colcon.colcon_core.environment:checking '/home/yongjing-ub22/RTK_GPS_NTRIP_ws/install/ublox_msgs/bin'
[5.207s] INFO:colcon.colcon_core.shell:Creating package script '/home/yongjing-ub22/RTK_GPS_NTRIP_ws/install/ublox_msgs/share/ublox_msgs/package.ps1'
[5.207s] INFO:colcon.colcon_core.shell:Creating package descriptor '/home/yongjing-ub22/RTK_GPS_NTRIP_ws/install/ublox_msgs/share/ublox_msgs/package.dsv'
[5.207s] INFO:colcon.colcon_core.shell:Creating package script '/home/yongjing-ub22/RTK_GPS_NTRIP_ws/install/ublox_msgs/share/ublox_msgs/package.sh'
[5.208s] INFO:colcon.colcon_core.shell:Creating package script '/home/yongjing-ub22/RTK_GPS_NTRIP_ws/install/ublox_msgs/share/ublox_msgs/package.bash'
[5.208s] INFO:colcon.colcon_core.shell:Creating package script '/home/yongjing-ub22/RTK_GPS_NTRIP_ws/install/ublox_msgs/share/ublox_msgs/package.zsh'
[5.208s] Level 1:colcon.colcon_core.environment:create_file_with_runtime_dependencies(/home/yongjing-ub22/RTK_GPS_NTRIP_ws/install/ublox_msgs/share/colcon-core/packages/ublox_msgs)
[5.208s] INFO:colcon.colcon_ros.task.ament_cmake.build:Building ROS package in '/home/yongjing-ub22/RTK_GPS_NTRIP_ws/src/RTK_GPS_NTRIP/ublox_gps' with build type 'ament_cmake'
[5.208s] INFO:colcon.colcon_cmake.task.cmake.build:Building CMake package in '/home/yongjing-ub22/RTK_GPS_NTRIP_ws/src/RTK_GPS_NTRIP/ublox_gps'
[5.209s] INFO:colcon.colcon_core.shell:Skip shell extension 'powershell' for command environment: Not usable outside of PowerShell
[5.209s] DEBUG:colcon.colcon_core.shell:Skip shell extension 'dsv' for command environment
[5.213s] INFO:colcon.colcon_ros.task.ament_cmake.build:Building ROS package in '/home/yongjing-ub22/RTK_GPS_NTRIP_ws/src/RTK_GPS_NTRIP/fix2nmea' with build type 'ament_cmake'
[5.213s] INFO:colcon.colcon_cmake.task.cmake.build:Building CMake package in '/home/yongjing-ub22/RTK_GPS_NTRIP_ws/src/RTK_GPS_NTRIP/fix2nmea'
[5.214s] INFO:colcon.colcon_core.shell:Skip shell extension 'powershell' for command environment: Not usable outside of PowerShell
[5.214s] DEBUG:colcon.colcon_core.shell:Skip shell extension 'dsv' for command environment
[5.227s] DEBUG:colcon.colcon_core.event_handler.log_command:Invoking command in '/home/yongjing-ub22/RTK_GPS_NTRIP_ws/build/ublox_gps': CMAKE_PREFIX_PATH=/home/yongjing-ub22/RTK_GPS_NTRIP_ws/install/ublox_msgs:/home/yongjing-ub22/RTK_GPS_NTRIP_ws/install/ublox_serialization:/home/yongjing-ub22/RTK_GPS_NTRIP_ws/install/rtcm_msgs:/home/yongjing-ub22/RTK_GPS_NTRIP_ws/install/ublox:/home/yongjing-ub22/RTK_GPS_NTRIP_ws/install/ublox_gps:/home/yongjing-ub22/RTK_GPS_NTRIP_ws/install/fix2nmea:/home/yongjing-ub22/RTK_GPS_NTRIP_ws/install/ntrip_client:/opt/ros/humble LD_LIBRARY_PATH=/home/yongjing-ub22/RTK_GPS_NTRIP_ws/install/ublox_msgs/lib:/home/yongjing-ub22/RTK_GPS_NTRIP_ws/install/rtcm_msgs/lib:/home/yongjing-ub22/RTK_GPS_NTRIP_ws/install/ublox_gps/lib:/usr/lib/x86_64-linux-gnu/gazebo-11/plugins:/opt/ros/humble/opt/rviz_ogre_vendor/lib:/opt/ros/humble/lib/x86_64-linux-gnu:/opt/ros/humble/lib /usr/bin/cmake --build /home/yongjing-ub22/RTK_GPS_NTRIP_ws/build/ublox_gps -- -j20 -l20
[5.230s] DEBUG:colcon.colcon_core.event_handler.log_command:Invoking command in '/home/yongjing-ub22/RTK_GPS_NTRIP_ws/build/fix2nmea': CMAKE_PREFIX_PATH=/home/yongjing-ub22/RTK_GPS_NTRIP_ws/install/ublox_msgs:/home/yongjing-ub22/RTK_GPS_NTRIP_ws/install/ublox_serialization:/home/yongjing-ub22/RTK_GPS_NTRIP_ws/install/ublox:/home/yongjing-ub22/RTK_GPS_NTRIP_ws/install/ublox_gps:/home/yongjing-ub22/RTK_GPS_NTRIP_ws/install/fix2nmea:/home/yongjing-ub22/RTK_GPS_NTRIP_ws/install/rtcm_msgs:/home/yongjing-ub22/RTK_GPS_NTRIP_ws/install/ntrip_client:/opt/ros/humble LD_LIBRARY_PATH=/home/yongjing-ub22/RTK_GPS_NTRIP_ws/install/ublox_msgs/lib:/home/yongjing-ub22/RTK_GPS_NTRIP_ws/install/ublox_gps/lib:/home/yongjing-ub22/RTK_GPS_NTRIP_ws/install/rtcm_msgs/lib:/usr/lib/x86_64-linux-gnu/gazebo-11/plugins:/opt/ros/humble/opt/rviz_ogre_vendor/lib:/opt/ros/humble/lib/x86_64-linux-gnu:/opt/ros/humble/lib /usr/bin/cmake --build /home/yongjing-ub22/RTK_GPS_NTRIP_ws/build/fix2nmea -- -j20 -l20
[5.327s] DEBUG:colcon.colcon_core.event_handler.log_command:Invoked command in '/home/yongjing-ub22/RTK_GPS_NTRIP_ws/build/fix2nmea' returned '0': CMAKE_PREFIX_PATH=/home/yongjing-ub22/RTK_GPS_NTRIP_ws/install/ublox_msgs:/home/yongjing-ub22/RTK_GPS_NTRIP_ws/install/ublox_serialization:/home/yongjing-ub22/RTK_GPS_NTRIP_ws/install/ublox:/home/yongjing-ub22/RTK_GPS_NTRIP_ws/install/ublox_gps:/home/yongjing-ub22/RTK_GPS_NTRIP_ws/install/fix2nmea:/home/yongjing-ub22/RTK_GPS_NTRIP_ws/install/rtcm_msgs:/home/yongjing-ub22/RTK_GPS_NTRIP_ws/install/ntrip_client:/opt/ros/humble LD_LIBRARY_PATH=/home/yongjing-ub22/RTK_GPS_NTRIP_ws/install/ublox_msgs/lib:/home/yongjing-ub22/RTK_GPS_NTRIP_ws/install/ublox_gps/lib:/home/yongjing-ub22/RTK_GPS_NTRIP_ws/install/rtcm_msgs/lib:/usr/lib/x86_64-linux-gnu/gazebo-11/plugins:/opt/ros/humble/opt/rviz_ogre_vendor/lib:/opt/ros/humble/lib/x86_64-linux-gnu:/opt/ros/humble/lib /usr/bin/cmake --build /home/yongjing-ub22/RTK_GPS_NTRIP_ws/build/fix2nmea -- -j20 -l20
[5.355s] DEBUG:colcon.colcon_core.event_handler.log_command:Invoking command in '/home/yongjing-ub22/RTK_GPS_NTRIP_ws/build/fix2nmea': CMAKE_PREFIX_PATH=/home/yongjing-ub22/RTK_GPS_NTRIP_ws/install/ublox_msgs:/home/yongjing-ub22/RTK_GPS_NTRIP_ws/install/ublox_serialization:/home/yongjing-ub22/RTK_GPS_NTRIP_ws/install/ublox:/home/yongjing-ub22/RTK_GPS_NTRIP_ws/install/ublox_gps:/home/yongjing-ub22/RTK_GPS_NTRIP_ws/install/fix2nmea:/home/yongjing-ub22/RTK_GPS_NTRIP_ws/install/rtcm_msgs:/home/yongjing-ub22/RTK_GPS_NTRIP_ws/install/ntrip_client:/opt/ros/humble LD_LIBRARY_PATH=/home/yongjing-ub22/RTK_GPS_NTRIP_ws/install/ublox_msgs/lib:/home/yongjing-ub22/RTK_GPS_NTRIP_ws/install/ublox_gps/lib:/home/yongjing-ub22/RTK_GPS_NTRIP_ws/install/rtcm_msgs/lib:/usr/lib/x86_64-linux-gnu/gazebo-11/plugins:/opt/ros/humble/opt/rviz_ogre_vendor/lib:/opt/ros/humble/lib/x86_64-linux-gnu:/opt/ros/humble/lib /usr/bin/cmake --install /home/yongjing-ub22/RTK_GPS_NTRIP_ws/build/fix2nmea
[5.367s] DEBUG:colcon.colcon_core.event_handler.log_command:Invoked command in '/home/yongjing-ub22/RTK_GPS_NTRIP_ws/build/ublox_gps' returned '0': CMAKE_PREFIX_PATH=/home/yongjing-ub22/RTK_GPS_NTRIP_ws/install/ublox_msgs:/home/yongjing-ub22/RTK_GPS_NTRIP_ws/install/ublox_serialization:/home/yongjing-ub22/RTK_GPS_NTRIP_ws/install/rtcm_msgs:/home/yongjing-ub22/RTK_GPS_NTRIP_ws/install/ublox:/home/yongjing-ub22/RTK_GPS_NTRIP_ws/install/ublox_gps:/home/yongjing-ub22/RTK_GPS_NTRIP_ws/install/fix2nmea:/home/yongjing-ub22/RTK_GPS_NTRIP_ws/install/ntrip_client:/opt/ros/humble LD_LIBRARY_PATH=/home/yongjing-ub22/RTK_GPS_NTRIP_ws/install/ublox_msgs/lib:/home/yongjing-ub22/RTK_GPS_NTRIP_ws/install/rtcm_msgs/lib:/home/yongjing-ub22/RTK_GPS_NTRIP_ws/install/ublox_gps/lib:/usr/lib/x86_64-linux-gnu/gazebo-11/plugins:/opt/ros/humble/opt/rviz_ogre_vendor/lib:/opt/ros/humble/lib/x86_64-linux-gnu:/opt/ros/humble/lib /usr/bin/cmake --build /home/yongjing-ub22/RTK_GPS_NTRIP_ws/build/ublox_gps -- -j20 -l20
[5.367s] Level 1:colcon.colcon_core.environment:create_environment_scripts_only(fix2nmea)
[5.368s] Level 1:colcon.colcon_core.environment:checking '/home/yongjing-ub22/RTK_GPS_NTRIP_ws/install/fix2nmea' for CMake module files
[5.368s] DEBUG:colcon.colcon_core.event_handler.log_command:Invoked command in '/home/yongjing-ub22/RTK_GPS_NTRIP_ws/build/fix2nmea' returned '0': CMAKE_PREFIX_PATH=/home/yongjing-ub22/RTK_GPS_NTRIP_ws/install/ublox_msgs:/home/yongjing-ub22/RTK_GPS_NTRIP_ws/install/ublox_serialization:/home/yongjing-ub22/RTK_GPS_NTRIP_ws/install/ublox:/home/yongjing-ub22/RTK_GPS_NTRIP_ws/install/ublox_gps:/home/yongjing-ub22/RTK_GPS_NTRIP_ws/install/fix2nmea:/home/yongjing-ub22/RTK_GPS_NTRIP_ws/install/rtcm_msgs:/home/yongjing-ub22/RTK_GPS_NTRIP_ws/install/ntrip_client:/opt/ros/humble LD_LIBRARY_PATH=/home/yongjing-ub22/RTK_GPS_NTRIP_ws/install/ublox_msgs/lib:/home/yongjing-ub22/RTK_GPS_NTRIP_ws/install/ublox_gps/lib:/home/yongjing-ub22/RTK_GPS_NTRIP_ws/install/rtcm_msgs/lib:/usr/lib/x86_64-linux-gnu/gazebo-11/plugins:/opt/ros/humble/opt/rviz_ogre_vendor/lib:/opt/ros/humble/lib/x86_64-linux-gnu:/opt/ros/humble/lib /usr/bin/cmake --install /home/yongjing-ub22/RTK_GPS_NTRIP_ws/build/fix2nmea
[5.369s] Level 1:colcon.colcon_core.environment:checking '/home/yongjing-ub22/RTK_GPS_NTRIP_ws/install/fix2nmea' for CMake config files
[5.369s] Level 1:colcon.colcon_core.shell:create_environment_hook('fix2nmea', 'cmake_prefix_path')
[5.369s] INFO:colcon.colcon_core.shell:Creating environment hook '/home/yongjing-ub22/RTK_GPS_NTRIP_ws/install/fix2nmea/share/fix2nmea/hook/cmake_prefix_path.ps1'
[5.369s] INFO:colcon.colcon_core.shell:Creating environment descriptor '/home/yongjing-ub22/RTK_GPS_NTRIP_ws/install/fix2nmea/share/fix2nmea/hook/cmake_prefix_path.dsv'
[5.370s] INFO:colcon.colcon_core.shell:Creating environment hook '/home/yongjing-ub22/RTK_GPS_NTRIP_ws/install/fix2nmea/share/fix2nmea/hook/cmake_prefix_path.sh'
[5.370s] Level 1:colcon.colcon_core.environment:checking '/home/yongjing-ub22/RTK_GPS_NTRIP_ws/install/fix2nmea/lib'
[5.370s] Level 1:colcon.colcon_core.environment:checking '/home/yongjing-ub22/RTK_GPS_NTRIP_ws/install/fix2nmea/bin'
[5.370s] Level 1:colcon.colcon_core.environment:checking '/home/yongjing-ub22/RTK_GPS_NTRIP_ws/install/fix2nmea/lib/pkgconfig/fix2nmea.pc'
[5.370s] Level 1:colcon.colcon_core.environment:checking '/home/yongjing-ub22/RTK_GPS_NTRIP_ws/install/fix2nmea/lib/python3.10/site-packages'
[5.371s] Level 1:colcon.colcon_core.environment:checking '/home/yongjing-ub22/RTK_GPS_NTRIP_ws/install/fix2nmea/bin'
[5.371s] INFO:colcon.colcon_core.shell:Creating package script '/home/yongjing-ub22/RTK_GPS_NTRIP_ws/install/fix2nmea/share/fix2nmea/package.ps1'
[5.371s] INFO:colcon.colcon_core.shell:Creating package descriptor '/home/yongjing-ub22/RTK_GPS_NTRIP_ws/install/fix2nmea/share/fix2nmea/package.dsv'
[5.372s] INFO:colcon.colcon_core.shell:Creating package script '/home/yongjing-ub22/RTK_GPS_NTRIP_ws/install/fix2nmea/share/fix2nmea/package.sh'
[5.372s] INFO:colcon.colcon_core.shell:Creating package script '/home/yongjing-ub22/RTK_GPS_NTRIP_ws/install/fix2nmea/share/fix2nmea/package.bash'
[5.372s] INFO:colcon.colcon_core.shell:Creating package script '/home/yongjing-ub22/RTK_GPS_NTRIP_ws/install/fix2nmea/share/fix2nmea/package.zsh'
[5.372s] Level 1:colcon.colcon_core.environment:create_file_with_runtime_dependencies(/home/yongjing-ub22/RTK_GPS_NTRIP_ws/install/fix2nmea/share/colcon-core/packages/fix2nmea)
[5.400s] Level 1:colcon.colcon_core.environment:create_environment_scripts_only(fix2nmea)
[5.400s] Level 1:colcon.colcon_core.environment:checking '/home/yongjing-ub22/RTK_GPS_NTRIP_ws/install/fix2nmea' for CMake module files
[5.401s] Level 1:colcon.colcon_core.environment:checking '/home/yongjing-ub22/RTK_GPS_NTRIP_ws/install/fix2nmea' for CMake config files
[5.401s] Level 1:colcon.colcon_core.shell:create_environment_hook('fix2nmea', 'cmake_prefix_path')
[5.401s] INFO:colcon.colcon_core.shell:Creating environment hook '/home/yongjing-ub22/RTK_GPS_NTRIP_ws/install/fix2nmea/share/fix2nmea/hook/cmake_prefix_path.ps1'
[5.401s] INFO:colcon.colcon_core.shell:Creating environment descriptor '/home/yongjing-ub22/RTK_GPS_NTRIP_ws/install/fix2nmea/share/fix2nmea/hook/cmake_prefix_path.dsv'
[5.402s] INFO:colcon.colcon_core.shell:Creating environment hook '/home/yongjing-ub22/RTK_GPS_NTRIP_ws/install/fix2nmea/share/fix2nmea/hook/cmake_prefix_path.sh'
[5.402s] Level 1:colcon.colcon_core.environment:checking '/home/yongjing-ub22/RTK_GPS_NTRIP_ws/install/fix2nmea/lib'
[5.402s] Level 1:colcon.colcon_core.environment:checking '/home/yongjing-ub22/RTK_GPS_NTRIP_ws/install/fix2nmea/bin'
[5.402s] Level 1:colcon.colcon_core.environment:checking '/home/yongjing-ub22/RTK_GPS_NTRIP_ws/install/fix2nmea/lib/pkgconfig/fix2nmea.pc'
[5.402s] Level 1:colcon.colcon_core.environment:checking '/home/yongjing-ub22/RTK_GPS_NTRIP_ws/install/fix2nmea/lib/python3.10/site-packages'
[5.403s] Level 1:colcon.colcon_core.environment:checking '/home/yongjing-ub22/RTK_GPS_NTRIP_ws/install/fix2nmea/bin'
[5.403s] INFO:colcon.colcon_core.shell:Creating package script '/home/yongjing-ub22/RTK_GPS_NTRIP_ws/install/fix2nmea/share/fix2nmea/package.ps1'
[5.403s] INFO:colcon.colcon_core.shell:Creating package descriptor '/home/yongjing-ub22/RTK_GPS_NTRIP_ws/install/fix2nmea/share/fix2nmea/package.dsv'
[5.404s] INFO:colcon.colcon_core.shell:Creating package script '/home/yongjing-ub22/RTK_GPS_NTRIP_ws/install/fix2nmea/share/fix2nmea/package.sh'
[5.404s] INFO:colcon.colcon_core.shell:Creating package script '/home/yongjing-ub22/RTK_GPS_NTRIP_ws/install/fix2nmea/share/fix2nmea/package.bash'
[5.404s] INFO:colcon.colcon_core.shell:Creating package script '/home/yongjing-ub22/RTK_GPS_NTRIP_ws/install/fix2nmea/share/fix2nmea/package.zsh'
[5.404s] Level 1:colcon.colcon_core.environment:create_file_with_runtime_dependencies(/home/yongjing-ub22/RTK_GPS_NTRIP_ws/install/fix2nmea/share/colcon-core/packages/fix2nmea)
[5.444s] DEBUG:colcon.colcon_core.event_handler.log_command:Invoking command in '/home/yongjing-ub22/RTK_GPS_NTRIP_ws/build/ublox_gps': CMAKE_PREFIX_PATH=/home/yongjing-ub22/RTK_GPS_NTRIP_ws/install/ublox_msgs:/home/yongjing-ub22/RTK_GPS_NTRIP_ws/install/ublox_serialization:/home/yongjing-ub22/RTK_GPS_NTRIP_ws/install/rtcm_msgs:/home/yongjing-ub22/RTK_GPS_NTRIP_ws/install/ublox:/home/yongjing-ub22/RTK_GPS_NTRIP_ws/install/ublox_gps:/home/yongjing-ub22/RTK_GPS_NTRIP_ws/install/fix2nmea:/home/yongjing-ub22/RTK_GPS_NTRIP_ws/install/ntrip_client:/opt/ros/humble LD_LIBRARY_PATH=/home/yongjing-ub22/RTK_GPS_NTRIP_ws/install/ublox_msgs/lib:/home/yongjing-ub22/RTK_GPS_NTRIP_ws/install/rtcm_msgs/lib:/home/yongjing-ub22/RTK_GPS_NTRIP_ws/install/ublox_gps/lib:/usr/lib/x86_64-linux-gnu/gazebo-11/plugins:/opt/ros/humble/opt/rviz_ogre_vendor/lib:/opt/ros/humble/lib/x86_64-linux-gnu:/opt/ros/humble/lib /usr/bin/cmake --install /home/yongjing-ub22/RTK_GPS_NTRIP_ws/build/ublox_gps
[5.455s] Level 1:colcon.colcon_core.environment:create_environment_scripts_only(ublox_gps)
[5.455s] Level 1:colcon.colcon_core.environment:checking '/home/yongjing-ub22/RTK_GPS_NTRIP_ws/install/ublox_gps' for CMake module files
[5.455s] DEBUG:colcon.colcon_core.event_handler.log_command:Invoked command in '/home/yongjing-ub22/RTK_GPS_NTRIP_ws/build/ublox_gps' returned '0': CMAKE_PREFIX_PATH=/home/yongjing-ub22/RTK_GPS_NTRIP_ws/install/ublox_msgs:/home/yongjing-ub22/RTK_GPS_NTRIP_ws/install/ublox_serialization:/home/yongjing-ub22/RTK_GPS_NTRIP_ws/install/rtcm_msgs:/home/yongjing-ub22/RTK_GPS_NTRIP_ws/install/ublox:/home/yongjing-ub22/RTK_GPS_NTRIP_ws/install/ublox_gps:/home/yongjing-ub22/RTK_GPS_NTRIP_ws/install/fix2nmea:/home/yongjing-ub22/RTK_GPS_NTRIP_ws/install/ntrip_client:/opt/ros/humble LD_LIBRARY_PATH=/home/yongjing-ub22/RTK_GPS_NTRIP_ws/install/ublox_msgs/lib:/home/yongjing-ub22/RTK_GPS_NTRIP_ws/install/rtcm_msgs/lib:/home/yongjing-ub22/RTK_GPS_NTRIP_ws/install/ublox_gps/lib:/usr/lib/x86_64-linux-gnu/gazebo-11/plugins:/opt/ros/humble/opt/rviz_ogre_vendor/lib:/opt/ros/humble/lib/x86_64-linux-gnu:/opt/ros/humble/lib /usr/bin/cmake --install /home/yongjing-ub22/RTK_GPS_NTRIP_ws/build/ublox_gps
[5.456s] Level 1:colcon.colcon_core.environment:checking '/home/yongjing-ub22/RTK_GPS_NTRIP_ws/install/ublox_gps' for CMake config files
[5.456s] Level 1:colcon.colcon_core.shell:create_environment_hook('ublox_gps', 'cmake_prefix_path')
[5.456s] INFO:colcon.colcon_core.shell:Creating environment hook '/home/yongjing-ub22/RTK_GPS_NTRIP_ws/install/ublox_gps/share/ublox_gps/hook/cmake_prefix_path.ps1'
[5.457s] INFO:colcon.colcon_core.shell:Creating environment descriptor '/home/yongjing-ub22/RTK_GPS_NTRIP_ws/install/ublox_gps/share/ublox_gps/hook/cmake_prefix_path.dsv'
[5.457s] INFO:colcon.colcon_core.shell:Creating environment hook '/home/yongjing-ub22/RTK_GPS_NTRIP_ws/install/ublox_gps/share/ublox_gps/hook/cmake_prefix_path.sh'
[5.457s] Level 1:colcon.colcon_core.environment:checking '/home/yongjing-ub22/RTK_GPS_NTRIP_ws/install/ublox_gps/lib'
[5.457s] Level 1:colcon.colcon_core.shell:create_environment_hook('ublox_gps', 'ld_library_path_lib')
[5.457s] INFO:colcon.colcon_core.shell:Creating environment hook '/home/yongjing-ub22/RTK_GPS_NTRIP_ws/install/ublox_gps/share/ublox_gps/hook/ld_library_path_lib.ps1'
[5.458s] INFO:colcon.colcon_core.shell:Creating environment descriptor '/home/yongjing-ub22/RTK_GPS_NTRIP_ws/install/ublox_gps/share/ublox_gps/hook/ld_library_path_lib.dsv'
[5.458s] INFO:colcon.colcon_core.shell:Creating environment hook '/home/yongjing-ub22/RTK_GPS_NTRIP_ws/install/ublox_gps/share/ublox_gps/hook/ld_library_path_lib.sh'
[5.458s] Level 1:colcon.colcon_core.environment:checking '/home/yongjing-ub22/RTK_GPS_NTRIP_ws/install/ublox_gps/bin'
[5.458s] Level 1:colcon.colcon_core.environment:checking '/home/yongjing-ub22/RTK_GPS_NTRIP_ws/install/ublox_gps/lib/pkgconfig/ublox_gps.pc'
[5.458s] Level 1:colcon.colcon_core.environment:checking '/home/yongjing-ub22/RTK_GPS_NTRIP_ws/install/ublox_gps/lib/python3.10/site-packages'
[5.459s] Level 1:colcon.colcon_core.environment:checking '/home/yongjing-ub22/RTK_GPS_NTRIP_ws/install/ublox_gps/bin'
[5.459s] INFO:colcon.colcon_core.shell:Creating package script '/home/yongjing-ub22/RTK_GPS_NTRIP_ws/install/ublox_gps/share/ublox_gps/package.ps1'
[5.459s] INFO:colcon.colcon_core.shell:Creating package descriptor '/home/yongjing-ub22/RTK_GPS_NTRIP_ws/install/ublox_gps/share/ublox_gps/package.dsv'
[5.459s] INFO:colcon.colcon_core.shell:Creating package script '/home/yongjing-ub22/RTK_GPS_NTRIP_ws/install/ublox_gps/share/ublox_gps/package.sh'
[5.460s] INFO:colcon.colcon_core.shell:Creating package script '/home/yongjing-ub22/RTK_GPS_NTRIP_ws/install/ublox_gps/share/ublox_gps/package.bash'
[5.460s] INFO:colcon.colcon_core.shell:Creating package script '/home/yongjing-ub22/RTK_GPS_NTRIP_ws/install/ublox_gps/share/ublox_gps/package.zsh'
[5.460s] Level 1:colcon.colcon_core.environment:create_file_with_runtime_dependencies(/home/yongjing-ub22/RTK_GPS_NTRIP_ws/install/ublox_gps/share/colcon-core/packages/ublox_gps)
[5.535s] Level 1:colcon.colcon_core.environment:create_environment_scripts_only(ublox_gps)
[5.536s] Level 1:colcon.colcon_core.environment:checking '/home/yongjing-ub22/RTK_GPS_NTRIP_ws/install/ublox_gps' for CMake module files
[5.536s] Level 1:colcon.colcon_core.environment:checking '/home/yongjing-ub22/RTK_GPS_NTRIP_ws/install/ublox_gps' for CMake config files
[5.536s] Level 1:colcon.colcon_core.shell:create_environment_hook('ublox_gps', 'cmake_prefix_path')
[5.537s] INFO:colcon.colcon_core.shell:Creating environment hook '/home/yongjing-ub22/RTK_GPS_NTRIP_ws/install/ublox_gps/share/ublox_gps/hook/cmake_prefix_path.ps1'
[5.537s] INFO:colcon.colcon_core.shell:Creating environment descriptor '/home/yongjing-ub22/RTK_GPS_NTRIP_ws/install/ublox_gps/share/ublox_gps/hook/cmake_prefix_path.dsv'
[5.537s] INFO:colcon.colcon_core.shell:Creating environment hook '/home/yongjing-ub22/RTK_GPS_NTRIP_ws/install/ublox_gps/share/ublox_gps/hook/cmake_prefix_path.sh'
[5.537s] Level 1:colcon.colcon_core.environment:checking '/home/yongjing-ub22/RTK_GPS_NTRIP_ws/install/ublox_gps/lib'
[5.537s] Level 1:colcon.colcon_core.shell:create_environment_hook('ublox_gps', 'ld_library_path_lib')
[5.538s] INFO:colcon.colcon_core.shell:Creating environment hook '/home/yongjing-ub22/RTK_GPS_NTRIP_ws/install/ublox_gps/share/ublox_gps/hook/ld_library_path_lib.ps1'
[5.538s] INFO:colcon.colcon_core.shell:Creating environment descriptor '/home/yongjing-ub22/RTK_GPS_NTRIP_ws/install/ublox_gps/share/ublox_gps/hook/ld_library_path_lib.dsv'
[5.538s] INFO:colcon.colcon_core.shell:Creating environment hook '/home/yongjing-ub22/RTK_GPS_NTRIP_ws/install/ublox_gps/share/ublox_gps/hook/ld_library_path_lib.sh'
[5.538s] Level 1:colcon.colcon_core.environment:checking '/home/yongjing-ub22/RTK_GPS_NTRIP_ws/install/ublox_gps/bin'
[5.538s] Level 1:colcon.colcon_core.environment:checking '/home/yongjing-ub22/RTK_GPS_NTRIP_ws/install/ublox_gps/lib/pkgconfig/ublox_gps.pc'
[5.538s] Level 1:colcon.colcon_core.environment:checking '/home/yongjing-ub22/RTK_GPS_NTRIP_ws/install/ublox_gps/lib/python3.10/site-packages'
[5.539s] Level 1:colcon.colcon_core.environment:checking '/home/yongjing-ub22/RTK_GPS_NTRIP_ws/install/ublox_gps/bin'
[5.539s] INFO:colcon.colcon_core.shell:Creating package script '/home/yongjing-ub22/RTK_GPS_NTRIP_ws/install/ublox_gps/share/ublox_gps/package.ps1'
[5.539s] INFO:colcon.colcon_core.shell:Creating package descriptor '/home/yongjing-ub22/RTK_GPS_NTRIP_ws/install/ublox_gps/share/ublox_gps/package.dsv'
[5.539s] INFO:colcon.colcon_core.shell:Creating package script '/home/yongjing-ub22/RTK_GPS_NTRIP_ws/install/ublox_gps/share/ublox_gps/package.sh'
[5.540s] INFO:colcon.colcon_core.shell:Creating package script '/home/yongjing-ub22/RTK_GPS_NTRIP_ws/install/ublox_gps/share/ublox_gps/package.bash'
[5.540s] INFO:colcon.colcon_core.shell:Creating package script '/home/yongjing-ub22/RTK_GPS_NTRIP_ws/install/ublox_gps/share/ublox_gps/package.zsh'
[5.540s] Level 1:colcon.colcon_core.environment:create_file_with_runtime_dependencies(/home/yongjing-ub22/RTK_GPS_NTRIP_ws/install/ublox_gps/share/colcon-core/packages/ublox_gps)
[5.540s] INFO:colcon.colcon_ros.task.ament_cmake.build:Building ROS package in '/home/yongjing-ub22/RTK_GPS_NTRIP_ws/src/RTK_GPS_NTRIP/ublox' with build type 'ament_cmake'
[5.540s] INFO:colcon.colcon_cmake.task.cmake.build:Building CMake package in '/home/yongjing-ub22/RTK_GPS_NTRIP_ws/src/RTK_GPS_NTRIP/ublox'
[5.540s] INFO:colcon.colcon_core.shell:Skip shell extension 'powershell' for command environment: Not usable outside of PowerShell
[5.541s] DEBUG:colcon.colcon_core.shell:Skip shell extension 'dsv' for command environment
[5.559s] DEBUG:colcon.colcon_core.event_handler.log_command:Invoking command in '/home/yongjing-ub22/RTK_GPS_NTRIP_ws/build/ublox': CMAKE_PREFIX_PATH=/home/yongjing-ub22/RTK_GPS_NTRIP_ws/install/ublox_gps:/home/yongjing-ub22/RTK_GPS_NTRIP_ws/install/ublox_msgs:/home/yongjing-ub22/RTK_GPS_NTRIP_ws/install/ublox_serialization:/home/yongjing-ub22/RTK_GPS_NTRIP_ws/install/rtcm_msgs:/home/yongjing-ub22/RTK_GPS_NTRIP_ws/install/ublox:/home/yongjing-ub22/RTK_GPS_NTRIP_ws/install/fix2nmea:/home/yongjing-ub22/RTK_GPS_NTRIP_ws/install/ntrip_client:/opt/ros/humble /usr/bin/cmake --build /home/yongjing-ub22/RTK_GPS_NTRIP_ws/build/ublox -- -j20 -l20
[5.599s] DEBUG:colcon.colcon_core.event_handler.log_command:Invoked command in '/home/yongjing-ub22/RTK_GPS_NTRIP_ws/build/ublox' returned '0': CMAKE_PREFIX_PATH=/home/yongjing-ub22/RTK_GPS_NTRIP_ws/install/ublox_gps:/home/yongjing-ub22/RTK_GPS_NTRIP_ws/install/ublox_msgs:/home/yongjing-ub22/RTK_GPS_NTRIP_ws/install/ublox_serialization:/home/yongjing-ub22/RTK_GPS_NTRIP_ws/install/rtcm_msgs:/home/yongjing-ub22/RTK_GPS_NTRIP_ws/install/ublox:/home/yongjing-ub22/RTK_GPS_NTRIP_ws/install/fix2nmea:/home/yongjing-ub22/RTK_GPS_NTRIP_ws/install/ntrip_client:/opt/ros/humble /usr/bin/cmake --build /home/yongjing-ub22/RTK_GPS_NTRIP_ws/build/ublox -- -j20 -l20
[5.623s] DEBUG:colcon.colcon_core.event_handler.log_command:Invoking command in '/home/yongjing-ub22/RTK_GPS_NTRIP_ws/build/ublox': CMAKE_PREFIX_PATH=/home/yongjing-ub22/RTK_GPS_NTRIP_ws/install/ublox_gps:/home/yongjing-ub22/RTK_GPS_NTRIP_ws/install/ublox_msgs:/home/yongjing-ub22/RTK_GPS_NTRIP_ws/install/ublox_serialization:/home/yongjing-ub22/RTK_GPS_NTRIP_ws/install/rtcm_msgs:/home/yongjing-ub22/RTK_GPS_NTRIP_ws/install/ublox:/home/yongjing-ub22/RTK_GPS_NTRIP_ws/install/fix2nmea:/home/yongjing-ub22/RTK_GPS_NTRIP_ws/install/ntrip_client:/opt/ros/humble /usr/bin/cmake --install /home/yongjing-ub22/RTK_GPS_NTRIP_ws/build/ublox
[5.630s] Level 1:colcon.colcon_core.environment:create_environment_scripts_only(ublox)
[5.630s] Level 1:colcon.colcon_core.environment:checking '/home/yongjing-ub22/RTK_GPS_NTRIP_ws/install/ublox' for CMake module files
[5.631s] DEBUG:colcon.colcon_core.event_handler.log_command:Invoked command in '/home/yongjing-ub22/RTK_GPS_NTRIP_ws/build/ublox' returned '0': CMAKE_PREFIX_PATH=/home/yongjing-ub22/RTK_GPS_NTRIP_ws/install/ublox_gps:/home/yongjing-ub22/RTK_GPS_NTRIP_ws/install/ublox_msgs:/home/yongjing-ub22/RTK_GPS_NTRIP_ws/install/ublox_serialization:/home/yongjing-ub22/RTK_GPS_NTRIP_ws/install/rtcm_msgs:/home/yongjing-ub22/RTK_GPS_NTRIP_ws/install/ublox:/home/yongjing-ub22/RTK_GPS_NTRIP_ws/install/fix2nmea:/home/yongjing-ub22/RTK_GPS_NTRIP_ws/install/ntrip_client:/opt/ros/humble /usr/bin/cmake --install /home/yongjing-ub22/RTK_GPS_NTRIP_ws/build/ublox
[5.631s] Level 1:colcon.colcon_core.environment:checking '/home/yongjing-ub22/RTK_GPS_NTRIP_ws/install/ublox' for CMake config files
[5.631s] Level 1:colcon.colcon_core.shell:create_environment_hook('ublox', 'cmake_prefix_path')
[5.631s] INFO:colcon.colcon_core.shell:Creating environment hook '/home/yongjing-ub22/RTK_GPS_NTRIP_ws/install/ublox/share/ublox/hook/cmake_prefix_path.ps1'
[5.632s] INFO:colcon.colcon_core.shell:Creating environment descriptor '/home/yongjing-ub22/RTK_GPS_NTRIP_ws/install/ublox/share/ublox/hook/cmake_prefix_path.dsv'
[5.632s] INFO:colcon.colcon_core.shell:Creating environment hook '/home/yongjing-ub22/RTK_GPS_NTRIP_ws/install/ublox/share/ublox/hook/cmake_prefix_path.sh'
[5.632s] Level 1:colcon.colcon_core.environment:checking '/home/yongjing-ub22/RTK_GPS_NTRIP_ws/install/ublox/bin'
[5.632s] Level 1:colcon.colcon_core.environment:checking '/home/yongjing-ub22/RTK_GPS_NTRIP_ws/install/ublox/lib/pkgconfig/ublox.pc'
[5.632s] Level 1:colcon.colcon_core.environment:checking '/home/yongjing-ub22/RTK_GPS_NTRIP_ws/install/ublox/lib/python3.10/site-packages'
[5.633s] Level 1:colcon.colcon_core.environment:checking '/home/yongjing-ub22/RTK_GPS_NTRIP_ws/install/ublox/bin'
[5.633s] INFO:colcon.colcon_core.shell:Creating package script '/home/yongjing-ub22/RTK_GPS_NTRIP_ws/install/ublox/share/ublox/package.ps1'
[5.633s] INFO:colcon.colcon_core.shell:Creating package descriptor '/home/yongjing-ub22/RTK_GPS_NTRIP_ws/install/ublox/share/ublox/package.dsv'
[5.633s] INFO:colcon.colcon_core.shell:Creating package script '/home/yongjing-ub22/RTK_GPS_NTRIP_ws/install/ublox/share/ublox/package.sh'
[5.634s] INFO:colcon.colcon_core.shell:Creating package script '/home/yongjing-ub22/RTK_GPS_NTRIP_ws/install/ublox/share/ublox/package.bash'
[5.634s] INFO:colcon.colcon_core.shell:Creating package script '/home/yongjing-ub22/RTK_GPS_NTRIP_ws/install/ublox/share/ublox/package.zsh'
[5.634s] Level 1:colcon.colcon_core.environment:create_file_with_runtime_dependencies(/home/yongjing-ub22/RTK_GPS_NTRIP_ws/install/ublox/share/colcon-core/packages/ublox)
[5.660s] Level 1:colcon.colcon_core.environment:create_environment_scripts_only(ublox)
[5.660s] Level 1:colcon.colcon_core.environment:checking '/home/yongjing-ub22/RTK_GPS_NTRIP_ws/install/ublox' for CMake module files
[5.660s] Level 1:colcon.colcon_core.environment:checking '/home/yongjing-ub22/RTK_GPS_NTRIP_ws/install/ublox' for CMake config files
[5.660s] Level 1:colcon.colcon_core.shell:create_environment_hook('ublox', 'cmake_prefix_path')
[5.660s] INFO:colcon.colcon_core.shell:Creating environment hook '/home/yongjing-ub22/RTK_GPS_NTRIP_ws/install/ublox/share/ublox/hook/cmake_prefix_path.ps1'
[5.661s] INFO:colcon.colcon_core.shell:Creating environment descriptor '/home/yongjing-ub22/RTK_GPS_NTRIP_ws/install/ublox/share/ublox/hook/cmake_prefix_path.dsv'
[5.661s] INFO:colcon.colcon_core.shell:Creating environment hook '/home/yongjing-ub22/RTK_GPS_NTRIP_ws/install/ublox/share/ublox/hook/cmake_prefix_path.sh'
[5.661s] Level 1:colcon.colcon_core.environment:checking '/home/yongjing-ub22/RTK_GPS_NTRIP_ws/install/ublox/bin'
[5.661s] Level 1:colcon.colcon_core.environment:checking '/home/yongjing-ub22/RTK_GPS_NTRIP_ws/install/ublox/lib/pkgconfig/ublox.pc'
[5.662s] Level 1:colcon.colcon_core.environment:checking '/home/yongjing-ub22/RTK_GPS_NTRIP_ws/install/ublox/lib/python3.10/site-packages'
[5.662s] Level 1:colcon.colcon_core.environment:checking '/home/yongjing-ub22/RTK_GPS_NTRIP_ws/install/ublox/bin'
[5.662s] INFO:colcon.colcon_core.shell:Creating package script '/home/yongjing-ub22/RTK_GPS_NTRIP_ws/install/ublox/share/ublox/package.ps1'
[5.662s] INFO:colcon.colcon_core.shell:Creating package descriptor '/home/yongjing-ub22/RTK_GPS_NTRIP_ws/install/ublox/share/ublox/package.dsv'
[5.663s] INFO:colcon.colcon_core.shell:Creating package script '/home/yongjing-ub22/RTK_GPS_NTRIP_ws/install/ublox/share/ublox/package.sh'
[5.663s] INFO:colcon.colcon_core.shell:Creating package script '/home/yongjing-ub22/RTK_GPS_NTRIP_ws/install/ublox/share/ublox/package.bash'
[5.663s] INFO:colcon.colcon_core.shell:Creating package script '/home/yongjing-ub22/RTK_GPS_NTRIP_ws/install/ublox/share/ublox/package.zsh'
[5.663s] Level 1:colcon.colcon_core.environment:create_file_with_runtime_dependencies(/home/yongjing-ub22/RTK_GPS_NTRIP_ws/install/ublox/share/colcon-core/packages/ublox)
[5.664s] DEBUG:colcon.colcon_parallel_executor.executor.parallel:closing loop
[5.664s] DEBUG:colcon.colcon_parallel_executor.executor.parallel:loop closed
[5.664s] DEBUG:colcon.colcon_parallel_executor.executor.parallel:run_until_complete finished with '0'
[5.664s] DEBUG:colcon.colcon_core.event_reactor:joining thread
[5.669s] INFO:colcon.colcon_core.plugin_system:Skipping extension 'colcon_notification.desktop_notification.terminal_notifier': Not used on non-Darwin systems
[5.669s] INFO:colcon.colcon_core.plugin_system:Skipping extension 'colcon_notification.desktop_notification.win32': Not used on non-Windows systems
[5.669s] INFO:colcon.colcon_notification.desktop_notification:Sending desktop notification using 'notify2'
[5.680s] DEBUG:colcon.colcon_core.event_reactor:joined thread
[5.680s] INFO:colcon.colcon_core.shell:Creating prefix script '/home/yongjing-ub22/RTK_GPS_NTRIP_ws/install/local_setup.ps1'
[5.680s] INFO:colcon.colcon_core.shell:Creating prefix util module '/home/yongjing-ub22/RTK_GPS_NTRIP_ws/install/_local_setup_util_ps1.py'
[5.682s] INFO:colcon.colcon_core.shell:Creating prefix chain script '/home/yongjing-ub22/RTK_GPS_NTRIP_ws/install/setup.ps1'
[5.683s] INFO:colcon.colcon_core.shell:Creating prefix script '/home/yongjing-ub22/RTK_GPS_NTRIP_ws/install/local_setup.sh'
[5.683s] INFO:colcon.colcon_core.shell:Creating prefix util module '/home/yongjing-ub22/RTK_GPS_NTRIP_ws/install/_local_setup_util_sh.py'
[5.683s] INFO:colcon.colcon_core.shell:Creating prefix chain script '/home/yongjing-ub22/RTK_GPS_NTRIP_ws/install/setup.sh'
[5.684s] INFO:colcon.colcon_core.shell:Creating prefix script '/home/yongjing-ub22/RTK_GPS_NTRIP_ws/install/local_setup.bash'
[5.685s] INFO:colcon.colcon_core.shell:Creating prefix chain script '/home/yongjing-ub22/RTK_GPS_NTRIP_ws/install/setup.bash'
[5.685s] INFO:colcon.colcon_core.shell:Creating prefix script '/home/yongjing-ub22/RTK_GPS_NTRIP_ws/install/local_setup.zsh'
[5.686s] INFO:colcon.colcon_core.shell:Creating prefix chain script '/home/yongjing-ub22/RTK_GPS_NTRIP_ws/install/setup.zsh'
