[  0%] Built target ublox_msgs__cpp
[35m[1mConsolidate compiler generated dependencies of target ublox_msgs__rosidl_generator_c[0m
[  0%] Built target ament_cmake_python_copy_ublox_msgs
[35m[1mConsolidate compiler generated dependencies of target ublox_msgs__rosidl_typesupport_cpp[0m
[ 12%] Built target ublox_msgs__rosidl_generator_c
[35m[1mConsolidate compiler generated dependencies of target ublox_msgs__rosidl_typesupport_introspection_cpp[0m
[35m[1mConsolidate compiler generated dependencies of target ublox_msgs__rosidl_typesupport_fastrtps_cpp[0m
[35m[1mConsolidate compiler generated dependencies of target ublox_msgs__rosidl_typesupport_c[0m
[35m[1mConsolidate compiler generated dependencies of target ublox_msgs__rosidl_typesupport_introspection_c[0m
[ 24%] Built target ublox_msgs__rosidl_typesupport_cpp
[ 36%] Built target ublox_msgs__rosidl_typesupport_introspection_cpp
[35m[1mConsolidate compiler generated dependencies of target ublox_msgs__rosidl_typesupport_fastrtps_c[0m
[35m[1mConsolidate compiler generated dependencies of target ublox_msgs_lib[0m
[ 49%] Built target ublox_msgs__rosidl_typesupport_c
[ 50%] Built target ublox_msgs_lib
[ 62%] Built target ublox_msgs__rosidl_typesupport_fastrtps_cpp
[ 75%] Built target ublox_msgs__rosidl_typesupport_introspection_c
[ 88%] Built target ublox_msgs__rosidl_typesupport_fastrtps_c
[ 88%] Built target ublox_msgs
[ 88%] Built target ublox_msgs__py
[35m[1mConsolidate compiler generated dependencies of target ublox_msgs__rosidl_generator_py[0m
[100%] Built target ublox_msgs__rosidl_generator_py
running egg_info
writing ublox_msgs.egg-info/PKG-INFO
writing dependency_links to ublox_msgs.egg-info/dependency_links.txt
writing top-level names to ublox_msgs.egg-info/top_level.txt
reading manifest file 'ublox_msgs.egg-info/SOURCES.txt'
writing manifest file 'ublox_msgs.egg-info/SOURCES.txt'
[35m[1mConsolidate compiler generated dependencies of target ublox_msgs__rosidl_typesupport_introspection_c__pyext[0m
[35m[1mConsolidate compiler generated dependencies of target ublox_msgs__rosidl_typesupport_c__pyext[0m
[35m[1mConsolidate compiler generated dependencies of target ublox_msgs__rosidl_typesupport_fastrtps_c__pyext[0m
[100%] Built target ublox_msgs__rosidl_typesupport_introspection_c__pyext
[100%] Built target ublox_msgs__rosidl_typesupport_fastrtps_c__pyext
[100%] Built target ublox_msgs__rosidl_typesupport_c__pyext
[100%] Built target ament_cmake_python_build_ublox_msgs_egg
