[0.011s] Invoking command in '/home/yongjing-ub22/RTK_GPS_NTRIP_ws/build/rtcm_msgs': CMAKE_PREFIX_PATH=${CMAKE_PREFIX_PATH}:/home/yongjing-ub22/RTK_GPS_NTRIP_ws/install/ntrip_client:/opt/ros/humble /usr/bin/cmake --build /home/yongjing-ub22/RTK_GPS_NTRIP_ws/build/rtcm_msgs -- -j20 -l20
[0.071s] [  3%] Built target rtcm_msgs__cpp
[0.073s] [ 12%] Built target rtcm_msgs__rosidl_generator_c
[0.081s] [ 12%] Built target ament_cmake_python_copy_rtcm_msgs
[0.089s] [ 29%] Built target rtcm_msgs__rosidl_typesupport_cpp
[0.089s] [ 32%] Built target rtcm_msgs__rosidl_typesupport_fastrtps_cpp
[0.090s] [ 41%] Built target rtcm_msgs__rosidl_typesupport_c
[0.090s] [ 61%] Built target rtcm_msgs__rosidl_typesupport_fastrtps_c
[0.090s] [ 61%] Built target rtcm_msgs__rosidl_typesupport_introspection_c
[0.091s] [ 70%] Built target rtcm_msgs__rosidl_typesupport_introspection_cpp
[0.105s] [ 70%] Built target rtcm_msgs
[0.122s] [ 74%] Built target rtcm_msgs__py
[0.142s] [ 80%] Built target rtcm_msgs__rosidl_generator_py
[0.161s] [ 93%] Built target rtcm_msgs__rosidl_typesupport_introspection_c__pyext
[0.161s] [ 93%] Built target rtcm_msgs__rosidl_typesupport_c__pyext
[0.161s] [100%] Built target rtcm_msgs__rosidl_typesupport_fastrtps_c__pyext
[0.244s] running egg_info
[0.244s] writing rtcm_msgs.egg-info/PKG-INFO
[0.244s] writing dependency_links to rtcm_msgs.egg-info/dependency_links.txt
[0.244s] writing top-level names to rtcm_msgs.egg-info/top_level.txt
[0.246s] reading manifest file 'rtcm_msgs.egg-info/SOURCES.txt'
[0.246s] writing manifest file 'rtcm_msgs.egg-info/SOURCES.txt'
[0.264s] [100%] Built target ament_cmake_python_build_rtcm_msgs_egg
[0.271s] Invoked command in '/home/yongjing-ub22/RTK_GPS_NTRIP_ws/build/rtcm_msgs' returned '0': CMAKE_PREFIX_PATH=${CMAKE_PREFIX_PATH}:/home/yongjing-ub22/RTK_GPS_NTRIP_ws/install/ntrip_client:/opt/ros/humble /usr/bin/cmake --build /home/yongjing-ub22/RTK_GPS_NTRIP_ws/build/rtcm_msgs -- -j20 -l20
[0.322s] Invoking command in '/home/yongjing-ub22/RTK_GPS_NTRIP_ws/build/rtcm_msgs': CMAKE_PREFIX_PATH=${CMAKE_PREFIX_PATH}:/home/yongjing-ub22/RTK_GPS_NTRIP_ws/install/ntrip_client:/opt/ros/humble /usr/bin/cmake --install /home/yongjing-ub22/RTK_GPS_NTRIP_ws/build/rtcm_msgs
[0.330s] -- Install configuration: ""
[0.330s] -- Up-to-date: /home/yongjing-ub22/RTK_GPS_NTRIP_ws/install/rtcm_msgs/share/ament_index/resource_index/rosidl_interfaces/rtcm_msgs
[0.331s] -- Up-to-date: /home/yongjing-ub22/RTK_GPS_NTRIP_ws/install/rtcm_msgs/include/rtcm_msgs/rtcm_msgs
[0.331s] -- Up-to-date: /home/yongjing-ub22/RTK_GPS_NTRIP_ws/install/rtcm_msgs/include/rtcm_msgs/rtcm_msgs/msg
[0.331s] -- Up-to-date: /home/yongjing-ub22/RTK_GPS_NTRIP_ws/install/rtcm_msgs/include/rtcm_msgs/rtcm_msgs/msg/message.h
[0.331s] -- Up-to-date: /home/yongjing-ub22/RTK_GPS_NTRIP_ws/install/rtcm_msgs/include/rtcm_msgs/rtcm_msgs/msg/rosidl_generator_c__visibility_control.h
[0.331s] -- Up-to-date: /home/yongjing-ub22/RTK_GPS_NTRIP_ws/install/rtcm_msgs/include/rtcm_msgs/rtcm_msgs/msg/detail
[0.331s] -- Up-to-date: /home/yongjing-ub22/RTK_GPS_NTRIP_ws/install/rtcm_msgs/include/rtcm_msgs/rtcm_msgs/msg/detail/message__functions.h
[0.331s] -- Up-to-date: /home/yongjing-ub22/RTK_GPS_NTRIP_ws/install/rtcm_msgs/include/rtcm_msgs/rtcm_msgs/msg/detail/message__struct.h
[0.331s] -- Up-to-date: /home/yongjing-ub22/RTK_GPS_NTRIP_ws/install/rtcm_msgs/include/rtcm_msgs/rtcm_msgs/msg/detail/message__type_support.h
[0.332s] -- Up-to-date: /home/yongjing-ub22/RTK_GPS_NTRIP_ws/install/rtcm_msgs/include/rtcm_msgs/rtcm_msgs/msg/detail/message__functions.c
[0.332s] -- Up-to-date: /home/yongjing-ub22/RTK_GPS_NTRIP_ws/install/rtcm_msgs/share/rtcm_msgs/environment/library_path.sh
[0.332s] -- Up-to-date: /home/yongjing-ub22/RTK_GPS_NTRIP_ws/install/rtcm_msgs/share/rtcm_msgs/environment/library_path.dsv
[0.332s] -- Up-to-date: /home/yongjing-ub22/RTK_GPS_NTRIP_ws/install/rtcm_msgs/lib/librtcm_msgs__rosidl_generator_c.so
[0.332s] -- Up-to-date: /home/yongjing-ub22/RTK_GPS_NTRIP_ws/install/rtcm_msgs/include/rtcm_msgs/rtcm_msgs
[0.332s] -- Up-to-date: /home/yongjing-ub22/RTK_GPS_NTRIP_ws/install/rtcm_msgs/include/rtcm_msgs/rtcm_msgs/msg
[0.332s] -- Up-to-date: /home/yongjing-ub22/RTK_GPS_NTRIP_ws/install/rtcm_msgs/include/rtcm_msgs/rtcm_msgs/msg/rosidl_typesupport_fastrtps_c__visibility_control.h
[0.332s] -- Up-to-date: /home/yongjing-ub22/RTK_GPS_NTRIP_ws/install/rtcm_msgs/include/rtcm_msgs/rtcm_msgs/msg/detail
[0.332s] -- Up-to-date: /home/yongjing-ub22/RTK_GPS_NTRIP_ws/install/rtcm_msgs/include/rtcm_msgs/rtcm_msgs/msg/detail/message__rosidl_typesupport_fastrtps_c.h
[0.332s] -- Up-to-date: /home/yongjing-ub22/RTK_GPS_NTRIP_ws/install/rtcm_msgs/lib/librtcm_msgs__rosidl_typesupport_fastrtps_c.so
[0.332s] -- Up-to-date: /home/yongjing-ub22/RTK_GPS_NTRIP_ws/install/rtcm_msgs/include/rtcm_msgs/rtcm_msgs
[0.332s] -- Up-to-date: /home/yongjing-ub22/RTK_GPS_NTRIP_ws/install/rtcm_msgs/include/rtcm_msgs/rtcm_msgs/msg
[0.332s] -- Up-to-date: /home/yongjing-ub22/RTK_GPS_NTRIP_ws/install/rtcm_msgs/include/rtcm_msgs/rtcm_msgs/msg/message.hpp
[0.332s] -- Up-to-date: /home/yongjing-ub22/RTK_GPS_NTRIP_ws/install/rtcm_msgs/include/rtcm_msgs/rtcm_msgs/msg/detail
[0.333s] -- Up-to-date: /home/yongjing-ub22/RTK_GPS_NTRIP_ws/install/rtcm_msgs/include/rtcm_msgs/rtcm_msgs/msg/detail/message__traits.hpp
[0.333s] -- Up-to-date: /home/yongjing-ub22/RTK_GPS_NTRIP_ws/install/rtcm_msgs/include/rtcm_msgs/rtcm_msgs/msg/detail/message__struct.hpp
[0.333s] -- Up-to-date: /home/yongjing-ub22/RTK_GPS_NTRIP_ws/install/rtcm_msgs/include/rtcm_msgs/rtcm_msgs/msg/detail/message__builder.hpp
[0.333s] -- Up-to-date: /home/yongjing-ub22/RTK_GPS_NTRIP_ws/install/rtcm_msgs/include/rtcm_msgs/rtcm_msgs
[0.333s] -- Up-to-date: /home/yongjing-ub22/RTK_GPS_NTRIP_ws/install/rtcm_msgs/include/rtcm_msgs/rtcm_msgs/msg
[0.333s] -- Up-to-date: /home/yongjing-ub22/RTK_GPS_NTRIP_ws/install/rtcm_msgs/include/rtcm_msgs/rtcm_msgs/msg/rosidl_typesupport_fastrtps_cpp__visibility_control.h
[0.333s] -- Up-to-date: /home/yongjing-ub22/RTK_GPS_NTRIP_ws/install/rtcm_msgs/include/rtcm_msgs/rtcm_msgs/msg/detail
[0.333s] -- Up-to-date: /home/yongjing-ub22/RTK_GPS_NTRIP_ws/install/rtcm_msgs/include/rtcm_msgs/rtcm_msgs/msg/detail/message__rosidl_typesupport_fastrtps_cpp.hpp
[0.333s] -- Up-to-date: /home/yongjing-ub22/RTK_GPS_NTRIP_ws/install/rtcm_msgs/include/rtcm_msgs/rtcm_msgs/msg/detail/dds_fastrtps
[0.333s] -- Up-to-date: /home/yongjing-ub22/RTK_GPS_NTRIP_ws/install/rtcm_msgs/lib/librtcm_msgs__rosidl_typesupport_fastrtps_cpp.so
[0.333s] -- Up-to-date: /home/yongjing-ub22/RTK_GPS_NTRIP_ws/install/rtcm_msgs/include/rtcm_msgs/rtcm_msgs
[0.333s] -- Up-to-date: /home/yongjing-ub22/RTK_GPS_NTRIP_ws/install/rtcm_msgs/include/rtcm_msgs/rtcm_msgs/msg
[0.333s] -- Up-to-date: /home/yongjing-ub22/RTK_GPS_NTRIP_ws/install/rtcm_msgs/include/rtcm_msgs/rtcm_msgs/msg/rosidl_typesupport_introspection_c__visibility_control.h
[0.333s] -- Up-to-date: /home/yongjing-ub22/RTK_GPS_NTRIP_ws/install/rtcm_msgs/include/rtcm_msgs/rtcm_msgs/msg/detail
[0.333s] -- Up-to-date: /home/yongjing-ub22/RTK_GPS_NTRIP_ws/install/rtcm_msgs/include/rtcm_msgs/rtcm_msgs/msg/detail/message__rosidl_typesupport_introspection_c.h
[0.333s] -- Up-to-date: /home/yongjing-ub22/RTK_GPS_NTRIP_ws/install/rtcm_msgs/include/rtcm_msgs/rtcm_msgs/msg/detail/message__type_support.c
[0.333s] -- Up-to-date: /home/yongjing-ub22/RTK_GPS_NTRIP_ws/install/rtcm_msgs/lib/librtcm_msgs__rosidl_typesupport_introspection_c.so
[0.334s] -- Up-to-date: /home/yongjing-ub22/RTK_GPS_NTRIP_ws/install/rtcm_msgs/lib/librtcm_msgs__rosidl_typesupport_c.so
[0.334s] -- Up-to-date: /home/yongjing-ub22/RTK_GPS_NTRIP_ws/install/rtcm_msgs/include/rtcm_msgs/rtcm_msgs
[0.334s] -- Up-to-date: /home/yongjing-ub22/RTK_GPS_NTRIP_ws/install/rtcm_msgs/include/rtcm_msgs/rtcm_msgs/msg
[0.334s] -- Up-to-date: /home/yongjing-ub22/RTK_GPS_NTRIP_ws/install/rtcm_msgs/include/rtcm_msgs/rtcm_msgs/msg/detail
[0.334s] -- Up-to-date: /home/yongjing-ub22/RTK_GPS_NTRIP_ws/install/rtcm_msgs/include/rtcm_msgs/rtcm_msgs/msg/detail/message__type_support.cpp
[0.334s] -- Up-to-date: /home/yongjing-ub22/RTK_GPS_NTRIP_ws/install/rtcm_msgs/include/rtcm_msgs/rtcm_msgs/msg/detail/message__rosidl_typesupport_introspection_cpp.hpp
[0.334s] -- Up-to-date: /home/yongjing-ub22/RTK_GPS_NTRIP_ws/install/rtcm_msgs/lib/librtcm_msgs__rosidl_typesupport_introspection_cpp.so
[0.334s] -- Up-to-date: /home/yongjing-ub22/RTK_GPS_NTRIP_ws/install/rtcm_msgs/lib/librtcm_msgs__rosidl_typesupport_cpp.so
[0.334s] -- Up-to-date: /home/yongjing-ub22/RTK_GPS_NTRIP_ws/install/rtcm_msgs/share/rtcm_msgs/environment/pythonpath.sh
[0.334s] -- Up-to-date: /home/yongjing-ub22/RTK_GPS_NTRIP_ws/install/rtcm_msgs/share/rtcm_msgs/environment/pythonpath.dsv
[0.334s] -- Up-to-date: /home/yongjing-ub22/RTK_GPS_NTRIP_ws/install/rtcm_msgs/local/lib/python3.10/dist-packages/rtcm_msgs-1.1.6-py3.10.egg-info
[0.335s] -- Installing: /home/yongjing-ub22/RTK_GPS_NTRIP_ws/install/rtcm_msgs/local/lib/python3.10/dist-packages/rtcm_msgs-1.1.6-py3.10.egg-info/PKG-INFO
[0.335s] -- Installing: /home/yongjing-ub22/RTK_GPS_NTRIP_ws/install/rtcm_msgs/local/lib/python3.10/dist-packages/rtcm_msgs-1.1.6-py3.10.egg-info/dependency_links.txt
[0.335s] -- Installing: /home/yongjing-ub22/RTK_GPS_NTRIP_ws/install/rtcm_msgs/local/lib/python3.10/dist-packages/rtcm_msgs-1.1.6-py3.10.egg-info/top_level.txt
[0.335s] -- Installing: /home/yongjing-ub22/RTK_GPS_NTRIP_ws/install/rtcm_msgs/local/lib/python3.10/dist-packages/rtcm_msgs-1.1.6-py3.10.egg-info/SOURCES.txt
[0.335s] -- Up-to-date: /home/yongjing-ub22/RTK_GPS_NTRIP_ws/install/rtcm_msgs/local/lib/python3.10/dist-packages/rtcm_msgs
[0.335s] -- Up-to-date: /home/yongjing-ub22/RTK_GPS_NTRIP_ws/install/rtcm_msgs/local/lib/python3.10/dist-packages/rtcm_msgs/rtcm_msgs_s__rosidl_typesupport_c.cpython-310-x86_64-linux-gnu.so
[0.335s] -- Up-to-date: /home/yongjing-ub22/RTK_GPS_NTRIP_ws/install/rtcm_msgs/local/lib/python3.10/dist-packages/rtcm_msgs/rtcm_msgs_s__rosidl_typesupport_introspection_c.cpython-310-x86_64-linux-gnu.so
[0.335s] -- Up-to-date: /home/yongjing-ub22/RTK_GPS_NTRIP_ws/install/rtcm_msgs/local/lib/python3.10/dist-packages/rtcm_msgs/msg
[0.335s] -- Up-to-date: /home/yongjing-ub22/RTK_GPS_NTRIP_ws/install/rtcm_msgs/local/lib/python3.10/dist-packages/rtcm_msgs/msg/_message.py
[0.335s] -- Up-to-date: /home/yongjing-ub22/RTK_GPS_NTRIP_ws/install/rtcm_msgs/local/lib/python3.10/dist-packages/rtcm_msgs/msg/__init__.py
[0.335s] -- Up-to-date: /home/yongjing-ub22/RTK_GPS_NTRIP_ws/install/rtcm_msgs/local/lib/python3.10/dist-packages/rtcm_msgs/msg/_message_s.c
[0.335s] -- Up-to-date: /home/yongjing-ub22/RTK_GPS_NTRIP_ws/install/rtcm_msgs/local/lib/python3.10/dist-packages/rtcm_msgs/_rtcm_msgs_s.ep.rosidl_typesupport_c.c
[0.335s] -- Up-to-date: /home/yongjing-ub22/RTK_GPS_NTRIP_ws/install/rtcm_msgs/local/lib/python3.10/dist-packages/rtcm_msgs/_rtcm_msgs_s.ep.rosidl_typesupport_introspection_c.c
[0.335s] -- Up-to-date: /home/yongjing-ub22/RTK_GPS_NTRIP_ws/install/rtcm_msgs/local/lib/python3.10/dist-packages/rtcm_msgs/__init__.py
[0.335s] -- Up-to-date: /home/yongjing-ub22/RTK_GPS_NTRIP_ws/install/rtcm_msgs/local/lib/python3.10/dist-packages/rtcm_msgs/rtcm_msgs_s__rosidl_typesupport_fastrtps_c.cpython-310-x86_64-linux-gnu.so
[0.335s] -- Up-to-date: /home/yongjing-ub22/RTK_GPS_NTRIP_ws/install/rtcm_msgs/local/lib/python3.10/dist-packages/rtcm_msgs/_rtcm_msgs_s.ep.rosidl_typesupport_fastrtps_c.c
[0.335s] -- Up-to-date: /home/yongjing-ub22/RTK_GPS_NTRIP_ws/install/rtcm_msgs/local/lib/python3.10/dist-packages/rtcm_msgs/librtcm_msgs__rosidl_generator_py.so
[0.361s] Listing '/home/yongjing-ub22/RTK_GPS_NTRIP_ws/install/rtcm_msgs/local/lib/python3.10/dist-packages/rtcm_msgs'...
[0.361s] Listing '/home/yongjing-ub22/RTK_GPS_NTRIP_ws/install/rtcm_msgs/local/lib/python3.10/dist-packages/rtcm_msgs/msg'...
[0.364s] -- Up-to-date: /home/yongjing-ub22/RTK_GPS_NTRIP_ws/install/rtcm_msgs/local/lib/python3.10/dist-packages/rtcm_msgs/rtcm_msgs_s__rosidl_typesupport_fastrtps_c.cpython-310-x86_64-linux-gnu.so
[0.364s] -- Up-to-date: /home/yongjing-ub22/RTK_GPS_NTRIP_ws/install/rtcm_msgs/local/lib/python3.10/dist-packages/rtcm_msgs/rtcm_msgs_s__rosidl_typesupport_introspection_c.cpython-310-x86_64-linux-gnu.so
[0.365s] -- Up-to-date: /home/yongjing-ub22/RTK_GPS_NTRIP_ws/install/rtcm_msgs/local/lib/python3.10/dist-packages/rtcm_msgs/rtcm_msgs_s__rosidl_typesupport_c.cpython-310-x86_64-linux-gnu.so
[0.365s] -- Up-to-date: /home/yongjing-ub22/RTK_GPS_NTRIP_ws/install/rtcm_msgs/lib/librtcm_msgs__rosidl_generator_py.so
[0.365s] -- Up-to-date: /home/yongjing-ub22/RTK_GPS_NTRIP_ws/install/rtcm_msgs/share/rtcm_msgs/msg/Message.idl
[0.365s] -- Up-to-date: /home/yongjing-ub22/RTK_GPS_NTRIP_ws/install/rtcm_msgs/share/rtcm_msgs/msg/Message.msg
[0.365s] -- Up-to-date: /home/yongjing-ub22/RTK_GPS_NTRIP_ws/install/rtcm_msgs/share/ament_index/resource_index/package_run_dependencies/rtcm_msgs
[0.365s] -- Up-to-date: /home/yongjing-ub22/RTK_GPS_NTRIP_ws/install/rtcm_msgs/share/ament_index/resource_index/parent_prefix_path/rtcm_msgs
[0.365s] -- Up-to-date: /home/yongjing-ub22/RTK_GPS_NTRIP_ws/install/rtcm_msgs/share/rtcm_msgs/environment/ament_prefix_path.sh
[0.365s] -- Up-to-date: /home/yongjing-ub22/RTK_GPS_NTRIP_ws/install/rtcm_msgs/share/rtcm_msgs/environment/ament_prefix_path.dsv
[0.365s] -- Up-to-date: /home/yongjing-ub22/RTK_GPS_NTRIP_ws/install/rtcm_msgs/share/rtcm_msgs/environment/path.sh
[0.365s] -- Up-to-date: /home/yongjing-ub22/RTK_GPS_NTRIP_ws/install/rtcm_msgs/share/rtcm_msgs/environment/path.dsv
[0.365s] -- Up-to-date: /home/yongjing-ub22/RTK_GPS_NTRIP_ws/install/rtcm_msgs/share/rtcm_msgs/local_setup.bash
[0.365s] -- Up-to-date: /home/yongjing-ub22/RTK_GPS_NTRIP_ws/install/rtcm_msgs/share/rtcm_msgs/local_setup.sh
[0.365s] -- Up-to-date: /home/yongjing-ub22/RTK_GPS_NTRIP_ws/install/rtcm_msgs/share/rtcm_msgs/local_setup.zsh
[0.366s] -- Up-to-date: /home/yongjing-ub22/RTK_GPS_NTRIP_ws/install/rtcm_msgs/share/rtcm_msgs/local_setup.dsv
[0.366s] -- Installing: /home/yongjing-ub22/RTK_GPS_NTRIP_ws/install/rtcm_msgs/share/rtcm_msgs/package.dsv
[0.366s] -- Up-to-date: /home/yongjing-ub22/RTK_GPS_NTRIP_ws/install/rtcm_msgs/share/ament_index/resource_index/packages/rtcm_msgs
[0.367s] -- Up-to-date: /home/yongjing-ub22/RTK_GPS_NTRIP_ws/install/rtcm_msgs/share/rtcm_msgs/cmake/export_rtcm_msgs__rosidl_generator_cExport.cmake
[0.367s] -- Up-to-date: /home/yongjing-ub22/RTK_GPS_NTRIP_ws/install/rtcm_msgs/share/rtcm_msgs/cmake/export_rtcm_msgs__rosidl_generator_cExport-noconfig.cmake
[0.367s] -- Up-to-date: /home/yongjing-ub22/RTK_GPS_NTRIP_ws/install/rtcm_msgs/share/rtcm_msgs/cmake/export_rtcm_msgs__rosidl_typesupport_fastrtps_cExport.cmake
[0.367s] -- Up-to-date: /home/yongjing-ub22/RTK_GPS_NTRIP_ws/install/rtcm_msgs/share/rtcm_msgs/cmake/export_rtcm_msgs__rosidl_typesupport_fastrtps_cExport-noconfig.cmake
[0.368s] -- Up-to-date: /home/yongjing-ub22/RTK_GPS_NTRIP_ws/install/rtcm_msgs/share/rtcm_msgs/cmake/export_rtcm_msgs__rosidl_generator_cppExport.cmake
[0.368s] -- Up-to-date: /home/yongjing-ub22/RTK_GPS_NTRIP_ws/install/rtcm_msgs/share/rtcm_msgs/cmake/export_rtcm_msgs__rosidl_typesupport_fastrtps_cppExport.cmake
[0.368s] -- Up-to-date: /home/yongjing-ub22/RTK_GPS_NTRIP_ws/install/rtcm_msgs/share/rtcm_msgs/cmake/export_rtcm_msgs__rosidl_typesupport_fastrtps_cppExport-noconfig.cmake
[0.369s] -- Up-to-date: /home/yongjing-ub22/RTK_GPS_NTRIP_ws/install/rtcm_msgs/share/rtcm_msgs/cmake/rtcm_msgs__rosidl_typesupport_introspection_cExport.cmake
[0.369s] -- Up-to-date: /home/yongjing-ub22/RTK_GPS_NTRIP_ws/install/rtcm_msgs/share/rtcm_msgs/cmake/rtcm_msgs__rosidl_typesupport_introspection_cExport-noconfig.cmake
[0.369s] -- Up-to-date: /home/yongjing-ub22/RTK_GPS_NTRIP_ws/install/rtcm_msgs/share/rtcm_msgs/cmake/rtcm_msgs__rosidl_typesupport_cExport.cmake
[0.369s] -- Up-to-date: /home/yongjing-ub22/RTK_GPS_NTRIP_ws/install/rtcm_msgs/share/rtcm_msgs/cmake/rtcm_msgs__rosidl_typesupport_cExport-noconfig.cmake
[0.369s] -- Up-to-date: /home/yongjing-ub22/RTK_GPS_NTRIP_ws/install/rtcm_msgs/share/rtcm_msgs/cmake/rtcm_msgs__rosidl_typesupport_introspection_cppExport.cmake
[0.370s] -- Up-to-date: /home/yongjing-ub22/RTK_GPS_NTRIP_ws/install/rtcm_msgs/share/rtcm_msgs/cmake/rtcm_msgs__rosidl_typesupport_introspection_cppExport-noconfig.cmake
[0.370s] -- Up-to-date: /home/yongjing-ub22/RTK_GPS_NTRIP_ws/install/rtcm_msgs/share/rtcm_msgs/cmake/rtcm_msgs__rosidl_typesupport_cppExport.cmake
[0.370s] -- Up-to-date: /home/yongjing-ub22/RTK_GPS_NTRIP_ws/install/rtcm_msgs/share/rtcm_msgs/cmake/rtcm_msgs__rosidl_typesupport_cppExport-noconfig.cmake
[0.370s] -- Up-to-date: /home/yongjing-ub22/RTK_GPS_NTRIP_ws/install/rtcm_msgs/share/rtcm_msgs/cmake/export_rtcm_msgs__rosidl_generator_pyExport.cmake
[0.370s] -- Up-to-date: /home/yongjing-ub22/RTK_GPS_NTRIP_ws/install/rtcm_msgs/share/rtcm_msgs/cmake/export_rtcm_msgs__rosidl_generator_pyExport-noconfig.cmake
[0.370s] -- Up-to-date: /home/yongjing-ub22/RTK_GPS_NTRIP_ws/install/rtcm_msgs/share/rtcm_msgs/cmake/rosidl_cmake-extras.cmake
[0.370s] -- Up-to-date: /home/yongjing-ub22/RTK_GPS_NTRIP_ws/install/rtcm_msgs/share/rtcm_msgs/cmake/ament_cmake_export_dependencies-extras.cmake
[0.371s] -- Up-to-date: /home/yongjing-ub22/RTK_GPS_NTRIP_ws/install/rtcm_msgs/share/rtcm_msgs/cmake/ament_cmake_export_include_directories-extras.cmake
[0.371s] -- Up-to-date: /home/yongjing-ub22/RTK_GPS_NTRIP_ws/install/rtcm_msgs/share/rtcm_msgs/cmake/ament_cmake_export_libraries-extras.cmake
[0.371s] -- Up-to-date: /home/yongjing-ub22/RTK_GPS_NTRIP_ws/install/rtcm_msgs/share/rtcm_msgs/cmake/ament_cmake_export_targets-extras.cmake
[0.371s] -- Up-to-date: /home/yongjing-ub22/RTK_GPS_NTRIP_ws/install/rtcm_msgs/share/rtcm_msgs/cmake/rosidl_cmake_export_typesupport_targets-extras.cmake
[0.371s] -- Up-to-date: /home/yongjing-ub22/RTK_GPS_NTRIP_ws/install/rtcm_msgs/share/rtcm_msgs/cmake/rosidl_cmake_export_typesupport_libraries-extras.cmake
[0.371s] -- Up-to-date: /home/yongjing-ub22/RTK_GPS_NTRIP_ws/install/rtcm_msgs/share/rtcm_msgs/cmake/rtcm_msgsConfig.cmake
[0.371s] -- Up-to-date: /home/yongjing-ub22/RTK_GPS_NTRIP_ws/install/rtcm_msgs/share/rtcm_msgs/cmake/rtcm_msgsConfig-version.cmake
[0.371s] -- Up-to-date: /home/yongjing-ub22/RTK_GPS_NTRIP_ws/install/rtcm_msgs/share/rtcm_msgs/package.xml
[0.373s] Invoked command in '/home/yongjing-ub22/RTK_GPS_NTRIP_ws/build/rtcm_msgs' returned '0': CMAKE_PREFIX_PATH=${CMAKE_PREFIX_PATH}:/home/yongjing-ub22/RTK_GPS_NTRIP_ws/install/ntrip_client:/opt/ros/humble /usr/bin/cmake --install /home/yongjing-ub22/RTK_GPS_NTRIP_ws/build/rtcm_msgs
