-- The CXX compiler identification is GNU 11.4.0
-- Detecting CXX compiler ABI info
-- Detecting CXX compiler ABI info - done
-- Check for working CXX compiler: /usr/bin/c++ - skipped
-- Detecting CXX compile features
-- Detecting CXX compile features - done
-- Found ament_cmake: 1.3.11 (/opt/ros/humble/share/ament_cmake/cmake)
-- Found Python3: /usr/bin/python3 (found version "3.10.12") found components: Interpreter 
-- Found mapviz: 2.4.5 (/home/yongjing-ub22/comms_nusmr/mapviz_ws_YJ_laptop_only/install/mapviz/share/mapviz/cmake)
-- Found pluginlib: 5.1.0 (/opt/ros/humble/share/pluginlib/cmake)
-- Found rclcpp: 16.0.11 (/opt/ros/humble/share/rclcpp/cmake)
-- Found rosidl_generator_c: 3.1.6 (/opt/ros/humble/share/rosidl_generator_c/cmake)
-- Found rosidl_adapter: 3.1.6 (/opt/ros/humble/share/rosidl_adapter/cmake)
-- Found rosidl_generator_cpp: 3.1.6 (/opt/ros/humble/share/rosidl_generator_cpp/cmake)
-- Using all available rosidl_typesupport_c: rosidl_typesupport_fastrtps_c;rosidl_typesupport_introspection_c
-- Using all available rosidl_typesupport_cpp: rosidl_typesupport_fastrtps_cpp;rosidl_typesupport_introspection_cpp
-- Found rmw_implementation_cmake: 6.1.2 (/opt/ros/humble/share/rmw_implementation_cmake/cmake)
-- Found rmw_fastrtps_cpp: 6.2.7 (/opt/ros/humble/share/rmw_fastrtps_cpp/cmake)
-- Found TinyXML2 via Config file: TinyXML2_DIR-NOTFOUND
-- Found OpenSSL: /usr/lib/x86_64-linux-gnu/libcrypto.so (found version "3.0.2")  
-- Found TinyXML2 via Config file: TinyXML2_DIR-NOTFOUND
-- Found FastRTPS: /opt/ros/humble/include  
-- Found TinyXML2 via Config file: TinyXML2_DIR-NOTFOUND
-- Found TinyXML2 via Config file: TinyXML2_DIR-NOTFOUND
-- Using RMW implementation 'rmw_fastrtps_cpp' as default
-- Looking for C++ include pthread.h
-- Looking for C++ include pthread.h - found
-- Performing Test CMAKE_HAVE_LIBC_PTHREAD
-- Performing Test CMAKE_HAVE_LIBC_PTHREAD - Success
-- Found Threads: TRUE  
-- Found swri_math_util: 3.7.3 (/opt/ros/humble/share/swri_math_util/cmake)
-- Found swri_transform_util: 3.7.3 (/opt/ros/humble/share/swri_transform_util/cmake)
-- Found eigen3_cmake_module: 0.1.1 (/opt/ros/humble/share/eigen3_cmake_module/cmake)
-- Found Eigen3: TRUE (found version "3.4.0") 
-- Ensuring Eigen3 include directory is part of orocos-kdl CMake target
-- Found OpenGL: /usr/lib/x86_64-linux-gnu/libOpenGL.so   
-- Found GLEW: /usr/include (found version "2.2.0") 
-- Found PkgConfig: /usr/bin/pkg-config (found version "0.29.2") 
-- Checking for module 'yaml-cpp'
--   Found yaml-cpp, version 0.7.0
-- Checking for module 'jsoncpp'
--   Found jsoncpp, version 1.9.5
-- Configuring done
-- Generating done
-- Build files have been written to: /home/yongjing-ub22/comms_nusmr/mapviz_ws_YJ_laptop_only/build/tile_map
[  5%] [34m[1mGenerating include/tile_map/moc_bing_source.cpp[0m
[ 10%] [34m[1mGenerating include/tile_map/moc_tile_source.cpp[0m
[ 15%] [34m[1mGenerating include/tile_map/moc_wmts_source.cpp[0m
[ 20%] [34m[1mGenerating include/tile_map/moc_image_cache.cpp[0m
[ 25%] [32mBuilding CXX object CMakeFiles/tile_map.dir/src/texture_cache.cpp.o[0m
[ 30%] [32mBuilding CXX object CMakeFiles/tile_map.dir/src/tile_source.cpp.o[0m
[ 35%] [32mBuilding CXX object CMakeFiles/tile_map.dir/src/wmts_source.cpp.o[0m
[ 40%] [32mBuilding CXX object CMakeFiles/tile_map.dir/src/image_cache.cpp.o[0m
[ 45%] [32mBuilding CXX object CMakeFiles/tile_map.dir/include/tile_map/moc_image_cache.cpp.o[0m
[ 50%] [32mBuilding CXX object CMakeFiles/tile_map.dir/include/tile_map/moc_tile_source.cpp.o[0m
[ 55%] [32mBuilding CXX object CMakeFiles/tile_map.dir/include/tile_map/moc_bing_source.cpp.o[0m
[ 60%] [32mBuilding CXX object CMakeFiles/tile_map.dir/src/bing_source.cpp.o[0m
[ 65%] [32mBuilding CXX object CMakeFiles/tile_map.dir/src/tile_map_view.cpp.o[0m
[ 70%] [32mBuilding CXX object CMakeFiles/tile_map.dir/include/tile_map/moc_wmts_source.cpp.o[0m
[ 75%] [32m[1mLinking CXX static library libtile_map.a[0m
[ 75%] Built target tile_map
[ 80%] [34m[1mGenerating include/tile_map/moc_tile_map_plugin.cpp[0m
[ 85%] [34m[1mGenerating ui_tile_map_config.h[0m
[ 90%] [32mBuilding CXX object CMakeFiles/tile_map_plugin.dir/src/tile_map_plugin.cpp.o[0m
[ 95%] [32mBuilding CXX object CMakeFiles/tile_map_plugin.dir/include/tile_map/moc_tile_map_plugin.cpp.o[0m
[100%] [32m[1mLinking CXX shared library libtile_map_plugin.so[0m
[100%] Built target tile_map_plugin
-- Install configuration: ""
-- Installing: /home/yongjing-ub22/comms_nusmr/mapviz_ws_YJ_laptop_only/install/tile_map/include/tile_map
-- Installing: /home/yongjing-ub22/comms_nusmr/mapviz_ws_YJ_laptop_only/install/tile_map/include/tile_map/texture_cache.h
-- Installing: /home/yongjing-ub22/comms_nusmr/mapviz_ws_YJ_laptop_only/install/tile_map/include/tile_map/tile_source.h
-- Installing: /home/yongjing-ub22/comms_nusmr/mapviz_ws_YJ_laptop_only/install/tile_map/include/tile_map/tile_map_view.h
-- Installing: /home/yongjing-ub22/comms_nusmr/mapviz_ws_YJ_laptop_only/install/tile_map/include/tile_map/tile_map_plugin.h
-- Installing: /home/yongjing-ub22/comms_nusmr/mapviz_ws_YJ_laptop_only/install/tile_map/include/tile_map/image_cache.h
-- Installing: /home/yongjing-ub22/comms_nusmr/mapviz_ws_YJ_laptop_only/install/tile_map/include/tile_map/bing_source.h
-- Installing: /home/yongjing-ub22/comms_nusmr/mapviz_ws_YJ_laptop_only/install/tile_map/include/tile_map/wmts_source.h
-- Installing: /home/yongjing-ub22/comms_nusmr/mapviz_ws_YJ_laptop_only/install/tile_map/lib/libtile_map.a
-- Installing: /home/yongjing-ub22/comms_nusmr/mapviz_ws_YJ_laptop_only/install/tile_map/lib/libtile_map_plugin.so
-- Set runtime path of "/home/yongjing-ub22/comms_nusmr/mapviz_ws_YJ_laptop_only/install/tile_map/lib/libtile_map_plugin.so" to ""
-- Installing: /home/yongjing-ub22/comms_nusmr/mapviz_ws_YJ_laptop_only/install/tile_map/share/tile_map/mapviz_plugins.xml
-- Installing: /home/yongjing-ub22/comms_nusmr/mapviz_ws_YJ_laptop_only/install/tile_map/share/tile_map/environment/library_path.sh
-- Installing: /home/yongjing-ub22/comms_nusmr/mapviz_ws_YJ_laptop_only/install/tile_map/share/tile_map/environment/library_path.dsv
-- Installing: /home/yongjing-ub22/comms_nusmr/mapviz_ws_YJ_laptop_only/install/tile_map/share/ament_index/resource_index/package_run_dependencies/tile_map
-- Installing: /home/yongjing-ub22/comms_nusmr/mapviz_ws_YJ_laptop_only/install/tile_map/share/ament_index/resource_index/parent_prefix_path/tile_map
-- Installing: /home/yongjing-ub22/comms_nusmr/mapviz_ws_YJ_laptop_only/install/tile_map/share/tile_map/environment/ament_prefix_path.sh
-- Installing: /home/yongjing-ub22/comms_nusmr/mapviz_ws_YJ_laptop_only/install/tile_map/share/tile_map/environment/ament_prefix_path.dsv
-- Installing: /home/yongjing-ub22/comms_nusmr/mapviz_ws_YJ_laptop_only/install/tile_map/share/tile_map/environment/path.sh
-- Installing: /home/yongjing-ub22/comms_nusmr/mapviz_ws_YJ_laptop_only/install/tile_map/share/tile_map/environment/path.dsv
-- Installing: /home/yongjing-ub22/comms_nusmr/mapviz_ws_YJ_laptop_only/install/tile_map/share/tile_map/local_setup.bash
-- Installing: /home/yongjing-ub22/comms_nusmr/mapviz_ws_YJ_laptop_only/install/tile_map/share/tile_map/local_setup.sh
-- Installing: /home/yongjing-ub22/comms_nusmr/mapviz_ws_YJ_laptop_only/install/tile_map/share/tile_map/local_setup.zsh
-- Installing: /home/yongjing-ub22/comms_nusmr/mapviz_ws_YJ_laptop_only/install/tile_map/share/tile_map/local_setup.dsv
-- Installing: /home/yongjing-ub22/comms_nusmr/mapviz_ws_YJ_laptop_only/install/tile_map/share/tile_map/package.dsv
-- Installing: /home/yongjing-ub22/comms_nusmr/mapviz_ws_YJ_laptop_only/install/tile_map/share/ament_index/resource_index/packages/tile_map
-- Installing: /home/yongjing-ub22/comms_nusmr/mapviz_ws_YJ_laptop_only/install/tile_map/share/ament_index/resource_index/mapviz__pluginlib__plugin/tile_map
-- Installing: /home/yongjing-ub22/comms_nusmr/mapviz_ws_YJ_laptop_only/install/tile_map/share/tile_map/cmake/ament_cmake_export_dependencies-extras.cmake
-- Installing: /home/yongjing-ub22/comms_nusmr/mapviz_ws_YJ_laptop_only/install/tile_map/share/tile_map/cmake/ament_cmake_export_include_directories-extras.cmake
-- Installing: /home/yongjing-ub22/comms_nusmr/mapviz_ws_YJ_laptop_only/install/tile_map/share/tile_map/cmake/ament_cmake_export_libraries-extras.cmake
-- Installing: /home/yongjing-ub22/comms_nusmr/mapviz_ws_YJ_laptop_only/install/tile_map/share/tile_map/cmake/tile_mapConfig.cmake
-- Installing: /home/yongjing-ub22/comms_nusmr/mapviz_ws_YJ_laptop_only/install/tile_map/share/tile_map/cmake/tile_mapConfig-version.cmake
-- Installing: /home/yongjing-ub22/comms_nusmr/mapviz_ws_YJ_laptop_only/install/tile_map/share/tile_map/package.xml
