[0.774s] Invoking command in '/home/yongjing-ub22/RTK_GPS_NTRIP_ws/src/RTK_GPS_NTRIP/ntrip_client': PYTHONPATH=/home/yongjing-ub22/RTK_GPS_NTRIP_ws/build/ntrip_client/prefix_override:/usr/lib/python3/dist-packages/colcon_core/task/python/colcon_distutils_commands:/home/yongjing-ub22/RTK_GPS_NTRIP_ws/install/ntrip_client/lib/python3.10/site-packages:${PYTHONPATH} /usr/bin/python3 -W ignore:setup.py install is deprecated setup.py egg_info --egg-base ../../../build/ntrip_client build --build-base /home/yongjing-ub22/RTK_GPS_NTRIP_ws/build/ntrip_client/build install --record /home/yongjing-ub22/RTK_GPS_NTRIP_ws/build/ntrip_client/install.log --single-version-externally-managed install_data
[1.012s] running egg_info
[1.013s] writing ../../../build/ntrip_client/ntrip_client.egg-info/PKG-INFO
[1.013s] writing dependency_links to ../../../build/ntrip_client/ntrip_client.egg-info/dependency_links.txt
[1.013s] writing requirements to ../../../build/ntrip_client/ntrip_client.egg-info/requires.txt
[1.013s] writing top-level names to ../../../build/ntrip_client/ntrip_client.egg-info/top_level.txt
[1.015s] reading manifest file '../../../build/ntrip_client/ntrip_client.egg-info/SOURCES.txt'
[1.015s] adding license file 'LICENSE'
[1.016s] writing manifest file '../../../build/ntrip_client/ntrip_client.egg-info/SOURCES.txt'
[1.016s] running build
[1.016s] running build_py
[1.016s] running build_scripts
[1.016s] running install
[1.016s] running install_lib
[1.017s] byte-compiling /home/yongjing-ub22/RTK_GPS_NTRIP_ws/install/ntrip_client/lib/python3.10/site-packages/ntrip_client/ntrip_client.py to ntrip_client.cpython-310.pyc
[1.020s] byte-compiling /home/yongjing-ub22/RTK_GPS_NTRIP_ws/install/ntrip_client/lib/python3.10/site-packages/ntrip_client/nmea_parser.py to nmea_parser.cpython-310.pyc
[1.021s] byte-compiling /home/yongjing-ub22/RTK_GPS_NTRIP_ws/install/ntrip_client/lib/python3.10/site-packages/ntrip_client/__init__.py to __init__.cpython-310.pyc
[1.021s] byte-compiling /home/yongjing-ub22/RTK_GPS_NTRIP_ws/install/ntrip_client/lib/python3.10/site-packages/ntrip_client/rtcm_parser.py to rtcm_parser.cpython-310.pyc
[1.022s] running install_data
[1.022s] running install_egg_info
[1.024s] removing '/home/yongjing-ub22/RTK_GPS_NTRIP_ws/install/ntrip_client/lib/python3.10/site-packages/ntrip_client-1.2.0-py3.10.egg-info' (and everything under it)
[1.024s] Copying ../../../build/ntrip_client/ntrip_client.egg-info to /home/yongjing-ub22/RTK_GPS_NTRIP_ws/install/ntrip_client/lib/python3.10/site-packages/ntrip_client-1.2.0-py3.10.egg-info
[1.025s] running install_scripts
[1.043s] changing mode of /home/yongjing-ub22/RTK_GPS_NTRIP_ws/install/ntrip_client/lib/ntrip_client/ntrip_ros.py to 775
[1.045s] writing list of installed files to '/home/yongjing-ub22/RTK_GPS_NTRIP_ws/build/ntrip_client/install.log'
[1.066s] Invoked command in '/home/yongjing-ub22/RTK_GPS_NTRIP_ws/src/RTK_GPS_NTRIP/ntrip_client' returned '0': PYTHONPATH=/home/yongjing-ub22/RTK_GPS_NTRIP_ws/build/ntrip_client/prefix_override:/usr/lib/python3/dist-packages/colcon_core/task/python/colcon_distutils_commands:/home/yongjing-ub22/RTK_GPS_NTRIP_ws/install/ntrip_client/lib/python3.10/site-packages:${PYTHONPATH} /usr/bin/python3 -W ignore:setup.py install is deprecated setup.py egg_info --egg-base ../../../build/ntrip_client build --build-base /home/yongjing-ub22/RTK_GPS_NTRIP_ws/build/ntrip_client/build install --record /home/yongjing-ub22/RTK_GPS_NTRIP_ws/build/ntrip_client/install.log --single-version-externally-managed install_data
