[35m[1mConsolidate compiler generated dependencies of target multires_image[0m
[ 29%] Built target multires_image
[35m[1mConsolidate compiler generated dependencies of target multires_widget[0m
[35m[1mConsolidate compiler generated dependencies of target multires_image_plugin[0m
[ 58%] Built target multires_widget
[ 83%] Built target multires_image_plugin
[35m[1mConsolidate compiler generated dependencies of target multires_view_node[0m
[100%] Built target multires_view_node
-- Install configuration: ""
-- Up-to-date: /home/yongjing-ub22/comms_nusmr/mapviz_ws_YJ_laptop_only/install/multires_image/include/multires_image
-- Up-to-date: /home/yongjing-ub22/comms_nusmr/mapviz_ws_YJ_laptop_only/install/multires_image/include/multires_image/tile_set.h
-- Up-to-date: /home/yongjing-ub22/comms_nusmr/mapviz_ws_YJ_laptop_only/install/multires_image/include/multires_image/multires_view.h
-- Up-to-date: /home/yongjing-ub22/comms_nusmr/mapviz_ws_YJ_laptop_only/install/multires_image/include/multires_image/tile_cache.h
-- Up-to-date: /home/yongjing-ub22/comms_nusmr/mapviz_ws_YJ_laptop_only/install/multires_image/include/multires_image/tile_set_layer.h
-- Up-to-date: /home/yongjing-ub22/comms_nusmr/mapviz_ws_YJ_laptop_only/install/multires_image/include/multires_image/QGLMap.h
-- Up-to-date: /home/yongjing-ub22/comms_nusmr/mapviz_ws_YJ_laptop_only/install/multires_image/include/multires_image/multires_image_plugin.h
-- Up-to-date: /home/yongjing-ub22/comms_nusmr/mapviz_ws_YJ_laptop_only/install/multires_image/include/multires_image/tile_view.h
-- Up-to-date: /home/yongjing-ub22/comms_nusmr/mapviz_ws_YJ_laptop_only/install/multires_image/include/multires_image/tile.h
-- Up-to-date: /home/yongjing-ub22/comms_nusmr/mapviz_ws_YJ_laptop_only/install/multires_image/include/multires_image/multires_view_node.h
-- Up-to-date: /home/yongjing-ub22/comms_nusmr/mapviz_ws_YJ_laptop_only/install/multires_image/lib/libmultires_image.a
-- Up-to-date: /home/yongjing-ub22/comms_nusmr/mapviz_ws_YJ_laptop_only/install/multires_image/lib/multires_image/multires_view_node
-- Up-to-date: /home/yongjing-ub22/comms_nusmr/mapviz_ws_YJ_laptop_only/install/multires_image/lib/libmultires_widget.a
-- Up-to-date: /home/yongjing-ub22/comms_nusmr/mapviz_ws_YJ_laptop_only/install/multires_image/lib/libmultires_image_plugin.so
-- Up-to-date: /home/yongjing-ub22/comms_nusmr/mapviz_ws_YJ_laptop_only/install/multires_image/lib/multires_image/mapviz_tile_loader
-- Up-to-date: /home/yongjing-ub22/comms_nusmr/mapviz_ws_YJ_laptop_only/install/multires_image/share/multires_image/launch
-- Up-to-date: /home/yongjing-ub22/comms_nusmr/mapviz_ws_YJ_laptop_only/install/multires_image/share/multires_image/mapviz_plugins.xml
-- Up-to-date: /home/yongjing-ub22/comms_nusmr/mapviz_ws_YJ_laptop_only/install/multires_image/share/multires_image/environment/library_path.sh
-- Up-to-date: /home/yongjing-ub22/comms_nusmr/mapviz_ws_YJ_laptop_only/install/multires_image/share/multires_image/environment/library_path.dsv
-- Up-to-date: /home/yongjing-ub22/comms_nusmr/mapviz_ws_YJ_laptop_only/install/multires_image/share/ament_index/resource_index/package_run_dependencies/multires_image
-- Up-to-date: /home/yongjing-ub22/comms_nusmr/mapviz_ws_YJ_laptop_only/install/multires_image/share/ament_index/resource_index/parent_prefix_path/multires_image
-- Up-to-date: /home/yongjing-ub22/comms_nusmr/mapviz_ws_YJ_laptop_only/install/multires_image/share/multires_image/environment/ament_prefix_path.sh
-- Up-to-date: /home/yongjing-ub22/comms_nusmr/mapviz_ws_YJ_laptop_only/install/multires_image/share/multires_image/environment/ament_prefix_path.dsv
-- Up-to-date: /home/yongjing-ub22/comms_nusmr/mapviz_ws_YJ_laptop_only/install/multires_image/share/multires_image/environment/path.sh
-- Up-to-date: /home/yongjing-ub22/comms_nusmr/mapviz_ws_YJ_laptop_only/install/multires_image/share/multires_image/environment/path.dsv
-- Up-to-date: /home/yongjing-ub22/comms_nusmr/mapviz_ws_YJ_laptop_only/install/multires_image/share/multires_image/local_setup.bash
-- Up-to-date: /home/yongjing-ub22/comms_nusmr/mapviz_ws_YJ_laptop_only/install/multires_image/share/multires_image/local_setup.sh
-- Up-to-date: /home/yongjing-ub22/comms_nusmr/mapviz_ws_YJ_laptop_only/install/multires_image/share/multires_image/local_setup.zsh
-- Up-to-date: /home/yongjing-ub22/comms_nusmr/mapviz_ws_YJ_laptop_only/install/multires_image/share/multires_image/local_setup.dsv
-- Installing: /home/yongjing-ub22/comms_nusmr/mapviz_ws_YJ_laptop_only/install/multires_image/share/multires_image/package.dsv
-- Up-to-date: /home/yongjing-ub22/comms_nusmr/mapviz_ws_YJ_laptop_only/install/multires_image/share/ament_index/resource_index/packages/multires_image
-- Up-to-date: /home/yongjing-ub22/comms_nusmr/mapviz_ws_YJ_laptop_only/install/multires_image/share/ament_index/resource_index/mapviz__pluginlib__plugin/multires_image
-- Up-to-date: /home/yongjing-ub22/comms_nusmr/mapviz_ws_YJ_laptop_only/install/multires_image/share/multires_image/cmake/ament_cmake_export_dependencies-extras.cmake
-- Up-to-date: /home/yongjing-ub22/comms_nusmr/mapviz_ws_YJ_laptop_only/install/multires_image/share/multires_image/cmake/ament_cmake_export_include_directories-extras.cmake
-- Up-to-date: /home/yongjing-ub22/comms_nusmr/mapviz_ws_YJ_laptop_only/install/multires_image/share/multires_image/cmake/ament_cmake_export_libraries-extras.cmake
-- Up-to-date: /home/yongjing-ub22/comms_nusmr/mapviz_ws_YJ_laptop_only/install/multires_image/share/multires_image/cmake/multires_imageConfig.cmake
-- Up-to-date: /home/yongjing-ub22/comms_nusmr/mapviz_ws_YJ_laptop_only/install/multires_image/share/multires_image/cmake/multires_imageConfig-version.cmake
-- Up-to-date: /home/yongjing-ub22/comms_nusmr/mapviz_ws_YJ_laptop_only/install/multires_image/share/multires_image/package.xml
