[1.952s] Invoking command in '/home/yongjing-ub22/RTK_GPS_NTRIP_ws/src/RTK_GPS_NTRIP/ntrip_client': PYTHONPATH=/home/yongjing-ub22/RTK_GPS_NTRIP_ws/build/ntrip_client/prefix_override:/usr/lib/python3/dist-packages/colcon_core/task/python/colcon_distutils_commands:/home/yongjing-ub22/RTK_GPS_NTRIP_ws/install/ntrip_client/lib/python3.10/site-packages:${PYTHONPATH} /usr/bin/python3 -W ignore:setup.py install is deprecated setup.py egg_info --egg-base ../../../build/ntrip_client build --build-base /home/yongjing-ub22/RTK_GPS_NTRIP_ws/build/ntrip_client/build install --record /home/yongjing-ub22/RTK_GPS_NTRIP_ws/build/ntrip_client/install.log --single-version-externally-managed install_data
[2.527s] running egg_info
[2.529s] writing ../../../build/ntrip_client/ntrip_client.egg-info/PKG-INFO
[2.536s] writing dependency_links to ../../../build/ntrip_client/ntrip_client.egg-info/dependency_links.txt
[2.536s] writing requirements to ../../../build/ntrip_client/ntrip_client.egg-info/requires.txt
[2.536s] writing top-level names to ../../../build/ntrip_client/ntrip_client.egg-info/top_level.txt
[2.545s] reading manifest file '../../../build/ntrip_client/ntrip_client.egg-info/SOURCES.txt'
[2.546s] adding license file 'LICENSE'
[2.548s] writing manifest file '../../../build/ntrip_client/ntrip_client.egg-info/SOURCES.txt'
[2.548s] running build
[2.548s] running build_py
[2.550s] running build_scripts
[2.550s] running install
[2.551s] running install_lib
[2.555s] running install_data
[2.555s] copying launch/ntrip_client_launch.py -> /home/yongjing-ub22/RTK_GPS_NTRIP_ws/install/ntrip_client/share/ntrip_client
[2.556s] running install_egg_info
[2.561s] removing '/home/yongjing-ub22/RTK_GPS_NTRIP_ws/install/ntrip_client/lib/python3.10/site-packages/ntrip_client-1.2.0-py3.10.egg-info' (and everything under it)
[2.562s] Copying ../../../build/ntrip_client/ntrip_client.egg-info to /home/yongjing-ub22/RTK_GPS_NTRIP_ws/install/ntrip_client/lib/python3.10/site-packages/ntrip_client-1.2.0-py3.10.egg-info
[2.565s] running install_scripts
[2.611s] changing mode of /home/yongjing-ub22/RTK_GPS_NTRIP_ws/install/ntrip_client/lib/ntrip_client/ntrip_ros.py to 775
[2.614s] writing list of installed files to '/home/yongjing-ub22/RTK_GPS_NTRIP_ws/build/ntrip_client/install.log'
[2.677s] Invoked command in '/home/yongjing-ub22/RTK_GPS_NTRIP_ws/src/RTK_GPS_NTRIP/ntrip_client' returned '0': PYTHONPATH=/home/yongjing-ub22/RTK_GPS_NTRIP_ws/build/ntrip_client/prefix_override:/usr/lib/python3/dist-packages/colcon_core/task/python/colcon_distutils_commands:/home/yongjing-ub22/RTK_GPS_NTRIP_ws/install/ntrip_client/lib/python3.10/site-packages:${PYTHONPATH} /usr/bin/python3 -W ignore:setup.py install is deprecated setup.py egg_info --egg-base ../../../build/ntrip_client build --build-base /home/yongjing-ub22/RTK_GPS_NTRIP_ws/build/ntrip_client/build install --record /home/yongjing-ub22/RTK_GPS_NTRIP_ws/build/ntrip_client/install.log --single-version-externally-managed install_data
