[0.009s] Invoking command in '/home/yongjing-ub22/RTK_GPS_NTRIP_ws/build/ublox_gps': CMAKE_PREFIX_PATH=/home/yongjing-ub22/RTK_GPS_NTRIP_ws/install/ublox_msgs:/home/yongjing-ub22/RTK_GPS_NTRIP_ws/install/ublox_serialization:/home/yongjing-ub22/RTK_GPS_NTRIP_ws/install/rtcm_msgs:/home/yongjing-ub22/RTK_GPS_NTRIP_ws/install/ublox:/home/yongjing-ub22/RTK_GPS_NTRIP_ws/install/ublox_gps:/home/yongjing-ub22/RTK_GPS_NTRIP_ws/install/fix2nmea:/home/yongjing-ub22/RTK_GPS_NTRIP_ws/install/ntrip_client:/opt/ros/humble LD_LIBRARY_PATH=/home/yongjing-ub22/RTK_GPS_NTRIP_ws/install/ublox_msgs/lib:/home/yongjing-ub22/RTK_GPS_NTRIP_ws/install/rtcm_msgs/lib:/home/yongjing-ub22/RTK_GPS_NTRIP_ws/install/ublox_gps/lib:/usr/lib/x86_64-linux-gnu/gazebo-11/plugins:/opt/ros/humble/opt/rviz_ogre_vendor/lib:/opt/ros/humble/lib/x86_64-linux-gnu:/opt/ros/humble/lib /usr/bin/cmake --build /home/yongjing-ub22/RTK_GPS_NTRIP_ws/build/ublox_gps -- -j20 -l20
[0.035s] -- Found ament_cmake_ros: 0.10.0 (/opt/ros/humble/share/ament_cmake_ros/cmake)
[0.118s] -- Found diagnostic_msgs: 4.2.4 (/opt/ros/humble/share/diagnostic_msgs/cmake)
[0.134s] -- Found rosidl_generator_c: 3.1.6 (/opt/ros/humble/share/rosidl_generator_c/cmake)
[0.135s] -- Found rosidl_adapter: 3.1.6 (/opt/ros/humble/share/rosidl_adapter/cmake)
[0.138s] -- Found rosidl_generator_cpp: 3.1.6 (/opt/ros/humble/share/rosidl_generator_cpp/cmake)
[0.144s] -- Using all available rosidl_typesupport_c: rosidl_typesupport_fastrtps_c;rosidl_typesupport_introspection_c
[0.152s] -- Using all available rosidl_typesupport_cpp: rosidl_typesupport_fastrtps_cpp;rosidl_typesupport_introspection_cpp
[0.174s] -- Found diagnostic_updater: 4.0.0 (/opt/ros/humble/share/diagnostic_updater/cmake)
[0.191s] -- Found rmw_implementation_cmake: 6.1.2 (/opt/ros/humble/share/rmw_implementation_cmake/cmake)
[0.192s] -- Found rmw_fastrtps_cpp: 6.2.7 (/opt/ros/humble/share/rmw_fastrtps_cpp/cmake)
[0.261s] -- Using RMW implementation 'rmw_fastrtps_cpp' as default
[0.293s] -- Found geometry_msgs: 4.2.4 (/opt/ros/humble/share/geometry_msgs/cmake)
[0.300s] -- Found rclcpp_components: 16.0.11 (/opt/ros/humble/share/rclcpp_components/cmake)
[0.315s] -- Found sensor_msgs: 4.2.4 (/opt/ros/humble/share/sensor_msgs/cmake)
[0.325s] -- Found tf2: 0.25.9 (/opt/ros/humble/share/tf2/cmake)
[0.327s] -- Found ublox_msgs: 2.3.0 (/home/yongjing-ub22/RTK_GPS_NTRIP_ws/install/ublox_msgs/share/ublox_msgs/cmake)
[0.341s] -- Found rtcm_msgs: 1.1.6 (/home/yongjing-ub22/RTK_GPS_NTRIP_ws/install/rtcm_msgs/share/rtcm_msgs/cmake)
[0.394s] -- Configuring done
[0.433s] -- Generating done
[0.434s] -- Build files have been written to: /home/yongjing-ub22/RTK_GPS_NTRIP_ws/build/ublox_gps
[0.476s] [35m[1mConsolidate compiler generated dependencies of target ublox_gps[0m
[0.521s] [  4%] [32mBuilding CXX object CMakeFiles/ublox_gps.dir/src/gnss.cpp.o[0m
[0.521s] [  9%] [32mBuilding CXX object CMakeFiles/ublox_gps.dir/src/adr_udr_product.cpp.o[0m
[0.521s] [ 18%] [32mBuilding CXX object CMakeFiles/ublox_gps.dir/src/hpg_ref_product.cpp.o[0m
[0.522s] [ 18%] [32mBuilding CXX object CMakeFiles/ublox_gps.dir/src/gps.cpp.o[0m
[0.522s] [ 22%] [32mBuilding CXX object CMakeFiles/ublox_gps.dir/src/hpg_rov_product.cpp.o[0m
[0.523s] [ 27%] [32mBuilding CXX object CMakeFiles/ublox_gps.dir/src/hp_pos_rec_product.cpp.o[0m
[0.526s] [ 31%] [32mBuilding CXX object CMakeFiles/ublox_gps.dir/src/node.cpp.o[0m
[0.526s] [ 36%] [32mBuilding CXX object CMakeFiles/ublox_gps.dir/src/raw_data_pa.cpp.o[0m
[0.527s] [ 40%] [32mBuilding CXX object CMakeFiles/ublox_gps.dir/src/raw_data_product.cpp.o[0m
[0.529s] [ 45%] [32mBuilding CXX object CMakeFiles/ublox_gps.dir/src/tim_product.cpp.o[0m
[0.531s] [ 50%] [32mBuilding CXX object CMakeFiles/ublox_gps.dir/src/ublox_firmware6.cpp.o[0m
[0.531s] [ 54%] [32mBuilding CXX object CMakeFiles/ublox_gps.dir/src/ublox_firmware.cpp.o[0m
[0.531s] [ 59%] [32mBuilding CXX object CMakeFiles/ublox_gps.dir/src/ublox_firmware7.cpp.o[0m
[0.534s] [ 63%] [32mBuilding CXX object CMakeFiles/ublox_gps.dir/src/ublox_firmware8.cpp.o[0m
[0.535s] [ 68%] [32mBuilding CXX object CMakeFiles/ublox_gps.dir/src/ublox_firmware9.cpp.o[0m
[15.390s] [ 72%] [32m[1mLinking CXX shared library libublox_gps.so[0m
[17.443s] [ 77%] Built target ublox_gps
[17.452s] [35m[1mConsolidate compiler generated dependencies of target ublox_logger[0m
[17.453s] [35m[1mConsolidate compiler generated dependencies of target ublox_gps_node[0m
[17.465s] [ 81%] [32mBuilding CXX object CMakeFiles/ublox_logger.dir/src/logger_node_pa.cpp.o[0m
[17.465s] [ 86%] [32mBuilding CXX object CMakeFiles/ublox_logger.dir/src/raw_data_pa.cpp.o[0m
[17.471s] [ 90%] [32mBuilding CXX object CMakeFiles/ublox_gps_node.dir/src/node_main.cpp.o[0m
[20.638s] [ 95%] [32m[1mLinking CXX executable ublox_gps_node[0m
[21.286s] [ 95%] Built target ublox_gps_node
[22.383s] [100%] [32m[1mLinking CXX executable ublox_logger[0m
[22.720s] [100%] Built target ublox_logger
[22.729s] Invoked command in '/home/yongjing-ub22/RTK_GPS_NTRIP_ws/build/ublox_gps' returned '0': CMAKE_PREFIX_PATH=/home/yongjing-ub22/RTK_GPS_NTRIP_ws/install/ublox_msgs:/home/yongjing-ub22/RTK_GPS_NTRIP_ws/install/ublox_serialization:/home/yongjing-ub22/RTK_GPS_NTRIP_ws/install/rtcm_msgs:/home/yongjing-ub22/RTK_GPS_NTRIP_ws/install/ublox:/home/yongjing-ub22/RTK_GPS_NTRIP_ws/install/ublox_gps:/home/yongjing-ub22/RTK_GPS_NTRIP_ws/install/fix2nmea:/home/yongjing-ub22/RTK_GPS_NTRIP_ws/install/ntrip_client:/opt/ros/humble LD_LIBRARY_PATH=/home/yongjing-ub22/RTK_GPS_NTRIP_ws/install/ublox_msgs/lib:/home/yongjing-ub22/RTK_GPS_NTRIP_ws/install/rtcm_msgs/lib:/home/yongjing-ub22/RTK_GPS_NTRIP_ws/install/ublox_gps/lib:/usr/lib/x86_64-linux-gnu/gazebo-11/plugins:/opt/ros/humble/opt/rviz_ogre_vendor/lib:/opt/ros/humble/lib/x86_64-linux-gnu:/opt/ros/humble/lib /usr/bin/cmake --build /home/yongjing-ub22/RTK_GPS_NTRIP_ws/build/ublox_gps -- -j20 -l20
[22.781s] Invoking command in '/home/yongjing-ub22/RTK_GPS_NTRIP_ws/build/ublox_gps': CMAKE_PREFIX_PATH=/home/yongjing-ub22/RTK_GPS_NTRIP_ws/install/ublox_msgs:/home/yongjing-ub22/RTK_GPS_NTRIP_ws/install/ublox_serialization:/home/yongjing-ub22/RTK_GPS_NTRIP_ws/install/rtcm_msgs:/home/yongjing-ub22/RTK_GPS_NTRIP_ws/install/ublox:/home/yongjing-ub22/RTK_GPS_NTRIP_ws/install/ublox_gps:/home/yongjing-ub22/RTK_GPS_NTRIP_ws/install/fix2nmea:/home/yongjing-ub22/RTK_GPS_NTRIP_ws/install/ntrip_client:/opt/ros/humble LD_LIBRARY_PATH=/home/yongjing-ub22/RTK_GPS_NTRIP_ws/install/ublox_msgs/lib:/home/yongjing-ub22/RTK_GPS_NTRIP_ws/install/rtcm_msgs/lib:/home/yongjing-ub22/RTK_GPS_NTRIP_ws/install/ublox_gps/lib:/usr/lib/x86_64-linux-gnu/gazebo-11/plugins:/opt/ros/humble/opt/rviz_ogre_vendor/lib:/opt/ros/humble/lib/x86_64-linux-gnu:/opt/ros/humble/lib /usr/bin/cmake --install /home/yongjing-ub22/RTK_GPS_NTRIP_ws/build/ublox_gps
[22.787s] -- Install configuration: ""
[22.787s] -- Installing: /home/yongjing-ub22/RTK_GPS_NTRIP_ws/install/ublox_gps/lib/libublox_gps.so
[22.803s] -- Set runtime path of "/home/yongjing-ub22/RTK_GPS_NTRIP_ws/install/ublox_gps/lib/libublox_gps.so" to ""
[22.803s] -- Installing: /home/yongjing-ub22/RTK_GPS_NTRIP_ws/install/ublox_gps/lib/ublox_gps/ublox_gps_node
[22.803s] -- Set runtime path of "/home/yongjing-ub22/RTK_GPS_NTRIP_ws/install/ublox_gps/lib/ublox_gps/ublox_gps_node" to ""
[22.803s] -- Installing: /home/yongjing-ub22/RTK_GPS_NTRIP_ws/install/ublox_gps/lib/ublox_gps/ublox_logger
[22.805s] -- Set runtime path of "/home/yongjing-ub22/RTK_GPS_NTRIP_ws/install/ublox_gps/lib/ublox_gps/ublox_logger" to ""
[22.805s] -- Up-to-date: /home/yongjing-ub22/RTK_GPS_NTRIP_ws/install/ublox_gps/include/ublox_gps
[22.805s] -- Up-to-date: /home/yongjing-ub22/RTK_GPS_NTRIP_ws/install/ublox_gps/include/ublox_gps/ublox_gps
[22.805s] -- Up-to-date: /home/yongjing-ub22/RTK_GPS_NTRIP_ws/install/ublox_gps/include/ublox_gps/ublox_gps/rtcm.hpp
[22.805s] -- Up-to-date: /home/yongjing-ub22/RTK_GPS_NTRIP_ws/install/ublox_gps/include/ublox_gps/ublox_gps/mkgmtime.h
[22.806s] -- Up-to-date: /home/yongjing-ub22/RTK_GPS_NTRIP_ws/install/ublox_gps/include/ublox_gps/ublox_gps/ublox_firmware6.hpp
[22.806s] -- Up-to-date: /home/yongjing-ub22/RTK_GPS_NTRIP_ws/install/ublox_gps/include/ublox_gps/ublox_gps/ublox_firmware7.hpp
[22.806s] -- Up-to-date: /home/yongjing-ub22/RTK_GPS_NTRIP_ws/install/ublox_gps/include/ublox_gps/ublox_gps/async_worker.hpp
[22.806s] -- Up-to-date: /home/yongjing-ub22/RTK_GPS_NTRIP_ws/install/ublox_gps/include/ublox_gps/ublox_gps/node.hpp
[22.806s] -- Up-to-date: /home/yongjing-ub22/RTK_GPS_NTRIP_ws/install/ublox_gps/include/ublox_gps/ublox_gps/ublox_firmware.hpp
[22.806s] -- Up-to-date: /home/yongjing-ub22/RTK_GPS_NTRIP_ws/install/ublox_gps/include/ublox_gps/ublox_gps/fix_diagnostic.hpp
[22.806s] -- Up-to-date: /home/yongjing-ub22/RTK_GPS_NTRIP_ws/install/ublox_gps/include/ublox_gps/ublox_gps/callback.hpp
[22.806s] -- Up-to-date: /home/yongjing-ub22/RTK_GPS_NTRIP_ws/install/ublox_gps/include/ublox_gps/ublox_gps/fts_product.hpp
[22.806s] -- Up-to-date: /home/yongjing-ub22/RTK_GPS_NTRIP_ws/install/ublox_gps/include/ublox_gps/ublox_gps/raw_data_product.hpp
[22.806s] -- Up-to-date: /home/yongjing-ub22/RTK_GPS_NTRIP_ws/install/ublox_gps/include/ublox_gps/ublox_gps/ublox_firmware8.hpp
[22.806s] -- Up-to-date: /home/yongjing-ub22/RTK_GPS_NTRIP_ws/install/ublox_gps/include/ublox_gps/ublox_gps/gnss.hpp
[22.806s] -- Up-to-date: /home/yongjing-ub22/RTK_GPS_NTRIP_ws/install/ublox_gps/include/ublox_gps/ublox_gps/raw_data_pa.hpp
[22.806s] -- Up-to-date: /home/yongjing-ub22/RTK_GPS_NTRIP_ws/install/ublox_gps/include/ublox_gps/ublox_gps/ublox_topic_diagnostic.hpp
[22.806s] -- Up-to-date: /home/yongjing-ub22/RTK_GPS_NTRIP_ws/install/ublox_gps/include/ublox_gps/ublox_gps/hpg_rov_product.hpp
[22.806s] -- Up-to-date: /home/yongjing-ub22/RTK_GPS_NTRIP_ws/install/ublox_gps/include/ublox_gps/ublox_gps/component_interface.hpp
[22.806s] -- Up-to-date: /home/yongjing-ub22/RTK_GPS_NTRIP_ws/install/ublox_gps/include/ublox_gps/ublox_gps/worker.hpp
[22.806s] -- Up-to-date: /home/yongjing-ub22/RTK_GPS_NTRIP_ws/install/ublox_gps/include/ublox_gps/ublox_gps/utils.hpp
[22.806s] -- Up-to-date: /home/yongjing-ub22/RTK_GPS_NTRIP_ws/install/ublox_gps/include/ublox_gps/ublox_gps/adr_udr_product.hpp
[22.806s] -- Up-to-date: /home/yongjing-ub22/RTK_GPS_NTRIP_ws/install/ublox_gps/include/ublox_gps/ublox_gps/hpg_ref_product.hpp
[22.806s] -- Up-to-date: /home/yongjing-ub22/RTK_GPS_NTRIP_ws/install/ublox_gps/include/ublox_gps/ublox_gps/ublox_firmware7plus.hpp
[22.806s] -- Up-to-date: /home/yongjing-ub22/RTK_GPS_NTRIP_ws/install/ublox_gps/include/ublox_gps/ublox_gps/hp_pos_rec_product.hpp
[22.806s] -- Up-to-date: /home/yongjing-ub22/RTK_GPS_NTRIP_ws/install/ublox_gps/include/ublox_gps/ublox_gps/ublox_firmware9.hpp
[22.806s] -- Up-to-date: /home/yongjing-ub22/RTK_GPS_NTRIP_ws/install/ublox_gps/include/ublox_gps/ublox_gps/tim_product.hpp
[22.806s] -- Up-to-date: /home/yongjing-ub22/RTK_GPS_NTRIP_ws/install/ublox_gps/include/ublox_gps/ublox_gps/gps.hpp
[22.806s] -- Up-to-date: /home/yongjing-ub22/RTK_GPS_NTRIP_ws/install/ublox_gps/share/ublox_gps/launch
[22.806s] -- Up-to-date: /home/yongjing-ub22/RTK_GPS_NTRIP_ws/install/ublox_gps/share/ublox_gps/launch/ublox_gps_node-launch.py
[22.806s] -- Up-to-date: /home/yongjing-ub22/RTK_GPS_NTRIP_ws/install/ublox_gps/share/ublox_gps/launch/ublox_gps_node-composed-launch.py
[22.806s] -- Up-to-date: /home/yongjing-ub22/RTK_GPS_NTRIP_ws/install/ublox_gps/share/ublox_gps/config
[22.806s] -- Up-to-date: /home/yongjing-ub22/RTK_GPS_NTRIP_ws/install/ublox_gps/share/ublox_gps/config/c94_m8t_rover.yaml
[22.806s] -- Up-to-date: /home/yongjing-ub22/RTK_GPS_NTRIP_ws/install/ublox_gps/share/ublox_gps/config/zed_f9p.yaml
[22.806s] -- Up-to-date: /home/yongjing-ub22/RTK_GPS_NTRIP_ws/install/ublox_gps/share/ublox_gps/config/c94_m8p_base.yaml
[22.807s] -- Up-to-date: /home/yongjing-ub22/RTK_GPS_NTRIP_ws/install/ublox_gps/share/ublox_gps/config/neo_m8u_rover.yaml
[22.807s] -- Up-to-date: /home/yongjing-ub22/RTK_GPS_NTRIP_ws/install/ublox_gps/share/ublox_gps/config/c94_m8t_base.yaml
[22.807s] -- Up-to-date: /home/yongjing-ub22/RTK_GPS_NTRIP_ws/install/ublox_gps/share/ublox_gps/config/c94_m8p_rover.yaml
[22.807s] -- Up-to-date: /home/yongjing-ub22/RTK_GPS_NTRIP_ws/install/ublox_gps/share/ublox_gps/config/nmea.yaml
[22.807s] -- Up-to-date: /home/yongjing-ub22/RTK_GPS_NTRIP_ws/install/ublox_gps/share/ament_index/resource_index/package_run_dependencies/ublox_gps
[22.807s] -- Installing: /home/yongjing-ub22/RTK_GPS_NTRIP_ws/install/ublox_gps/share/ament_index/resource_index/parent_prefix_path/ublox_gps
[22.807s] -- Installing: /home/yongjing-ub22/RTK_GPS_NTRIP_ws/install/ublox_gps/share/ublox_gps/environment/ament_prefix_path.sh
[22.807s] -- Installing: /home/yongjing-ub22/RTK_GPS_NTRIP_ws/install/ublox_gps/share/ublox_gps/environment/ament_prefix_path.dsv
[22.807s] -- Installing: /home/yongjing-ub22/RTK_GPS_NTRIP_ws/install/ublox_gps/share/ublox_gps/environment/path.sh
[22.807s] -- Installing: /home/yongjing-ub22/RTK_GPS_NTRIP_ws/install/ublox_gps/share/ublox_gps/environment/path.dsv
[22.807s] -- Up-to-date: /home/yongjing-ub22/RTK_GPS_NTRIP_ws/install/ublox_gps/share/ublox_gps/local_setup.bash
[22.807s] -- Up-to-date: /home/yongjing-ub22/RTK_GPS_NTRIP_ws/install/ublox_gps/share/ublox_gps/local_setup.sh
[22.807s] -- Up-to-date: /home/yongjing-ub22/RTK_GPS_NTRIP_ws/install/ublox_gps/share/ublox_gps/local_setup.zsh
[22.807s] -- Installing: /home/yongjing-ub22/RTK_GPS_NTRIP_ws/install/ublox_gps/share/ublox_gps/local_setup.dsv
[22.807s] -- Installing: /home/yongjing-ub22/RTK_GPS_NTRIP_ws/install/ublox_gps/share/ublox_gps/package.dsv
[22.807s] -- Up-to-date: /home/yongjing-ub22/RTK_GPS_NTRIP_ws/install/ublox_gps/share/ament_index/resource_index/packages/ublox_gps
[22.807s] -- Up-to-date: /home/yongjing-ub22/RTK_GPS_NTRIP_ws/install/ublox_gps/share/ament_index/resource_index/rclcpp_components/ublox_gps
[22.807s] -- Up-to-date: /home/yongjing-ub22/RTK_GPS_NTRIP_ws/install/ublox_gps/share/ublox_gps/cmake/export_ublox_gpsExport.cmake
[22.807s] -- Up-to-date: /home/yongjing-ub22/RTK_GPS_NTRIP_ws/install/ublox_gps/share/ublox_gps/cmake/export_ublox_gpsExport-noconfig.cmake
[22.807s] -- Up-to-date: /home/yongjing-ub22/RTK_GPS_NTRIP_ws/install/ublox_gps/share/ublox_gps/cmake/ament_cmake_export_include_directories-extras.cmake
[22.807s] -- Up-to-date: /home/yongjing-ub22/RTK_GPS_NTRIP_ws/install/ublox_gps/share/ublox_gps/cmake/ament_cmake_export_targets-extras.cmake
[22.807s] -- Up-to-date: /home/yongjing-ub22/RTK_GPS_NTRIP_ws/install/ublox_gps/share/ublox_gps/cmake/ublox_gpsConfig.cmake
[22.807s] -- Up-to-date: /home/yongjing-ub22/RTK_GPS_NTRIP_ws/install/ublox_gps/share/ublox_gps/cmake/ublox_gpsConfig-version.cmake
[22.807s] -- Up-to-date: /home/yongjing-ub22/RTK_GPS_NTRIP_ws/install/ublox_gps/share/ublox_gps/package.xml
[22.808s] Invoked command in '/home/yongjing-ub22/RTK_GPS_NTRIP_ws/build/ublox_gps' returned '0': CMAKE_PREFIX_PATH=/home/yongjing-ub22/RTK_GPS_NTRIP_ws/install/ublox_msgs:/home/yongjing-ub22/RTK_GPS_NTRIP_ws/install/ublox_serialization:/home/yongjing-ub22/RTK_GPS_NTRIP_ws/install/rtcm_msgs:/home/yongjing-ub22/RTK_GPS_NTRIP_ws/install/ublox:/home/yongjing-ub22/RTK_GPS_NTRIP_ws/install/ublox_gps:/home/yongjing-ub22/RTK_GPS_NTRIP_ws/install/fix2nmea:/home/yongjing-ub22/RTK_GPS_NTRIP_ws/install/ntrip_client:/opt/ros/humble LD_LIBRARY_PATH=/home/yongjing-ub22/RTK_GPS_NTRIP_ws/install/ublox_msgs/lib:/home/yongjing-ub22/RTK_GPS_NTRIP_ws/install/rtcm_msgs/lib:/home/yongjing-ub22/RTK_GPS_NTRIP_ws/install/ublox_gps/lib:/usr/lib/x86_64-linux-gnu/gazebo-11/plugins:/opt/ros/humble/opt/rviz_ogre_vendor/lib:/opt/ros/humble/lib/x86_64-linux-gnu:/opt/ros/humble/lib /usr/bin/cmake --install /home/yongjing-ub22/RTK_GPS_NTRIP_ws/build/ublox_gps
