[0.018s] Invoking command in '/home/yongjing-ub22/comms_nusmr/RTK_GPS_NTRIP_ws_YJ_laptop_only/build/ublox_serialization': CMAKE_PREFIX_PATH=${CMAKE_PREFIX_PATH}:/home/yongjing-ub22/comms_nusmr/mapviz_ws_YJ_laptop_only/install/path_publisher:/home/yongjing-ub22/comms_nusmr/mapviz_ws_YJ_laptop_only/install/gnss_path_publisher:/opt/ros/humble /usr/bin/cmake /home/yongjing-ub22/comms_nusmr/RTK_GPS_NTRIP_ws_YJ_laptop_only/src/RTK_GPS_NTRIP/ublox_serialization -DCMAKE_INSTALL_PREFIX=/home/yongjing-ub22/comms_nusmr/RTK_GPS_NTRIP_ws_YJ_laptop_only/install/ublox_serialization
[0.094s] -- The C compiler identification is GNU 11.4.0
[0.159s] -- The CXX compiler identification is GNU 11.4.0
[0.167s] -- Detecting C compiler ABI info
[0.255s] -- Detecting C compiler ABI info - done
[0.265s] -- Check for working C compiler: /usr/bin/cc - skipped
[0.265s] -- Detecting C compile features
[0.266s] -- Detecting C compile features - done
[0.270s] -- Detecting CXX compiler ABI info
[0.372s] -- Detecting CXX compiler ABI info - done
[0.379s] -- Check for working CXX compiler: /usr/bin/c++ - skipped
[0.379s] -- Detecting CXX compile features
[0.380s] -- Detecting CXX compile features - done
[0.384s] -- Found ament_cmake: 1.3.11 (/opt/ros/humble/share/ament_cmake/cmake)
[0.576s] -- Found Python3: /usr/bin/python3 (found version "3.10.12") found components: Interpreter 
[0.760s] -- Configuring done
[0.762s] -- Generating done
[0.765s] -- Build files have been written to: /home/yongjing-ub22/comms_nusmr/RTK_GPS_NTRIP_ws_YJ_laptop_only/build/ublox_serialization
[0.772s] Invoked command in '/home/yongjing-ub22/comms_nusmr/RTK_GPS_NTRIP_ws_YJ_laptop_only/build/ublox_serialization' returned '0': CMAKE_PREFIX_PATH=${CMAKE_PREFIX_PATH}:/home/yongjing-ub22/comms_nusmr/mapviz_ws_YJ_laptop_only/install/path_publisher:/home/yongjing-ub22/comms_nusmr/mapviz_ws_YJ_laptop_only/install/gnss_path_publisher:/opt/ros/humble /usr/bin/cmake /home/yongjing-ub22/comms_nusmr/RTK_GPS_NTRIP_ws_YJ_laptop_only/src/RTK_GPS_NTRIP/ublox_serialization -DCMAKE_INSTALL_PREFIX=/home/yongjing-ub22/comms_nusmr/RTK_GPS_NTRIP_ws_YJ_laptop_only/install/ublox_serialization
[0.772s] Invoking command in '/home/yongjing-ub22/comms_nusmr/RTK_GPS_NTRIP_ws_YJ_laptop_only/build/ublox_serialization': CMAKE_PREFIX_PATH=${CMAKE_PREFIX_PATH}:/home/yongjing-ub22/comms_nusmr/mapviz_ws_YJ_laptop_only/install/path_publisher:/home/yongjing-ub22/comms_nusmr/mapviz_ws_YJ_laptop_only/install/gnss_path_publisher:/opt/ros/humble /usr/bin/cmake --build /home/yongjing-ub22/comms_nusmr/RTK_GPS_NTRIP_ws_YJ_laptop_only/build/ublox_serialization -- -j20 -l20
[0.819s] Invoked command in '/home/yongjing-ub22/comms_nusmr/RTK_GPS_NTRIP_ws_YJ_laptop_only/build/ublox_serialization' returned '0': CMAKE_PREFIX_PATH=${CMAKE_PREFIX_PATH}:/home/yongjing-ub22/comms_nusmr/mapviz_ws_YJ_laptop_only/install/path_publisher:/home/yongjing-ub22/comms_nusmr/mapviz_ws_YJ_laptop_only/install/gnss_path_publisher:/opt/ros/humble /usr/bin/cmake --build /home/yongjing-ub22/comms_nusmr/RTK_GPS_NTRIP_ws_YJ_laptop_only/build/ublox_serialization -- -j20 -l20
[0.835s] Invoking command in '/home/yongjing-ub22/comms_nusmr/RTK_GPS_NTRIP_ws_YJ_laptop_only/build/ublox_serialization': CMAKE_PREFIX_PATH=${CMAKE_PREFIX_PATH}:/home/yongjing-ub22/comms_nusmr/mapviz_ws_YJ_laptop_only/install/path_publisher:/home/yongjing-ub22/comms_nusmr/mapviz_ws_YJ_laptop_only/install/gnss_path_publisher:/opt/ros/humble /usr/bin/cmake --install /home/yongjing-ub22/comms_nusmr/RTK_GPS_NTRIP_ws_YJ_laptop_only/build/ublox_serialization
[0.846s] -- Install configuration: ""
[0.846s] -- Installing: /home/yongjing-ub22/comms_nusmr/RTK_GPS_NTRIP_ws_YJ_laptop_only/install/ublox_serialization/include/ublox_serialization
[0.846s] -- Installing: /home/yongjing-ub22/comms_nusmr/RTK_GPS_NTRIP_ws_YJ_laptop_only/install/ublox_serialization/include/ublox_serialization/ublox_serialization
[0.846s] -- Installing: /home/yongjing-ub22/comms_nusmr/RTK_GPS_NTRIP_ws_YJ_laptop_only/install/ublox_serialization/include/ublox_serialization/ublox_serialization/checksum.hpp
[0.846s] -- Installing: /home/yongjing-ub22/comms_nusmr/RTK_GPS_NTRIP_ws_YJ_laptop_only/install/ublox_serialization/include/ublox_serialization/ublox_serialization/serialization.hpp
[0.846s] -- Installing: /home/yongjing-ub22/comms_nusmr/RTK_GPS_NTRIP_ws_YJ_laptop_only/install/ublox_serialization/share/ament_index/resource_index/package_run_dependencies/ublox_serialization
[0.846s] -- Installing: /home/yongjing-ub22/comms_nusmr/RTK_GPS_NTRIP_ws_YJ_laptop_only/install/ublox_serialization/share/ament_index/resource_index/parent_prefix_path/ublox_serialization
[0.846s] -- Installing: /home/yongjing-ub22/comms_nusmr/RTK_GPS_NTRIP_ws_YJ_laptop_only/install/ublox_serialization/share/ublox_serialization/environment/ament_prefix_path.sh
[0.846s] -- Installing: /home/yongjing-ub22/comms_nusmr/RTK_GPS_NTRIP_ws_YJ_laptop_only/install/ublox_serialization/share/ublox_serialization/environment/ament_prefix_path.dsv
[0.847s] -- Installing: /home/yongjing-ub22/comms_nusmr/RTK_GPS_NTRIP_ws_YJ_laptop_only/install/ublox_serialization/share/ublox_serialization/environment/path.sh
[0.847s] -- Installing: /home/yongjing-ub22/comms_nusmr/RTK_GPS_NTRIP_ws_YJ_laptop_only/install/ublox_serialization/share/ublox_serialization/environment/path.dsv
[0.847s] -- Installing: /home/yongjing-ub22/comms_nusmr/RTK_GPS_NTRIP_ws_YJ_laptop_only/install/ublox_serialization/share/ublox_serialization/local_setup.bash
[0.847s] -- Installing: /home/yongjing-ub22/comms_nusmr/RTK_GPS_NTRIP_ws_YJ_laptop_only/install/ublox_serialization/share/ublox_serialization/local_setup.sh
[0.847s] -- Installing: /home/yongjing-ub22/comms_nusmr/RTK_GPS_NTRIP_ws_YJ_laptop_only/install/ublox_serialization/share/ublox_serialization/local_setup.zsh
[0.847s] -- Installing: /home/yongjing-ub22/comms_nusmr/RTK_GPS_NTRIP_ws_YJ_laptop_only/install/ublox_serialization/share/ublox_serialization/local_setup.dsv
[0.848s] -- Installing: /home/yongjing-ub22/comms_nusmr/RTK_GPS_NTRIP_ws_YJ_laptop_only/install/ublox_serialization/share/ublox_serialization/package.dsv
[0.848s] -- Installing: /home/yongjing-ub22/comms_nusmr/RTK_GPS_NTRIP_ws_YJ_laptop_only/install/ublox_serialization/share/ament_index/resource_index/packages/ublox_serialization
[0.848s] -- Installing: /home/yongjing-ub22/comms_nusmr/RTK_GPS_NTRIP_ws_YJ_laptop_only/install/ublox_serialization/share/ublox_serialization/cmake/export_ublox_serializationExport.cmake
[0.848s] -- Installing: /home/yongjing-ub22/comms_nusmr/RTK_GPS_NTRIP_ws_YJ_laptop_only/install/ublox_serialization/share/ublox_serialization/cmake/ament_cmake_export_include_directories-extras.cmake
[0.848s] -- Installing: /home/yongjing-ub22/comms_nusmr/RTK_GPS_NTRIP_ws_YJ_laptop_only/install/ublox_serialization/share/ublox_serialization/cmake/ament_cmake_export_targets-extras.cmake
[0.848s] -- Installing: /home/yongjing-ub22/comms_nusmr/RTK_GPS_NTRIP_ws_YJ_laptop_only/install/ublox_serialization/share/ublox_serialization/cmake/ublox_serializationConfig.cmake
[0.848s] -- Installing: /home/yongjing-ub22/comms_nusmr/RTK_GPS_NTRIP_ws_YJ_laptop_only/install/ublox_serialization/share/ublox_serialization/cmake/ublox_serializationConfig-version.cmake
[0.848s] -- Installing: /home/yongjing-ub22/comms_nusmr/RTK_GPS_NTRIP_ws_YJ_laptop_only/install/ublox_serialization/share/ublox_serialization/package.xml
[0.851s] Invoked command in '/home/yongjing-ub22/comms_nusmr/RTK_GPS_NTRIP_ws_YJ_laptop_only/build/ublox_serialization' returned '0': CMAKE_PREFIX_PATH=${CMAKE_PREFIX_PATH}:/home/yongjing-ub22/comms_nusmr/mapviz_ws_YJ_laptop_only/install/path_publisher:/home/yongjing-ub22/comms_nusmr/mapviz_ws_YJ_laptop_only/install/gnss_path_publisher:/opt/ros/humble /usr/bin/cmake --install /home/yongjing-ub22/comms_nusmr/RTK_GPS_NTRIP_ws_YJ_laptop_only/build/ublox_serialization
