running egg_info
creating ../../build/path_publisher/path_publisher.egg-info
writing ../../build/path_publisher/path_publisher.egg-info/PKG-INFO
writing dependency_links to ../../build/path_publisher/path_publisher.egg-info/dependency_links.txt
writing entry points to ../../build/path_publisher/path_publisher.egg-info/entry_points.txt
writing requirements to ../../build/path_publisher/path_publisher.egg-info/requires.txt
writing top-level names to ../../build/path_publisher/path_publisher.egg-info/top_level.txt
writing manifest file '../../build/path_publisher/path_publisher.egg-info/SOURCES.txt'
reading manifest file '../../build/path_publisher/path_publisher.egg-info/SOURCES.txt'
writing manifest file '../../build/path_publisher/path_publisher.egg-info/SOURCES.txt'
running build
running build_py
creating /home/yongjing-ub22/comms_nusmr/mapviz_ws_YJ_laptop_only/build/path_publisher/build
creating /home/yongjing-ub22/comms_nusmr/mapviz_ws_YJ_laptop_only/build/path_publisher/build/lib
creating /home/yongjing-ub22/comms_nusmr/mapviz_ws_YJ_laptop_only/build/path_publisher/build/lib/path_publisher
copying path_publisher/__init__.py -> /home/yongjing-ub22/comms_nusmr/mapviz_ws_YJ_laptop_only/build/path_publisher/build/lib/path_publisher
copying path_publisher/my_node.py -> /home/yongjing-ub22/comms_nusmr/mapviz_ws_YJ_laptop_only/build/path_publisher/build/lib/path_publisher
running install
running install_lib
creating /home/yongjing-ub22/comms_nusmr/mapviz_ws_YJ_laptop_only/install/path_publisher/lib/python3.10/site-packages/path_publisher
copying /home/yongjing-ub22/comms_nusmr/mapviz_ws_YJ_laptop_only/build/path_publisher/build/lib/path_publisher/__init__.py -> /home/yongjing-ub22/comms_nusmr/mapviz_ws_YJ_laptop_only/install/path_publisher/lib/python3.10/site-packages/path_publisher
copying /home/yongjing-ub22/comms_nusmr/mapviz_ws_YJ_laptop_only/build/path_publisher/build/lib/path_publisher/my_node.py -> /home/yongjing-ub22/comms_nusmr/mapviz_ws_YJ_laptop_only/install/path_publisher/lib/python3.10/site-packages/path_publisher
byte-compiling /home/yongjing-ub22/comms_nusmr/mapviz_ws_YJ_laptop_only/install/path_publisher/lib/python3.10/site-packages/path_publisher/__init__.py to __init__.cpython-310.pyc
byte-compiling /home/yongjing-ub22/comms_nusmr/mapviz_ws_YJ_laptop_only/install/path_publisher/lib/python3.10/site-packages/path_publisher/my_node.py to my_node.cpython-310.pyc
running install_data
creating /home/yongjing-ub22/comms_nusmr/mapviz_ws_YJ_laptop_only/install/path_publisher/share/ament_index
creating /home/yongjing-ub22/comms_nusmr/mapviz_ws_YJ_laptop_only/install/path_publisher/share/ament_index/resource_index
creating /home/yongjing-ub22/comms_nusmr/mapviz_ws_YJ_laptop_only/install/path_publisher/share/ament_index/resource_index/packages
copying resource/path_publisher -> /home/yongjing-ub22/comms_nusmr/mapviz_ws_YJ_laptop_only/install/path_publisher/share/ament_index/resource_index/packages
copying package.xml -> /home/yongjing-ub22/comms_nusmr/mapviz_ws_YJ_laptop_only/install/path_publisher/share/path_publisher
running install_egg_info
Copying ../../build/path_publisher/path_publisher.egg-info to /home/yongjing-ub22/comms_nusmr/mapviz_ws_YJ_laptop_only/install/path_publisher/lib/python3.10/site-packages/path_publisher-0.0.0-py3.10.egg-info
running install_scripts
Installing my_node script to /home/yongjing-ub22/comms_nusmr/mapviz_ws_YJ_laptop_only/install/path_publisher/lib/path_publisher
writing list of installed files to '/home/yongjing-ub22/comms_nusmr/mapviz_ws_YJ_laptop_only/build/path_publisher/install.log'
