[0.549s] Invoking command in '/home/yongjing-ub22/comms_nusmr/mapviz_ws_YJ_laptop_only/src/path_publisher': PYTHONPATH=/home/yongjing-ub22/comms_nusmr/mapviz_ws_YJ_laptop_only/build/path_publisher/prefix_override:/usr/lib/python3/dist-packages/colcon_core/task/python/colcon_distutils_commands:/home/yongjing-ub22/comms_nusmr/mapviz_ws_YJ_laptop_only/install/path_publisher/lib/python3.10/site-packages:${PYTHONPATH} /usr/bin/python3 -W ignore:setup.py install is deprecated -W ignore:easy_install command is deprecated setup.py egg_info --egg-base ../../build/path_publisher build --build-base /home/yongjing-ub22/comms_nusmr/mapviz_ws_YJ_laptop_only/build/path_publisher/build install --record /home/yongjing-ub22/comms_nusmr/mapviz_ws_YJ_laptop_only/build/path_publisher/install.log --single-version-externally-managed install_data
[0.730s] running egg_info
[0.730s] creating ../../build/path_publisher/path_publisher.egg-info
[0.730s] writing ../../build/path_publisher/path_publisher.egg-info/PKG-INFO
[0.731s] writing dependency_links to ../../build/path_publisher/path_publisher.egg-info/dependency_links.txt
[0.731s] writing entry points to ../../build/path_publisher/path_publisher.egg-info/entry_points.txt
[0.731s] writing requirements to ../../build/path_publisher/path_publisher.egg-info/requires.txt
[0.731s] writing top-level names to ../../build/path_publisher/path_publisher.egg-info/top_level.txt
[0.731s] writing manifest file '../../build/path_publisher/path_publisher.egg-info/SOURCES.txt'
[0.732s] reading manifest file '../../build/path_publisher/path_publisher.egg-info/SOURCES.txt'
[0.733s] writing manifest file '../../build/path_publisher/path_publisher.egg-info/SOURCES.txt'
[0.733s] running build
[0.733s] running build_py
[0.733s] creating /home/yongjing-ub22/comms_nusmr/mapviz_ws_YJ_laptop_only/build/path_publisher/build
[0.733s] creating /home/yongjing-ub22/comms_nusmr/mapviz_ws_YJ_laptop_only/build/path_publisher/build/lib
[0.733s] creating /home/yongjing-ub22/comms_nusmr/mapviz_ws_YJ_laptop_only/build/path_publisher/build/lib/path_publisher
[0.733s] copying path_publisher/__init__.py -> /home/yongjing-ub22/comms_nusmr/mapviz_ws_YJ_laptop_only/build/path_publisher/build/lib/path_publisher
[0.734s] copying path_publisher/my_node.py -> /home/yongjing-ub22/comms_nusmr/mapviz_ws_YJ_laptop_only/build/path_publisher/build/lib/path_publisher
[0.734s] running install
[0.734s] running install_lib
[0.734s] creating /home/yongjing-ub22/comms_nusmr/mapviz_ws_YJ_laptop_only/install/path_publisher/lib/python3.10/site-packages/path_publisher
[0.734s] copying /home/yongjing-ub22/comms_nusmr/mapviz_ws_YJ_laptop_only/build/path_publisher/build/lib/path_publisher/__init__.py -> /home/yongjing-ub22/comms_nusmr/mapviz_ws_YJ_laptop_only/install/path_publisher/lib/python3.10/site-packages/path_publisher
[0.734s] copying /home/yongjing-ub22/comms_nusmr/mapviz_ws_YJ_laptop_only/build/path_publisher/build/lib/path_publisher/my_node.py -> /home/yongjing-ub22/comms_nusmr/mapviz_ws_YJ_laptop_only/install/path_publisher/lib/python3.10/site-packages/path_publisher
[0.734s] byte-compiling /home/yongjing-ub22/comms_nusmr/mapviz_ws_YJ_laptop_only/install/path_publisher/lib/python3.10/site-packages/path_publisher/__init__.py to __init__.cpython-310.pyc
[0.734s] byte-compiling /home/yongjing-ub22/comms_nusmr/mapviz_ws_YJ_laptop_only/install/path_publisher/lib/python3.10/site-packages/path_publisher/my_node.py to my_node.cpython-310.pyc
[0.735s] running install_data
[0.735s] creating /home/yongjing-ub22/comms_nusmr/mapviz_ws_YJ_laptop_only/install/path_publisher/share/ament_index
[0.735s] creating /home/yongjing-ub22/comms_nusmr/mapviz_ws_YJ_laptop_only/install/path_publisher/share/ament_index/resource_index
[0.735s] creating /home/yongjing-ub22/comms_nusmr/mapviz_ws_YJ_laptop_only/install/path_publisher/share/ament_index/resource_index/packages
[0.735s] copying resource/path_publisher -> /home/yongjing-ub22/comms_nusmr/mapviz_ws_YJ_laptop_only/install/path_publisher/share/ament_index/resource_index/packages
[0.735s] copying package.xml -> /home/yongjing-ub22/comms_nusmr/mapviz_ws_YJ_laptop_only/install/path_publisher/share/path_publisher
[0.735s] running install_egg_info
[0.736s] Copying ../../build/path_publisher/path_publisher.egg-info to /home/yongjing-ub22/comms_nusmr/mapviz_ws_YJ_laptop_only/install/path_publisher/lib/python3.10/site-packages/path_publisher-0.0.0-py3.10.egg-info
[0.737s] running install_scripts
[0.756s] Installing my_node script to /home/yongjing-ub22/comms_nusmr/mapviz_ws_YJ_laptop_only/install/path_publisher/lib/path_publisher
[0.756s] writing list of installed files to '/home/yongjing-ub22/comms_nusmr/mapviz_ws_YJ_laptop_only/build/path_publisher/install.log'
[0.785s] Invoked command in '/home/yongjing-ub22/comms_nusmr/mapviz_ws_YJ_laptop_only/src/path_publisher' returned '0': PYTHONPATH=/home/yongjing-ub22/comms_nusmr/mapviz_ws_YJ_laptop_only/build/path_publisher/prefix_override:/usr/lib/python3/dist-packages/colcon_core/task/python/colcon_distutils_commands:/home/yongjing-ub22/comms_nusmr/mapviz_ws_YJ_laptop_only/install/path_publisher/lib/python3.10/site-packages:${PYTHONPATH} /usr/bin/python3 -W ignore:setup.py install is deprecated -W ignore:easy_install command is deprecated setup.py egg_info --egg-base ../../build/path_publisher build --build-base /home/yongjing-ub22/comms_nusmr/mapviz_ws_YJ_laptop_only/build/path_publisher/build install --record /home/yongjing-ub22/comms_nusmr/mapviz_ws_YJ_laptop_only/build/path_publisher/install.log --single-version-externally-managed install_data
