[0.093s] DEBUG:colcon:Command line arguments: ['/usr/bin/colcon', 'build']
[0.093s] DEBUG:colcon:Parsed command line arguments: Namespace(log_base=None, log_level=None, verb_name='build', build_base='build', install_base='install', merge_install=False, symlink_install=False, test_result_base=None, continue_on_error=False, executor='parallel', parallel_workers=20, event_handlers=None, ignore_user_meta=False, metas=['./colcon.meta'], base_paths=['.'], packages_ignore=None, packages_ignore_regex=None, paths=None, packages_up_to=None, packages_up_to_regex=None, packages_above=None, packages_above_and_dependencies=None, packages_above_depth=None, packages_select_by_dep=None, packages_skip_by_dep=None, packages_skip_up_to=None, packages_select_build_failed=False, packages_skip_build_finished=False, packages_select_test_failures=False, packages_skip_test_passed=False, packages_select=None, packages_skip=None, packages_select_regex=None, packages_skip_regex=None, packages_start=None, packages_end=None, allow_overriding=[], cmake_args=None, cmake_target=None, cmake_target_skip_unavailable=False, cmake_clean_cache=False, cmake_clean_first=False, cmake_force_configure=False, ament_cmake_args=None, catkin_cmake_args=None, catkin_skip_building_tests=False, mixin_files=None, mixin=None, verb_parser=<colcon_mixin.mixin.mixin_argument.MixinArgumentDecorator object at 0x745fc4c3f670>, verb_extension=<colcon_core.verb.build.BuildVerb object at 0x745fc4df5090>, main=<bound method BuildVerb.main of <colcon_core.verb.build.BuildVerb object at 0x745fc4df5090>>, mixin_verb=('build',))
[0.254s] Level 1:colcon.colcon_core.package_discovery:discover_packages(colcon_meta) check parameters
[0.254s] Level 1:colcon.colcon_core.package_discovery:discover_packages(recursive) check parameters
[0.254s] Level 1:colcon.colcon_core.package_discovery:discover_packages(ignore) check parameters
[0.254s] Level 1:colcon.colcon_core.package_discovery:discover_packages(path) check parameters
[0.254s] Level 1:colcon.colcon_core.package_discovery:discover_packages(colcon_meta) discover
[0.254s] Level 1:colcon.colcon_core.package_discovery:discover_packages(recursive) discover
[0.254s] INFO:colcon.colcon_core.package_discovery:Crawling recursively for packages in '/home/yongjing-ub22/RTK_GPS_NTRIP_ws'
[0.254s] Level 1:colcon.colcon_core.package_identification:_identify(.) by extensions ['ignore', 'ignore_ament_install']
[0.254s] Level 1:colcon.colcon_core.package_identification:_identify(.) by extension 'ignore'
[0.254s] Level 1:colcon.colcon_core.package_identification:_identify(.) by extension 'ignore_ament_install'
[0.254s] Level 1:colcon.colcon_core.package_identification:_identify(.) by extensions ['colcon_pkg']
[0.254s] Level 1:colcon.colcon_core.package_identification:_identify(.) by extension 'colcon_pkg'
[0.254s] Level 1:colcon.colcon_core.package_identification:_identify(.) by extensions ['colcon_meta']
[0.254s] Level 1:colcon.colcon_core.package_identification:_identify(.) by extension 'colcon_meta'
[0.254s] Level 1:colcon.colcon_core.package_identification:_identify(.) by extensions ['ros']
[0.254s] Level 1:colcon.colcon_core.package_identification:_identify(.) by extension 'ros'
[0.263s] Level 1:colcon.colcon_core.package_identification:_identify(.) by extensions ['cmake', 'python']
[0.263s] Level 1:colcon.colcon_core.package_identification:_identify(.) by extension 'cmake'
[0.263s] Level 1:colcon.colcon_core.package_identification:_identify(.) by extension 'python'
[0.263s] Level 1:colcon.colcon_core.package_identification:_identify(.) by extensions ['python_setup_py']
[0.263s] Level 1:colcon.colcon_core.package_identification:_identify(.) by extension 'python_setup_py'
[0.263s] Level 1:colcon.colcon_core.package_identification:_identify(build) by extensions ['ignore', 'ignore_ament_install']
[0.263s] Level 1:colcon.colcon_core.package_identification:_identify(build) by extension 'ignore'
[0.263s] Level 1:colcon.colcon_core.package_identification:_identify(build) ignored
[0.263s] Level 1:colcon.colcon_core.package_identification:_identify(install) by extensions ['ignore', 'ignore_ament_install']
[0.263s] Level 1:colcon.colcon_core.package_identification:_identify(install) by extension 'ignore'
[0.263s] Level 1:colcon.colcon_core.package_identification:_identify(install) ignored
[0.264s] Level 1:colcon.colcon_core.package_identification:_identify(log) by extensions ['ignore', 'ignore_ament_install']
[0.264s] Level 1:colcon.colcon_core.package_identification:_identify(log) by extension 'ignore'
[0.264s] Level 1:colcon.colcon_core.package_identification:_identify(log) ignored
[0.264s] Level 1:colcon.colcon_core.package_identification:_identify(src) by extensions ['ignore', 'ignore_ament_install']
[0.264s] Level 1:colcon.colcon_core.package_identification:_identify(src) by extension 'ignore'
[0.264s] Level 1:colcon.colcon_core.package_identification:_identify(src) by extension 'ignore_ament_install'
[0.264s] Level 1:colcon.colcon_core.package_identification:_identify(src) by extensions ['colcon_pkg']
[0.264s] Level 1:colcon.colcon_core.package_identification:_identify(src) by extension 'colcon_pkg'
[0.264s] Level 1:colcon.colcon_core.package_identification:_identify(src) by extensions ['colcon_meta']
[0.264s] Level 1:colcon.colcon_core.package_identification:_identify(src) by extension 'colcon_meta'
[0.264s] Level 1:colcon.colcon_core.package_identification:_identify(src) by extensions ['ros']
[0.264s] Level 1:colcon.colcon_core.package_identification:_identify(src) by extension 'ros'
[0.264s] Level 1:colcon.colcon_core.package_identification:_identify(src) by extensions ['cmake', 'python']
[0.264s] Level 1:colcon.colcon_core.package_identification:_identify(src) by extension 'cmake'
[0.264s] Level 1:colcon.colcon_core.package_identification:_identify(src) by extension 'python'
[0.264s] Level 1:colcon.colcon_core.package_identification:_identify(src) by extensions ['python_setup_py']
[0.264s] Level 1:colcon.colcon_core.package_identification:_identify(src) by extension 'python_setup_py'
[0.264s] Level 1:colcon.colcon_core.package_identification:_identify(src/RTK_GPS_NTRIP) by extensions ['ignore', 'ignore_ament_install']
[0.264s] Level 1:colcon.colcon_core.package_identification:_identify(src/RTK_GPS_NTRIP) by extension 'ignore'
[0.264s] Level 1:colcon.colcon_core.package_identification:_identify(src/RTK_GPS_NTRIP) by extension 'ignore_ament_install'
[0.264s] Level 1:colcon.colcon_core.package_identification:_identify(src/RTK_GPS_NTRIP) by extensions ['colcon_pkg']
[0.264s] Level 1:colcon.colcon_core.package_identification:_identify(src/RTK_GPS_NTRIP) by extension 'colcon_pkg'
[0.264s] Level 1:colcon.colcon_core.package_identification:_identify(src/RTK_GPS_NTRIP) by extensions ['colcon_meta']
[0.264s] Level 1:colcon.colcon_core.package_identification:_identify(src/RTK_GPS_NTRIP) by extension 'colcon_meta'
[0.264s] Level 1:colcon.colcon_core.package_identification:_identify(src/RTK_GPS_NTRIP) by extensions ['ros']
[0.264s] Level 1:colcon.colcon_core.package_identification:_identify(src/RTK_GPS_NTRIP) by extension 'ros'
[0.264s] Level 1:colcon.colcon_core.package_identification:_identify(src/RTK_GPS_NTRIP) by extensions ['cmake', 'python']
[0.264s] Level 1:colcon.colcon_core.package_identification:_identify(src/RTK_GPS_NTRIP) by extension 'cmake'
[0.264s] Level 1:colcon.colcon_core.package_identification:_identify(src/RTK_GPS_NTRIP) by extension 'python'
[0.264s] Level 1:colcon.colcon_core.package_identification:_identify(src/RTK_GPS_NTRIP) by extensions ['python_setup_py']
[0.264s] Level 1:colcon.colcon_core.package_identification:_identify(src/RTK_GPS_NTRIP) by extension 'python_setup_py'
[0.265s] Level 1:colcon.colcon_core.package_identification:_identify(src/RTK_GPS_NTRIP/fix2nmea) by extensions ['ignore', 'ignore_ament_install']
[0.265s] Level 1:colcon.colcon_core.package_identification:_identify(src/RTK_GPS_NTRIP/fix2nmea) by extension 'ignore'
[0.265s] Level 1:colcon.colcon_core.package_identification:_identify(src/RTK_GPS_NTRIP/fix2nmea) by extension 'ignore_ament_install'
[0.265s] Level 1:colcon.colcon_core.package_identification:_identify(src/RTK_GPS_NTRIP/fix2nmea) by extensions ['colcon_pkg']
[0.265s] Level 1:colcon.colcon_core.package_identification:_identify(src/RTK_GPS_NTRIP/fix2nmea) by extension 'colcon_pkg'
[0.265s] Level 1:colcon.colcon_core.package_identification:_identify(src/RTK_GPS_NTRIP/fix2nmea) by extensions ['colcon_meta']
[0.265s] Level 1:colcon.colcon_core.package_identification:_identify(src/RTK_GPS_NTRIP/fix2nmea) by extension 'colcon_meta'
[0.265s] Level 1:colcon.colcon_core.package_identification:_identify(src/RTK_GPS_NTRIP/fix2nmea) by extensions ['ros']
[0.265s] Level 1:colcon.colcon_core.package_identification:_identify(src/RTK_GPS_NTRIP/fix2nmea) by extension 'ros'
[0.267s] DEBUG:colcon.colcon_core.package_identification:Package 'src/RTK_GPS_NTRIP/fix2nmea' with type 'ros.ament_cmake' and name 'fix2nmea'
[0.267s] Level 1:colcon.colcon_core.package_identification:_identify(src/RTK_GPS_NTRIP/ntrip_client) by extensions ['ignore', 'ignore_ament_install']
[0.267s] Level 1:colcon.colcon_core.package_identification:_identify(src/RTK_GPS_NTRIP/ntrip_client) by extension 'ignore'
[0.267s] Level 1:colcon.colcon_core.package_identification:_identify(src/RTK_GPS_NTRIP/ntrip_client) by extension 'ignore_ament_install'
[0.267s] Level 1:colcon.colcon_core.package_identification:_identify(src/RTK_GPS_NTRIP/ntrip_client) by extensions ['colcon_pkg']
[0.267s] Level 1:colcon.colcon_core.package_identification:_identify(src/RTK_GPS_NTRIP/ntrip_client) by extension 'colcon_pkg'
[0.267s] Level 1:colcon.colcon_core.package_identification:_identify(src/RTK_GPS_NTRIP/ntrip_client) by extensions ['colcon_meta']
[0.267s] Level 1:colcon.colcon_core.package_identification:_identify(src/RTK_GPS_NTRIP/ntrip_client) by extension 'colcon_meta'
[0.267s] Level 1:colcon.colcon_core.package_identification:_identify(src/RTK_GPS_NTRIP/ntrip_client) by extensions ['ros']
[0.267s] Level 1:colcon.colcon_core.package_identification:_identify(src/RTK_GPS_NTRIP/ntrip_client) by extension 'ros'
[0.268s] DEBUG:colcon.colcon_core.package_identification:Package 'src/RTK_GPS_NTRIP/ntrip_client' with type 'ros.ament_python' and name 'ntrip_client'
[0.268s] Level 1:colcon.colcon_core.package_identification:_identify(src/RTK_GPS_NTRIP/rtcm_msgs) by extensions ['ignore', 'ignore_ament_install']
[0.268s] Level 1:colcon.colcon_core.package_identification:_identify(src/RTK_GPS_NTRIP/rtcm_msgs) by extension 'ignore'
[0.268s] Level 1:colcon.colcon_core.package_identification:_identify(src/RTK_GPS_NTRIP/rtcm_msgs) by extension 'ignore_ament_install'
[0.268s] Level 1:colcon.colcon_core.package_identification:_identify(src/RTK_GPS_NTRIP/rtcm_msgs) by extensions ['colcon_pkg']
[0.268s] Level 1:colcon.colcon_core.package_identification:_identify(src/RTK_GPS_NTRIP/rtcm_msgs) by extension 'colcon_pkg'
[0.268s] Level 1:colcon.colcon_core.package_identification:_identify(src/RTK_GPS_NTRIP/rtcm_msgs) by extensions ['colcon_meta']
[0.268s] Level 1:colcon.colcon_core.package_identification:_identify(src/RTK_GPS_NTRIP/rtcm_msgs) by extension 'colcon_meta'
[0.268s] Level 1:colcon.colcon_core.package_identification:_identify(src/RTK_GPS_NTRIP/rtcm_msgs) by extensions ['ros']
[0.268s] Level 1:colcon.colcon_core.package_identification:_identify(src/RTK_GPS_NTRIP/rtcm_msgs) by extension 'ros'
[0.271s] DEBUG:colcon.colcon_core.package_identification:Package 'src/RTK_GPS_NTRIP/rtcm_msgs' with type 'ros.ament_cmake' and name 'rtcm_msgs'
[0.271s] Level 1:colcon.colcon_core.package_identification:_identify(src/RTK_GPS_NTRIP/ublox) by extensions ['ignore', 'ignore_ament_install']
[0.271s] Level 1:colcon.colcon_core.package_identification:_identify(src/RTK_GPS_NTRIP/ublox) by extension 'ignore'
[0.271s] Level 1:colcon.colcon_core.package_identification:_identify(src/RTK_GPS_NTRIP/ublox) by extension 'ignore_ament_install'
[0.271s] Level 1:colcon.colcon_core.package_identification:_identify(src/RTK_GPS_NTRIP/ublox) by extensions ['colcon_pkg']
[0.271s] Level 1:colcon.colcon_core.package_identification:_identify(src/RTK_GPS_NTRIP/ublox) by extension 'colcon_pkg'
[0.271s] Level 1:colcon.colcon_core.package_identification:_identify(src/RTK_GPS_NTRIP/ublox) by extensions ['colcon_meta']
[0.271s] Level 1:colcon.colcon_core.package_identification:_identify(src/RTK_GPS_NTRIP/ublox) by extension 'colcon_meta'
[0.271s] Level 1:colcon.colcon_core.package_identification:_identify(src/RTK_GPS_NTRIP/ublox) by extensions ['ros']
[0.271s] Level 1:colcon.colcon_core.package_identification:_identify(src/RTK_GPS_NTRIP/ublox) by extension 'ros'
[0.271s] DEBUG:colcon.colcon_core.package_identification:Package 'src/RTK_GPS_NTRIP/ublox' with type 'ros.ament_cmake' and name 'ublox'
[0.272s] Level 1:colcon.colcon_core.package_identification:_identify(src/RTK_GPS_NTRIP/ublox_gps) by extensions ['ignore', 'ignore_ament_install']
[0.272s] Level 1:colcon.colcon_core.package_identification:_identify(src/RTK_GPS_NTRIP/ublox_gps) by extension 'ignore'
[0.272s] Level 1:colcon.colcon_core.package_identification:_identify(src/RTK_GPS_NTRIP/ublox_gps) by extension 'ignore_ament_install'
[0.272s] Level 1:colcon.colcon_core.package_identification:_identify(src/RTK_GPS_NTRIP/ublox_gps) by extensions ['colcon_pkg']
[0.272s] Level 1:colcon.colcon_core.package_identification:_identify(src/RTK_GPS_NTRIP/ublox_gps) by extension 'colcon_pkg'
[0.272s] Level 1:colcon.colcon_core.package_identification:_identify(src/RTK_GPS_NTRIP/ublox_gps) by extensions ['colcon_meta']
[0.272s] Level 1:colcon.colcon_core.package_identification:_identify(src/RTK_GPS_NTRIP/ublox_gps) by extension 'colcon_meta'
[0.272s] Level 1:colcon.colcon_core.package_identification:_identify(src/RTK_GPS_NTRIP/ublox_gps) by extensions ['ros']
[0.272s] Level 1:colcon.colcon_core.package_identification:_identify(src/RTK_GPS_NTRIP/ublox_gps) by extension 'ros'
[0.273s] DEBUG:colcon.colcon_core.package_identification:Package 'src/RTK_GPS_NTRIP/ublox_gps' with type 'ros.ament_cmake' and name 'ublox_gps'
[0.273s] Level 1:colcon.colcon_core.package_identification:_identify(src/RTK_GPS_NTRIP/ublox_msgs) by extensions ['ignore', 'ignore_ament_install']
[0.273s] Level 1:colcon.colcon_core.package_identification:_identify(src/RTK_GPS_NTRIP/ublox_msgs) by extension 'ignore'
[0.273s] Level 1:colcon.colcon_core.package_identification:_identify(src/RTK_GPS_NTRIP/ublox_msgs) by extension 'ignore_ament_install'
[0.273s] Level 1:colcon.colcon_core.package_identification:_identify(src/RTK_GPS_NTRIP/ublox_msgs) by extensions ['colcon_pkg']
[0.273s] Level 1:colcon.colcon_core.package_identification:_identify(src/RTK_GPS_NTRIP/ublox_msgs) by extension 'colcon_pkg'
[0.273s] Level 1:colcon.colcon_core.package_identification:_identify(src/RTK_GPS_NTRIP/ublox_msgs) by extensions ['colcon_meta']
[0.273s] Level 1:colcon.colcon_core.package_identification:_identify(src/RTK_GPS_NTRIP/ublox_msgs) by extension 'colcon_meta'
[0.273s] Level 1:colcon.colcon_core.package_identification:_identify(src/RTK_GPS_NTRIP/ublox_msgs) by extensions ['ros']
[0.273s] Level 1:colcon.colcon_core.package_identification:_identify(src/RTK_GPS_NTRIP/ublox_msgs) by extension 'ros'
[0.274s] DEBUG:colcon.colcon_core.package_identification:Package 'src/RTK_GPS_NTRIP/ublox_msgs' with type 'ros.ament_cmake' and name 'ublox_msgs'
[0.274s] Level 1:colcon.colcon_core.package_identification:_identify(src/RTK_GPS_NTRIP/ublox_serialization) by extensions ['ignore', 'ignore_ament_install']
[0.274s] Level 1:colcon.colcon_core.package_identification:_identify(src/RTK_GPS_NTRIP/ublox_serialization) by extension 'ignore'
[0.274s] Level 1:colcon.colcon_core.package_identification:_identify(src/RTK_GPS_NTRIP/ublox_serialization) by extension 'ignore_ament_install'
[0.274s] Level 1:colcon.colcon_core.package_identification:_identify(src/RTK_GPS_NTRIP/ublox_serialization) by extensions ['colcon_pkg']
[0.274s] Level 1:colcon.colcon_core.package_identification:_identify(src/RTK_GPS_NTRIP/ublox_serialization) by extension 'colcon_pkg'
[0.274s] Level 1:colcon.colcon_core.package_identification:_identify(src/RTK_GPS_NTRIP/ublox_serialization) by extensions ['colcon_meta']
[0.274s] Level 1:colcon.colcon_core.package_identification:_identify(src/RTK_GPS_NTRIP/ublox_serialization) by extension 'colcon_meta'
[0.274s] Level 1:colcon.colcon_core.package_identification:_identify(src/RTK_GPS_NTRIP/ublox_serialization) by extensions ['ros']
[0.274s] Level 1:colcon.colcon_core.package_identification:_identify(src/RTK_GPS_NTRIP/ublox_serialization) by extension 'ros'
[0.274s] DEBUG:colcon.colcon_core.package_identification:Package 'src/RTK_GPS_NTRIP/ublox_serialization' with type 'ros.ament_cmake' and name 'ublox_serialization'
[0.274s] Level 1:colcon.colcon_core.package_discovery:discover_packages(recursive) using defaults
[0.274s] Level 1:colcon.colcon_core.package_discovery:discover_packages(ignore) discover
[0.274s] Level 1:colcon.colcon_core.package_discovery:discover_packages(ignore) using defaults
[0.274s] Level 1:colcon.colcon_core.package_discovery:discover_packages(path) discover
[0.274s] Level 1:colcon.colcon_core.package_discovery:discover_packages(path) using defaults
[0.292s] Level 1:colcon.colcon_core.package_discovery:discover_packages(prefix_path) check parameters
[0.292s] Level 1:colcon.colcon_core.package_discovery:discover_packages(prefix_path) discover
[0.294s] DEBUG:colcon.colcon_installed_package_information.package_discovery:Found 7 installed packages in /home/yongjing-ub22/RTK_GPS_NTRIP_ws/install
[0.295s] DEBUG:colcon.colcon_installed_package_information.package_discovery:Found 392 installed packages in /opt/ros/humble
[0.302s] Level 1:colcon.colcon_core.package_discovery:discover_packages(prefix_path) using defaults
[0.329s] Level 5:colcon.colcon_core.verb:set package 'ntrip_client' build argument 'cmake_args' from command line to 'None'
[0.329s] Level 5:colcon.colcon_core.verb:set package 'ntrip_client' build argument 'cmake_target' from command line to 'None'
[0.329s] Level 5:colcon.colcon_core.verb:set package 'ntrip_client' build argument 'cmake_target_skip_unavailable' from command line to 'False'
[0.329s] Level 5:colcon.colcon_core.verb:set package 'ntrip_client' build argument 'cmake_clean_cache' from command line to 'False'
[0.329s] Level 5:colcon.colcon_core.verb:set package 'ntrip_client' build argument 'cmake_clean_first' from command line to 'False'
[0.329s] Level 5:colcon.colcon_core.verb:set package 'ntrip_client' build argument 'cmake_force_configure' from command line to 'False'
[0.329s] Level 5:colcon.colcon_core.verb:set package 'ntrip_client' build argument 'ament_cmake_args' from command line to 'None'
[0.329s] Level 5:colcon.colcon_core.verb:set package 'ntrip_client' build argument 'catkin_cmake_args' from command line to 'None'
[0.329s] Level 5:colcon.colcon_core.verb:set package 'ntrip_client' build argument 'catkin_skip_building_tests' from command line to 'False'
[0.329s] DEBUG:colcon.colcon_core.verb:Building package 'ntrip_client' with the following arguments: {'ament_cmake_args': None, 'build_base': '/home/yongjing-ub22/RTK_GPS_NTRIP_ws/build/ntrip_client', 'catkin_cmake_args': None, 'catkin_skip_building_tests': False, 'cmake_args': None, 'cmake_clean_cache': False, 'cmake_clean_first': False, 'cmake_force_configure': False, 'cmake_target': None, 'cmake_target_skip_unavailable': False, 'install_base': '/home/yongjing-ub22/RTK_GPS_NTRIP_ws/install/ntrip_client', 'merge_install': False, 'path': '/home/yongjing-ub22/RTK_GPS_NTRIP_ws/src/RTK_GPS_NTRIP/ntrip_client', 'symlink_install': False, 'test_result_base': None}
[0.329s] Level 5:colcon.colcon_core.verb:set package 'rtcm_msgs' build argument 'cmake_args' from command line to 'None'
[0.329s] Level 5:colcon.colcon_core.verb:set package 'rtcm_msgs' build argument 'cmake_target' from command line to 'None'
[0.329s] Level 5:colcon.colcon_core.verb:set package 'rtcm_msgs' build argument 'cmake_target_skip_unavailable' from command line to 'False'
[0.329s] Level 5:colcon.colcon_core.verb:set package 'rtcm_msgs' build argument 'cmake_clean_cache' from command line to 'False'
[0.329s] Level 5:colcon.colcon_core.verb:set package 'rtcm_msgs' build argument 'cmake_clean_first' from command line to 'False'
[0.329s] Level 5:colcon.colcon_core.verb:set package 'rtcm_msgs' build argument 'cmake_force_configure' from command line to 'False'
[0.329s] Level 5:colcon.colcon_core.verb:set package 'rtcm_msgs' build argument 'ament_cmake_args' from command line to 'None'
[0.329s] Level 5:colcon.colcon_core.verb:set package 'rtcm_msgs' build argument 'catkin_cmake_args' from command line to 'None'
[0.329s] Level 5:colcon.colcon_core.verb:set package 'rtcm_msgs' build argument 'catkin_skip_building_tests' from command line to 'False'
[0.329s] DEBUG:colcon.colcon_core.verb:Building package 'rtcm_msgs' with the following arguments: {'ament_cmake_args': None, 'build_base': '/home/yongjing-ub22/RTK_GPS_NTRIP_ws/build/rtcm_msgs', 'catkin_cmake_args': None, 'catkin_skip_building_tests': False, 'cmake_args': None, 'cmake_clean_cache': False, 'cmake_clean_first': False, 'cmake_force_configure': False, 'cmake_target': None, 'cmake_target_skip_unavailable': False, 'install_base': '/home/yongjing-ub22/RTK_GPS_NTRIP_ws/install/rtcm_msgs', 'merge_install': False, 'path': '/home/yongjing-ub22/RTK_GPS_NTRIP_ws/src/RTK_GPS_NTRIP/rtcm_msgs', 'symlink_install': False, 'test_result_base': None}
[0.329s] Level 5:colcon.colcon_core.verb:set package 'ublox_serialization' build argument 'cmake_args' from command line to 'None'
[0.329s] Level 5:colcon.colcon_core.verb:set package 'ublox_serialization' build argument 'cmake_target' from command line to 'None'
[0.329s] Level 5:colcon.colcon_core.verb:set package 'ublox_serialization' build argument 'cmake_target_skip_unavailable' from command line to 'False'
[0.329s] Level 5:colcon.colcon_core.verb:set package 'ublox_serialization' build argument 'cmake_clean_cache' from command line to 'False'
[0.329s] Level 5:colcon.colcon_core.verb:set package 'ublox_serialization' build argument 'cmake_clean_first' from command line to 'False'
[0.329s] Level 5:colcon.colcon_core.verb:set package 'ublox_serialization' build argument 'cmake_force_configure' from command line to 'False'
[0.329s] Level 5:colcon.colcon_core.verb:set package 'ublox_serialization' build argument 'ament_cmake_args' from command line to 'None'
[0.329s] Level 5:colcon.colcon_core.verb:set package 'ublox_serialization' build argument 'catkin_cmake_args' from command line to 'None'
[0.329s] Level 5:colcon.colcon_core.verb:set package 'ublox_serialization' build argument 'catkin_skip_building_tests' from command line to 'False'
[0.329s] DEBUG:colcon.colcon_core.verb:Building package 'ublox_serialization' with the following arguments: {'ament_cmake_args': None, 'build_base': '/home/yongjing-ub22/RTK_GPS_NTRIP_ws/build/ublox_serialization', 'catkin_cmake_args': None, 'catkin_skip_building_tests': False, 'cmake_args': None, 'cmake_clean_cache': False, 'cmake_clean_first': False, 'cmake_force_configure': False, 'cmake_target': None, 'cmake_target_skip_unavailable': False, 'install_base': '/home/yongjing-ub22/RTK_GPS_NTRIP_ws/install/ublox_serialization', 'merge_install': False, 'path': '/home/yongjing-ub22/RTK_GPS_NTRIP_ws/src/RTK_GPS_NTRIP/ublox_serialization', 'symlink_install': False, 'test_result_base': None}
[0.330s] Level 5:colcon.colcon_core.verb:set package 'ublox_msgs' build argument 'cmake_args' from command line to 'None'
[0.330s] Level 5:colcon.colcon_core.verb:set package 'ublox_msgs' build argument 'cmake_target' from command line to 'None'
[0.330s] Level 5:colcon.colcon_core.verb:set package 'ublox_msgs' build argument 'cmake_target_skip_unavailable' from command line to 'False'
[0.330s] Level 5:colcon.colcon_core.verb:set package 'ublox_msgs' build argument 'cmake_clean_cache' from command line to 'False'
[0.330s] Level 5:colcon.colcon_core.verb:set package 'ublox_msgs' build argument 'cmake_clean_first' from command line to 'False'
[0.330s] Level 5:colcon.colcon_core.verb:set package 'ublox_msgs' build argument 'cmake_force_configure' from command line to 'False'
[0.330s] Level 5:colcon.colcon_core.verb:set package 'ublox_msgs' build argument 'ament_cmake_args' from command line to 'None'
[0.330s] Level 5:colcon.colcon_core.verb:set package 'ublox_msgs' build argument 'catkin_cmake_args' from command line to 'None'
[0.330s] Level 5:colcon.colcon_core.verb:set package 'ublox_msgs' build argument 'catkin_skip_building_tests' from command line to 'False'
[0.330s] DEBUG:colcon.colcon_core.verb:Building package 'ublox_msgs' with the following arguments: {'ament_cmake_args': None, 'build_base': '/home/yongjing-ub22/RTK_GPS_NTRIP_ws/build/ublox_msgs', 'catkin_cmake_args': None, 'catkin_skip_building_tests': False, 'cmake_args': None, 'cmake_clean_cache': False, 'cmake_clean_first': False, 'cmake_force_configure': False, 'cmake_target': None, 'cmake_target_skip_unavailable': False, 'install_base': '/home/yongjing-ub22/RTK_GPS_NTRIP_ws/install/ublox_msgs', 'merge_install': False, 'path': '/home/yongjing-ub22/RTK_GPS_NTRIP_ws/src/RTK_GPS_NTRIP/ublox_msgs', 'symlink_install': False, 'test_result_base': None}
[0.330s] Level 5:colcon.colcon_core.verb:set package 'fix2nmea' build argument 'cmake_args' from command line to 'None'
[0.330s] Level 5:colcon.colcon_core.verb:set package 'fix2nmea' build argument 'cmake_target' from command line to 'None'
[0.330s] Level 5:colcon.colcon_core.verb:set package 'fix2nmea' build argument 'cmake_target_skip_unavailable' from command line to 'False'
[0.330s] Level 5:colcon.colcon_core.verb:set package 'fix2nmea' build argument 'cmake_clean_cache' from command line to 'False'
[0.330s] Level 5:colcon.colcon_core.verb:set package 'fix2nmea' build argument 'cmake_clean_first' from command line to 'False'
[0.330s] Level 5:colcon.colcon_core.verb:set package 'fix2nmea' build argument 'cmake_force_configure' from command line to 'False'
[0.330s] Level 5:colcon.colcon_core.verb:set package 'fix2nmea' build argument 'ament_cmake_args' from command line to 'None'
[0.330s] Level 5:colcon.colcon_core.verb:set package 'fix2nmea' build argument 'catkin_cmake_args' from command line to 'None'
[0.330s] Level 5:colcon.colcon_core.verb:set package 'fix2nmea' build argument 'catkin_skip_building_tests' from command line to 'False'
[0.330s] DEBUG:colcon.colcon_core.verb:Building package 'fix2nmea' with the following arguments: {'ament_cmake_args': None, 'build_base': '/home/yongjing-ub22/RTK_GPS_NTRIP_ws/build/fix2nmea', 'catkin_cmake_args': None, 'catkin_skip_building_tests': False, 'cmake_args': None, 'cmake_clean_cache': False, 'cmake_clean_first': False, 'cmake_force_configure': False, 'cmake_target': None, 'cmake_target_skip_unavailable': False, 'install_base': '/home/yongjing-ub22/RTK_GPS_NTRIP_ws/install/fix2nmea', 'merge_install': False, 'path': '/home/yongjing-ub22/RTK_GPS_NTRIP_ws/src/RTK_GPS_NTRIP/fix2nmea', 'symlink_install': False, 'test_result_base': None}
[0.330s] Level 5:colcon.colcon_core.verb:set package 'ublox_gps' build argument 'cmake_args' from command line to 'None'
[0.330s] Level 5:colcon.colcon_core.verb:set package 'ublox_gps' build argument 'cmake_target' from command line to 'None'
[0.330s] Level 5:colcon.colcon_core.verb:set package 'ublox_gps' build argument 'cmake_target_skip_unavailable' from command line to 'False'
[0.330s] Level 5:colcon.colcon_core.verb:set package 'ublox_gps' build argument 'cmake_clean_cache' from command line to 'False'
[0.330s] Level 5:colcon.colcon_core.verb:set package 'ublox_gps' build argument 'cmake_clean_first' from command line to 'False'
[0.330s] Level 5:colcon.colcon_core.verb:set package 'ublox_gps' build argument 'cmake_force_configure' from command line to 'False'
[0.330s] Level 5:colcon.colcon_core.verb:set package 'ublox_gps' build argument 'ament_cmake_args' from command line to 'None'
[0.330s] Level 5:colcon.colcon_core.verb:set package 'ublox_gps' build argument 'catkin_cmake_args' from command line to 'None'
[0.330s] Level 5:colcon.colcon_core.verb:set package 'ublox_gps' build argument 'catkin_skip_building_tests' from command line to 'False'
[0.330s] DEBUG:colcon.colcon_core.verb:Building package 'ublox_gps' with the following arguments: {'ament_cmake_args': None, 'build_base': '/home/yongjing-ub22/RTK_GPS_NTRIP_ws/build/ublox_gps', 'catkin_cmake_args': None, 'catkin_skip_building_tests': False, 'cmake_args': None, 'cmake_clean_cache': False, 'cmake_clean_first': False, 'cmake_force_configure': False, 'cmake_target': None, 'cmake_target_skip_unavailable': False, 'install_base': '/home/yongjing-ub22/RTK_GPS_NTRIP_ws/install/ublox_gps', 'merge_install': False, 'path': '/home/yongjing-ub22/RTK_GPS_NTRIP_ws/src/RTK_GPS_NTRIP/ublox_gps', 'symlink_install': False, 'test_result_base': None}
[0.331s] Level 5:colcon.colcon_core.verb:set package 'ublox' build argument 'cmake_args' from command line to 'None'
[0.331s] Level 5:colcon.colcon_core.verb:set package 'ublox' build argument 'cmake_target' from command line to 'None'
[0.331s] Level 5:colcon.colcon_core.verb:set package 'ublox' build argument 'cmake_target_skip_unavailable' from command line to 'False'
[0.331s] Level 5:colcon.colcon_core.verb:set package 'ublox' build argument 'cmake_clean_cache' from command line to 'False'
[0.331s] Level 5:colcon.colcon_core.verb:set package 'ublox' build argument 'cmake_clean_first' from command line to 'False'
[0.331s] Level 5:colcon.colcon_core.verb:set package 'ublox' build argument 'cmake_force_configure' from command line to 'False'
[0.331s] Level 5:colcon.colcon_core.verb:set package 'ublox' build argument 'ament_cmake_args' from command line to 'None'
[0.331s] Level 5:colcon.colcon_core.verb:set package 'ublox' build argument 'catkin_cmake_args' from command line to 'None'
[0.331s] Level 5:colcon.colcon_core.verb:set package 'ublox' build argument 'catkin_skip_building_tests' from command line to 'False'
[0.331s] DEBUG:colcon.colcon_core.verb:Building package 'ublox' with the following arguments: {'ament_cmake_args': None, 'build_base': '/home/yongjing-ub22/RTK_GPS_NTRIP_ws/build/ublox', 'catkin_cmake_args': None, 'catkin_skip_building_tests': False, 'cmake_args': None, 'cmake_clean_cache': False, 'cmake_clean_first': False, 'cmake_force_configure': False, 'cmake_target': None, 'cmake_target_skip_unavailable': False, 'install_base': '/home/yongjing-ub22/RTK_GPS_NTRIP_ws/install/ublox', 'merge_install': False, 'path': '/home/yongjing-ub22/RTK_GPS_NTRIP_ws/src/RTK_GPS_NTRIP/ublox', 'symlink_install': False, 'test_result_base': None}
[0.331s] INFO:colcon.colcon_core.executor:Executing jobs using 'parallel' executor
[0.332s] DEBUG:colcon.colcon_parallel_executor.executor.parallel:run_until_complete
[0.332s] INFO:colcon.colcon_ros.task.ament_cmake.build:Building ROS package in '/home/yongjing-ub22/RTK_GPS_NTRIP_ws/src/RTK_GPS_NTRIP/ublox_serialization' with build type 'ament_cmake'
[0.332s] INFO:colcon.colcon_cmake.task.cmake.build:Building CMake package in '/home/yongjing-ub22/RTK_GPS_NTRIP_ws/src/RTK_GPS_NTRIP/ublox_serialization'
[0.335s] INFO:colcon.colcon_core.plugin_system:Skipping extension 'colcon_core.shell.bat': Not used on non-Windows systems
[0.335s] INFO:colcon.colcon_core.shell:Skip shell extension 'powershell' for command environment: Not usable outside of PowerShell
[0.335s] DEBUG:colcon.colcon_core.shell:Skip shell extension 'dsv' for command environment
[0.337s] INFO:colcon.colcon_ros.task.ament_cmake.build:Building ROS package in '/home/yongjing-ub22/RTK_GPS_NTRIP_ws/src/RTK_GPS_NTRIP/rtcm_msgs' with build type 'ament_cmake'
[0.337s] INFO:colcon.colcon_cmake.task.cmake.build:Building CMake package in '/home/yongjing-ub22/RTK_GPS_NTRIP_ws/src/RTK_GPS_NTRIP/rtcm_msgs'
[0.338s] INFO:colcon.colcon_core.shell:Skip shell extension 'powershell' for command environment: Not usable outside of PowerShell
[0.338s] DEBUG:colcon.colcon_core.shell:Skip shell extension 'dsv' for command environment
[0.340s] INFO:colcon.colcon_ros.task.ament_python.build:Building ROS package in '/home/yongjing-ub22/RTK_GPS_NTRIP_ws/src/RTK_GPS_NTRIP/ntrip_client' with build type 'ament_python'
[0.340s] Level 1:colcon.colcon_core.shell:create_environment_hook('ntrip_client', 'ament_prefix_path')
[0.340s] INFO:colcon.colcon_core.shell:Creating environment hook '/home/yongjing-ub22/RTK_GPS_NTRIP_ws/install/ntrip_client/share/ntrip_client/hook/ament_prefix_path.ps1'
[0.341s] INFO:colcon.colcon_core.shell:Creating environment descriptor '/home/yongjing-ub22/RTK_GPS_NTRIP_ws/install/ntrip_client/share/ntrip_client/hook/ament_prefix_path.dsv'
[0.341s] INFO:colcon.colcon_core.shell:Creating environment hook '/home/yongjing-ub22/RTK_GPS_NTRIP_ws/install/ntrip_client/share/ntrip_client/hook/ament_prefix_path.sh'
[0.342s] INFO:colcon.colcon_core.shell:Skip shell extension 'powershell' for command environment: Not usable outside of PowerShell
[0.342s] DEBUG:colcon.colcon_core.shell:Skip shell extension 'dsv' for command environment
[0.349s] DEBUG:colcon.colcon_core.event_handler.log_command:Invoking command in '/home/yongjing-ub22/RTK_GPS_NTRIP_ws/build/ublox_serialization': CMAKE_PREFIX_PATH=${CMAKE_PREFIX_PATH}:/home/yongjing-ub22/RTK_GPS_NTRIP_ws/install/ntrip_client:/opt/ros/humble /usr/bin/cmake --build /home/yongjing-ub22/RTK_GPS_NTRIP_ws/build/ublox_serialization -- -j20 -l20
[0.354s] DEBUG:colcon.colcon_core.event_handler.log_command:Invoking command in '/home/yongjing-ub22/RTK_GPS_NTRIP_ws/build/rtcm_msgs': CMAKE_PREFIX_PATH=${CMAKE_PREFIX_PATH}:/home/yongjing-ub22/RTK_GPS_NTRIP_ws/install/ntrip_client:/opt/ros/humble /usr/bin/cmake --build /home/yongjing-ub22/RTK_GPS_NTRIP_ws/build/rtcm_msgs -- -j20 -l20
[0.620s] INFO:colcon.colcon_core.task.python.build:Building Python package in '/home/yongjing-ub22/RTK_GPS_NTRIP_ws/src/RTK_GPS_NTRIP/ntrip_client'
[0.620s] INFO:colcon.colcon_core.shell:Skip shell extension 'powershell' for command environment: Not usable outside of PowerShell
[0.620s] DEBUG:colcon.colcon_core.shell:Skip shell extension 'dsv' for command environment
[0.626s] DEBUG:colcon.colcon_core.event_handler.log_command:Invoked command in '/home/yongjing-ub22/RTK_GPS_NTRIP_ws/build/ublox_serialization' returned '0': CMAKE_PREFIX_PATH=${CMAKE_PREFIX_PATH}:/home/yongjing-ub22/RTK_GPS_NTRIP_ws/install/ntrip_client:/opt/ros/humble /usr/bin/cmake --build /home/yongjing-ub22/RTK_GPS_NTRIP_ws/build/ublox_serialization -- -j20 -l20
[0.659s] DEBUG:colcon.colcon_core.event_handler.log_command:Invoking command in '/home/yongjing-ub22/RTK_GPS_NTRIP_ws/build/ublox_serialization': CMAKE_PREFIX_PATH=${CMAKE_PREFIX_PATH}:/home/yongjing-ub22/RTK_GPS_NTRIP_ws/install/ntrip_client:/opt/ros/humble /usr/bin/cmake --install /home/yongjing-ub22/RTK_GPS_NTRIP_ws/build/ublox_serialization
[0.673s] Level 1:colcon.colcon_core.environment:create_environment_scripts_only(ublox_serialization)
[0.673s] DEBUG:colcon.colcon_core.event_handler.log_command:Invoked command in '/home/yongjing-ub22/RTK_GPS_NTRIP_ws/build/ublox_serialization' returned '0': CMAKE_PREFIX_PATH=${CMAKE_PREFIX_PATH}:/home/yongjing-ub22/RTK_GPS_NTRIP_ws/install/ntrip_client:/opt/ros/humble /usr/bin/cmake --install /home/yongjing-ub22/RTK_GPS_NTRIP_ws/build/ublox_serialization
[0.677s] Level 1:colcon.colcon_core.environment:checking '/home/yongjing-ub22/RTK_GPS_NTRIP_ws/install/ublox_serialization' for CMake module files
[0.677s] Level 1:colcon.colcon_core.environment:checking '/home/yongjing-ub22/RTK_GPS_NTRIP_ws/install/ublox_serialization' for CMake config files
[0.678s] Level 1:colcon.colcon_core.shell:create_environment_hook('ublox_serialization', 'cmake_prefix_path')
[0.678s] INFO:colcon.colcon_core.shell:Creating environment hook '/home/yongjing-ub22/RTK_GPS_NTRIP_ws/install/ublox_serialization/share/ublox_serialization/hook/cmake_prefix_path.ps1'
[0.678s] INFO:colcon.colcon_core.shell:Creating environment descriptor '/home/yongjing-ub22/RTK_GPS_NTRIP_ws/install/ublox_serialization/share/ublox_serialization/hook/cmake_prefix_path.dsv'
[0.678s] INFO:colcon.colcon_core.shell:Creating environment hook '/home/yongjing-ub22/RTK_GPS_NTRIP_ws/install/ublox_serialization/share/ublox_serialization/hook/cmake_prefix_path.sh'
[0.679s] Level 1:colcon.colcon_core.environment:checking '/home/yongjing-ub22/RTK_GPS_NTRIP_ws/install/ublox_serialization/bin'
[0.679s] Level 1:colcon.colcon_core.environment:checking '/home/yongjing-ub22/RTK_GPS_NTRIP_ws/install/ublox_serialization/lib/pkgconfig/ublox_serialization.pc'
[0.679s] Level 1:colcon.colcon_core.environment:checking '/home/yongjing-ub22/RTK_GPS_NTRIP_ws/install/ublox_serialization/lib/python3.10/site-packages'
[0.679s] Level 1:colcon.colcon_core.environment:checking '/home/yongjing-ub22/RTK_GPS_NTRIP_ws/install/ublox_serialization/bin'
[0.680s] INFO:colcon.colcon_core.shell:Creating package script '/home/yongjing-ub22/RTK_GPS_NTRIP_ws/install/ublox_serialization/share/ublox_serialization/package.ps1'
[0.680s] INFO:colcon.colcon_core.shell:Creating package descriptor '/home/yongjing-ub22/RTK_GPS_NTRIP_ws/install/ublox_serialization/share/ublox_serialization/package.dsv'
[0.681s] INFO:colcon.colcon_core.shell:Creating package script '/home/yongjing-ub22/RTK_GPS_NTRIP_ws/install/ublox_serialization/share/ublox_serialization/package.sh'
[0.682s] INFO:colcon.colcon_core.shell:Creating package script '/home/yongjing-ub22/RTK_GPS_NTRIP_ws/install/ublox_serialization/share/ublox_serialization/package.bash'
[0.682s] INFO:colcon.colcon_core.shell:Creating package script '/home/yongjing-ub22/RTK_GPS_NTRIP_ws/install/ublox_serialization/share/ublox_serialization/package.zsh'
[0.683s] Level 1:colcon.colcon_core.environment:create_file_with_runtime_dependencies(/home/yongjing-ub22/RTK_GPS_NTRIP_ws/install/ublox_serialization/share/colcon-core/packages/ublox_serialization)
[0.710s] Level 1:colcon.colcon_core.environment:create_environment_scripts_only(ublox_serialization)
[0.711s] Level 1:colcon.colcon_core.environment:checking '/home/yongjing-ub22/RTK_GPS_NTRIP_ws/install/ublox_serialization' for CMake module files
[0.711s] Level 1:colcon.colcon_core.environment:checking '/home/yongjing-ub22/RTK_GPS_NTRIP_ws/install/ublox_serialization' for CMake config files
[0.711s] Level 1:colcon.colcon_core.shell:create_environment_hook('ublox_serialization', 'cmake_prefix_path')
[0.711s] INFO:colcon.colcon_core.shell:Creating environment hook '/home/yongjing-ub22/RTK_GPS_NTRIP_ws/install/ublox_serialization/share/ublox_serialization/hook/cmake_prefix_path.ps1'
[0.712s] INFO:colcon.colcon_core.shell:Creating environment descriptor '/home/yongjing-ub22/RTK_GPS_NTRIP_ws/install/ublox_serialization/share/ublox_serialization/hook/cmake_prefix_path.dsv'
[0.712s] INFO:colcon.colcon_core.shell:Creating environment hook '/home/yongjing-ub22/RTK_GPS_NTRIP_ws/install/ublox_serialization/share/ublox_serialization/hook/cmake_prefix_path.sh'
[0.712s] Level 1:colcon.colcon_core.environment:checking '/home/yongjing-ub22/RTK_GPS_NTRIP_ws/install/ublox_serialization/bin'
[0.712s] Level 1:colcon.colcon_core.environment:checking '/home/yongjing-ub22/RTK_GPS_NTRIP_ws/install/ublox_serialization/lib/pkgconfig/ublox_serialization.pc'
[0.713s] Level 1:colcon.colcon_core.environment:checking '/home/yongjing-ub22/RTK_GPS_NTRIP_ws/install/ublox_serialization/lib/python3.10/site-packages'
[0.713s] Level 1:colcon.colcon_core.environment:checking '/home/yongjing-ub22/RTK_GPS_NTRIP_ws/install/ublox_serialization/bin'
[0.713s] INFO:colcon.colcon_core.shell:Creating package script '/home/yongjing-ub22/RTK_GPS_NTRIP_ws/install/ublox_serialization/share/ublox_serialization/package.ps1'
[0.713s] INFO:colcon.colcon_core.shell:Creating package descriptor '/home/yongjing-ub22/RTK_GPS_NTRIP_ws/install/ublox_serialization/share/ublox_serialization/package.dsv'
[0.714s] INFO:colcon.colcon_core.shell:Creating package script '/home/yongjing-ub22/RTK_GPS_NTRIP_ws/install/ublox_serialization/share/ublox_serialization/package.sh'
[0.714s] INFO:colcon.colcon_core.shell:Creating package script '/home/yongjing-ub22/RTK_GPS_NTRIP_ws/install/ublox_serialization/share/ublox_serialization/package.bash'
[0.714s] INFO:colcon.colcon_core.shell:Creating package script '/home/yongjing-ub22/RTK_GPS_NTRIP_ws/install/ublox_serialization/share/ublox_serialization/package.zsh'
[0.715s] Level 1:colcon.colcon_core.environment:create_file_with_runtime_dependencies(/home/yongjing-ub22/RTK_GPS_NTRIP_ws/install/ublox_serialization/share/colcon-core/packages/ublox_serialization)
[0.715s] INFO:colcon.colcon_ros.task.ament_cmake.build:Building ROS package in '/home/yongjing-ub22/RTK_GPS_NTRIP_ws/src/RTK_GPS_NTRIP/ublox_msgs' with build type 'ament_cmake'
[0.715s] INFO:colcon.colcon_cmake.task.cmake.build:Building CMake package in '/home/yongjing-ub22/RTK_GPS_NTRIP_ws/src/RTK_GPS_NTRIP/ublox_msgs'
[0.715s] INFO:colcon.colcon_core.shell:Skip shell extension 'powershell' for command environment: Not usable outside of PowerShell
[0.715s] DEBUG:colcon.colcon_core.shell:Skip shell extension 'dsv' for command environment
[0.726s] DEBUG:colcon.colcon_core.event_handler.log_command:Invoking command in '/home/yongjing-ub22/RTK_GPS_NTRIP_ws/build/ublox_msgs': CMAKE_PREFIX_PATH=/home/yongjing-ub22/RTK_GPS_NTRIP_ws/install/ublox_serialization:/home/yongjing-ub22/RTK_GPS_NTRIP_ws/install/ublox:/home/yongjing-ub22/RTK_GPS_NTRIP_ws/install/ublox_gps:/home/yongjing-ub22/RTK_GPS_NTRIP_ws/install/fix2nmea:/home/yongjing-ub22/RTK_GPS_NTRIP_ws/install/ublox_msgs:/home/yongjing-ub22/RTK_GPS_NTRIP_ws/install/rtcm_msgs:/home/yongjing-ub22/RTK_GPS_NTRIP_ws/install/ntrip_client:/opt/ros/humble /usr/bin/cmake --build /home/yongjing-ub22/RTK_GPS_NTRIP_ws/build/ublox_msgs -- -j20 -l20
[0.747s] DEBUG:colcon.colcon_core.event_handler.log_command:Invoked command in '/home/yongjing-ub22/RTK_GPS_NTRIP_ws/build/rtcm_msgs' returned '0': CMAKE_PREFIX_PATH=${CMAKE_PREFIX_PATH}:/home/yongjing-ub22/RTK_GPS_NTRIP_ws/install/ntrip_client:/opt/ros/humble /usr/bin/cmake --build /home/yongjing-ub22/RTK_GPS_NTRIP_ws/build/rtcm_msgs -- -j20 -l20
[0.824s] DEBUG:colcon.colcon_core.event_handler.log_command:Invoking command in '/home/yongjing-ub22/RTK_GPS_NTRIP_ws/build/rtcm_msgs': CMAKE_PREFIX_PATH=${CMAKE_PREFIX_PATH}:/home/yongjing-ub22/RTK_GPS_NTRIP_ws/install/ntrip_client:/opt/ros/humble /usr/bin/cmake --install /home/yongjing-ub22/RTK_GPS_NTRIP_ws/build/rtcm_msgs
[0.898s] Level 1:colcon.colcon_core.environment:create_environment_scripts_only(rtcm_msgs)
[0.899s] Level 1:colcon.colcon_core.environment:checking '/home/yongjing-ub22/RTK_GPS_NTRIP_ws/install/rtcm_msgs' for CMake module files
[0.901s] DEBUG:colcon.colcon_core.event_handler.log_command:Invoked command in '/home/yongjing-ub22/RTK_GPS_NTRIP_ws/build/rtcm_msgs' returned '0': CMAKE_PREFIX_PATH=${CMAKE_PREFIX_PATH}:/home/yongjing-ub22/RTK_GPS_NTRIP_ws/install/ntrip_client:/opt/ros/humble /usr/bin/cmake --install /home/yongjing-ub22/RTK_GPS_NTRIP_ws/build/rtcm_msgs
[0.902s] Level 1:colcon.colcon_core.environment:checking '/home/yongjing-ub22/RTK_GPS_NTRIP_ws/install/rtcm_msgs' for CMake config files
[0.903s] Level 1:colcon.colcon_core.shell:create_environment_hook('rtcm_msgs', 'cmake_prefix_path')
[0.904s] INFO:colcon.colcon_core.shell:Creating environment hook '/home/yongjing-ub22/RTK_GPS_NTRIP_ws/install/rtcm_msgs/share/rtcm_msgs/hook/cmake_prefix_path.ps1'
[0.904s] INFO:colcon.colcon_core.shell:Creating environment descriptor '/home/yongjing-ub22/RTK_GPS_NTRIP_ws/install/rtcm_msgs/share/rtcm_msgs/hook/cmake_prefix_path.dsv'
[0.905s] INFO:colcon.colcon_core.shell:Creating environment hook '/home/yongjing-ub22/RTK_GPS_NTRIP_ws/install/rtcm_msgs/share/rtcm_msgs/hook/cmake_prefix_path.sh'
[0.905s] Level 1:colcon.colcon_core.environment:checking '/home/yongjing-ub22/RTK_GPS_NTRIP_ws/install/rtcm_msgs/lib'
[0.906s] Level 1:colcon.colcon_core.shell:create_environment_hook('rtcm_msgs', 'ld_library_path_lib')
[0.906s] INFO:colcon.colcon_core.shell:Creating environment hook '/home/yongjing-ub22/RTK_GPS_NTRIP_ws/install/rtcm_msgs/share/rtcm_msgs/hook/ld_library_path_lib.ps1'
[0.906s] INFO:colcon.colcon_core.shell:Creating environment descriptor '/home/yongjing-ub22/RTK_GPS_NTRIP_ws/install/rtcm_msgs/share/rtcm_msgs/hook/ld_library_path_lib.dsv'
[0.907s] INFO:colcon.colcon_core.shell:Creating environment hook '/home/yongjing-ub22/RTK_GPS_NTRIP_ws/install/rtcm_msgs/share/rtcm_msgs/hook/ld_library_path_lib.sh'
[0.907s] Level 1:colcon.colcon_core.environment:checking '/home/yongjing-ub22/RTK_GPS_NTRIP_ws/install/rtcm_msgs/bin'
[0.907s] Level 1:colcon.colcon_core.environment:checking '/home/yongjing-ub22/RTK_GPS_NTRIP_ws/install/rtcm_msgs/lib/pkgconfig/rtcm_msgs.pc'
[0.908s] Level 1:colcon.colcon_core.environment:checking '/home/yongjing-ub22/RTK_GPS_NTRIP_ws/install/rtcm_msgs/lib/python3.10/site-packages'
[0.908s] Level 1:colcon.colcon_core.environment:checking '/home/yongjing-ub22/RTK_GPS_NTRIP_ws/install/rtcm_msgs/bin'
[0.908s] INFO:colcon.colcon_core.shell:Creating package script '/home/yongjing-ub22/RTK_GPS_NTRIP_ws/install/rtcm_msgs/share/rtcm_msgs/package.ps1'
[0.909s] INFO:colcon.colcon_core.shell:Creating package descriptor '/home/yongjing-ub22/RTK_GPS_NTRIP_ws/install/rtcm_msgs/share/rtcm_msgs/package.dsv'
[0.910s] INFO:colcon.colcon_core.shell:Creating package script '/home/yongjing-ub22/RTK_GPS_NTRIP_ws/install/rtcm_msgs/share/rtcm_msgs/package.sh'
[0.910s] INFO:colcon.colcon_core.shell:Creating package script '/home/yongjing-ub22/RTK_GPS_NTRIP_ws/install/rtcm_msgs/share/rtcm_msgs/package.bash'
[0.910s] INFO:colcon.colcon_core.shell:Creating package script '/home/yongjing-ub22/RTK_GPS_NTRIP_ws/install/rtcm_msgs/share/rtcm_msgs/package.zsh'
[0.911s] Level 1:colcon.colcon_core.environment:create_file_with_runtime_dependencies(/home/yongjing-ub22/RTK_GPS_NTRIP_ws/install/rtcm_msgs/share/colcon-core/packages/rtcm_msgs)
[1.005s] Level 1:colcon.colcon_core.environment:create_environment_scripts_only(rtcm_msgs)
[1.005s] Level 1:colcon.colcon_core.environment:checking '/home/yongjing-ub22/RTK_GPS_NTRIP_ws/install/rtcm_msgs' for CMake module files
[1.006s] Level 1:colcon.colcon_core.environment:checking '/home/yongjing-ub22/RTK_GPS_NTRIP_ws/install/rtcm_msgs' for CMake config files
[1.007s] Level 1:colcon.colcon_core.shell:create_environment_hook('rtcm_msgs', 'cmake_prefix_path')
[1.007s] INFO:colcon.colcon_core.shell:Creating environment hook '/home/yongjing-ub22/RTK_GPS_NTRIP_ws/install/rtcm_msgs/share/rtcm_msgs/hook/cmake_prefix_path.ps1'
[1.008s] INFO:colcon.colcon_core.shell:Creating environment descriptor '/home/yongjing-ub22/RTK_GPS_NTRIP_ws/install/rtcm_msgs/share/rtcm_msgs/hook/cmake_prefix_path.dsv'
[1.008s] INFO:colcon.colcon_core.shell:Creating environment hook '/home/yongjing-ub22/RTK_GPS_NTRIP_ws/install/rtcm_msgs/share/rtcm_msgs/hook/cmake_prefix_path.sh'
[1.009s] Level 1:colcon.colcon_core.environment:checking '/home/yongjing-ub22/RTK_GPS_NTRIP_ws/install/rtcm_msgs/lib'
[1.009s] Level 1:colcon.colcon_core.shell:create_environment_hook('rtcm_msgs', 'ld_library_path_lib')
[1.009s] INFO:colcon.colcon_core.shell:Creating environment hook '/home/yongjing-ub22/RTK_GPS_NTRIP_ws/install/rtcm_msgs/share/rtcm_msgs/hook/ld_library_path_lib.ps1'
[1.009s] INFO:colcon.colcon_core.shell:Creating environment descriptor '/home/yongjing-ub22/RTK_GPS_NTRIP_ws/install/rtcm_msgs/share/rtcm_msgs/hook/ld_library_path_lib.dsv'
[1.010s] INFO:colcon.colcon_core.shell:Creating environment hook '/home/yongjing-ub22/RTK_GPS_NTRIP_ws/install/rtcm_msgs/share/rtcm_msgs/hook/ld_library_path_lib.sh'
[1.010s] Level 1:colcon.colcon_core.environment:checking '/home/yongjing-ub22/RTK_GPS_NTRIP_ws/install/rtcm_msgs/bin'
[1.010s] Level 1:colcon.colcon_core.environment:checking '/home/yongjing-ub22/RTK_GPS_NTRIP_ws/install/rtcm_msgs/lib/pkgconfig/rtcm_msgs.pc'
[1.010s] Level 1:colcon.colcon_core.environment:checking '/home/yongjing-ub22/RTK_GPS_NTRIP_ws/install/rtcm_msgs/lib/python3.10/site-packages'
[1.010s] Level 1:colcon.colcon_core.environment:checking '/home/yongjing-ub22/RTK_GPS_NTRIP_ws/install/rtcm_msgs/bin'
[1.010s] INFO:colcon.colcon_core.shell:Creating package script '/home/yongjing-ub22/RTK_GPS_NTRIP_ws/install/rtcm_msgs/share/rtcm_msgs/package.ps1'
[1.011s] INFO:colcon.colcon_core.shell:Creating package descriptor '/home/yongjing-ub22/RTK_GPS_NTRIP_ws/install/rtcm_msgs/share/rtcm_msgs/package.dsv'
[1.011s] INFO:colcon.colcon_core.shell:Creating package script '/home/yongjing-ub22/RTK_GPS_NTRIP_ws/install/rtcm_msgs/share/rtcm_msgs/package.sh'
[1.011s] INFO:colcon.colcon_core.shell:Creating package script '/home/yongjing-ub22/RTK_GPS_NTRIP_ws/install/rtcm_msgs/share/rtcm_msgs/package.bash'
[1.012s] INFO:colcon.colcon_core.shell:Creating package script '/home/yongjing-ub22/RTK_GPS_NTRIP_ws/install/rtcm_msgs/share/rtcm_msgs/package.zsh'
[1.012s] Level 1:colcon.colcon_core.environment:create_file_with_runtime_dependencies(/home/yongjing-ub22/RTK_GPS_NTRIP_ws/install/rtcm_msgs/share/colcon-core/packages/rtcm_msgs)
[1.137s] DEBUG:colcon.colcon_core.event_handler.log_command:Invoking command in '/home/yongjing-ub22/RTK_GPS_NTRIP_ws/src/RTK_GPS_NTRIP/ntrip_client': PYTHONPATH=/home/yongjing-ub22/RTK_GPS_NTRIP_ws/build/ntrip_client/prefix_override:/usr/lib/python3/dist-packages/colcon_core/task/python/colcon_distutils_commands:/home/yongjing-ub22/RTK_GPS_NTRIP_ws/install/ntrip_client/lib/python3.10/site-packages:${PYTHONPATH} /usr/bin/python3 -W ignore:setup.py install is deprecated setup.py egg_info --egg-base ../../../build/ntrip_client build --build-base /home/yongjing-ub22/RTK_GPS_NTRIP_ws/build/ntrip_client/build install --record /home/yongjing-ub22/RTK_GPS_NTRIP_ws/build/ntrip_client/install.log --single-version-externally-managed install_data
[1.225s] DEBUG:colcon.colcon_core.event_handler.log_command:Invoked command in '/home/yongjing-ub22/RTK_GPS_NTRIP_ws/build/ublox_msgs' returned '0': CMAKE_PREFIX_PATH=/home/yongjing-ub22/RTK_GPS_NTRIP_ws/install/ublox_serialization:/home/yongjing-ub22/RTK_GPS_NTRIP_ws/install/ublox:/home/yongjing-ub22/RTK_GPS_NTRIP_ws/install/ublox_gps:/home/yongjing-ub22/RTK_GPS_NTRIP_ws/install/fix2nmea:/home/yongjing-ub22/RTK_GPS_NTRIP_ws/install/ublox_msgs:/home/yongjing-ub22/RTK_GPS_NTRIP_ws/install/rtcm_msgs:/home/yongjing-ub22/RTK_GPS_NTRIP_ws/install/ntrip_client:/opt/ros/humble /usr/bin/cmake --build /home/yongjing-ub22/RTK_GPS_NTRIP_ws/build/ublox_msgs -- -j20 -l20
[1.393s] Level 1:colcon.colcon_core.environment:checking '/home/yongjing-ub22/RTK_GPS_NTRIP_ws/install/ntrip_client' for CMake module files
[1.394s] DEBUG:colcon.colcon_core.event_handler.log_command:Invoked command in '/home/yongjing-ub22/RTK_GPS_NTRIP_ws/src/RTK_GPS_NTRIP/ntrip_client' returned '0': PYTHONPATH=/home/yongjing-ub22/RTK_GPS_NTRIP_ws/build/ntrip_client/prefix_override:/usr/lib/python3/dist-packages/colcon_core/task/python/colcon_distutils_commands:/home/yongjing-ub22/RTK_GPS_NTRIP_ws/install/ntrip_client/lib/python3.10/site-packages:${PYTHONPATH} /usr/bin/python3 -W ignore:setup.py install is deprecated setup.py egg_info --egg-base ../../../build/ntrip_client build --build-base /home/yongjing-ub22/RTK_GPS_NTRIP_ws/build/ntrip_client/build install --record /home/yongjing-ub22/RTK_GPS_NTRIP_ws/build/ntrip_client/install.log --single-version-externally-managed install_data
[1.395s] Level 1:colcon.colcon_core.environment:checking '/home/yongjing-ub22/RTK_GPS_NTRIP_ws/install/ntrip_client' for CMake config files
[1.395s] Level 1:colcon.colcon_core.environment:checking '/home/yongjing-ub22/RTK_GPS_NTRIP_ws/install/ntrip_client/lib'
[1.395s] Level 1:colcon.colcon_core.environment:checking '/home/yongjing-ub22/RTK_GPS_NTRIP_ws/install/ntrip_client/bin'
[1.395s] Level 1:colcon.colcon_core.environment:checking '/home/yongjing-ub22/RTK_GPS_NTRIP_ws/install/ntrip_client/lib/pkgconfig/ntrip_client.pc'
[1.395s] Level 1:colcon.colcon_core.environment:checking '/home/yongjing-ub22/RTK_GPS_NTRIP_ws/install/ntrip_client/lib/python3.10/site-packages'
[1.395s] Level 1:colcon.colcon_core.shell:create_environment_hook('ntrip_client', 'pythonpath')
[1.396s] INFO:colcon.colcon_core.shell:Creating environment hook '/home/yongjing-ub22/RTK_GPS_NTRIP_ws/install/ntrip_client/share/ntrip_client/hook/pythonpath.ps1'
[1.396s] INFO:colcon.colcon_core.shell:Creating environment descriptor '/home/yongjing-ub22/RTK_GPS_NTRIP_ws/install/ntrip_client/share/ntrip_client/hook/pythonpath.dsv'
[1.396s] INFO:colcon.colcon_core.shell:Creating environment hook '/home/yongjing-ub22/RTK_GPS_NTRIP_ws/install/ntrip_client/share/ntrip_client/hook/pythonpath.sh'
[1.397s] Level 1:colcon.colcon_core.environment:checking '/home/yongjing-ub22/RTK_GPS_NTRIP_ws/install/ntrip_client/bin'
[1.397s] Level 1:colcon.colcon_core.environment:create_environment_scripts_only(ntrip_client)
[1.397s] INFO:colcon.colcon_core.shell:Creating package script '/home/yongjing-ub22/RTK_GPS_NTRIP_ws/install/ntrip_client/share/ntrip_client/package.ps1'
[1.397s] INFO:colcon.colcon_core.shell:Creating package descriptor '/home/yongjing-ub22/RTK_GPS_NTRIP_ws/install/ntrip_client/share/ntrip_client/package.dsv'
[1.398s] INFO:colcon.colcon_core.shell:Creating package script '/home/yongjing-ub22/RTK_GPS_NTRIP_ws/install/ntrip_client/share/ntrip_client/package.sh'
[1.398s] INFO:colcon.colcon_core.shell:Creating package script '/home/yongjing-ub22/RTK_GPS_NTRIP_ws/install/ntrip_client/share/ntrip_client/package.bash'
[1.398s] INFO:colcon.colcon_core.shell:Creating package script '/home/yongjing-ub22/RTK_GPS_NTRIP_ws/install/ntrip_client/share/ntrip_client/package.zsh'
[1.398s] Level 1:colcon.colcon_core.environment:create_file_with_runtime_dependencies(/home/yongjing-ub22/RTK_GPS_NTRIP_ws/install/ntrip_client/share/colcon-core/packages/ntrip_client)
[2.819s] DEBUG:colcon.colcon_core.event_handler.log_command:Invoking command in '/home/yongjing-ub22/RTK_GPS_NTRIP_ws/build/ublox_msgs': CMAKE_PREFIX_PATH=/home/yongjing-ub22/RTK_GPS_NTRIP_ws/install/ublox_serialization:/home/yongjing-ub22/RTK_GPS_NTRIP_ws/install/ublox:/home/yongjing-ub22/RTK_GPS_NTRIP_ws/install/ublox_gps:/home/yongjing-ub22/RTK_GPS_NTRIP_ws/install/fix2nmea:/home/yongjing-ub22/RTK_GPS_NTRIP_ws/install/ublox_msgs:/home/yongjing-ub22/RTK_GPS_NTRIP_ws/install/rtcm_msgs:/home/yongjing-ub22/RTK_GPS_NTRIP_ws/install/ntrip_client:/opt/ros/humble /usr/bin/cmake --install /home/yongjing-ub22/RTK_GPS_NTRIP_ws/build/ublox_msgs
[2.935s] Level 1:colcon.colcon_core.environment:create_environment_scripts_only(ublox_msgs)
[2.935s] Level 1:colcon.colcon_core.environment:checking '/home/yongjing-ub22/RTK_GPS_NTRIP_ws/install/ublox_msgs' for CMake module files
[2.935s] DEBUG:colcon.colcon_core.event_handler.log_command:Invoked command in '/home/yongjing-ub22/RTK_GPS_NTRIP_ws/build/ublox_msgs' returned '0': CMAKE_PREFIX_PATH=/home/yongjing-ub22/RTK_GPS_NTRIP_ws/install/ublox_serialization:/home/yongjing-ub22/RTK_GPS_NTRIP_ws/install/ublox:/home/yongjing-ub22/RTK_GPS_NTRIP_ws/install/ublox_gps:/home/yongjing-ub22/RTK_GPS_NTRIP_ws/install/fix2nmea:/home/yongjing-ub22/RTK_GPS_NTRIP_ws/install/ublox_msgs:/home/yongjing-ub22/RTK_GPS_NTRIP_ws/install/rtcm_msgs:/home/yongjing-ub22/RTK_GPS_NTRIP_ws/install/ntrip_client:/opt/ros/humble /usr/bin/cmake --install /home/yongjing-ub22/RTK_GPS_NTRIP_ws/build/ublox_msgs
[2.936s] Level 1:colcon.colcon_core.environment:checking '/home/yongjing-ub22/RTK_GPS_NTRIP_ws/install/ublox_msgs' for CMake config files
[2.938s] Level 1:colcon.colcon_core.shell:create_environment_hook('ublox_msgs', 'cmake_prefix_path')
[2.938s] INFO:colcon.colcon_core.shell:Creating environment hook '/home/yongjing-ub22/RTK_GPS_NTRIP_ws/install/ublox_msgs/share/ublox_msgs/hook/cmake_prefix_path.ps1'
[2.938s] INFO:colcon.colcon_core.shell:Creating environment descriptor '/home/yongjing-ub22/RTK_GPS_NTRIP_ws/install/ublox_msgs/share/ublox_msgs/hook/cmake_prefix_path.dsv'
[2.939s] INFO:colcon.colcon_core.shell:Creating environment hook '/home/yongjing-ub22/RTK_GPS_NTRIP_ws/install/ublox_msgs/share/ublox_msgs/hook/cmake_prefix_path.sh'
[2.939s] Level 1:colcon.colcon_core.environment:checking '/home/yongjing-ub22/RTK_GPS_NTRIP_ws/install/ublox_msgs/lib'
[2.939s] Level 1:colcon.colcon_core.shell:create_environment_hook('ublox_msgs', 'ld_library_path_lib')
[2.939s] INFO:colcon.colcon_core.shell:Creating environment hook '/home/yongjing-ub22/RTK_GPS_NTRIP_ws/install/ublox_msgs/share/ublox_msgs/hook/ld_library_path_lib.ps1'
[2.939s] INFO:colcon.colcon_core.shell:Creating environment descriptor '/home/yongjing-ub22/RTK_GPS_NTRIP_ws/install/ublox_msgs/share/ublox_msgs/hook/ld_library_path_lib.dsv'
[2.940s] INFO:colcon.colcon_core.shell:Creating environment hook '/home/yongjing-ub22/RTK_GPS_NTRIP_ws/install/ublox_msgs/share/ublox_msgs/hook/ld_library_path_lib.sh'
[2.940s] Level 1:colcon.colcon_core.environment:checking '/home/yongjing-ub22/RTK_GPS_NTRIP_ws/install/ublox_msgs/bin'
[2.940s] Level 1:colcon.colcon_core.environment:checking '/home/yongjing-ub22/RTK_GPS_NTRIP_ws/install/ublox_msgs/lib/pkgconfig/ublox_msgs.pc'
[2.940s] Level 1:colcon.colcon_core.environment:checking '/home/yongjing-ub22/RTK_GPS_NTRIP_ws/install/ublox_msgs/lib/python3.10/site-packages'
[2.940s] Level 1:colcon.colcon_core.environment:checking '/home/yongjing-ub22/RTK_GPS_NTRIP_ws/install/ublox_msgs/bin'
[2.940s] INFO:colcon.colcon_core.shell:Creating package script '/home/yongjing-ub22/RTK_GPS_NTRIP_ws/install/ublox_msgs/share/ublox_msgs/package.ps1'
[2.941s] INFO:colcon.colcon_core.shell:Creating package descriptor '/home/yongjing-ub22/RTK_GPS_NTRIP_ws/install/ublox_msgs/share/ublox_msgs/package.dsv'
[2.941s] INFO:colcon.colcon_core.shell:Creating package script '/home/yongjing-ub22/RTK_GPS_NTRIP_ws/install/ublox_msgs/share/ublox_msgs/package.sh'
[2.941s] INFO:colcon.colcon_core.shell:Creating package script '/home/yongjing-ub22/RTK_GPS_NTRIP_ws/install/ublox_msgs/share/ublox_msgs/package.bash'
[2.941s] INFO:colcon.colcon_core.shell:Creating package script '/home/yongjing-ub22/RTK_GPS_NTRIP_ws/install/ublox_msgs/share/ublox_msgs/package.zsh'
[2.942s] Level 1:colcon.colcon_core.environment:create_file_with_runtime_dependencies(/home/yongjing-ub22/RTK_GPS_NTRIP_ws/install/ublox_msgs/share/colcon-core/packages/ublox_msgs)
[4.595s] Level 1:colcon.colcon_core.environment:create_environment_scripts_only(ublox_msgs)
[4.595s] Level 1:colcon.colcon_core.environment:checking '/home/yongjing-ub22/RTK_GPS_NTRIP_ws/install/ublox_msgs' for CMake module files
[4.595s] Level 1:colcon.colcon_core.environment:checking '/home/yongjing-ub22/RTK_GPS_NTRIP_ws/install/ublox_msgs' for CMake config files
[4.597s] Level 1:colcon.colcon_core.shell:create_environment_hook('ublox_msgs', 'cmake_prefix_path')
[4.597s] INFO:colcon.colcon_core.shell:Creating environment hook '/home/yongjing-ub22/RTK_GPS_NTRIP_ws/install/ublox_msgs/share/ublox_msgs/hook/cmake_prefix_path.ps1'
[4.597s] INFO:colcon.colcon_core.shell:Creating environment descriptor '/home/yongjing-ub22/RTK_GPS_NTRIP_ws/install/ublox_msgs/share/ublox_msgs/hook/cmake_prefix_path.dsv'
[4.597s] INFO:colcon.colcon_core.shell:Creating environment hook '/home/yongjing-ub22/RTK_GPS_NTRIP_ws/install/ublox_msgs/share/ublox_msgs/hook/cmake_prefix_path.sh'
[4.598s] Level 1:colcon.colcon_core.environment:checking '/home/yongjing-ub22/RTK_GPS_NTRIP_ws/install/ublox_msgs/lib'
[4.598s] Level 1:colcon.colcon_core.shell:create_environment_hook('ublox_msgs', 'ld_library_path_lib')
[4.598s] INFO:colcon.colcon_core.shell:Creating environment hook '/home/yongjing-ub22/RTK_GPS_NTRIP_ws/install/ublox_msgs/share/ublox_msgs/hook/ld_library_path_lib.ps1'
[4.598s] INFO:colcon.colcon_core.shell:Creating environment descriptor '/home/yongjing-ub22/RTK_GPS_NTRIP_ws/install/ublox_msgs/share/ublox_msgs/hook/ld_library_path_lib.dsv'
[4.598s] INFO:colcon.colcon_core.shell:Creating environment hook '/home/yongjing-ub22/RTK_GPS_NTRIP_ws/install/ublox_msgs/share/ublox_msgs/hook/ld_library_path_lib.sh'
[4.598s] Level 1:colcon.colcon_core.environment:checking '/home/yongjing-ub22/RTK_GPS_NTRIP_ws/install/ublox_msgs/bin'
[4.598s] Level 1:colcon.colcon_core.environment:checking '/home/yongjing-ub22/RTK_GPS_NTRIP_ws/install/ublox_msgs/lib/pkgconfig/ublox_msgs.pc'
[4.598s] Level 1:colcon.colcon_core.environment:checking '/home/yongjing-ub22/RTK_GPS_NTRIP_ws/install/ublox_msgs/lib/python3.10/site-packages'
[4.599s] Level 1:colcon.colcon_core.environment:checking '/home/yongjing-ub22/RTK_GPS_NTRIP_ws/install/ublox_msgs/bin'
[4.599s] INFO:colcon.colcon_core.shell:Creating package script '/home/yongjing-ub22/RTK_GPS_NTRIP_ws/install/ublox_msgs/share/ublox_msgs/package.ps1'
[4.599s] INFO:colcon.colcon_core.shell:Creating package descriptor '/home/yongjing-ub22/RTK_GPS_NTRIP_ws/install/ublox_msgs/share/ublox_msgs/package.dsv'
[4.599s] INFO:colcon.colcon_core.shell:Creating package script '/home/yongjing-ub22/RTK_GPS_NTRIP_ws/install/ublox_msgs/share/ublox_msgs/package.sh'
[4.600s] INFO:colcon.colcon_core.shell:Creating package script '/home/yongjing-ub22/RTK_GPS_NTRIP_ws/install/ublox_msgs/share/ublox_msgs/package.bash'
[4.600s] INFO:colcon.colcon_core.shell:Creating package script '/home/yongjing-ub22/RTK_GPS_NTRIP_ws/install/ublox_msgs/share/ublox_msgs/package.zsh'
[4.600s] Level 1:colcon.colcon_core.environment:create_file_with_runtime_dependencies(/home/yongjing-ub22/RTK_GPS_NTRIP_ws/install/ublox_msgs/share/colcon-core/packages/ublox_msgs)
[4.600s] INFO:colcon.colcon_ros.task.ament_cmake.build:Building ROS package in '/home/yongjing-ub22/RTK_GPS_NTRIP_ws/src/RTK_GPS_NTRIP/ublox_gps' with build type 'ament_cmake'
[4.600s] INFO:colcon.colcon_cmake.task.cmake.build:Building CMake package in '/home/yongjing-ub22/RTK_GPS_NTRIP_ws/src/RTK_GPS_NTRIP/ublox_gps'
[4.601s] INFO:colcon.colcon_core.shell:Skip shell extension 'powershell' for command environment: Not usable outside of PowerShell
[4.601s] DEBUG:colcon.colcon_core.shell:Skip shell extension 'dsv' for command environment
[4.605s] INFO:colcon.colcon_ros.task.ament_cmake.build:Building ROS package in '/home/yongjing-ub22/RTK_GPS_NTRIP_ws/src/RTK_GPS_NTRIP/fix2nmea' with build type 'ament_cmake'
[4.605s] INFO:colcon.colcon_cmake.task.cmake.build:Building CMake package in '/home/yongjing-ub22/RTK_GPS_NTRIP_ws/src/RTK_GPS_NTRIP/fix2nmea'
[4.605s] INFO:colcon.colcon_core.shell:Skip shell extension 'powershell' for command environment: Not usable outside of PowerShell
[4.605s] DEBUG:colcon.colcon_core.shell:Skip shell extension 'dsv' for command environment
[4.616s] DEBUG:colcon.colcon_core.event_handler.log_command:Invoking command in '/home/yongjing-ub22/RTK_GPS_NTRIP_ws/build/ublox_gps': CMAKE_PREFIX_PATH=/home/yongjing-ub22/RTK_GPS_NTRIP_ws/install/ublox_msgs:/home/yongjing-ub22/RTK_GPS_NTRIP_ws/install/ublox_serialization:/home/yongjing-ub22/RTK_GPS_NTRIP_ws/install/rtcm_msgs:/home/yongjing-ub22/RTK_GPS_NTRIP_ws/install/ublox:/home/yongjing-ub22/RTK_GPS_NTRIP_ws/install/ublox_gps:/home/yongjing-ub22/RTK_GPS_NTRIP_ws/install/fix2nmea:/home/yongjing-ub22/RTK_GPS_NTRIP_ws/install/ntrip_client:/opt/ros/humble LD_LIBRARY_PATH=/home/yongjing-ub22/RTK_GPS_NTRIP_ws/install/ublox_msgs/lib:/home/yongjing-ub22/RTK_GPS_NTRIP_ws/install/rtcm_msgs/lib:/home/yongjing-ub22/RTK_GPS_NTRIP_ws/install/ublox_gps/lib:/usr/lib/x86_64-linux-gnu/gazebo-11/plugins:/opt/ros/humble/opt/rviz_ogre_vendor/lib:/opt/ros/humble/lib/x86_64-linux-gnu:/opt/ros/humble/lib /usr/bin/cmake --build /home/yongjing-ub22/RTK_GPS_NTRIP_ws/build/ublox_gps -- -j20 -l20
[4.620s] DEBUG:colcon.colcon_core.event_handler.log_command:Invoking command in '/home/yongjing-ub22/RTK_GPS_NTRIP_ws/build/fix2nmea': CMAKE_PREFIX_PATH=/home/yongjing-ub22/RTK_GPS_NTRIP_ws/install/ublox_msgs:/home/yongjing-ub22/RTK_GPS_NTRIP_ws/install/ublox_serialization:/home/yongjing-ub22/RTK_GPS_NTRIP_ws/install/ublox:/home/yongjing-ub22/RTK_GPS_NTRIP_ws/install/ublox_gps:/home/yongjing-ub22/RTK_GPS_NTRIP_ws/install/fix2nmea:/home/yongjing-ub22/RTK_GPS_NTRIP_ws/install/rtcm_msgs:/home/yongjing-ub22/RTK_GPS_NTRIP_ws/install/ntrip_client:/opt/ros/humble LD_LIBRARY_PATH=/home/yongjing-ub22/RTK_GPS_NTRIP_ws/install/ublox_msgs/lib:/home/yongjing-ub22/RTK_GPS_NTRIP_ws/install/ublox_gps/lib:/home/yongjing-ub22/RTK_GPS_NTRIP_ws/install/rtcm_msgs/lib:/usr/lib/x86_64-linux-gnu/gazebo-11/plugins:/opt/ros/humble/opt/rviz_ogre_vendor/lib:/opt/ros/humble/lib/x86_64-linux-gnu:/opt/ros/humble/lib /usr/bin/cmake --build /home/yongjing-ub22/RTK_GPS_NTRIP_ws/build/fix2nmea -- -j20 -l20
[4.722s] DEBUG:colcon.colcon_core.event_handler.log_command:Invoked command in '/home/yongjing-ub22/RTK_GPS_NTRIP_ws/build/fix2nmea' returned '0': CMAKE_PREFIX_PATH=/home/yongjing-ub22/RTK_GPS_NTRIP_ws/install/ublox_msgs:/home/yongjing-ub22/RTK_GPS_NTRIP_ws/install/ublox_serialization:/home/yongjing-ub22/RTK_GPS_NTRIP_ws/install/ublox:/home/yongjing-ub22/RTK_GPS_NTRIP_ws/install/ublox_gps:/home/yongjing-ub22/RTK_GPS_NTRIP_ws/install/fix2nmea:/home/yongjing-ub22/RTK_GPS_NTRIP_ws/install/rtcm_msgs:/home/yongjing-ub22/RTK_GPS_NTRIP_ws/install/ntrip_client:/opt/ros/humble LD_LIBRARY_PATH=/home/yongjing-ub22/RTK_GPS_NTRIP_ws/install/ublox_msgs/lib:/home/yongjing-ub22/RTK_GPS_NTRIP_ws/install/ublox_gps/lib:/home/yongjing-ub22/RTK_GPS_NTRIP_ws/install/rtcm_msgs/lib:/usr/lib/x86_64-linux-gnu/gazebo-11/plugins:/opt/ros/humble/opt/rviz_ogre_vendor/lib:/opt/ros/humble/lib/x86_64-linux-gnu:/opt/ros/humble/lib /usr/bin/cmake --build /home/yongjing-ub22/RTK_GPS_NTRIP_ws/build/fix2nmea -- -j20 -l20
[4.750s] DEBUG:colcon.colcon_core.event_handler.log_command:Invoking command in '/home/yongjing-ub22/RTK_GPS_NTRIP_ws/build/fix2nmea': CMAKE_PREFIX_PATH=/home/yongjing-ub22/RTK_GPS_NTRIP_ws/install/ublox_msgs:/home/yongjing-ub22/RTK_GPS_NTRIP_ws/install/ublox_serialization:/home/yongjing-ub22/RTK_GPS_NTRIP_ws/install/ublox:/home/yongjing-ub22/RTK_GPS_NTRIP_ws/install/ublox_gps:/home/yongjing-ub22/RTK_GPS_NTRIP_ws/install/fix2nmea:/home/yongjing-ub22/RTK_GPS_NTRIP_ws/install/rtcm_msgs:/home/yongjing-ub22/RTK_GPS_NTRIP_ws/install/ntrip_client:/opt/ros/humble LD_LIBRARY_PATH=/home/yongjing-ub22/RTK_GPS_NTRIP_ws/install/ublox_msgs/lib:/home/yongjing-ub22/RTK_GPS_NTRIP_ws/install/ublox_gps/lib:/home/yongjing-ub22/RTK_GPS_NTRIP_ws/install/rtcm_msgs/lib:/usr/lib/x86_64-linux-gnu/gazebo-11/plugins:/opt/ros/humble/opt/rviz_ogre_vendor/lib:/opt/ros/humble/lib/x86_64-linux-gnu:/opt/ros/humble/lib /usr/bin/cmake --install /home/yongjing-ub22/RTK_GPS_NTRIP_ws/build/fix2nmea
[4.763s] Level 1:colcon.colcon_core.environment:create_environment_scripts_only(fix2nmea)
[4.763s] Level 1:colcon.colcon_core.environment:checking '/home/yongjing-ub22/RTK_GPS_NTRIP_ws/install/fix2nmea' for CMake module files
[4.763s] DEBUG:colcon.colcon_core.event_handler.log_command:Invoked command in '/home/yongjing-ub22/RTK_GPS_NTRIP_ws/build/fix2nmea' returned '0': CMAKE_PREFIX_PATH=/home/yongjing-ub22/RTK_GPS_NTRIP_ws/install/ublox_msgs:/home/yongjing-ub22/RTK_GPS_NTRIP_ws/install/ublox_serialization:/home/yongjing-ub22/RTK_GPS_NTRIP_ws/install/ublox:/home/yongjing-ub22/RTK_GPS_NTRIP_ws/install/ublox_gps:/home/yongjing-ub22/RTK_GPS_NTRIP_ws/install/fix2nmea:/home/yongjing-ub22/RTK_GPS_NTRIP_ws/install/rtcm_msgs:/home/yongjing-ub22/RTK_GPS_NTRIP_ws/install/ntrip_client:/opt/ros/humble LD_LIBRARY_PATH=/home/yongjing-ub22/RTK_GPS_NTRIP_ws/install/ublox_msgs/lib:/home/yongjing-ub22/RTK_GPS_NTRIP_ws/install/ublox_gps/lib:/home/yongjing-ub22/RTK_GPS_NTRIP_ws/install/rtcm_msgs/lib:/usr/lib/x86_64-linux-gnu/gazebo-11/plugins:/opt/ros/humble/opt/rviz_ogre_vendor/lib:/opt/ros/humble/lib/x86_64-linux-gnu:/opt/ros/humble/lib /usr/bin/cmake --install /home/yongjing-ub22/RTK_GPS_NTRIP_ws/build/fix2nmea
[4.764s] Level 1:colcon.colcon_core.environment:checking '/home/yongjing-ub22/RTK_GPS_NTRIP_ws/install/fix2nmea' for CMake config files
[4.764s] Level 1:colcon.colcon_core.shell:create_environment_hook('fix2nmea', 'cmake_prefix_path')
[4.764s] INFO:colcon.colcon_core.shell:Creating environment hook '/home/yongjing-ub22/RTK_GPS_NTRIP_ws/install/fix2nmea/share/fix2nmea/hook/cmake_prefix_path.ps1'
[4.764s] INFO:colcon.colcon_core.shell:Creating environment descriptor '/home/yongjing-ub22/RTK_GPS_NTRIP_ws/install/fix2nmea/share/fix2nmea/hook/cmake_prefix_path.dsv'
[4.764s] INFO:colcon.colcon_core.shell:Creating environment hook '/home/yongjing-ub22/RTK_GPS_NTRIP_ws/install/fix2nmea/share/fix2nmea/hook/cmake_prefix_path.sh'
[4.765s] Level 1:colcon.colcon_core.environment:checking '/home/yongjing-ub22/RTK_GPS_NTRIP_ws/install/fix2nmea/lib'
[4.765s] Level 1:colcon.colcon_core.environment:checking '/home/yongjing-ub22/RTK_GPS_NTRIP_ws/install/fix2nmea/bin'
[4.765s] Level 1:colcon.colcon_core.environment:checking '/home/yongjing-ub22/RTK_GPS_NTRIP_ws/install/fix2nmea/lib/pkgconfig/fix2nmea.pc'
[4.765s] Level 1:colcon.colcon_core.environment:checking '/home/yongjing-ub22/RTK_GPS_NTRIP_ws/install/fix2nmea/lib/python3.10/site-packages'
[4.765s] Level 1:colcon.colcon_core.environment:checking '/home/yongjing-ub22/RTK_GPS_NTRIP_ws/install/fix2nmea/bin'
[4.765s] INFO:colcon.colcon_core.shell:Creating package script '/home/yongjing-ub22/RTK_GPS_NTRIP_ws/install/fix2nmea/share/fix2nmea/package.ps1'
[4.766s] INFO:colcon.colcon_core.shell:Creating package descriptor '/home/yongjing-ub22/RTK_GPS_NTRIP_ws/install/fix2nmea/share/fix2nmea/package.dsv'
[4.766s] INFO:colcon.colcon_core.shell:Creating package script '/home/yongjing-ub22/RTK_GPS_NTRIP_ws/install/fix2nmea/share/fix2nmea/package.sh'
[4.766s] INFO:colcon.colcon_core.shell:Creating package script '/home/yongjing-ub22/RTK_GPS_NTRIP_ws/install/fix2nmea/share/fix2nmea/package.bash'
[4.766s] INFO:colcon.colcon_core.shell:Creating package script '/home/yongjing-ub22/RTK_GPS_NTRIP_ws/install/fix2nmea/share/fix2nmea/package.zsh'
[4.766s] Level 1:colcon.colcon_core.environment:create_file_with_runtime_dependencies(/home/yongjing-ub22/RTK_GPS_NTRIP_ws/install/fix2nmea/share/colcon-core/packages/fix2nmea)
[4.769s] DEBUG:colcon.colcon_core.event_handler.log_command:Invoked command in '/home/yongjing-ub22/RTK_GPS_NTRIP_ws/build/ublox_gps' returned '0': CMAKE_PREFIX_PATH=/home/yongjing-ub22/RTK_GPS_NTRIP_ws/install/ublox_msgs:/home/yongjing-ub22/RTK_GPS_NTRIP_ws/install/ublox_serialization:/home/yongjing-ub22/RTK_GPS_NTRIP_ws/install/rtcm_msgs:/home/yongjing-ub22/RTK_GPS_NTRIP_ws/install/ublox:/home/yongjing-ub22/RTK_GPS_NTRIP_ws/install/ublox_gps:/home/yongjing-ub22/RTK_GPS_NTRIP_ws/install/fix2nmea:/home/yongjing-ub22/RTK_GPS_NTRIP_ws/install/ntrip_client:/opt/ros/humble LD_LIBRARY_PATH=/home/yongjing-ub22/RTK_GPS_NTRIP_ws/install/ublox_msgs/lib:/home/yongjing-ub22/RTK_GPS_NTRIP_ws/install/rtcm_msgs/lib:/home/yongjing-ub22/RTK_GPS_NTRIP_ws/install/ublox_gps/lib:/usr/lib/x86_64-linux-gnu/gazebo-11/plugins:/opt/ros/humble/opt/rviz_ogre_vendor/lib:/opt/ros/humble/lib/x86_64-linux-gnu:/opt/ros/humble/lib /usr/bin/cmake --build /home/yongjing-ub22/RTK_GPS_NTRIP_ws/build/ublox_gps -- -j20 -l20
[4.796s] Level 1:colcon.colcon_core.environment:create_environment_scripts_only(fix2nmea)
[4.796s] Level 1:colcon.colcon_core.environment:checking '/home/yongjing-ub22/RTK_GPS_NTRIP_ws/install/fix2nmea' for CMake module files
[4.796s] Level 1:colcon.colcon_core.environment:checking '/home/yongjing-ub22/RTK_GPS_NTRIP_ws/install/fix2nmea' for CMake config files
[4.796s] Level 1:colcon.colcon_core.shell:create_environment_hook('fix2nmea', 'cmake_prefix_path')
[4.797s] INFO:colcon.colcon_core.shell:Creating environment hook '/home/yongjing-ub22/RTK_GPS_NTRIP_ws/install/fix2nmea/share/fix2nmea/hook/cmake_prefix_path.ps1'
[4.797s] INFO:colcon.colcon_core.shell:Creating environment descriptor '/home/yongjing-ub22/RTK_GPS_NTRIP_ws/install/fix2nmea/share/fix2nmea/hook/cmake_prefix_path.dsv'
[4.797s] INFO:colcon.colcon_core.shell:Creating environment hook '/home/yongjing-ub22/RTK_GPS_NTRIP_ws/install/fix2nmea/share/fix2nmea/hook/cmake_prefix_path.sh'
[4.798s] Level 1:colcon.colcon_core.environment:checking '/home/yongjing-ub22/RTK_GPS_NTRIP_ws/install/fix2nmea/lib'
[4.798s] Level 1:colcon.colcon_core.environment:checking '/home/yongjing-ub22/RTK_GPS_NTRIP_ws/install/fix2nmea/bin'
[4.798s] Level 1:colcon.colcon_core.environment:checking '/home/yongjing-ub22/RTK_GPS_NTRIP_ws/install/fix2nmea/lib/pkgconfig/fix2nmea.pc'
[4.798s] Level 1:colcon.colcon_core.environment:checking '/home/yongjing-ub22/RTK_GPS_NTRIP_ws/install/fix2nmea/lib/python3.10/site-packages'
[4.798s] Level 1:colcon.colcon_core.environment:checking '/home/yongjing-ub22/RTK_GPS_NTRIP_ws/install/fix2nmea/bin'
[4.798s] INFO:colcon.colcon_core.shell:Creating package script '/home/yongjing-ub22/RTK_GPS_NTRIP_ws/install/fix2nmea/share/fix2nmea/package.ps1'
[4.799s] INFO:colcon.colcon_core.shell:Creating package descriptor '/home/yongjing-ub22/RTK_GPS_NTRIP_ws/install/fix2nmea/share/fix2nmea/package.dsv'
[4.799s] INFO:colcon.colcon_core.shell:Creating package script '/home/yongjing-ub22/RTK_GPS_NTRIP_ws/install/fix2nmea/share/fix2nmea/package.sh'
[4.799s] INFO:colcon.colcon_core.shell:Creating package script '/home/yongjing-ub22/RTK_GPS_NTRIP_ws/install/fix2nmea/share/fix2nmea/package.bash'
[4.800s] INFO:colcon.colcon_core.shell:Creating package script '/home/yongjing-ub22/RTK_GPS_NTRIP_ws/install/fix2nmea/share/fix2nmea/package.zsh'
[4.800s] Level 1:colcon.colcon_core.environment:create_file_with_runtime_dependencies(/home/yongjing-ub22/RTK_GPS_NTRIP_ws/install/fix2nmea/share/colcon-core/packages/fix2nmea)
[4.846s] DEBUG:colcon.colcon_core.event_handler.log_command:Invoking command in '/home/yongjing-ub22/RTK_GPS_NTRIP_ws/build/ublox_gps': CMAKE_PREFIX_PATH=/home/yongjing-ub22/RTK_GPS_NTRIP_ws/install/ublox_msgs:/home/yongjing-ub22/RTK_GPS_NTRIP_ws/install/ublox_serialization:/home/yongjing-ub22/RTK_GPS_NTRIP_ws/install/rtcm_msgs:/home/yongjing-ub22/RTK_GPS_NTRIP_ws/install/ublox:/home/yongjing-ub22/RTK_GPS_NTRIP_ws/install/ublox_gps:/home/yongjing-ub22/RTK_GPS_NTRIP_ws/install/fix2nmea:/home/yongjing-ub22/RTK_GPS_NTRIP_ws/install/ntrip_client:/opt/ros/humble LD_LIBRARY_PATH=/home/yongjing-ub22/RTK_GPS_NTRIP_ws/install/ublox_msgs/lib:/home/yongjing-ub22/RTK_GPS_NTRIP_ws/install/rtcm_msgs/lib:/home/yongjing-ub22/RTK_GPS_NTRIP_ws/install/ublox_gps/lib:/usr/lib/x86_64-linux-gnu/gazebo-11/plugins:/opt/ros/humble/opt/rviz_ogre_vendor/lib:/opt/ros/humble/lib/x86_64-linux-gnu:/opt/ros/humble/lib /usr/bin/cmake --install /home/yongjing-ub22/RTK_GPS_NTRIP_ws/build/ublox_gps
[4.860s] Level 1:colcon.colcon_core.environment:create_environment_scripts_only(ublox_gps)
[4.861s] DEBUG:colcon.colcon_core.event_handler.log_command:Invoked command in '/home/yongjing-ub22/RTK_GPS_NTRIP_ws/build/ublox_gps' returned '0': CMAKE_PREFIX_PATH=/home/yongjing-ub22/RTK_GPS_NTRIP_ws/install/ublox_msgs:/home/yongjing-ub22/RTK_GPS_NTRIP_ws/install/ublox_serialization:/home/yongjing-ub22/RTK_GPS_NTRIP_ws/install/rtcm_msgs:/home/yongjing-ub22/RTK_GPS_NTRIP_ws/install/ublox:/home/yongjing-ub22/RTK_GPS_NTRIP_ws/install/ublox_gps:/home/yongjing-ub22/RTK_GPS_NTRIP_ws/install/fix2nmea:/home/yongjing-ub22/RTK_GPS_NTRIP_ws/install/ntrip_client:/opt/ros/humble LD_LIBRARY_PATH=/home/yongjing-ub22/RTK_GPS_NTRIP_ws/install/ublox_msgs/lib:/home/yongjing-ub22/RTK_GPS_NTRIP_ws/install/rtcm_msgs/lib:/home/yongjing-ub22/RTK_GPS_NTRIP_ws/install/ublox_gps/lib:/usr/lib/x86_64-linux-gnu/gazebo-11/plugins:/opt/ros/humble/opt/rviz_ogre_vendor/lib:/opt/ros/humble/lib/x86_64-linux-gnu:/opt/ros/humble/lib /usr/bin/cmake --install /home/yongjing-ub22/RTK_GPS_NTRIP_ws/build/ublox_gps
[4.861s] Level 1:colcon.colcon_core.environment:checking '/home/yongjing-ub22/RTK_GPS_NTRIP_ws/install/ublox_gps' for CMake module files
[4.861s] Level 1:colcon.colcon_core.environment:checking '/home/yongjing-ub22/RTK_GPS_NTRIP_ws/install/ublox_gps' for CMake config files
[4.861s] Level 1:colcon.colcon_core.shell:create_environment_hook('ublox_gps', 'cmake_prefix_path')
[4.862s] INFO:colcon.colcon_core.shell:Creating environment hook '/home/yongjing-ub22/RTK_GPS_NTRIP_ws/install/ublox_gps/share/ublox_gps/hook/cmake_prefix_path.ps1'
[4.862s] INFO:colcon.colcon_core.shell:Creating environment descriptor '/home/yongjing-ub22/RTK_GPS_NTRIP_ws/install/ublox_gps/share/ublox_gps/hook/cmake_prefix_path.dsv'
[4.862s] INFO:colcon.colcon_core.shell:Creating environment hook '/home/yongjing-ub22/RTK_GPS_NTRIP_ws/install/ublox_gps/share/ublox_gps/hook/cmake_prefix_path.sh'
[4.863s] Level 1:colcon.colcon_core.environment:checking '/home/yongjing-ub22/RTK_GPS_NTRIP_ws/install/ublox_gps/lib'
[4.863s] Level 1:colcon.colcon_core.shell:create_environment_hook('ublox_gps', 'ld_library_path_lib')
[4.863s] INFO:colcon.colcon_core.shell:Creating environment hook '/home/yongjing-ub22/RTK_GPS_NTRIP_ws/install/ublox_gps/share/ublox_gps/hook/ld_library_path_lib.ps1'
[4.863s] INFO:colcon.colcon_core.shell:Creating environment descriptor '/home/yongjing-ub22/RTK_GPS_NTRIP_ws/install/ublox_gps/share/ublox_gps/hook/ld_library_path_lib.dsv'
[4.863s] INFO:colcon.colcon_core.shell:Creating environment hook '/home/yongjing-ub22/RTK_GPS_NTRIP_ws/install/ublox_gps/share/ublox_gps/hook/ld_library_path_lib.sh'
[4.864s] Level 1:colcon.colcon_core.environment:checking '/home/yongjing-ub22/RTK_GPS_NTRIP_ws/install/ublox_gps/bin'
[4.864s] Level 1:colcon.colcon_core.environment:checking '/home/yongjing-ub22/RTK_GPS_NTRIP_ws/install/ublox_gps/lib/pkgconfig/ublox_gps.pc'
[4.864s] Level 1:colcon.colcon_core.environment:checking '/home/yongjing-ub22/RTK_GPS_NTRIP_ws/install/ublox_gps/lib/python3.10/site-packages'
[4.864s] Level 1:colcon.colcon_core.environment:checking '/home/yongjing-ub22/RTK_GPS_NTRIP_ws/install/ublox_gps/bin'
[4.864s] INFO:colcon.colcon_core.shell:Creating package script '/home/yongjing-ub22/RTK_GPS_NTRIP_ws/install/ublox_gps/share/ublox_gps/package.ps1'
[4.865s] INFO:colcon.colcon_core.shell:Creating package descriptor '/home/yongjing-ub22/RTK_GPS_NTRIP_ws/install/ublox_gps/share/ublox_gps/package.dsv'
[4.865s] INFO:colcon.colcon_core.shell:Creating package script '/home/yongjing-ub22/RTK_GPS_NTRIP_ws/install/ublox_gps/share/ublox_gps/package.sh'
[4.866s] INFO:colcon.colcon_core.shell:Creating package script '/home/yongjing-ub22/RTK_GPS_NTRIP_ws/install/ublox_gps/share/ublox_gps/package.bash'
[4.866s] INFO:colcon.colcon_core.shell:Creating package script '/home/yongjing-ub22/RTK_GPS_NTRIP_ws/install/ublox_gps/share/ublox_gps/package.zsh'
[4.866s] Level 1:colcon.colcon_core.environment:create_file_with_runtime_dependencies(/home/yongjing-ub22/RTK_GPS_NTRIP_ws/install/ublox_gps/share/colcon-core/packages/ublox_gps)
[4.931s] Level 1:colcon.colcon_core.environment:create_environment_scripts_only(ublox_gps)
[4.931s] Level 1:colcon.colcon_core.environment:checking '/home/yongjing-ub22/RTK_GPS_NTRIP_ws/install/ublox_gps' for CMake module files
[4.931s] Level 1:colcon.colcon_core.environment:checking '/home/yongjing-ub22/RTK_GPS_NTRIP_ws/install/ublox_gps' for CMake config files
[4.932s] Level 1:colcon.colcon_core.shell:create_environment_hook('ublox_gps', 'cmake_prefix_path')
[4.932s] INFO:colcon.colcon_core.shell:Creating environment hook '/home/yongjing-ub22/RTK_GPS_NTRIP_ws/install/ublox_gps/share/ublox_gps/hook/cmake_prefix_path.ps1'
[4.932s] INFO:colcon.colcon_core.shell:Creating environment descriptor '/home/yongjing-ub22/RTK_GPS_NTRIP_ws/install/ublox_gps/share/ublox_gps/hook/cmake_prefix_path.dsv'
[4.932s] INFO:colcon.colcon_core.shell:Creating environment hook '/home/yongjing-ub22/RTK_GPS_NTRIP_ws/install/ublox_gps/share/ublox_gps/hook/cmake_prefix_path.sh'
[4.933s] Level 1:colcon.colcon_core.environment:checking '/home/yongjing-ub22/RTK_GPS_NTRIP_ws/install/ublox_gps/lib'
[4.933s] Level 1:colcon.colcon_core.shell:create_environment_hook('ublox_gps', 'ld_library_path_lib')
[4.933s] INFO:colcon.colcon_core.shell:Creating environment hook '/home/yongjing-ub22/RTK_GPS_NTRIP_ws/install/ublox_gps/share/ublox_gps/hook/ld_library_path_lib.ps1'
[4.933s] INFO:colcon.colcon_core.shell:Creating environment descriptor '/home/yongjing-ub22/RTK_GPS_NTRIP_ws/install/ublox_gps/share/ublox_gps/hook/ld_library_path_lib.dsv'
[4.933s] INFO:colcon.colcon_core.shell:Creating environment hook '/home/yongjing-ub22/RTK_GPS_NTRIP_ws/install/ublox_gps/share/ublox_gps/hook/ld_library_path_lib.sh'
[4.934s] Level 1:colcon.colcon_core.environment:checking '/home/yongjing-ub22/RTK_GPS_NTRIP_ws/install/ublox_gps/bin'
[4.934s] Level 1:colcon.colcon_core.environment:checking '/home/yongjing-ub22/RTK_GPS_NTRIP_ws/install/ublox_gps/lib/pkgconfig/ublox_gps.pc'
[4.934s] Level 1:colcon.colcon_core.environment:checking '/home/yongjing-ub22/RTK_GPS_NTRIP_ws/install/ublox_gps/lib/python3.10/site-packages'
[4.934s] Level 1:colcon.colcon_core.environment:checking '/home/yongjing-ub22/RTK_GPS_NTRIP_ws/install/ublox_gps/bin'
[4.934s] INFO:colcon.colcon_core.shell:Creating package script '/home/yongjing-ub22/RTK_GPS_NTRIP_ws/install/ublox_gps/share/ublox_gps/package.ps1'
[4.934s] INFO:colcon.colcon_core.shell:Creating package descriptor '/home/yongjing-ub22/RTK_GPS_NTRIP_ws/install/ublox_gps/share/ublox_gps/package.dsv'
[4.935s] INFO:colcon.colcon_core.shell:Creating package script '/home/yongjing-ub22/RTK_GPS_NTRIP_ws/install/ublox_gps/share/ublox_gps/package.sh'
[4.935s] INFO:colcon.colcon_core.shell:Creating package script '/home/yongjing-ub22/RTK_GPS_NTRIP_ws/install/ublox_gps/share/ublox_gps/package.bash'
[4.935s] INFO:colcon.colcon_core.shell:Creating package script '/home/yongjing-ub22/RTK_GPS_NTRIP_ws/install/ublox_gps/share/ublox_gps/package.zsh'
[4.935s] Level 1:colcon.colcon_core.environment:create_file_with_runtime_dependencies(/home/yongjing-ub22/RTK_GPS_NTRIP_ws/install/ublox_gps/share/colcon-core/packages/ublox_gps)
[4.936s] INFO:colcon.colcon_ros.task.ament_cmake.build:Building ROS package in '/home/yongjing-ub22/RTK_GPS_NTRIP_ws/src/RTK_GPS_NTRIP/ublox' with build type 'ament_cmake'
[4.936s] INFO:colcon.colcon_cmake.task.cmake.build:Building CMake package in '/home/yongjing-ub22/RTK_GPS_NTRIP_ws/src/RTK_GPS_NTRIP/ublox'
[4.936s] INFO:colcon.colcon_core.shell:Skip shell extension 'powershell' for command environment: Not usable outside of PowerShell
[4.936s] DEBUG:colcon.colcon_core.shell:Skip shell extension 'dsv' for command environment
[4.951s] DEBUG:colcon.colcon_core.event_handler.log_command:Invoking command in '/home/yongjing-ub22/RTK_GPS_NTRIP_ws/build/ublox': CMAKE_PREFIX_PATH=/home/yongjing-ub22/RTK_GPS_NTRIP_ws/install/ublox_gps:/home/yongjing-ub22/RTK_GPS_NTRIP_ws/install/ublox_msgs:/home/yongjing-ub22/RTK_GPS_NTRIP_ws/install/ublox_serialization:/home/yongjing-ub22/RTK_GPS_NTRIP_ws/install/rtcm_msgs:/home/yongjing-ub22/RTK_GPS_NTRIP_ws/install/ublox:/home/yongjing-ub22/RTK_GPS_NTRIP_ws/install/fix2nmea:/home/yongjing-ub22/RTK_GPS_NTRIP_ws/install/ntrip_client:/opt/ros/humble /usr/bin/cmake --build /home/yongjing-ub22/RTK_GPS_NTRIP_ws/build/ublox -- -j20 -l20
[4.985s] DEBUG:colcon.colcon_core.event_handler.log_command:Invoked command in '/home/yongjing-ub22/RTK_GPS_NTRIP_ws/build/ublox' returned '0': CMAKE_PREFIX_PATH=/home/yongjing-ub22/RTK_GPS_NTRIP_ws/install/ublox_gps:/home/yongjing-ub22/RTK_GPS_NTRIP_ws/install/ublox_msgs:/home/yongjing-ub22/RTK_GPS_NTRIP_ws/install/ublox_serialization:/home/yongjing-ub22/RTK_GPS_NTRIP_ws/install/rtcm_msgs:/home/yongjing-ub22/RTK_GPS_NTRIP_ws/install/ublox:/home/yongjing-ub22/RTK_GPS_NTRIP_ws/install/fix2nmea:/home/yongjing-ub22/RTK_GPS_NTRIP_ws/install/ntrip_client:/opt/ros/humble /usr/bin/cmake --build /home/yongjing-ub22/RTK_GPS_NTRIP_ws/build/ublox -- -j20 -l20
[5.010s] DEBUG:colcon.colcon_core.event_handler.log_command:Invoking command in '/home/yongjing-ub22/RTK_GPS_NTRIP_ws/build/ublox': CMAKE_PREFIX_PATH=/home/yongjing-ub22/RTK_GPS_NTRIP_ws/install/ublox_gps:/home/yongjing-ub22/RTK_GPS_NTRIP_ws/install/ublox_msgs:/home/yongjing-ub22/RTK_GPS_NTRIP_ws/install/ublox_serialization:/home/yongjing-ub22/RTK_GPS_NTRIP_ws/install/rtcm_msgs:/home/yongjing-ub22/RTK_GPS_NTRIP_ws/install/ublox:/home/yongjing-ub22/RTK_GPS_NTRIP_ws/install/fix2nmea:/home/yongjing-ub22/RTK_GPS_NTRIP_ws/install/ntrip_client:/opt/ros/humble /usr/bin/cmake --install /home/yongjing-ub22/RTK_GPS_NTRIP_ws/build/ublox
[5.019s] Level 1:colcon.colcon_core.environment:create_environment_scripts_only(ublox)
[5.019s] DEBUG:colcon.colcon_core.event_handler.log_command:Invoked command in '/home/yongjing-ub22/RTK_GPS_NTRIP_ws/build/ublox' returned '0': CMAKE_PREFIX_PATH=/home/yongjing-ub22/RTK_GPS_NTRIP_ws/install/ublox_gps:/home/yongjing-ub22/RTK_GPS_NTRIP_ws/install/ublox_msgs:/home/yongjing-ub22/RTK_GPS_NTRIP_ws/install/ublox_serialization:/home/yongjing-ub22/RTK_GPS_NTRIP_ws/install/rtcm_msgs:/home/yongjing-ub22/RTK_GPS_NTRIP_ws/install/ublox:/home/yongjing-ub22/RTK_GPS_NTRIP_ws/install/fix2nmea:/home/yongjing-ub22/RTK_GPS_NTRIP_ws/install/ntrip_client:/opt/ros/humble /usr/bin/cmake --install /home/yongjing-ub22/RTK_GPS_NTRIP_ws/build/ublox
[5.020s] Level 1:colcon.colcon_core.environment:checking '/home/yongjing-ub22/RTK_GPS_NTRIP_ws/install/ublox' for CMake module files
[5.020s] Level 1:colcon.colcon_core.environment:checking '/home/yongjing-ub22/RTK_GPS_NTRIP_ws/install/ublox' for CMake config files
[5.020s] Level 1:colcon.colcon_core.shell:create_environment_hook('ublox', 'cmake_prefix_path')
[5.021s] INFO:colcon.colcon_core.shell:Creating environment hook '/home/yongjing-ub22/RTK_GPS_NTRIP_ws/install/ublox/share/ublox/hook/cmake_prefix_path.ps1'
[5.021s] INFO:colcon.colcon_core.shell:Creating environment descriptor '/home/yongjing-ub22/RTK_GPS_NTRIP_ws/install/ublox/share/ublox/hook/cmake_prefix_path.dsv'
[5.021s] INFO:colcon.colcon_core.shell:Creating environment hook '/home/yongjing-ub22/RTK_GPS_NTRIP_ws/install/ublox/share/ublox/hook/cmake_prefix_path.sh'
[5.022s] Level 1:colcon.colcon_core.environment:checking '/home/yongjing-ub22/RTK_GPS_NTRIP_ws/install/ublox/bin'
[5.022s] Level 1:colcon.colcon_core.environment:checking '/home/yongjing-ub22/RTK_GPS_NTRIP_ws/install/ublox/lib/pkgconfig/ublox.pc'
[5.022s] Level 1:colcon.colcon_core.environment:checking '/home/yongjing-ub22/RTK_GPS_NTRIP_ws/install/ublox/lib/python3.10/site-packages'
[5.023s] Level 1:colcon.colcon_core.environment:checking '/home/yongjing-ub22/RTK_GPS_NTRIP_ws/install/ublox/bin'
[5.023s] INFO:colcon.colcon_core.shell:Creating package script '/home/yongjing-ub22/RTK_GPS_NTRIP_ws/install/ublox/share/ublox/package.ps1'
[5.023s] INFO:colcon.colcon_core.shell:Creating package descriptor '/home/yongjing-ub22/RTK_GPS_NTRIP_ws/install/ublox/share/ublox/package.dsv'
[5.024s] INFO:colcon.colcon_core.shell:Creating package script '/home/yongjing-ub22/RTK_GPS_NTRIP_ws/install/ublox/share/ublox/package.sh'
[5.024s] INFO:colcon.colcon_core.shell:Creating package script '/home/yongjing-ub22/RTK_GPS_NTRIP_ws/install/ublox/share/ublox/package.bash'
[5.024s] INFO:colcon.colcon_core.shell:Creating package script '/home/yongjing-ub22/RTK_GPS_NTRIP_ws/install/ublox/share/ublox/package.zsh'
[5.025s] Level 1:colcon.colcon_core.environment:create_file_with_runtime_dependencies(/home/yongjing-ub22/RTK_GPS_NTRIP_ws/install/ublox/share/colcon-core/packages/ublox)
[5.049s] Level 1:colcon.colcon_core.environment:create_environment_scripts_only(ublox)
[5.049s] Level 1:colcon.colcon_core.environment:checking '/home/yongjing-ub22/RTK_GPS_NTRIP_ws/install/ublox' for CMake module files
[5.049s] Level 1:colcon.colcon_core.environment:checking '/home/yongjing-ub22/RTK_GPS_NTRIP_ws/install/ublox' for CMake config files
[5.049s] Level 1:colcon.colcon_core.shell:create_environment_hook('ublox', 'cmake_prefix_path')
[5.049s] INFO:colcon.colcon_core.shell:Creating environment hook '/home/yongjing-ub22/RTK_GPS_NTRIP_ws/install/ublox/share/ublox/hook/cmake_prefix_path.ps1'
[5.050s] INFO:colcon.colcon_core.shell:Creating environment descriptor '/home/yongjing-ub22/RTK_GPS_NTRIP_ws/install/ublox/share/ublox/hook/cmake_prefix_path.dsv'
[5.050s] INFO:colcon.colcon_core.shell:Creating environment hook '/home/yongjing-ub22/RTK_GPS_NTRIP_ws/install/ublox/share/ublox/hook/cmake_prefix_path.sh'
[5.050s] Level 1:colcon.colcon_core.environment:checking '/home/yongjing-ub22/RTK_GPS_NTRIP_ws/install/ublox/bin'
[5.050s] Level 1:colcon.colcon_core.environment:checking '/home/yongjing-ub22/RTK_GPS_NTRIP_ws/install/ublox/lib/pkgconfig/ublox.pc'
[5.050s] Level 1:colcon.colcon_core.environment:checking '/home/yongjing-ub22/RTK_GPS_NTRIP_ws/install/ublox/lib/python3.10/site-packages'
[5.050s] Level 1:colcon.colcon_core.environment:checking '/home/yongjing-ub22/RTK_GPS_NTRIP_ws/install/ublox/bin'
[5.051s] INFO:colcon.colcon_core.shell:Creating package script '/home/yongjing-ub22/RTK_GPS_NTRIP_ws/install/ublox/share/ublox/package.ps1'
[5.051s] INFO:colcon.colcon_core.shell:Creating package descriptor '/home/yongjing-ub22/RTK_GPS_NTRIP_ws/install/ublox/share/ublox/package.dsv'
[5.052s] INFO:colcon.colcon_core.shell:Creating package script '/home/yongjing-ub22/RTK_GPS_NTRIP_ws/install/ublox/share/ublox/package.sh'
[5.052s] INFO:colcon.colcon_core.shell:Creating package script '/home/yongjing-ub22/RTK_GPS_NTRIP_ws/install/ublox/share/ublox/package.bash'
[5.052s] INFO:colcon.colcon_core.shell:Creating package script '/home/yongjing-ub22/RTK_GPS_NTRIP_ws/install/ublox/share/ublox/package.zsh'
[5.052s] Level 1:colcon.colcon_core.environment:create_file_with_runtime_dependencies(/home/yongjing-ub22/RTK_GPS_NTRIP_ws/install/ublox/share/colcon-core/packages/ublox)
[5.052s] DEBUG:colcon.colcon_parallel_executor.executor.parallel:closing loop
[5.052s] DEBUG:colcon.colcon_parallel_executor.executor.parallel:loop closed
[5.052s] DEBUG:colcon.colcon_parallel_executor.executor.parallel:run_until_complete finished with '0'
[5.053s] DEBUG:colcon.colcon_core.event_reactor:joining thread
[5.057s] INFO:colcon.colcon_core.plugin_system:Skipping extension 'colcon_notification.desktop_notification.terminal_notifier': Not used on non-Darwin systems
[5.057s] INFO:colcon.colcon_core.plugin_system:Skipping extension 'colcon_notification.desktop_notification.win32': Not used on non-Windows systems
[5.058s] INFO:colcon.colcon_notification.desktop_notification:Sending desktop notification using 'notify2'
[5.074s] DEBUG:colcon.colcon_core.event_reactor:joined thread
[5.074s] INFO:colcon.colcon_core.shell:Creating prefix script '/home/yongjing-ub22/RTK_GPS_NTRIP_ws/install/local_setup.ps1'
[5.075s] INFO:colcon.colcon_core.shell:Creating prefix util module '/home/yongjing-ub22/RTK_GPS_NTRIP_ws/install/_local_setup_util_ps1.py'
[5.076s] INFO:colcon.colcon_core.shell:Creating prefix chain script '/home/yongjing-ub22/RTK_GPS_NTRIP_ws/install/setup.ps1'
[5.078s] INFO:colcon.colcon_core.shell:Creating prefix script '/home/yongjing-ub22/RTK_GPS_NTRIP_ws/install/local_setup.sh'
[5.078s] INFO:colcon.colcon_core.shell:Creating prefix util module '/home/yongjing-ub22/RTK_GPS_NTRIP_ws/install/_local_setup_util_sh.py'
[5.079s] INFO:colcon.colcon_core.shell:Creating prefix chain script '/home/yongjing-ub22/RTK_GPS_NTRIP_ws/install/setup.sh'
[5.080s] INFO:colcon.colcon_core.shell:Creating prefix script '/home/yongjing-ub22/RTK_GPS_NTRIP_ws/install/local_setup.bash'
[5.080s] INFO:colcon.colcon_core.shell:Creating prefix chain script '/home/yongjing-ub22/RTK_GPS_NTRIP_ws/install/setup.bash'
[5.081s] INFO:colcon.colcon_core.shell:Creating prefix script '/home/yongjing-ub22/RTK_GPS_NTRIP_ws/install/local_setup.zsh'
[5.082s] INFO:colcon.colcon_core.shell:Creating prefix chain script '/home/yongjing-ub22/RTK_GPS_NTRIP_ws/install/setup.zsh'
