[0.006s] Invoking command in '/home/yongjing-ub22/RTK_GPS_NTRIP_ws/build/ublox_msgs': CMAKE_PREFIX_PATH=/home/yongjing-ub22/RTK_GPS_NTRIP_ws/install/ublox_serialization:/home/yongjing-ub22/RTK_GPS_NTRIP_ws/install/ublox:/home/yongjing-ub22/RTK_GPS_NTRIP_ws/install/ublox_gps:/home/yongjing-ub22/RTK_GPS_NTRIP_ws/install/fix2nmea:/home/yongjing-ub22/RTK_GPS_NTRIP_ws/install/ublox_msgs:/home/yongjing-ub22/RTK_GPS_NTRIP_ws/install/rtcm_msgs:/home/yongjing-ub22/RTK_GPS_NTRIP_ws/install/ntrip_client:/opt/ros/humble /usr/bin/cmake --build /home/yongjing-ub22/RTK_GPS_NTRIP_ws/build/ublox_msgs -- -j20 -l20
[0.092s] [  0%] Built target ublox_msgs__cpp
[0.098s] [35m[1mConsolidate compiler generated dependencies of target ublox_msgs__rosidl_generator_c[0m
[0.118s] [  0%] Built target ament_cmake_python_copy_ublox_msgs
[0.120s] [35m[1mConsolidate compiler generated dependencies of target ublox_msgs__rosidl_typesupport_cpp[0m
[0.123s] [ 12%] Built target ublox_msgs__rosidl_generator_c
[0.123s] [35m[1mConsolidate compiler generated dependencies of target ublox_msgs__rosidl_typesupport_introspection_cpp[0m
[0.131s] [35m[1mConsolidate compiler generated dependencies of target ublox_msgs__rosidl_typesupport_fastrtps_cpp[0m
[0.142s] [35m[1mConsolidate compiler generated dependencies of target ublox_msgs__rosidl_typesupport_c[0m
[0.149s] [35m[1mConsolidate compiler generated dependencies of target ublox_msgs__rosidl_typesupport_introspection_c[0m
[0.149s] [ 24%] Built target ublox_msgs__rosidl_typesupport_cpp
[0.154s] [ 36%] Built target ublox_msgs__rosidl_typesupport_introspection_cpp
[0.155s] [35m[1mConsolidate compiler generated dependencies of target ublox_msgs__rosidl_typesupport_fastrtps_c[0m
[0.155s] [35m[1mConsolidate compiler generated dependencies of target ublox_msgs_lib[0m
[0.164s] [ 49%] Built target ublox_msgs__rosidl_typesupport_c
[0.165s] [ 50%] Built target ublox_msgs_lib
[0.169s] [ 62%] Built target ublox_msgs__rosidl_typesupport_fastrtps_cpp
[0.171s] [ 75%] Built target ublox_msgs__rosidl_typesupport_introspection_c
[0.189s] [ 88%] Built target ublox_msgs__rosidl_typesupport_fastrtps_c
[0.206s] [ 88%] Built target ublox_msgs
[0.227s] [ 88%] Built target ublox_msgs__py
[0.251s] [35m[1mConsolidate compiler generated dependencies of target ublox_msgs__rosidl_generator_py[0m
[0.284s] [100%] Built target ublox_msgs__rosidl_generator_py
[0.288s] running egg_info
[0.289s] writing ublox_msgs.egg-info/PKG-INFO
[0.289s] writing dependency_links to ublox_msgs.egg-info/dependency_links.txt
[0.289s] writing top-level names to ublox_msgs.egg-info/top_level.txt
[0.291s] reading manifest file 'ublox_msgs.egg-info/SOURCES.txt'
[0.292s] writing manifest file 'ublox_msgs.egg-info/SOURCES.txt'
[0.294s] [35m[1mConsolidate compiler generated dependencies of target ublox_msgs__rosidl_typesupport_introspection_c__pyext[0m
[0.294s] [35m[1mConsolidate compiler generated dependencies of target ublox_msgs__rosidl_typesupport_c__pyext[0m
[0.294s] [35m[1mConsolidate compiler generated dependencies of target ublox_msgs__rosidl_typesupport_fastrtps_c__pyext[0m
[0.303s] [100%] Built target ublox_msgs__rosidl_typesupport_introspection_c__pyext
[0.303s] [100%] Built target ublox_msgs__rosidl_typesupport_fastrtps_c__pyext
[0.303s] [100%] Built target ublox_msgs__rosidl_typesupport_c__pyext
[0.312s] [100%] Built target ament_cmake_python_build_ublox_msgs_egg
[0.321s] Invoked command in '/home/yongjing-ub22/RTK_GPS_NTRIP_ws/build/ublox_msgs' returned '0': CMAKE_PREFIX_PATH=/home/yongjing-ub22/RTK_GPS_NTRIP_ws/install/ublox_serialization:/home/yongjing-ub22/RTK_GPS_NTRIP_ws/install/ublox:/home/yongjing-ub22/RTK_GPS_NTRIP_ws/install/ublox_gps:/home/yongjing-ub22/RTK_GPS_NTRIP_ws/install/fix2nmea:/home/yongjing-ub22/RTK_GPS_NTRIP_ws/install/ublox_msgs:/home/yongjing-ub22/RTK_GPS_NTRIP_ws/install/rtcm_msgs:/home/yongjing-ub22/RTK_GPS_NTRIP_ws/install/ntrip_client:/opt/ros/humble /usr/bin/cmake --build /home/yongjing-ub22/RTK_GPS_NTRIP_ws/build/ublox_msgs -- -j20 -l20
