-- The C compiler identification is GNU 11.4.0
-- The CXX compiler identification is GNU 11.4.0
-- Detecting C compiler ABI info
-- Detecting C compiler ABI info - done
-- Check for working C compiler: /usr/bin/cc - skipped
-- Detecting C compile features
-- Detecting C compile features - done
-- Detecting CXX compiler ABI info
-- Detecting CXX compiler ABI info - done
-- Check for working CXX compiler: /usr/bin/c++ - skipped
-- Detecting CXX compile features
-- Detecting CXX compile features - done
-- Found ament_cmake: 1.3.10 (/opt/ros/humble/share/ament_cmake/cmake)
-- Found Python3: /usr/bin/python3 (found version "3.10.12") found components: Interpreter 
-- Configuring done
-- Generating done
-- Build files have been written to: /home/yongjing-ub22/RTK_GPS_NTRIP_ws/build/ublox
-- Install configuration: ""
-- Installing: /home/yongjing-ub22/RTK_GPS_NTRIP_ws/install/ublox/share/ament_index/resource_index/package_run_dependencies/ublox
-- Installing: /home/yongjing-ub22/RTK_GPS_NTRIP_ws/install/ublox/share/ament_index/resource_index/parent_prefix_path/ublox
-- Installing: /home/yongjing-ub22/RTK_GPS_NTRIP_ws/install/ublox/share/ublox/environment/ament_prefix_path.sh
-- Installing: /home/yongjing-ub22/RTK_GPS_NTRIP_ws/install/ublox/share/ublox/environment/ament_prefix_path.dsv
-- Installing: /home/yongjing-ub22/RTK_GPS_NTRIP_ws/install/ublox/share/ublox/environment/path.sh
-- Installing: /home/yongjing-ub22/RTK_GPS_NTRIP_ws/install/ublox/share/ublox/environment/path.dsv
-- Installing: /home/yongjing-ub22/RTK_GPS_NTRIP_ws/install/ublox/share/ublox/local_setup.bash
-- Installing: /home/yongjing-ub22/RTK_GPS_NTRIP_ws/install/ublox/share/ublox/local_setup.sh
-- Installing: /home/yongjing-ub22/RTK_GPS_NTRIP_ws/install/ublox/share/ublox/local_setup.zsh
-- Installing: /home/yongjing-ub22/RTK_GPS_NTRIP_ws/install/ublox/share/ublox/local_setup.dsv
-- Installing: /home/yongjing-ub22/RTK_GPS_NTRIP_ws/install/ublox/share/ublox/package.dsv
-- Installing: /home/yongjing-ub22/RTK_GPS_NTRIP_ws/install/ublox/share/ament_index/resource_index/packages/ublox
-- Installing: /home/yongjing-ub22/RTK_GPS_NTRIP_ws/install/ublox/share/ublox/cmake/ubloxConfig.cmake
-- Installing: /home/yongjing-ub22/RTK_GPS_NTRIP_ws/install/ublox/share/ublox/cmake/ubloxConfig-version.cmake
-- Installing: /home/yongjing-ub22/RTK_GPS_NTRIP_ws/install/ublox/share/ublox/package.xml
