[0.009s] Invoking command in '/home/yongjing-ub22/RTK_GPS_NTRIP_ws/build/ublox': CMAKE_PREFIX_PATH=/home/yongjing-ub22/RTK_GPS_NTRIP_ws/install/ublox_gps:/home/yongjing-ub22/RTK_GPS_NTRIP_ws/install/ublox_msgs:/home/yongjing-ub22/RTK_GPS_NTRIP_ws/install/ublox_serialization:/home/yongjing-ub22/RTK_GPS_NTRIP_ws/install/rtcm_msgs:/home/yongjing-ub22/RTK_GPS_NTRIP_ws/install/ublox:/home/yongjing-ub22/RTK_GPS_NTRIP_ws/install/fix2nmea:/home/yongjing-ub22/RTK_GPS_NTRIP_ws/install/ntrip_client:/opt/ros/humble /usr/bin/cmake --build /home/yongjing-ub22/RTK_GPS_NTRIP_ws/build/ublox -- -j20 -l20
[0.027s] -- Found ament_cmake: 1.3.11 (/opt/ros/humble/share/ament_cmake/cmake)
[0.153s] -- Configuring done
[0.155s] -- Generating done
[0.156s] -- Build files have been written to: /home/yongjing-ub22/RTK_GPS_NTRIP_ws/build/ublox
[0.172s] Invoked command in '/home/yongjing-ub22/RTK_GPS_NTRIP_ws/build/ublox' returned '0': CMAKE_PREFIX_PATH=/home/yongjing-ub22/RTK_GPS_NTRIP_ws/install/ublox_gps:/home/yongjing-ub22/RTK_GPS_NTRIP_ws/install/ublox_msgs:/home/yongjing-ub22/RTK_GPS_NTRIP_ws/install/ublox_serialization:/home/yongjing-ub22/RTK_GPS_NTRIP_ws/install/rtcm_msgs:/home/yongjing-ub22/RTK_GPS_NTRIP_ws/install/ublox:/home/yongjing-ub22/RTK_GPS_NTRIP_ws/install/fix2nmea:/home/yongjing-ub22/RTK_GPS_NTRIP_ws/install/ntrip_client:/opt/ros/humble /usr/bin/cmake --build /home/yongjing-ub22/RTK_GPS_NTRIP_ws/build/ublox -- -j20 -l20
[0.191s] Invoking command in '/home/yongjing-ub22/RTK_GPS_NTRIP_ws/build/ublox': CMAKE_PREFIX_PATH=/home/yongjing-ub22/RTK_GPS_NTRIP_ws/install/ublox_gps:/home/yongjing-ub22/RTK_GPS_NTRIP_ws/install/ublox_msgs:/home/yongjing-ub22/RTK_GPS_NTRIP_ws/install/ublox_serialization:/home/yongjing-ub22/RTK_GPS_NTRIP_ws/install/rtcm_msgs:/home/yongjing-ub22/RTK_GPS_NTRIP_ws/install/ublox:/home/yongjing-ub22/RTK_GPS_NTRIP_ws/install/fix2nmea:/home/yongjing-ub22/RTK_GPS_NTRIP_ws/install/ntrip_client:/opt/ros/humble /usr/bin/cmake --install /home/yongjing-ub22/RTK_GPS_NTRIP_ws/build/ublox
[0.195s] -- Install configuration: ""
[0.195s] -- Up-to-date: /home/yongjing-ub22/RTK_GPS_NTRIP_ws/install/ublox/share/ament_index/resource_index/package_run_dependencies/ublox
[0.195s] -- Installing: /home/yongjing-ub22/RTK_GPS_NTRIP_ws/install/ublox/share/ament_index/resource_index/parent_prefix_path/ublox
[0.196s] -- Installing: /home/yongjing-ub22/RTK_GPS_NTRIP_ws/install/ublox/share/ublox/environment/ament_prefix_path.sh
[0.196s] -- Installing: /home/yongjing-ub22/RTK_GPS_NTRIP_ws/install/ublox/share/ublox/environment/ament_prefix_path.dsv
[0.196s] -- Installing: /home/yongjing-ub22/RTK_GPS_NTRIP_ws/install/ublox/share/ublox/environment/path.sh
[0.196s] -- Installing: /home/yongjing-ub22/RTK_GPS_NTRIP_ws/install/ublox/share/ublox/environment/path.dsv
[0.196s] -- Up-to-date: /home/yongjing-ub22/RTK_GPS_NTRIP_ws/install/ublox/share/ublox/local_setup.bash
[0.196s] -- Up-to-date: /home/yongjing-ub22/RTK_GPS_NTRIP_ws/install/ublox/share/ublox/local_setup.sh
[0.196s] -- Up-to-date: /home/yongjing-ub22/RTK_GPS_NTRIP_ws/install/ublox/share/ublox/local_setup.zsh
[0.196s] -- Installing: /home/yongjing-ub22/RTK_GPS_NTRIP_ws/install/ublox/share/ublox/local_setup.dsv
[0.196s] -- Installing: /home/yongjing-ub22/RTK_GPS_NTRIP_ws/install/ublox/share/ublox/package.dsv
[0.196s] -- Up-to-date: /home/yongjing-ub22/RTK_GPS_NTRIP_ws/install/ublox/share/ament_index/resource_index/packages/ublox
[0.196s] -- Up-to-date: /home/yongjing-ub22/RTK_GPS_NTRIP_ws/install/ublox/share/ublox/cmake/ubloxConfig.cmake
[0.196s] -- Up-to-date: /home/yongjing-ub22/RTK_GPS_NTRIP_ws/install/ublox/share/ublox/cmake/ubloxConfig-version.cmake
[0.196s] -- Up-to-date: /home/yongjing-ub22/RTK_GPS_NTRIP_ws/install/ublox/share/ublox/package.xml
[0.197s] Invoked command in '/home/yongjing-ub22/RTK_GPS_NTRIP_ws/build/ublox' returned '0': CMAKE_PREFIX_PATH=/home/yongjing-ub22/RTK_GPS_NTRIP_ws/install/ublox_gps:/home/yongjing-ub22/RTK_GPS_NTRIP_ws/install/ublox_msgs:/home/yongjing-ub22/RTK_GPS_NTRIP_ws/install/ublox_serialization:/home/yongjing-ub22/RTK_GPS_NTRIP_ws/install/rtcm_msgs:/home/yongjing-ub22/RTK_GPS_NTRIP_ws/install/ublox:/home/yongjing-ub22/RTK_GPS_NTRIP_ws/install/fix2nmea:/home/yongjing-ub22/RTK_GPS_NTRIP_ws/install/ntrip_client:/opt/ros/humble /usr/bin/cmake --install /home/yongjing-ub22/RTK_GPS_NTRIP_ws/build/ublox
