[0.008s] Invoking command in '/home/yongjing-ub22/RTK_GPS_NTRIP_ws/build/ublox_gps': AMENT_PREFIX_PATH=/home/yongjing-ub22/RTK_GPS_NTRIP_ws/install/ublox_msgs:/home/yongjing-ub22/RTK_GPS_NTRIP_ws/install/ublox_serialization:/home/yongjing-ub22/RTK_GPS_NTRIP_ws/install/rtcm_msgs:${AMENT_PREFIX_PATH} CMAKE_PREFIX_PATH=/home/yongjing-ub22/RTK_GPS_NTRIP_ws/install/ublox_msgs:/home/yongjing-ub22/RTK_GPS_NTRIP_ws/install/ublox_serialization:/home/yongjing-ub22/RTK_GPS_NTRIP_ws/install/rtcm_msgs:/opt/ros/humble LD_LIBRARY_PATH=/home/yongjing-ub22/RTK_GPS_NTRIP_ws/install/ublox_msgs/lib:/home/yongjing-ub22/RTK_GPS_NTRIP_ws/install/rtcm_msgs/lib:${LD_LIBRARY_PATH} PYTHONPATH=/home/yongjing-ub22/RTK_GPS_NTRIP_ws/install/ublox_msgs/local/lib/python3.10/dist-packages:/home/yongjing-ub22/RTK_GPS_NTRIP_ws/install/rtcm_msgs/local/lib/python3.10/dist-packages:${PYTHONPATH} /usr/bin/cmake /home/yongjing-ub22/RTK_GPS_NTRIP_ws/src/RTK_GPS_NTRIP/ublox_gps -DCMAKE_INSTALL_PREFIX=/home/yongjing-ub22/RTK_GPS_NTRIP_ws/install/ublox_gps
[0.043s] -- The C compiler identification is GNU 11.4.0
[0.081s] -- The CXX compiler identification is GNU 11.4.0
[0.085s] -- Detecting C compiler ABI info
[0.133s] -- Detecting C compiler ABI info - done
[0.137s] -- Check for working C compiler: /usr/bin/cc - skipped
[0.137s] -- Detecting C compile features
[0.137s] -- Detecting C compile features - done
[0.139s] -- Detecting CXX compiler ABI info
[0.196s] -- Detecting CXX compiler ABI info - done
[0.201s] -- Check for working CXX compiler: /usr/bin/c++ - skipped
[0.201s] -- Detecting CXX compile features
[0.201s] -- Detecting CXX compile features - done
[0.203s] -- Found ament_cmake_ros: 0.10.0 (/opt/ros/humble/share/ament_cmake_ros/cmake)
[0.315s] -- Found Python3: /usr/bin/python3 (found version "3.10.12") found components: Interpreter 
[0.372s] -- Found asio: /usr/include  
[0.373s] -- Found diagnostic_msgs: 4.2.4 (/opt/ros/humble/share/diagnostic_msgs/cmake)
[0.397s] -- Found rosidl_generator_c: 3.1.5 (/opt/ros/humble/share/rosidl_generator_c/cmake)
[0.400s] -- Found rosidl_adapter: 3.1.5 (/opt/ros/humble/share/rosidl_adapter/cmake)
[0.406s] -- Found rosidl_generator_cpp: 3.1.5 (/opt/ros/humble/share/rosidl_generator_cpp/cmake)
[0.413s] -- Using all available rosidl_typesupport_c: rosidl_typesupport_fastrtps_c;rosidl_typesupport_introspection_c
[0.423s] -- Using all available rosidl_typesupport_cpp: rosidl_typesupport_fastrtps_cpp;rosidl_typesupport_introspection_cpp
[0.449s] -- Found diagnostic_updater: 4.0.0 (/opt/ros/humble/share/diagnostic_updater/cmake)
[0.475s] -- Found rmw_implementation_cmake: 6.1.2 (/opt/ros/humble/share/rmw_implementation_cmake/cmake)
[0.477s] -- Found rmw_fastrtps_cpp: 6.2.7 (/opt/ros/humble/share/rmw_fastrtps_cpp/cmake)
[0.537s] -- Found OpenSSL: /usr/lib/x86_64-linux-gnu/libcrypto.so (found version "3.0.2")  
[0.555s] -- Found FastRTPS: /opt/ros/humble/include  
[0.581s] -- Using RMW implementation 'rmw_fastrtps_cpp' as default
[0.586s] -- Looking for pthread.h
[0.637s] -- Looking for pthread.h - found
[0.637s] -- Performing Test CMAKE_HAVE_LIBC_PTHREAD
[0.689s] -- Performing Test CMAKE_HAVE_LIBC_PTHREAD - Success
[0.690s] -- Found Threads: TRUE  
[0.723s] -- Found geometry_msgs: 4.2.4 (/opt/ros/humble/share/geometry_msgs/cmake)
[0.735s] -- Found rclcpp_components: 16.0.10 (/opt/ros/humble/share/rclcpp_components/cmake)
[0.761s] -- Found sensor_msgs: 4.2.4 (/opt/ros/humble/share/sensor_msgs/cmake)
[0.773s] -- Found tf2: 0.25.7 (/opt/ros/humble/share/tf2/cmake)
[0.775s] -- Found ublox_msgs: 2.3.0 (/home/yongjing-ub22/RTK_GPS_NTRIP_ws/install/ublox_msgs/share/ublox_msgs/cmake)
[0.787s] -- Found rtcm_msgs: 1.1.6 (/home/yongjing-ub22/RTK_GPS_NTRIP_ws/install/rtcm_msgs/share/rtcm_msgs/cmake)
[0.843s] -- Configuring done
[0.879s] -- Generating done
[0.880s] -- Build files have been written to: /home/yongjing-ub22/RTK_GPS_NTRIP_ws/build/ublox_gps
[0.888s] Invoked command in '/home/yongjing-ub22/RTK_GPS_NTRIP_ws/build/ublox_gps' returned '0': AMENT_PREFIX_PATH=/home/yongjing-ub22/RTK_GPS_NTRIP_ws/install/ublox_msgs:/home/yongjing-ub22/RTK_GPS_NTRIP_ws/install/ublox_serialization:/home/yongjing-ub22/RTK_GPS_NTRIP_ws/install/rtcm_msgs:${AMENT_PREFIX_PATH} CMAKE_PREFIX_PATH=/home/yongjing-ub22/RTK_GPS_NTRIP_ws/install/ublox_msgs:/home/yongjing-ub22/RTK_GPS_NTRIP_ws/install/ublox_serialization:/home/yongjing-ub22/RTK_GPS_NTRIP_ws/install/rtcm_msgs:/opt/ros/humble LD_LIBRARY_PATH=/home/yongjing-ub22/RTK_GPS_NTRIP_ws/install/ublox_msgs/lib:/home/yongjing-ub22/RTK_GPS_NTRIP_ws/install/rtcm_msgs/lib:${LD_LIBRARY_PATH} PYTHONPATH=/home/yongjing-ub22/RTK_GPS_NTRIP_ws/install/ublox_msgs/local/lib/python3.10/dist-packages:/home/yongjing-ub22/RTK_GPS_NTRIP_ws/install/rtcm_msgs/local/lib/python3.10/dist-packages:${PYTHONPATH} /usr/bin/cmake /home/yongjing-ub22/RTK_GPS_NTRIP_ws/src/RTK_GPS_NTRIP/ublox_gps -DCMAKE_INSTALL_PREFIX=/home/yongjing-ub22/RTK_GPS_NTRIP_ws/install/ublox_gps
[0.889s] Invoking command in '/home/yongjing-ub22/RTK_GPS_NTRIP_ws/build/ublox_gps': AMENT_PREFIX_PATH=/home/yongjing-ub22/RTK_GPS_NTRIP_ws/install/ublox_msgs:/home/yongjing-ub22/RTK_GPS_NTRIP_ws/install/ublox_serialization:/home/yongjing-ub22/RTK_GPS_NTRIP_ws/install/rtcm_msgs:${AMENT_PREFIX_PATH} CMAKE_PREFIX_PATH=/home/yongjing-ub22/RTK_GPS_NTRIP_ws/install/ublox_msgs:/home/yongjing-ub22/RTK_GPS_NTRIP_ws/install/ublox_serialization:/home/yongjing-ub22/RTK_GPS_NTRIP_ws/install/rtcm_msgs:/opt/ros/humble LD_LIBRARY_PATH=/home/yongjing-ub22/RTK_GPS_NTRIP_ws/install/ublox_msgs/lib:/home/yongjing-ub22/RTK_GPS_NTRIP_ws/install/rtcm_msgs/lib:${LD_LIBRARY_PATH} PYTHONPATH=/home/yongjing-ub22/RTK_GPS_NTRIP_ws/install/ublox_msgs/local/lib/python3.10/dist-packages:/home/yongjing-ub22/RTK_GPS_NTRIP_ws/install/rtcm_msgs/local/lib/python3.10/dist-packages:${PYTHONPATH} /usr/bin/cmake --build /home/yongjing-ub22/RTK_GPS_NTRIP_ws/build/ublox_gps -- -j20 -l20
[0.924s] [  9%] [32mBuilding CXX object CMakeFiles/ublox_gps.dir/src/hpg_ref_product.cpp.o[0m
[0.924s] [  9%] [32mBuilding CXX object CMakeFiles/ublox_gps.dir/src/hpg_rov_product.cpp.o[0m
[0.925s] [ 13%] [32mBuilding CXX object CMakeFiles/ublox_gps.dir/src/raw_data_product.cpp.o[0m
[0.925s] [ 22%] [32mBuilding CXX object CMakeFiles/ublox_gps.dir/src/node.cpp.o[0m
[0.925s] [ 22%] [32mBuilding CXX object CMakeFiles/ublox_gps.dir/src/adr_udr_product.cpp.o[0m
[0.925s] [ 31%] [32mBuilding C object CMakeFiles/ublox_gps.dir/src/mkgmtime.c.o[0m
[0.925s] [ 31%] [32mBuilding CXX object CMakeFiles/ublox_gps.dir/src/gnss.cpp.o[0m
[0.926s] [ 36%] [32mBuilding CXX object CMakeFiles/ublox_gps.dir/src/raw_data_pa.cpp.o[0m
[0.926s] [ 40%] [32mBuilding CXX object CMakeFiles/ublox_gps.dir/src/gps.cpp.o[0m
[0.926s] [ 45%] [32mBuilding CXX object CMakeFiles/ublox_gps.dir/src/hp_pos_rec_product.cpp.o[0m
[0.927s] [ 50%] [32mBuilding CXX object CMakeFiles/ublox_gps.dir/src/ublox_firmware.cpp.o[0m
[0.927s] [ 54%] [32mBuilding CXX object CMakeFiles/ublox_gps.dir/src/ublox_firmware9.cpp.o[0m
[0.927s] [ 59%] [32mBuilding CXX object CMakeFiles/ublox_gps.dir/src/ublox_firmware7.cpp.o[0m
[0.928s] [ 68%] [32mBuilding CXX object CMakeFiles/ublox_gps.dir/src/ublox_firmware6.cpp.o[0m
[0.928s] [ 68%] [32mBuilding CXX object CMakeFiles/ublox_gps.dir/src/tim_product.cpp.o[0m
[0.928s] [ 72%] [32mBuilding CXX object CMakeFiles/ublox_gps.dir/src/ublox_firmware8.cpp.o[0m
[17.150s] [ 77%] [32m[1mLinking CXX shared library libublox_gps.so[0m
[19.420s] [ 77%] Built target ublox_gps
[19.436s] [ 81%] [32mBuilding CXX object CMakeFiles/ublox_gps_node.dir/src/node_main.cpp.o[0m
[19.436s] [ 86%] [32mBuilding CXX object CMakeFiles/ublox_logger.dir/src/logger_node_pa.cpp.o[0m
[19.437s] [ 90%] [32mBuilding CXX object CMakeFiles/ublox_logger.dir/src/raw_data_pa.cpp.o[0m
[22.825s] [ 95%] [32m[1mLinking CXX executable ublox_gps_node[0m
[23.562s] [ 95%] Built target ublox_gps_node
[24.668s] [100%] [32m[1mLinking CXX executable ublox_logger[0m
[25.015s] [100%] Built target ublox_logger
[25.025s] Invoked command in '/home/yongjing-ub22/RTK_GPS_NTRIP_ws/build/ublox_gps' returned '0': AMENT_PREFIX_PATH=/home/yongjing-ub22/RTK_GPS_NTRIP_ws/install/ublox_msgs:/home/yongjing-ub22/RTK_GPS_NTRIP_ws/install/ublox_serialization:/home/yongjing-ub22/RTK_GPS_NTRIP_ws/install/rtcm_msgs:${AMENT_PREFIX_PATH} CMAKE_PREFIX_PATH=/home/yongjing-ub22/RTK_GPS_NTRIP_ws/install/ublox_msgs:/home/yongjing-ub22/RTK_GPS_NTRIP_ws/install/ublox_serialization:/home/yongjing-ub22/RTK_GPS_NTRIP_ws/install/rtcm_msgs:/opt/ros/humble LD_LIBRARY_PATH=/home/yongjing-ub22/RTK_GPS_NTRIP_ws/install/ublox_msgs/lib:/home/yongjing-ub22/RTK_GPS_NTRIP_ws/install/rtcm_msgs/lib:${LD_LIBRARY_PATH} PYTHONPATH=/home/yongjing-ub22/RTK_GPS_NTRIP_ws/install/ublox_msgs/local/lib/python3.10/dist-packages:/home/yongjing-ub22/RTK_GPS_NTRIP_ws/install/rtcm_msgs/local/lib/python3.10/dist-packages:${PYTHONPATH} /usr/bin/cmake --build /home/yongjing-ub22/RTK_GPS_NTRIP_ws/build/ublox_gps -- -j20 -l20
[25.082s] Invoking command in '/home/yongjing-ub22/RTK_GPS_NTRIP_ws/build/ublox_gps': AMENT_PREFIX_PATH=/home/yongjing-ub22/RTK_GPS_NTRIP_ws/install/ublox_msgs:/home/yongjing-ub22/RTK_GPS_NTRIP_ws/install/ublox_serialization:/home/yongjing-ub22/RTK_GPS_NTRIP_ws/install/rtcm_msgs:${AMENT_PREFIX_PATH} CMAKE_PREFIX_PATH=/home/yongjing-ub22/RTK_GPS_NTRIP_ws/install/ublox_msgs:/home/yongjing-ub22/RTK_GPS_NTRIP_ws/install/ublox_serialization:/home/yongjing-ub22/RTK_GPS_NTRIP_ws/install/rtcm_msgs:/opt/ros/humble LD_LIBRARY_PATH=/home/yongjing-ub22/RTK_GPS_NTRIP_ws/install/ublox_msgs/lib:/home/yongjing-ub22/RTK_GPS_NTRIP_ws/install/rtcm_msgs/lib:${LD_LIBRARY_PATH} PYTHONPATH=/home/yongjing-ub22/RTK_GPS_NTRIP_ws/install/ublox_msgs/local/lib/python3.10/dist-packages:/home/yongjing-ub22/RTK_GPS_NTRIP_ws/install/rtcm_msgs/local/lib/python3.10/dist-packages:${PYTHONPATH} /usr/bin/cmake --install /home/yongjing-ub22/RTK_GPS_NTRIP_ws/build/ublox_gps
[25.089s] -- Install configuration: ""
[25.090s] -- Installing: /home/yongjing-ub22/RTK_GPS_NTRIP_ws/install/ublox_gps/lib/libublox_gps.so
[25.104s] -- Set runtime path of "/home/yongjing-ub22/RTK_GPS_NTRIP_ws/install/ublox_gps/lib/libublox_gps.so" to ""
[25.104s] -- Installing: /home/yongjing-ub22/RTK_GPS_NTRIP_ws/install/ublox_gps/lib/ublox_gps/ublox_gps_node
[25.104s] -- Set runtime path of "/home/yongjing-ub22/RTK_GPS_NTRIP_ws/install/ublox_gps/lib/ublox_gps/ublox_gps_node" to ""
[25.104s] -- Installing: /home/yongjing-ub22/RTK_GPS_NTRIP_ws/install/ublox_gps/lib/ublox_gps/ublox_logger
[25.106s] -- Set runtime path of "/home/yongjing-ub22/RTK_GPS_NTRIP_ws/install/ublox_gps/lib/ublox_gps/ublox_logger" to ""
[25.106s] -- Installing: /home/yongjing-ub22/RTK_GPS_NTRIP_ws/install/ublox_gps/include/ublox_gps
[25.106s] -- Installing: /home/yongjing-ub22/RTK_GPS_NTRIP_ws/install/ublox_gps/include/ublox_gps/ublox_gps
[25.106s] -- Installing: /home/yongjing-ub22/RTK_GPS_NTRIP_ws/install/ublox_gps/include/ublox_gps/ublox_gps/rtcm.hpp
[25.106s] -- Installing: /home/yongjing-ub22/RTK_GPS_NTRIP_ws/install/ublox_gps/include/ublox_gps/ublox_gps/mkgmtime.h
[25.106s] -- Installing: /home/yongjing-ub22/RTK_GPS_NTRIP_ws/install/ublox_gps/include/ublox_gps/ublox_gps/ublox_firmware6.hpp
[25.106s] -- Installing: /home/yongjing-ub22/RTK_GPS_NTRIP_ws/install/ublox_gps/include/ublox_gps/ublox_gps/ublox_firmware7.hpp
[25.106s] -- Installing: /home/yongjing-ub22/RTK_GPS_NTRIP_ws/install/ublox_gps/include/ublox_gps/ublox_gps/async_worker.hpp
[25.106s] -- Installing: /home/yongjing-ub22/RTK_GPS_NTRIP_ws/install/ublox_gps/include/ublox_gps/ublox_gps/node.hpp
[25.106s] -- Installing: /home/yongjing-ub22/RTK_GPS_NTRIP_ws/install/ublox_gps/include/ublox_gps/ublox_gps/ublox_firmware.hpp
[25.106s] -- Installing: /home/yongjing-ub22/RTK_GPS_NTRIP_ws/install/ublox_gps/include/ublox_gps/ublox_gps/fix_diagnostic.hpp
[25.106s] -- Installing: /home/yongjing-ub22/RTK_GPS_NTRIP_ws/install/ublox_gps/include/ublox_gps/ublox_gps/callback.hpp
[25.106s] -- Installing: /home/yongjing-ub22/RTK_GPS_NTRIP_ws/install/ublox_gps/include/ublox_gps/ublox_gps/fts_product.hpp
[25.106s] -- Installing: /home/yongjing-ub22/RTK_GPS_NTRIP_ws/install/ublox_gps/include/ublox_gps/ublox_gps/raw_data_product.hpp
[25.106s] -- Installing: /home/yongjing-ub22/RTK_GPS_NTRIP_ws/install/ublox_gps/include/ublox_gps/ublox_gps/ublox_firmware8.hpp
[25.106s] -- Installing: /home/yongjing-ub22/RTK_GPS_NTRIP_ws/install/ublox_gps/include/ublox_gps/ublox_gps/gnss.hpp
[25.106s] -- Installing: /home/yongjing-ub22/RTK_GPS_NTRIP_ws/install/ublox_gps/include/ublox_gps/ublox_gps/raw_data_pa.hpp
[25.106s] -- Installing: /home/yongjing-ub22/RTK_GPS_NTRIP_ws/install/ublox_gps/include/ublox_gps/ublox_gps/ublox_topic_diagnostic.hpp
[25.106s] -- Installing: /home/yongjing-ub22/RTK_GPS_NTRIP_ws/install/ublox_gps/include/ublox_gps/ublox_gps/hpg_rov_product.hpp
[25.106s] -- Installing: /home/yongjing-ub22/RTK_GPS_NTRIP_ws/install/ublox_gps/include/ublox_gps/ublox_gps/component_interface.hpp
[25.106s] -- Installing: /home/yongjing-ub22/RTK_GPS_NTRIP_ws/install/ublox_gps/include/ublox_gps/ublox_gps/worker.hpp
[25.106s] -- Installing: /home/yongjing-ub22/RTK_GPS_NTRIP_ws/install/ublox_gps/include/ublox_gps/ublox_gps/utils.hpp
[25.106s] -- Installing: /home/yongjing-ub22/RTK_GPS_NTRIP_ws/install/ublox_gps/include/ublox_gps/ublox_gps/adr_udr_product.hpp
[25.106s] -- Installing: /home/yongjing-ub22/RTK_GPS_NTRIP_ws/install/ublox_gps/include/ublox_gps/ublox_gps/hpg_ref_product.hpp
[25.106s] -- Installing: /home/yongjing-ub22/RTK_GPS_NTRIP_ws/install/ublox_gps/include/ublox_gps/ublox_gps/ublox_firmware7plus.hpp
[25.106s] -- Installing: /home/yongjing-ub22/RTK_GPS_NTRIP_ws/install/ublox_gps/include/ublox_gps/ublox_gps/hp_pos_rec_product.hpp
[25.106s] -- Installing: /home/yongjing-ub22/RTK_GPS_NTRIP_ws/install/ublox_gps/include/ublox_gps/ublox_gps/ublox_firmware9.hpp
[25.106s] -- Installing: /home/yongjing-ub22/RTK_GPS_NTRIP_ws/install/ublox_gps/include/ublox_gps/ublox_gps/tim_product.hpp
[25.106s] -- Installing: /home/yongjing-ub22/RTK_GPS_NTRIP_ws/install/ublox_gps/include/ublox_gps/ublox_gps/gps.hpp
[25.106s] -- Installing: /home/yongjing-ub22/RTK_GPS_NTRIP_ws/install/ublox_gps/share/ublox_gps/launch
[25.106s] -- Installing: /home/yongjing-ub22/RTK_GPS_NTRIP_ws/install/ublox_gps/share/ublox_gps/launch/ublox_gps_node-launch.py
[25.108s] -- Installing: /home/yongjing-ub22/RTK_GPS_NTRIP_ws/install/ublox_gps/share/ublox_gps/launch/ublox_gps_node-composed-launch.py
[25.108s] -- Installing: /home/yongjing-ub22/RTK_GPS_NTRIP_ws/install/ublox_gps/share/ublox_gps/config
[25.108s] -- Installing: /home/yongjing-ub22/RTK_GPS_NTRIP_ws/install/ublox_gps/share/ublox_gps/config/c94_m8t_rover.yaml
[25.108s] -- Installing: /home/yongjing-ub22/RTK_GPS_NTRIP_ws/install/ublox_gps/share/ublox_gps/config/zed_f9p.yaml
[25.108s] -- Installing: /home/yongjing-ub22/RTK_GPS_NTRIP_ws/install/ublox_gps/share/ublox_gps/config/c94_m8p_base.yaml
[25.108s] -- Installing: /home/yongjing-ub22/RTK_GPS_NTRIP_ws/install/ublox_gps/share/ublox_gps/config/neo_m8u_rover.yaml
[25.108s] -- Installing: /home/yongjing-ub22/RTK_GPS_NTRIP_ws/install/ublox_gps/share/ublox_gps/config/c94_m8t_base.yaml
[25.108s] -- Installing: /home/yongjing-ub22/RTK_GPS_NTRIP_ws/install/ublox_gps/share/ublox_gps/config/c94_m8p_rover.yaml
[25.108s] -- Installing: /home/yongjing-ub22/RTK_GPS_NTRIP_ws/install/ublox_gps/share/ublox_gps/config/nmea.yaml
[25.109s] -- Installing: /home/yongjing-ub22/RTK_GPS_NTRIP_ws/install/ublox_gps/share/ament_index/resource_index/package_run_dependencies/ublox_gps
[25.109s] -- Installing: /home/yongjing-ub22/RTK_GPS_NTRIP_ws/install/ublox_gps/share/ament_index/resource_index/parent_prefix_path/ublox_gps
[25.109s] -- Installing: /home/yongjing-ub22/RTK_GPS_NTRIP_ws/install/ublox_gps/share/ublox_gps/environment/ament_prefix_path.sh
[25.109s] -- Installing: /home/yongjing-ub22/RTK_GPS_NTRIP_ws/install/ublox_gps/share/ublox_gps/environment/ament_prefix_path.dsv
[25.109s] -- Installing: /home/yongjing-ub22/RTK_GPS_NTRIP_ws/install/ublox_gps/share/ublox_gps/environment/path.sh
[25.109s] -- Installing: /home/yongjing-ub22/RTK_GPS_NTRIP_ws/install/ublox_gps/share/ublox_gps/environment/path.dsv
[25.109s] -- Installing: /home/yongjing-ub22/RTK_GPS_NTRIP_ws/install/ublox_gps/share/ublox_gps/local_setup.bash
[25.109s] -- Installing: /home/yongjing-ub22/RTK_GPS_NTRIP_ws/install/ublox_gps/share/ublox_gps/local_setup.sh
[25.109s] -- Installing: /home/yongjing-ub22/RTK_GPS_NTRIP_ws/install/ublox_gps/share/ublox_gps/local_setup.zsh
[25.109s] -- Installing: /home/yongjing-ub22/RTK_GPS_NTRIP_ws/install/ublox_gps/share/ublox_gps/local_setup.dsv
[25.110s] -- Installing: /home/yongjing-ub22/RTK_GPS_NTRIP_ws/install/ublox_gps/share/ublox_gps/package.dsv
[25.110s] -- Installing: /home/yongjing-ub22/RTK_GPS_NTRIP_ws/install/ublox_gps/share/ament_index/resource_index/packages/ublox_gps
[25.110s] -- Installing: /home/yongjing-ub22/RTK_GPS_NTRIP_ws/install/ublox_gps/share/ament_index/resource_index/rclcpp_components/ublox_gps
[25.110s] -- Installing: /home/yongjing-ub22/RTK_GPS_NTRIP_ws/install/ublox_gps/share/ublox_gps/cmake/export_ublox_gpsExport.cmake
[25.110s] -- Installing: /home/yongjing-ub22/RTK_GPS_NTRIP_ws/install/ublox_gps/share/ublox_gps/cmake/export_ublox_gpsExport-noconfig.cmake
[25.110s] -- Installing: /home/yongjing-ub22/RTK_GPS_NTRIP_ws/install/ublox_gps/share/ublox_gps/cmake/ament_cmake_export_include_directories-extras.cmake
[25.110s] -- Installing: /home/yongjing-ub22/RTK_GPS_NTRIP_ws/install/ublox_gps/share/ublox_gps/cmake/ament_cmake_export_targets-extras.cmake
[25.110s] -- Installing: /home/yongjing-ub22/RTK_GPS_NTRIP_ws/install/ublox_gps/share/ublox_gps/cmake/ublox_gpsConfig.cmake
[25.110s] -- Installing: /home/yongjing-ub22/RTK_GPS_NTRIP_ws/install/ublox_gps/share/ublox_gps/cmake/ublox_gpsConfig-version.cmake
[25.110s] -- Installing: /home/yongjing-ub22/RTK_GPS_NTRIP_ws/install/ublox_gps/share/ublox_gps/package.xml
[25.112s] Invoked command in '/home/yongjing-ub22/RTK_GPS_NTRIP_ws/build/ublox_gps' returned '0': AMENT_PREFIX_PATH=/home/yongjing-ub22/RTK_GPS_NTRIP_ws/install/ublox_msgs:/home/yongjing-ub22/RTK_GPS_NTRIP_ws/install/ublox_serialization:/home/yongjing-ub22/RTK_GPS_NTRIP_ws/install/rtcm_msgs:${AMENT_PREFIX_PATH} CMAKE_PREFIX_PATH=/home/yongjing-ub22/RTK_GPS_NTRIP_ws/install/ublox_msgs:/home/yongjing-ub22/RTK_GPS_NTRIP_ws/install/ublox_serialization:/home/yongjing-ub22/RTK_GPS_NTRIP_ws/install/rtcm_msgs:/opt/ros/humble LD_LIBRARY_PATH=/home/yongjing-ub22/RTK_GPS_NTRIP_ws/install/ublox_msgs/lib:/home/yongjing-ub22/RTK_GPS_NTRIP_ws/install/rtcm_msgs/lib:${LD_LIBRARY_PATH} PYTHONPATH=/home/yongjing-ub22/RTK_GPS_NTRIP_ws/install/ublox_msgs/local/lib/python3.10/dist-packages:/home/yongjing-ub22/RTK_GPS_NTRIP_ws/install/rtcm_msgs/local/lib/python3.10/dist-packages:${PYTHONPATH} /usr/bin/cmake --install /home/yongjing-ub22/RTK_GPS_NTRIP_ws/build/ublox_gps
