[0.009s] Invoking command in '/home/yongjing-ub22/RTK_GPS_NTRIP_ws/build/ublox_msgs': CMAKE_PREFIX_PATH=/home/yongjing-ub22/RTK_GPS_NTRIP_ws/install/ublox_serialization:/home/yongjing-ub22/RTK_GPS_NTRIP_ws/install/ublox:/home/yongjing-ub22/RTK_GPS_NTRIP_ws/install/ublox_gps:/home/yongjing-ub22/RTK_GPS_NTRIP_ws/install/fix2nmea:/home/yongjing-ub22/RTK_GPS_NTRIP_ws/install/ublox_msgs:/home/yongjing-ub22/RTK_GPS_NTRIP_ws/install/rtcm_msgs:/home/yongjing-ub22/RTK_GPS_NTRIP_ws/install/ntrip_client:/opt/ros/humble /usr/bin/cmake --build /home/yongjing-ub22/RTK_GPS_NTRIP_ws/build/ublox_msgs -- -j20 -l20
[0.138s] [  0%] Built target ublox_msgs__cpp
[0.152s] [  0%] Built target ament_cmake_python_copy_ublox_msgs
[0.158s] [ 12%] Built target ublox_msgs__rosidl_generator_c
[0.210s] [ 24%] Built target ublox_msgs__rosidl_typesupport_cpp
[0.213s] [ 36%] Built target ublox_msgs__rosidl_typesupport_introspection_cpp
[0.217s] [ 54%] Built target ublox_msgs__rosidl_typesupport_fastrtps_cpp
[0.217s] [ 74%] Built target ublox_msgs__rosidl_typesupport_introspection_c
[0.218s] [ 74%] Built target ublox_msgs__rosidl_typesupport_c
[0.240s] [ 87%] Built target ublox_msgs__rosidl_typesupport_fastrtps_c
[0.242s] [ 88%] Built target ublox_msgs_lib
[0.265s] [ 88%] Built target ublox_msgs
[0.293s] [ 88%] Built target ublox_msgs__py
[0.351s] [100%] Built target ublox_msgs__rosidl_generator_py
[0.384s] [100%] Built target ublox_msgs__rosidl_typesupport_introspection_c__pyext
[0.384s] [100%] Built target ublox_msgs__rosidl_typesupport_c__pyext
[0.385s] [100%] Built target ublox_msgs__rosidl_typesupport_fastrtps_c__pyext
[0.427s] running egg_info
[0.428s] writing ublox_msgs.egg-info/PKG-INFO
[0.428s] writing dependency_links to ublox_msgs.egg-info/dependency_links.txt
[0.428s] writing top-level names to ublox_msgs.egg-info/top_level.txt
[0.430s] reading manifest file 'ublox_msgs.egg-info/SOURCES.txt'
[0.431s] writing manifest file 'ublox_msgs.egg-info/SOURCES.txt'
[0.452s] [100%] Built target ament_cmake_python_build_ublox_msgs_egg
[0.461s] Invoked command in '/home/yongjing-ub22/RTK_GPS_NTRIP_ws/build/ublox_msgs' returned '0': CMAKE_PREFIX_PATH=/home/yongjing-ub22/RTK_GPS_NTRIP_ws/install/ublox_serialization:/home/yongjing-ub22/RTK_GPS_NTRIP_ws/install/ublox:/home/yongjing-ub22/RTK_GPS_NTRIP_ws/install/ublox_gps:/home/yongjing-ub22/RTK_GPS_NTRIP_ws/install/fix2nmea:/home/yongjing-ub22/RTK_GPS_NTRIP_ws/install/ublox_msgs:/home/yongjing-ub22/RTK_GPS_NTRIP_ws/install/rtcm_msgs:/home/yongjing-ub22/RTK_GPS_NTRIP_ws/install/ntrip_client:/opt/ros/humble /usr/bin/cmake --build /home/yongjing-ub22/RTK_GPS_NTRIP_ws/build/ublox_msgs -- -j20 -l20
