[0.818s] Invoking command in '/home/yongjing-ub22/comms_nusmr/mapviz_ws_YJ_laptop_only/src/path_publisher': PYTHONPATH=/home/yongjing-ub22/comms_nusmr/mapviz_ws_YJ_laptop_only/build/path_publisher/prefix_override:/usr/lib/python3/dist-packages/colcon_core/task/python/colcon_distutils_commands:/home/yongjing-ub22/comms_nusmr/mapviz_ws_YJ_laptop_only/install/path_publisher/lib/python3.10/site-packages:${PYTHONPATH} /usr/bin/python3 -W ignore:setup.py install is deprecated -W ignore:easy_install command is deprecated setup.py egg_info --egg-base ../../build/path_publisher build --build-base /home/yongjing-ub22/comms_nusmr/mapviz_ws_YJ_laptop_only/build/path_publisher/build install --record /home/yongjing-ub22/comms_nusmr/mapviz_ws_YJ_laptop_only/build/path_publisher/install.log --single-version-externally-managed install_data
[1.094s] running egg_info
[1.094s] writing ../../build/path_publisher/path_publisher.egg-info/PKG-INFO
[1.094s] writing dependency_links to ../../build/path_publisher/path_publisher.egg-info/dependency_links.txt
[1.094s] writing entry points to ../../build/path_publisher/path_publisher.egg-info/entry_points.txt
[1.095s] writing requirements to ../../build/path_publisher/path_publisher.egg-info/requires.txt
[1.095s] writing top-level names to ../../build/path_publisher/path_publisher.egg-info/top_level.txt
[1.096s] reading manifest file '../../build/path_publisher/path_publisher.egg-info/SOURCES.txt'
[1.098s] writing manifest file '../../build/path_publisher/path_publisher.egg-info/SOURCES.txt'
[1.098s] running build
[1.098s] running build_py
[1.098s] running install
[1.099s] running install_lib
[1.100s] running install_data
[1.100s] running install_egg_info
[1.101s] removing '/home/yongjing-ub22/comms_nusmr/mapviz_ws_YJ_laptop_only/install/path_publisher/lib/python3.10/site-packages/path_publisher-0.0.0-py3.10.egg-info' (and everything under it)
[1.101s] Copying ../../build/path_publisher/path_publisher.egg-info to /home/yongjing-ub22/comms_nusmr/mapviz_ws_YJ_laptop_only/install/path_publisher/lib/python3.10/site-packages/path_publisher-0.0.0-py3.10.egg-info
[1.102s] running install_scripts
[1.115s] Installing draw_circle script to /home/yongjing-ub22/comms_nusmr/mapviz_ws_YJ_laptop_only/install/path_publisher/lib/path_publisher
[1.115s] Installing my_node script to /home/yongjing-ub22/comms_nusmr/mapviz_ws_YJ_laptop_only/install/path_publisher/lib/path_publisher
[1.115s] writing list of installed files to '/home/yongjing-ub22/comms_nusmr/mapviz_ws_YJ_laptop_only/build/path_publisher/install.log'
[1.135s] Invoked command in '/home/yongjing-ub22/comms_nusmr/mapviz_ws_YJ_laptop_only/src/path_publisher' returned '0': PYTHONPATH=/home/yongjing-ub22/comms_nusmr/mapviz_ws_YJ_laptop_only/build/path_publisher/prefix_override:/usr/lib/python3/dist-packages/colcon_core/task/python/colcon_distutils_commands:/home/yongjing-ub22/comms_nusmr/mapviz_ws_YJ_laptop_only/install/path_publisher/lib/python3.10/site-packages:${PYTHONPATH} /usr/bin/python3 -W ignore:setup.py install is deprecated -W ignore:easy_install command is deprecated setup.py egg_info --egg-base ../../build/path_publisher build --build-base /home/yongjing-ub22/comms_nusmr/mapviz_ws_YJ_laptop_only/build/path_publisher/build install --record /home/yongjing-ub22/comms_nusmr/mapviz_ws_YJ_laptop_only/build/path_publisher/install.log --single-version-externally-managed install_data
