-- Found ament_cmake: 1.3.11 (/opt/ros/humble/share/ament_cmake/cmake)
-- Found rclcpp: 16.0.11 (/opt/ros/humble/share/rclcpp/cmake)
-- Found rosidl_generator_c: 3.1.6 (/opt/ros/humble/share/rosidl_generator_c/cmake)
-- Found rosidl_adapter: 3.1.6 (/opt/ros/humble/share/rosidl_adapter/cmake)
-- Found rosidl_generator_cpp: 3.1.6 (/opt/ros/humble/share/rosidl_generator_cpp/cmake)
-- Using all available rosidl_typesupport_c: rosidl_typesupport_fastrtps_c;rosidl_typesupport_introspection_c
-- Using all available rosidl_typesupport_cpp: rosidl_typesupport_fastrtps_cpp;rosidl_typesupport_introspection_cpp
-- Found rmw_implementation_cmake: 6.1.2 (/opt/ros/humble/share/rmw_implementation_cmake/cmake)
-- Found rmw_fastrtps_cpp: 6.2.7 (/opt/ros/humble/share/rmw_fastrtps_cpp/cmake)
-- Using RMW implementation 'rmw_fastrtps_cpp' as default
-- Found nmea_msgs: 2.0.0 (/opt/ros/humble/share/nmea_msgs/cmake)
-- Found sensor_msgs: 4.2.4 (/opt/ros/humble/share/sensor_msgs/cmake)
-- Found ublox_msgs: 2.3.0 (/home/yongjing-ub22/RTK_GPS_NTRIP_ws/install/ublox_msgs/share/ublox_msgs/cmake)
-- Found ament_lint_auto: 0.12.11 (/opt/ros/humble/share/ament_lint_auto/cmake)
-- Added test 'cppcheck' to perform static code analysis on C / C++ code
-- Configured cppcheck include dirs: 
-- Configured cppcheck exclude dirs and/or files: 
-- Added test 'lint_cmake' to check CMake code style
-- Added test 'uncrustify' to check C / C++ code style
-- Configured uncrustify additional arguments: 
-- Added test 'xmllint' to check XML markup files
-- Configuring done
-- Generating done
-- Build files have been written to: /home/yongjing-ub22/RTK_GPS_NTRIP_ws/build/fix2nmea
[35m[1mConsolidate compiler generated dependencies of target fix2nmea[0m
[ 50%] [32mBuilding CXX object CMakeFiles/fix2nmea.dir/src/fix2nmea.cpp.o[0m
[100%] [32m[1mLinking CXX executable fix2nmea[0m
[100%] Built target fix2nmea
-- Install configuration: ""
-- Installing: /home/yongjing-ub22/RTK_GPS_NTRIP_ws/install/fix2nmea/lib/fix2nmea/fix2nmea
-- Set runtime path of "/home/yongjing-ub22/RTK_GPS_NTRIP_ws/install/fix2nmea/lib/fix2nmea/fix2nmea" to ""
-- Up-to-date: /home/yongjing-ub22/RTK_GPS_NTRIP_ws/install/fix2nmea/share/ament_index/resource_index/package_run_dependencies/fix2nmea
-- Installing: /home/yongjing-ub22/RTK_GPS_NTRIP_ws/install/fix2nmea/share/ament_index/resource_index/parent_prefix_path/fix2nmea
-- Installing: /home/yongjing-ub22/RTK_GPS_NTRIP_ws/install/fix2nmea/share/fix2nmea/environment/ament_prefix_path.sh
-- Installing: /home/yongjing-ub22/RTK_GPS_NTRIP_ws/install/fix2nmea/share/fix2nmea/environment/ament_prefix_path.dsv
-- Installing: /home/yongjing-ub22/RTK_GPS_NTRIP_ws/install/fix2nmea/share/fix2nmea/environment/path.sh
-- Installing: /home/yongjing-ub22/RTK_GPS_NTRIP_ws/install/fix2nmea/share/fix2nmea/environment/path.dsv
-- Up-to-date: /home/yongjing-ub22/RTK_GPS_NTRIP_ws/install/fix2nmea/share/fix2nmea/local_setup.bash
-- Up-to-date: /home/yongjing-ub22/RTK_GPS_NTRIP_ws/install/fix2nmea/share/fix2nmea/local_setup.sh
-- Up-to-date: /home/yongjing-ub22/RTK_GPS_NTRIP_ws/install/fix2nmea/share/fix2nmea/local_setup.zsh
-- Installing: /home/yongjing-ub22/RTK_GPS_NTRIP_ws/install/fix2nmea/share/fix2nmea/local_setup.dsv
-- Installing: /home/yongjing-ub22/RTK_GPS_NTRIP_ws/install/fix2nmea/share/fix2nmea/package.dsv
-- Up-to-date: /home/yongjing-ub22/RTK_GPS_NTRIP_ws/install/fix2nmea/share/ament_index/resource_index/packages/fix2nmea
-- Up-to-date: /home/yongjing-ub22/RTK_GPS_NTRIP_ws/install/fix2nmea/share/fix2nmea/cmake/fix2nmeaConfig.cmake
-- Up-to-date: /home/yongjing-ub22/RTK_GPS_NTRIP_ws/install/fix2nmea/share/fix2nmea/cmake/fix2nmeaConfig-version.cmake
-- Up-to-date: /home/yongjing-ub22/RTK_GPS_NTRIP_ws/install/fix2nmea/share/fix2nmea/package.xml
