[0.010s] Invoking command in '/home/yongjing-ub22/comms_nusmr/mapviz_ws_YJ_laptop_only/build/mapviz_plugins': CMAKE_PREFIX_PATH=/home/yongjing-ub22/comms_nusmr/mapviz_ws_YJ_laptop_only/install/mapviz:/home/yongjing-ub22/comms_nusmr/mapviz_ws_YJ_laptop_only/install/mapviz_interfaces:/home/yongjing-ub22/comms_nusmr/mapviz_ws_YJ_laptop_only/install/tile_map:/home/yongjing-ub22/comms_nusmr/mapviz_ws_YJ_laptop_only/install/multires_image:/home/yongjing-ub22/comms_nusmr/mapviz_ws_YJ_laptop_only/install/mapviz_plugins:/home/yongjing-ub22/comms_nusmr/mapviz_ws_YJ_laptop_only/install/path_publisher:/opt/ros/humble LD_LIBRARY_PATH=/home/yongjing-ub22/comms_nusmr/mapviz_ws_YJ_laptop_only/install/mapviz_interfaces/lib:/home/yongjing-ub22/comms_nusmr/mapviz_ws_YJ_laptop_only/install/tile_map/lib:/home/yongjing-ub22/comms_nusmr/mapviz_ws_YJ_laptop_only/install/multires_image/lib:/home/yongjing-ub22/comms_nusmr/mapviz_ws_YJ_laptop_only/install/mapviz_plugins/lib:/home/yongjing-ub22/comms_nusmr/mapviz_ws_YJ_laptop_only/install/mapviz/lib:/usr/lib/x86_64-linux-gnu/gazebo-11/plugins:/opt/ros/humble/opt/rviz_ogre_vendor/lib:/opt/ros/humble/lib/x86_64-linux-gnu:/opt/ros/humble/lib /usr/bin/cmake --build /home/yongjing-ub22/comms_nusmr/mapviz_ws_YJ_laptop_only/build/mapviz_plugins -- -j20 -l20
[0.127s] [100%] Built target mapviz_plugins
[0.138s] Invoked command in '/home/yongjing-ub22/comms_nusmr/mapviz_ws_YJ_laptop_only/build/mapviz_plugins' returned '0': CMAKE_PREFIX_PATH=/home/yongjing-ub22/comms_nusmr/mapviz_ws_YJ_laptop_only/install/mapviz:/home/yongjing-ub22/comms_nusmr/mapviz_ws_YJ_laptop_only/install/mapviz_interfaces:/home/yongjing-ub22/comms_nusmr/mapviz_ws_YJ_laptop_only/install/tile_map:/home/yongjing-ub22/comms_nusmr/mapviz_ws_YJ_laptop_only/install/multires_image:/home/yongjing-ub22/comms_nusmr/mapviz_ws_YJ_laptop_only/install/mapviz_plugins:/home/yongjing-ub22/comms_nusmr/mapviz_ws_YJ_laptop_only/install/path_publisher:/opt/ros/humble LD_LIBRARY_PATH=/home/yongjing-ub22/comms_nusmr/mapviz_ws_YJ_laptop_only/install/mapviz_interfaces/lib:/home/yongjing-ub22/comms_nusmr/mapviz_ws_YJ_laptop_only/install/tile_map/lib:/home/yongjing-ub22/comms_nusmr/mapviz_ws_YJ_laptop_only/install/multires_image/lib:/home/yongjing-ub22/comms_nusmr/mapviz_ws_YJ_laptop_only/install/mapviz_plugins/lib:/home/yongjing-ub22/comms_nusmr/mapviz_ws_YJ_laptop_only/install/mapviz/lib:/usr/lib/x86_64-linux-gnu/gazebo-11/plugins:/opt/ros/humble/opt/rviz_ogre_vendor/lib:/opt/ros/humble/lib/x86_64-linux-gnu:/opt/ros/humble/lib /usr/bin/cmake --build /home/yongjing-ub22/comms_nusmr/mapviz_ws_YJ_laptop_only/build/mapviz_plugins -- -j20 -l20
[0.138s] Invoking command in '/home/yongjing-ub22/comms_nusmr/mapviz_ws_YJ_laptop_only/build/mapviz_plugins': CMAKE_PREFIX_PATH=/home/yongjing-ub22/comms_nusmr/mapviz_ws_YJ_laptop_only/install/mapviz:/home/yongjing-ub22/comms_nusmr/mapviz_ws_YJ_laptop_only/install/mapviz_interfaces:/home/yongjing-ub22/comms_nusmr/mapviz_ws_YJ_laptop_only/install/tile_map:/home/yongjing-ub22/comms_nusmr/mapviz_ws_YJ_laptop_only/install/multires_image:/home/yongjing-ub22/comms_nusmr/mapviz_ws_YJ_laptop_only/install/mapviz_plugins:/home/yongjing-ub22/comms_nusmr/mapviz_ws_YJ_laptop_only/install/path_publisher:/opt/ros/humble LD_LIBRARY_PATH=/home/yongjing-ub22/comms_nusmr/mapviz_ws_YJ_laptop_only/install/mapviz_interfaces/lib:/home/yongjing-ub22/comms_nusmr/mapviz_ws_YJ_laptop_only/install/tile_map/lib:/home/yongjing-ub22/comms_nusmr/mapviz_ws_YJ_laptop_only/install/multires_image/lib:/home/yongjing-ub22/comms_nusmr/mapviz_ws_YJ_laptop_only/install/mapviz_plugins/lib:/home/yongjing-ub22/comms_nusmr/mapviz_ws_YJ_laptop_only/install/mapviz/lib:/usr/lib/x86_64-linux-gnu/gazebo-11/plugins:/opt/ros/humble/opt/rviz_ogre_vendor/lib:/opt/ros/humble/lib/x86_64-linux-gnu:/opt/ros/humble/lib /usr/bin/cmake --install /home/yongjing-ub22/comms_nusmr/mapviz_ws_YJ_laptop_only/build/mapviz_plugins
[0.144s] -- Install configuration: ""
[0.145s] -- Up-to-date: /home/yongjing-ub22/comms_nusmr/mapviz_ws_YJ_laptop_only/install/mapviz_plugins/include/mapviz_plugins
[0.145s] -- Up-to-date: /home/yongjing-ub22/comms_nusmr/mapviz_ws_YJ_laptop_only/install/mapviz_plugins/include/mapviz_plugins/pose_plugin.h
[0.146s] -- Up-to-date: /home/yongjing-ub22/comms_nusmr/mapviz_ws_YJ_laptop_only/install/mapviz_plugins/include/mapviz_plugins/grid_plugin.h
[0.146s] -- Up-to-date: /home/yongjing-ub22/comms_nusmr/mapviz_ws_YJ_laptop_only/install/mapviz_plugins/include/mapviz_plugins/marker_plugin.h
[0.146s] -- Up-to-date: /home/yongjing-ub22/comms_nusmr/mapviz_ws_YJ_laptop_only/install/mapviz_plugins/include/mapviz_plugins/odometry_plugin.h
[0.146s] -- Up-to-date: /home/yongjing-ub22/comms_nusmr/mapviz_ws_YJ_laptop_only/install/mapviz_plugins/include/mapviz_plugins/robot_image_plugin.h
[0.147s] -- Up-to-date: /home/yongjing-ub22/comms_nusmr/mapviz_ws_YJ_laptop_only/install/mapviz_plugins/include/mapviz_plugins/measuring_plugin.h
[0.147s] -- Up-to-date: /home/yongjing-ub22/comms_nusmr/mapviz_ws_YJ_laptop_only/install/mapviz_plugins/include/mapviz_plugins/occupancy_grid_plugin.h
[0.147s] -- Up-to-date: /home/yongjing-ub22/comms_nusmr/mapviz_ws_YJ_laptop_only/install/mapviz_plugins/include/mapviz_plugins/topic_select.h
[0.147s] -- Up-to-date: /home/yongjing-ub22/comms_nusmr/mapviz_ws_YJ_laptop_only/install/mapviz_plugins/include/mapviz_plugins/plan_route_plugin.h
[0.147s] -- Up-to-date: /home/yongjing-ub22/comms_nusmr/mapviz_ws_YJ_laptop_only/install/mapviz_plugins/include/mapviz_plugins/canvas_click_filter.h
[0.147s] -- Up-to-date: /home/yongjing-ub22/comms_nusmr/mapviz_ws_YJ_laptop_only/install/mapviz_plugins/include/mapviz_plugins/point_click_publisher_plugin.h
[0.148s] -- Up-to-date: /home/yongjing-ub22/comms_nusmr/mapviz_ws_YJ_laptop_only/install/mapviz_plugins/include/mapviz_plugins/laserscan_plugin.h
[0.148s] -- Up-to-date: /home/yongjing-ub22/comms_nusmr/mapviz_ws_YJ_laptop_only/install/mapviz_plugins/include/mapviz_plugins/coordinate_picker_plugin.h
[0.148s] -- Up-to-date: /home/yongjing-ub22/comms_nusmr/mapviz_ws_YJ_laptop_only/install/mapviz_plugins/include/mapviz_plugins/path_plugin.h
[0.148s] -- Up-to-date: /home/yongjing-ub22/comms_nusmr/mapviz_ws_YJ_laptop_only/install/mapviz_plugins/include/mapviz_plugins/image_plugin.h
[0.149s] -- Up-to-date: /home/yongjing-ub22/comms_nusmr/mapviz_ws_YJ_laptop_only/install/mapviz_plugins/include/mapviz_plugins/placeable_window_proxy.h
[0.149s] -- Up-to-date: /home/yongjing-ub22/comms_nusmr/mapviz_ws_YJ_laptop_only/install/mapviz_plugins/include/mapviz_plugins/textured_marker_plugin.h
[0.149s] -- Up-to-date: /home/yongjing-ub22/comms_nusmr/mapviz_ws_YJ_laptop_only/install/mapviz_plugins/include/mapviz_plugins/navsat_plugin.h
[0.149s] -- Up-to-date: /home/yongjing-ub22/comms_nusmr/mapviz_ws_YJ_laptop_only/install/mapviz_plugins/include/mapviz_plugins/float_plugin.h
[0.149s] -- Up-to-date: /home/yongjing-ub22/comms_nusmr/mapviz_ws_YJ_laptop_only/install/mapviz_plugins/include/mapviz_plugins/tf_frame_plugin.h
[0.149s] -- Up-to-date: /home/yongjing-ub22/comms_nusmr/mapviz_ws_YJ_laptop_only/install/mapviz_plugins/include/mapviz_plugins/point_drawing_plugin.h
[0.149s] -- Up-to-date: /home/yongjing-ub22/comms_nusmr/mapviz_ws_YJ_laptop_only/install/mapviz_plugins/include/mapviz_plugins/attitude_indicator_plugin.h
[0.149s] -- Up-to-date: /home/yongjing-ub22/comms_nusmr/mapviz_ws_YJ_laptop_only/install/mapviz_plugins/include/mapviz_plugins/draw_polygon_plugin.h
[0.149s] -- Up-to-date: /home/yongjing-ub22/comms_nusmr/mapviz_ws_YJ_laptop_only/install/mapviz_plugins/include/mapviz_plugins/pointcloud2_plugin.h
[0.149s] -- Up-to-date: /home/yongjing-ub22/comms_nusmr/mapviz_ws_YJ_laptop_only/install/mapviz_plugins/include/mapviz_plugins/string_plugin.h
[0.149s] -- Up-to-date: /home/yongjing-ub22/comms_nusmr/mapviz_ws_YJ_laptop_only/install/mapviz_plugins/include/mapviz_plugins/move_base_plugin.h
[0.149s] -- Up-to-date: /home/yongjing-ub22/comms_nusmr/mapviz_ws_YJ_laptop_only/install/mapviz_plugins/include/mapviz_plugins/gps_plugin.h
[0.149s] -- Up-to-date: /home/yongjing-ub22/comms_nusmr/mapviz_ws_YJ_laptop_only/install/mapviz_plugins/include/mapviz_plugins/route_plugin.h
[0.149s] -- Up-to-date: /home/yongjing-ub22/comms_nusmr/mapviz_ws_YJ_laptop_only/install/mapviz_plugins/include/mapviz_plugins/disparity_plugin.h
[0.149s] -- Up-to-date: /home/yongjing-ub22/comms_nusmr/mapviz_ws_YJ_laptop_only/install/mapviz_plugins/include/mapviz_plugins/ui_topicselect.h
[0.149s] -- Up-to-date: /home/yongjing-ub22/comms_nusmr/mapviz_ws_YJ_laptop_only/install/mapviz_plugins/lib/libmapviz_plugins.so
[0.149s] -- Up-to-date: /home/yongjing-ub22/comms_nusmr/mapviz_ws_YJ_laptop_only/install/mapviz_plugins/share/mapviz_plugins/mapviz_plugins.xml
[0.149s] -- Up-to-date: /home/yongjing-ub22/comms_nusmr/mapviz_ws_YJ_laptop_only/install/mapviz_plugins/share/mapviz_plugins/environment/library_path.sh
[0.149s] -- Up-to-date: /home/yongjing-ub22/comms_nusmr/mapviz_ws_YJ_laptop_only/install/mapviz_plugins/share/mapviz_plugins/environment/library_path.dsv
[0.150s] -- Up-to-date: /home/yongjing-ub22/comms_nusmr/mapviz_ws_YJ_laptop_only/install/mapviz_plugins/share/ament_index/resource_index/package_run_dependencies/mapviz_plugins
[0.150s] -- Up-to-date: /home/yongjing-ub22/comms_nusmr/mapviz_ws_YJ_laptop_only/install/mapviz_plugins/share/ament_index/resource_index/parent_prefix_path/mapviz_plugins
[0.150s] -- Up-to-date: /home/yongjing-ub22/comms_nusmr/mapviz_ws_YJ_laptop_only/install/mapviz_plugins/share/mapviz_plugins/environment/ament_prefix_path.sh
[0.150s] -- Up-to-date: /home/yongjing-ub22/comms_nusmr/mapviz_ws_YJ_laptop_only/install/mapviz_plugins/share/mapviz_plugins/environment/ament_prefix_path.dsv
[0.150s] -- Up-to-date: /home/yongjing-ub22/comms_nusmr/mapviz_ws_YJ_laptop_only/install/mapviz_plugins/share/mapviz_plugins/environment/path.sh
[0.150s] -- Up-to-date: /home/yongjing-ub22/comms_nusmr/mapviz_ws_YJ_laptop_only/install/mapviz_plugins/share/mapviz_plugins/environment/path.dsv
[0.150s] -- Up-to-date: /home/yongjing-ub22/comms_nusmr/mapviz_ws_YJ_laptop_only/install/mapviz_plugins/share/mapviz_plugins/local_setup.bash
[0.150s] -- Up-to-date: /home/yongjing-ub22/comms_nusmr/mapviz_ws_YJ_laptop_only/install/mapviz_plugins/share/mapviz_plugins/local_setup.sh
[0.150s] -- Up-to-date: /home/yongjing-ub22/comms_nusmr/mapviz_ws_YJ_laptop_only/install/mapviz_plugins/share/mapviz_plugins/local_setup.zsh
[0.150s] -- Up-to-date: /home/yongjing-ub22/comms_nusmr/mapviz_ws_YJ_laptop_only/install/mapviz_plugins/share/mapviz_plugins/local_setup.dsv
[0.150s] -- Installing: /home/yongjing-ub22/comms_nusmr/mapviz_ws_YJ_laptop_only/install/mapviz_plugins/share/mapviz_plugins/package.dsv
[0.150s] -- Up-to-date: /home/yongjing-ub22/comms_nusmr/mapviz_ws_YJ_laptop_only/install/mapviz_plugins/share/ament_index/resource_index/packages/mapviz_plugins
[0.150s] -- Up-to-date: /home/yongjing-ub22/comms_nusmr/mapviz_ws_YJ_laptop_only/install/mapviz_plugins/share/ament_index/resource_index/mapviz__pluginlib__plugin/mapviz_plugins
[0.150s] -- Up-to-date: /home/yongjing-ub22/comms_nusmr/mapviz_ws_YJ_laptop_only/install/mapviz_plugins/share/mapviz_plugins/cmake/ament_cmake_export_dependencies-extras.cmake
[0.150s] -- Up-to-date: /home/yongjing-ub22/comms_nusmr/mapviz_ws_YJ_laptop_only/install/mapviz_plugins/share/mapviz_plugins/cmake/ament_cmake_export_include_directories-extras.cmake
[0.150s] -- Up-to-date: /home/yongjing-ub22/comms_nusmr/mapviz_ws_YJ_laptop_only/install/mapviz_plugins/share/mapviz_plugins/cmake/ament_cmake_export_libraries-extras.cmake
[0.150s] -- Up-to-date: /home/yongjing-ub22/comms_nusmr/mapviz_ws_YJ_laptop_only/install/mapviz_plugins/share/mapviz_plugins/cmake/mapviz_pluginsConfig.cmake
[0.150s] -- Up-to-date: /home/yongjing-ub22/comms_nusmr/mapviz_ws_YJ_laptop_only/install/mapviz_plugins/share/mapviz_plugins/cmake/mapviz_pluginsConfig-version.cmake
[0.150s] -- Up-to-date: /home/yongjing-ub22/comms_nusmr/mapviz_ws_YJ_laptop_only/install/mapviz_plugins/share/mapviz_plugins/package.xml
[0.156s] Invoked command in '/home/yongjing-ub22/comms_nusmr/mapviz_ws_YJ_laptop_only/build/mapviz_plugins' returned '0': CMAKE_PREFIX_PATH=/home/yongjing-ub22/comms_nusmr/mapviz_ws_YJ_laptop_only/install/mapviz:/home/yongjing-ub22/comms_nusmr/mapviz_ws_YJ_laptop_only/install/mapviz_interfaces:/home/yongjing-ub22/comms_nusmr/mapviz_ws_YJ_laptop_only/install/tile_map:/home/yongjing-ub22/comms_nusmr/mapviz_ws_YJ_laptop_only/install/multires_image:/home/yongjing-ub22/comms_nusmr/mapviz_ws_YJ_laptop_only/install/mapviz_plugins:/home/yongjing-ub22/comms_nusmr/mapviz_ws_YJ_laptop_only/install/path_publisher:/opt/ros/humble LD_LIBRARY_PATH=/home/yongjing-ub22/comms_nusmr/mapviz_ws_YJ_laptop_only/install/mapviz_interfaces/lib:/home/yongjing-ub22/comms_nusmr/mapviz_ws_YJ_laptop_only/install/tile_map/lib:/home/yongjing-ub22/comms_nusmr/mapviz_ws_YJ_laptop_only/install/multires_image/lib:/home/yongjing-ub22/comms_nusmr/mapviz_ws_YJ_laptop_only/install/mapviz_plugins/lib:/home/yongjing-ub22/comms_nusmr/mapviz_ws_YJ_laptop_only/install/mapviz/lib:/usr/lib/x86_64-linux-gnu/gazebo-11/plugins:/opt/ros/humble/opt/rviz_ogre_vendor/lib:/opt/ros/humble/lib/x86_64-linux-gnu:/opt/ros/humble/lib /usr/bin/cmake --install /home/yongjing-ub22/comms_nusmr/mapviz_ws_YJ_laptop_only/build/mapviz_plugins
