running egg_info
writing ../../build/path_publisher/path_publisher.egg-info/PKG-INFO
writing dependency_links to ../../build/path_publisher/path_publisher.egg-info/dependency_links.txt
writing entry points to ../../build/path_publisher/path_publisher.egg-info/entry_points.txt
writing requirements to ../../build/path_publisher/path_publisher.egg-info/requires.txt
writing top-level names to ../../build/path_publisher/path_publisher.egg-info/top_level.txt
reading manifest file '../../build/path_publisher/path_publisher.egg-info/SOURCES.txt'
writing manifest file '../../build/path_publisher/path_publisher.egg-info/SOURCES.txt'
running build
running build_py
copying path_publisher/my_node.py -> /home/yongjing-ub22/comms_nusmr/mapviz_ws_YJ_laptop_only/build/path_publisher/build/lib/path_publisher
copying path_publisher/draw_circle.py -> /home/yongjing-ub22/comms_nusmr/mapviz_ws_YJ_laptop_only/build/path_publisher/build/lib/path_publisher
running install
running install_lib
copying /home/yongjing-ub22/comms_nusmr/mapviz_ws_YJ_laptop_only/build/path_publisher/build/lib/path_publisher/my_node.py -> /home/yongjing-ub22/comms_nusmr/mapviz_ws_YJ_laptop_only/install/path_publisher/lib/python3.10/site-packages/path_publisher
copying /home/yongjing-ub22/comms_nusmr/mapviz_ws_YJ_laptop_only/build/path_publisher/build/lib/path_publisher/draw_circle.py -> /home/yongjing-ub22/comms_nusmr/mapviz_ws_YJ_laptop_only/install/path_publisher/lib/python3.10/site-packages/path_publisher
byte-compiling /home/yongjing-ub22/comms_nusmr/mapviz_ws_YJ_laptop_only/install/path_publisher/lib/python3.10/site-packages/path_publisher/my_node.py to my_node.cpython-310.pyc
byte-compiling /home/yongjing-ub22/comms_nusmr/mapviz_ws_YJ_laptop_only/install/path_publisher/lib/python3.10/site-packages/path_publisher/draw_circle.py to draw_circle.cpython-310.pyc
running install_data
running install_egg_info
removing '/home/yongjing-ub22/comms_nusmr/mapviz_ws_YJ_laptop_only/install/path_publisher/lib/python3.10/site-packages/path_publisher-0.0.0-py3.10.egg-info' (and everything under it)
Copying ../../build/path_publisher/path_publisher.egg-info to /home/yongjing-ub22/comms_nusmr/mapviz_ws_YJ_laptop_only/install/path_publisher/lib/python3.10/site-packages/path_publisher-0.0.0-py3.10.egg-info
running install_scripts
Installing my_node = path_publisher.my_node:maindraw_circle script to /home/yongjing-ub22/comms_nusmr/mapviz_ws_YJ_laptop_only/install/path_publisher/lib/path_publisher
writing list of installed files to '/home/yongjing-ub22/comms_nusmr/mapviz_ws_YJ_laptop_only/build/path_publisher/install.log'
