[0.064s] DEBUG:colcon:Command line arguments: ['/usr/bin/colcon', 'build']
[0.064s] DEBUG:colcon:Parsed command line arguments: Namespace(log_base=None, log_level=None, verb_name='build', build_base='build', install_base='install', merge_install=False, symlink_install=False, test_result_base=None, continue_on_error=False, executor='parallel', parallel_workers=20, event_handlers=None, ignore_user_meta=False, metas=['./colcon.meta'], base_paths=['.'], packages_ignore=None, packages_ignore_regex=None, paths=None, packages_up_to=None, packages_up_to_regex=None, packages_above=None, packages_above_and_dependencies=None, packages_above_depth=None, packages_select_by_dep=None, packages_skip_by_dep=None, packages_skip_up_to=None, packages_select_build_failed=False, packages_skip_build_finished=False, packages_select_test_failures=False, packages_skip_test_passed=False, packages_select=None, packages_skip=None, packages_select_regex=None, packages_skip_regex=None, packages_start=None, packages_end=None, allow_overriding=[], cmake_args=None, cmake_target=None, cmake_target_skip_unavailable=False, cmake_clean_cache=False, cmake_clean_first=False, cmake_force_configure=False, ament_cmake_args=None, catkin_cmake_args=None, catkin_skip_building_tests=False, mixin_files=None, mixin=None, verb_parser=<colcon_mixin.mixin.mixin_argument.MixinArgumentDecorator object at 0x7b0799e3b670>, verb_extension=<colcon_core.verb.build.BuildVerb object at 0x7b0799ff1090>, main=<bound method BuildVerb.main of <colcon_core.verb.build.BuildVerb object at 0x7b0799ff1090>>, mixin_verb=('build',))
[0.162s] Level 1:colcon.colcon_core.package_discovery:discover_packages(colcon_meta) check parameters
[0.162s] Level 1:colcon.colcon_core.package_discovery:discover_packages(recursive) check parameters
[0.162s] Level 1:colcon.colcon_core.package_discovery:discover_packages(ignore) check parameters
[0.162s] Level 1:colcon.colcon_core.package_discovery:discover_packages(path) check parameters
[0.162s] Level 1:colcon.colcon_core.package_discovery:discover_packages(colcon_meta) discover
[0.162s] Level 1:colcon.colcon_core.package_discovery:discover_packages(recursive) discover
[0.162s] INFO:colcon.colcon_core.package_discovery:Crawling recursively for packages in '/home/yongjing-ub22/RTK_GPS_NTRIP_ws'
[0.162s] Level 1:colcon.colcon_core.package_identification:_identify(.) by extensions ['ignore', 'ignore_ament_install']
[0.162s] Level 1:colcon.colcon_core.package_identification:_identify(.) by extension 'ignore'
[0.162s] Level 1:colcon.colcon_core.package_identification:_identify(.) by extension 'ignore_ament_install'
[0.162s] Level 1:colcon.colcon_core.package_identification:_identify(.) by extensions ['colcon_pkg']
[0.162s] Level 1:colcon.colcon_core.package_identification:_identify(.) by extension 'colcon_pkg'
[0.162s] Level 1:colcon.colcon_core.package_identification:_identify(.) by extensions ['colcon_meta']
[0.162s] Level 1:colcon.colcon_core.package_identification:_identify(.) by extension 'colcon_meta'
[0.162s] Level 1:colcon.colcon_core.package_identification:_identify(.) by extensions ['ros']
[0.162s] Level 1:colcon.colcon_core.package_identification:_identify(.) by extension 'ros'
[0.169s] Level 1:colcon.colcon_core.package_identification:_identify(.) by extensions ['cmake', 'python']
[0.169s] Level 1:colcon.colcon_core.package_identification:_identify(.) by extension 'cmake'
[0.169s] Level 1:colcon.colcon_core.package_identification:_identify(.) by extension 'python'
[0.169s] Level 1:colcon.colcon_core.package_identification:_identify(.) by extensions ['python_setup_py']
[0.169s] Level 1:colcon.colcon_core.package_identification:_identify(.) by extension 'python_setup_py'
[0.169s] Level 1:colcon.colcon_core.package_identification:_identify(build) by extensions ['ignore', 'ignore_ament_install']
[0.169s] Level 1:colcon.colcon_core.package_identification:_identify(build) by extension 'ignore'
[0.169s] Level 1:colcon.colcon_core.package_identification:_identify(build) ignored
[0.169s] Level 1:colcon.colcon_core.package_identification:_identify(install) by extensions ['ignore', 'ignore_ament_install']
[0.169s] Level 1:colcon.colcon_core.package_identification:_identify(install) by extension 'ignore'
[0.169s] Level 1:colcon.colcon_core.package_identification:_identify(install) ignored
[0.169s] Level 1:colcon.colcon_core.package_identification:_identify(log) by extensions ['ignore', 'ignore_ament_install']
[0.170s] Level 1:colcon.colcon_core.package_identification:_identify(log) by extension 'ignore'
[0.170s] Level 1:colcon.colcon_core.package_identification:_identify(log) ignored
[0.170s] Level 1:colcon.colcon_core.package_identification:_identify(src) by extensions ['ignore', 'ignore_ament_install']
[0.170s] Level 1:colcon.colcon_core.package_identification:_identify(src) by extension 'ignore'
[0.170s] Level 1:colcon.colcon_core.package_identification:_identify(src) by extension 'ignore_ament_install'
[0.170s] Level 1:colcon.colcon_core.package_identification:_identify(src) by extensions ['colcon_pkg']
[0.170s] Level 1:colcon.colcon_core.package_identification:_identify(src) by extension 'colcon_pkg'
[0.170s] Level 1:colcon.colcon_core.package_identification:_identify(src) by extensions ['colcon_meta']
[0.170s] Level 1:colcon.colcon_core.package_identification:_identify(src) by extension 'colcon_meta'
[0.170s] Level 1:colcon.colcon_core.package_identification:_identify(src) by extensions ['ros']
[0.170s] Level 1:colcon.colcon_core.package_identification:_identify(src) by extension 'ros'
[0.170s] Level 1:colcon.colcon_core.package_identification:_identify(src) by extensions ['cmake', 'python']
[0.170s] Level 1:colcon.colcon_core.package_identification:_identify(src) by extension 'cmake'
[0.170s] Level 1:colcon.colcon_core.package_identification:_identify(src) by extension 'python'
[0.170s] Level 1:colcon.colcon_core.package_identification:_identify(src) by extensions ['python_setup_py']
[0.170s] Level 1:colcon.colcon_core.package_identification:_identify(src) by extension 'python_setup_py'
[0.170s] Level 1:colcon.colcon_core.package_identification:_identify(src/RTK_GPS_NTRIP) by extensions ['ignore', 'ignore_ament_install']
[0.170s] Level 1:colcon.colcon_core.package_identification:_identify(src/RTK_GPS_NTRIP) by extension 'ignore'
[0.170s] Level 1:colcon.colcon_core.package_identification:_identify(src/RTK_GPS_NTRIP) by extension 'ignore_ament_install'
[0.170s] Level 1:colcon.colcon_core.package_identification:_identify(src/RTK_GPS_NTRIP) by extensions ['colcon_pkg']
[0.170s] Level 1:colcon.colcon_core.package_identification:_identify(src/RTK_GPS_NTRIP) by extension 'colcon_pkg'
[0.170s] Level 1:colcon.colcon_core.package_identification:_identify(src/RTK_GPS_NTRIP) by extensions ['colcon_meta']
[0.170s] Level 1:colcon.colcon_core.package_identification:_identify(src/RTK_GPS_NTRIP) by extension 'colcon_meta'
[0.170s] Level 1:colcon.colcon_core.package_identification:_identify(src/RTK_GPS_NTRIP) by extensions ['ros']
[0.170s] Level 1:colcon.colcon_core.package_identification:_identify(src/RTK_GPS_NTRIP) by extension 'ros'
[0.170s] Level 1:colcon.colcon_core.package_identification:_identify(src/RTK_GPS_NTRIP) by extensions ['cmake', 'python']
[0.170s] Level 1:colcon.colcon_core.package_identification:_identify(src/RTK_GPS_NTRIP) by extension 'cmake'
[0.170s] Level 1:colcon.colcon_core.package_identification:_identify(src/RTK_GPS_NTRIP) by extension 'python'
[0.170s] Level 1:colcon.colcon_core.package_identification:_identify(src/RTK_GPS_NTRIP) by extensions ['python_setup_py']
[0.170s] Level 1:colcon.colcon_core.package_identification:_identify(src/RTK_GPS_NTRIP) by extension 'python_setup_py'
[0.170s] Level 1:colcon.colcon_core.package_identification:_identify(src/RTK_GPS_NTRIP/fix2nmea) by extensions ['ignore', 'ignore_ament_install']
[0.170s] Level 1:colcon.colcon_core.package_identification:_identify(src/RTK_GPS_NTRIP/fix2nmea) by extension 'ignore'
[0.170s] Level 1:colcon.colcon_core.package_identification:_identify(src/RTK_GPS_NTRIP/fix2nmea) by extension 'ignore_ament_install'
[0.170s] Level 1:colcon.colcon_core.package_identification:_identify(src/RTK_GPS_NTRIP/fix2nmea) by extensions ['colcon_pkg']
[0.170s] Level 1:colcon.colcon_core.package_identification:_identify(src/RTK_GPS_NTRIP/fix2nmea) by extension 'colcon_pkg'
[0.170s] Level 1:colcon.colcon_core.package_identification:_identify(src/RTK_GPS_NTRIP/fix2nmea) by extensions ['colcon_meta']
[0.170s] Level 1:colcon.colcon_core.package_identification:_identify(src/RTK_GPS_NTRIP/fix2nmea) by extension 'colcon_meta'
[0.170s] Level 1:colcon.colcon_core.package_identification:_identify(src/RTK_GPS_NTRIP/fix2nmea) by extensions ['ros']
[0.170s] Level 1:colcon.colcon_core.package_identification:_identify(src/RTK_GPS_NTRIP/fix2nmea) by extension 'ros'
[0.172s] DEBUG:colcon.colcon_core.package_identification:Package 'src/RTK_GPS_NTRIP/fix2nmea' with type 'ros.ament_cmake' and name 'fix2nmea'
[0.172s] Level 1:colcon.colcon_core.package_identification:_identify(src/RTK_GPS_NTRIP/ntrip_client) by extensions ['ignore', 'ignore_ament_install']
[0.172s] Level 1:colcon.colcon_core.package_identification:_identify(src/RTK_GPS_NTRIP/ntrip_client) by extension 'ignore'
[0.172s] Level 1:colcon.colcon_core.package_identification:_identify(src/RTK_GPS_NTRIP/ntrip_client) by extension 'ignore_ament_install'
[0.172s] Level 1:colcon.colcon_core.package_identification:_identify(src/RTK_GPS_NTRIP/ntrip_client) by extensions ['colcon_pkg']
[0.172s] Level 1:colcon.colcon_core.package_identification:_identify(src/RTK_GPS_NTRIP/ntrip_client) by extension 'colcon_pkg'
[0.172s] Level 1:colcon.colcon_core.package_identification:_identify(src/RTK_GPS_NTRIP/ntrip_client) by extensions ['colcon_meta']
[0.172s] Level 1:colcon.colcon_core.package_identification:_identify(src/RTK_GPS_NTRIP/ntrip_client) by extension 'colcon_meta'
[0.172s] Level 1:colcon.colcon_core.package_identification:_identify(src/RTK_GPS_NTRIP/ntrip_client) by extensions ['ros']
[0.172s] Level 1:colcon.colcon_core.package_identification:_identify(src/RTK_GPS_NTRIP/ntrip_client) by extension 'ros'
[0.173s] DEBUG:colcon.colcon_core.package_identification:Package 'src/RTK_GPS_NTRIP/ntrip_client' with type 'ros.ament_python' and name 'ntrip_client'
[0.173s] Level 1:colcon.colcon_core.package_identification:_identify(src/RTK_GPS_NTRIP/rtcm_msgs) by extensions ['ignore', 'ignore_ament_install']
[0.173s] Level 1:colcon.colcon_core.package_identification:_identify(src/RTK_GPS_NTRIP/rtcm_msgs) by extension 'ignore'
[0.173s] Level 1:colcon.colcon_core.package_identification:_identify(src/RTK_GPS_NTRIP/rtcm_msgs) by extension 'ignore_ament_install'
[0.173s] Level 1:colcon.colcon_core.package_identification:_identify(src/RTK_GPS_NTRIP/rtcm_msgs) by extensions ['colcon_pkg']
[0.173s] Level 1:colcon.colcon_core.package_identification:_identify(src/RTK_GPS_NTRIP/rtcm_msgs) by extension 'colcon_pkg'
[0.173s] Level 1:colcon.colcon_core.package_identification:_identify(src/RTK_GPS_NTRIP/rtcm_msgs) by extensions ['colcon_meta']
[0.173s] Level 1:colcon.colcon_core.package_identification:_identify(src/RTK_GPS_NTRIP/rtcm_msgs) by extension 'colcon_meta'
[0.173s] Level 1:colcon.colcon_core.package_identification:_identify(src/RTK_GPS_NTRIP/rtcm_msgs) by extensions ['ros']
[0.173s] Level 1:colcon.colcon_core.package_identification:_identify(src/RTK_GPS_NTRIP/rtcm_msgs) by extension 'ros'
[0.175s] DEBUG:colcon.colcon_core.package_identification:Package 'src/RTK_GPS_NTRIP/rtcm_msgs' with type 'ros.ament_cmake' and name 'rtcm_msgs'
[0.175s] Level 1:colcon.colcon_core.package_identification:_identify(src/RTK_GPS_NTRIP/ublox) by extensions ['ignore', 'ignore_ament_install']
[0.176s] Level 1:colcon.colcon_core.package_identification:_identify(src/RTK_GPS_NTRIP/ublox) by extension 'ignore'
[0.176s] Level 1:colcon.colcon_core.package_identification:_identify(src/RTK_GPS_NTRIP/ublox) by extension 'ignore_ament_install'
[0.176s] Level 1:colcon.colcon_core.package_identification:_identify(src/RTK_GPS_NTRIP/ublox) by extensions ['colcon_pkg']
[0.176s] Level 1:colcon.colcon_core.package_identification:_identify(src/RTK_GPS_NTRIP/ublox) by extension 'colcon_pkg'
[0.176s] Level 1:colcon.colcon_core.package_identification:_identify(src/RTK_GPS_NTRIP/ublox) by extensions ['colcon_meta']
[0.176s] Level 1:colcon.colcon_core.package_identification:_identify(src/RTK_GPS_NTRIP/ublox) by extension 'colcon_meta'
[0.176s] Level 1:colcon.colcon_core.package_identification:_identify(src/RTK_GPS_NTRIP/ublox) by extensions ['ros']
[0.176s] Level 1:colcon.colcon_core.package_identification:_identify(src/RTK_GPS_NTRIP/ublox) by extension 'ros'
[0.176s] DEBUG:colcon.colcon_core.package_identification:Package 'src/RTK_GPS_NTRIP/ublox' with type 'ros.ament_cmake' and name 'ublox'
[0.176s] Level 1:colcon.colcon_core.package_identification:_identify(src/RTK_GPS_NTRIP/ublox_gps) by extensions ['ignore', 'ignore_ament_install']
[0.176s] Level 1:colcon.colcon_core.package_identification:_identify(src/RTK_GPS_NTRIP/ublox_gps) by extension 'ignore'
[0.176s] Level 1:colcon.colcon_core.package_identification:_identify(src/RTK_GPS_NTRIP/ublox_gps) by extension 'ignore_ament_install'
[0.176s] Level 1:colcon.colcon_core.package_identification:_identify(src/RTK_GPS_NTRIP/ublox_gps) by extensions ['colcon_pkg']
[0.176s] Level 1:colcon.colcon_core.package_identification:_identify(src/RTK_GPS_NTRIP/ublox_gps) by extension 'colcon_pkg'
[0.176s] Level 1:colcon.colcon_core.package_identification:_identify(src/RTK_GPS_NTRIP/ublox_gps) by extensions ['colcon_meta']
[0.176s] Level 1:colcon.colcon_core.package_identification:_identify(src/RTK_GPS_NTRIP/ublox_gps) by extension 'colcon_meta'
[0.176s] Level 1:colcon.colcon_core.package_identification:_identify(src/RTK_GPS_NTRIP/ublox_gps) by extensions ['ros']
[0.176s] Level 1:colcon.colcon_core.package_identification:_identify(src/RTK_GPS_NTRIP/ublox_gps) by extension 'ros'
[0.177s] DEBUG:colcon.colcon_core.package_identification:Package 'src/RTK_GPS_NTRIP/ublox_gps' with type 'ros.ament_cmake' and name 'ublox_gps'
[0.177s] Level 1:colcon.colcon_core.package_identification:_identify(src/RTK_GPS_NTRIP/ublox_msgs) by extensions ['ignore', 'ignore_ament_install']
[0.177s] Level 1:colcon.colcon_core.package_identification:_identify(src/RTK_GPS_NTRIP/ublox_msgs) by extension 'ignore'
[0.177s] Level 1:colcon.colcon_core.package_identification:_identify(src/RTK_GPS_NTRIP/ublox_msgs) by extension 'ignore_ament_install'
[0.177s] Level 1:colcon.colcon_core.package_identification:_identify(src/RTK_GPS_NTRIP/ublox_msgs) by extensions ['colcon_pkg']
[0.177s] Level 1:colcon.colcon_core.package_identification:_identify(src/RTK_GPS_NTRIP/ublox_msgs) by extension 'colcon_pkg'
[0.177s] Level 1:colcon.colcon_core.package_identification:_identify(src/RTK_GPS_NTRIP/ublox_msgs) by extensions ['colcon_meta']
[0.177s] Level 1:colcon.colcon_core.package_identification:_identify(src/RTK_GPS_NTRIP/ublox_msgs) by extension 'colcon_meta'
[0.177s] Level 1:colcon.colcon_core.package_identification:_identify(src/RTK_GPS_NTRIP/ublox_msgs) by extensions ['ros']
[0.177s] Level 1:colcon.colcon_core.package_identification:_identify(src/RTK_GPS_NTRIP/ublox_msgs) by extension 'ros'
[0.178s] DEBUG:colcon.colcon_core.package_identification:Package 'src/RTK_GPS_NTRIP/ublox_msgs' with type 'ros.ament_cmake' and name 'ublox_msgs'
[0.178s] Level 1:colcon.colcon_core.package_identification:_identify(src/RTK_GPS_NTRIP/ublox_serialization) by extensions ['ignore', 'ignore_ament_install']
[0.178s] Level 1:colcon.colcon_core.package_identification:_identify(src/RTK_GPS_NTRIP/ublox_serialization) by extension 'ignore'
[0.178s] Level 1:colcon.colcon_core.package_identification:_identify(src/RTK_GPS_NTRIP/ublox_serialization) by extension 'ignore_ament_install'
[0.178s] Level 1:colcon.colcon_core.package_identification:_identify(src/RTK_GPS_NTRIP/ublox_serialization) by extensions ['colcon_pkg']
[0.178s] Level 1:colcon.colcon_core.package_identification:_identify(src/RTK_GPS_NTRIP/ublox_serialization) by extension 'colcon_pkg'
[0.178s] Level 1:colcon.colcon_core.package_identification:_identify(src/RTK_GPS_NTRIP/ublox_serialization) by extensions ['colcon_meta']
[0.178s] Level 1:colcon.colcon_core.package_identification:_identify(src/RTK_GPS_NTRIP/ublox_serialization) by extension 'colcon_meta'
[0.178s] Level 1:colcon.colcon_core.package_identification:_identify(src/RTK_GPS_NTRIP/ublox_serialization) by extensions ['ros']
[0.178s] Level 1:colcon.colcon_core.package_identification:_identify(src/RTK_GPS_NTRIP/ublox_serialization) by extension 'ros'
[0.178s] DEBUG:colcon.colcon_core.package_identification:Package 'src/RTK_GPS_NTRIP/ublox_serialization' with type 'ros.ament_cmake' and name 'ublox_serialization'
[0.178s] Level 1:colcon.colcon_core.package_discovery:discover_packages(recursive) using defaults
[0.178s] Level 1:colcon.colcon_core.package_discovery:discover_packages(ignore) discover
[0.178s] Level 1:colcon.colcon_core.package_discovery:discover_packages(ignore) using defaults
[0.178s] Level 1:colcon.colcon_core.package_discovery:discover_packages(path) discover
[0.178s] Level 1:colcon.colcon_core.package_discovery:discover_packages(path) using defaults
[0.191s] Level 1:colcon.colcon_core.package_discovery:discover_packages(prefix_path) check parameters
[0.191s] Level 1:colcon.colcon_core.package_discovery:discover_packages(prefix_path) discover
[0.193s] DEBUG:colcon.colcon_installed_package_information.package_discovery:Found 392 installed packages in /opt/ros/humble
[0.198s] Level 1:colcon.colcon_core.package_discovery:discover_packages(prefix_path) using defaults
[0.223s] Level 5:colcon.colcon_core.verb:set package 'ntrip_client' build argument 'cmake_args' from command line to 'None'
[0.223s] Level 5:colcon.colcon_core.verb:set package 'ntrip_client' build argument 'cmake_target' from command line to 'None'
[0.223s] Level 5:colcon.colcon_core.verb:set package 'ntrip_client' build argument 'cmake_target_skip_unavailable' from command line to 'False'
[0.223s] Level 5:colcon.colcon_core.verb:set package 'ntrip_client' build argument 'cmake_clean_cache' from command line to 'False'
[0.223s] Level 5:colcon.colcon_core.verb:set package 'ntrip_client' build argument 'cmake_clean_first' from command line to 'False'
[0.223s] Level 5:colcon.colcon_core.verb:set package 'ntrip_client' build argument 'cmake_force_configure' from command line to 'False'
[0.223s] Level 5:colcon.colcon_core.verb:set package 'ntrip_client' build argument 'ament_cmake_args' from command line to 'None'
[0.223s] Level 5:colcon.colcon_core.verb:set package 'ntrip_client' build argument 'catkin_cmake_args' from command line to 'None'
[0.223s] Level 5:colcon.colcon_core.verb:set package 'ntrip_client' build argument 'catkin_skip_building_tests' from command line to 'False'
[0.223s] DEBUG:colcon.colcon_core.verb:Building package 'ntrip_client' with the following arguments: {'ament_cmake_args': None, 'build_base': '/home/yongjing-ub22/RTK_GPS_NTRIP_ws/build/ntrip_client', 'catkin_cmake_args': None, 'catkin_skip_building_tests': False, 'cmake_args': None, 'cmake_clean_cache': False, 'cmake_clean_first': False, 'cmake_force_configure': False, 'cmake_target': None, 'cmake_target_skip_unavailable': False, 'install_base': '/home/yongjing-ub22/RTK_GPS_NTRIP_ws/install/ntrip_client', 'merge_install': False, 'path': '/home/yongjing-ub22/RTK_GPS_NTRIP_ws/src/RTK_GPS_NTRIP/ntrip_client', 'symlink_install': False, 'test_result_base': None}
[0.223s] Level 5:colcon.colcon_core.verb:set package 'rtcm_msgs' build argument 'cmake_args' from command line to 'None'
[0.223s] Level 5:colcon.colcon_core.verb:set package 'rtcm_msgs' build argument 'cmake_target' from command line to 'None'
[0.223s] Level 5:colcon.colcon_core.verb:set package 'rtcm_msgs' build argument 'cmake_target_skip_unavailable' from command line to 'False'
[0.223s] Level 5:colcon.colcon_core.verb:set package 'rtcm_msgs' build argument 'cmake_clean_cache' from command line to 'False'
[0.224s] Level 5:colcon.colcon_core.verb:set package 'rtcm_msgs' build argument 'cmake_clean_first' from command line to 'False'
[0.224s] Level 5:colcon.colcon_core.verb:set package 'rtcm_msgs' build argument 'cmake_force_configure' from command line to 'False'
[0.224s] Level 5:colcon.colcon_core.verb:set package 'rtcm_msgs' build argument 'ament_cmake_args' from command line to 'None'
[0.224s] Level 5:colcon.colcon_core.verb:set package 'rtcm_msgs' build argument 'catkin_cmake_args' from command line to 'None'
[0.224s] Level 5:colcon.colcon_core.verb:set package 'rtcm_msgs' build argument 'catkin_skip_building_tests' from command line to 'False'
[0.224s] DEBUG:colcon.colcon_core.verb:Building package 'rtcm_msgs' with the following arguments: {'ament_cmake_args': None, 'build_base': '/home/yongjing-ub22/RTK_GPS_NTRIP_ws/build/rtcm_msgs', 'catkin_cmake_args': None, 'catkin_skip_building_tests': False, 'cmake_args': None, 'cmake_clean_cache': False, 'cmake_clean_first': False, 'cmake_force_configure': False, 'cmake_target': None, 'cmake_target_skip_unavailable': False, 'install_base': '/home/yongjing-ub22/RTK_GPS_NTRIP_ws/install/rtcm_msgs', 'merge_install': False, 'path': '/home/yongjing-ub22/RTK_GPS_NTRIP_ws/src/RTK_GPS_NTRIP/rtcm_msgs', 'symlink_install': False, 'test_result_base': None}
[0.224s] Level 5:colcon.colcon_core.verb:set package 'ublox_serialization' build argument 'cmake_args' from command line to 'None'
[0.224s] Level 5:colcon.colcon_core.verb:set package 'ublox_serialization' build argument 'cmake_target' from command line to 'None'
[0.224s] Level 5:colcon.colcon_core.verb:set package 'ublox_serialization' build argument 'cmake_target_skip_unavailable' from command line to 'False'
[0.224s] Level 5:colcon.colcon_core.verb:set package 'ublox_serialization' build argument 'cmake_clean_cache' from command line to 'False'
[0.224s] Level 5:colcon.colcon_core.verb:set package 'ublox_serialization' build argument 'cmake_clean_first' from command line to 'False'
[0.224s] Level 5:colcon.colcon_core.verb:set package 'ublox_serialization' build argument 'cmake_force_configure' from command line to 'False'
[0.224s] Level 5:colcon.colcon_core.verb:set package 'ublox_serialization' build argument 'ament_cmake_args' from command line to 'None'
[0.224s] Level 5:colcon.colcon_core.verb:set package 'ublox_serialization' build argument 'catkin_cmake_args' from command line to 'None'
[0.224s] Level 5:colcon.colcon_core.verb:set package 'ublox_serialization' build argument 'catkin_skip_building_tests' from command line to 'False'
[0.224s] DEBUG:colcon.colcon_core.verb:Building package 'ublox_serialization' with the following arguments: {'ament_cmake_args': None, 'build_base': '/home/yongjing-ub22/RTK_GPS_NTRIP_ws/build/ublox_serialization', 'catkin_cmake_args': None, 'catkin_skip_building_tests': False, 'cmake_args': None, 'cmake_clean_cache': False, 'cmake_clean_first': False, 'cmake_force_configure': False, 'cmake_target': None, 'cmake_target_skip_unavailable': False, 'install_base': '/home/yongjing-ub22/RTK_GPS_NTRIP_ws/install/ublox_serialization', 'merge_install': False, 'path': '/home/yongjing-ub22/RTK_GPS_NTRIP_ws/src/RTK_GPS_NTRIP/ublox_serialization', 'symlink_install': False, 'test_result_base': None}
[0.224s] Level 5:colcon.colcon_core.verb:set package 'ublox_msgs' build argument 'cmake_args' from command line to 'None'
[0.224s] Level 5:colcon.colcon_core.verb:set package 'ublox_msgs' build argument 'cmake_target' from command line to 'None'
[0.224s] Level 5:colcon.colcon_core.verb:set package 'ublox_msgs' build argument 'cmake_target_skip_unavailable' from command line to 'False'
[0.224s] Level 5:colcon.colcon_core.verb:set package 'ublox_msgs' build argument 'cmake_clean_cache' from command line to 'False'
[0.224s] Level 5:colcon.colcon_core.verb:set package 'ublox_msgs' build argument 'cmake_clean_first' from command line to 'False'
[0.224s] Level 5:colcon.colcon_core.verb:set package 'ublox_msgs' build argument 'cmake_force_configure' from command line to 'False'
[0.224s] Level 5:colcon.colcon_core.verb:set package 'ublox_msgs' build argument 'ament_cmake_args' from command line to 'None'
[0.224s] Level 5:colcon.colcon_core.verb:set package 'ublox_msgs' build argument 'catkin_cmake_args' from command line to 'None'
[0.224s] Level 5:colcon.colcon_core.verb:set package 'ublox_msgs' build argument 'catkin_skip_building_tests' from command line to 'False'
[0.224s] DEBUG:colcon.colcon_core.verb:Building package 'ublox_msgs' with the following arguments: {'ament_cmake_args': None, 'build_base': '/home/yongjing-ub22/RTK_GPS_NTRIP_ws/build/ublox_msgs', 'catkin_cmake_args': None, 'catkin_skip_building_tests': False, 'cmake_args': None, 'cmake_clean_cache': False, 'cmake_clean_first': False, 'cmake_force_configure': False, 'cmake_target': None, 'cmake_target_skip_unavailable': False, 'install_base': '/home/yongjing-ub22/RTK_GPS_NTRIP_ws/install/ublox_msgs', 'merge_install': False, 'path': '/home/yongjing-ub22/RTK_GPS_NTRIP_ws/src/RTK_GPS_NTRIP/ublox_msgs', 'symlink_install': False, 'test_result_base': None}
[0.224s] Level 5:colcon.colcon_core.verb:set package 'fix2nmea' build argument 'cmake_args' from command line to 'None'
[0.224s] Level 5:colcon.colcon_core.verb:set package 'fix2nmea' build argument 'cmake_target' from command line to 'None'
[0.224s] Level 5:colcon.colcon_core.verb:set package 'fix2nmea' build argument 'cmake_target_skip_unavailable' from command line to 'False'
[0.224s] Level 5:colcon.colcon_core.verb:set package 'fix2nmea' build argument 'cmake_clean_cache' from command line to 'False'
[0.224s] Level 5:colcon.colcon_core.verb:set package 'fix2nmea' build argument 'cmake_clean_first' from command line to 'False'
[0.224s] Level 5:colcon.colcon_core.verb:set package 'fix2nmea' build argument 'cmake_force_configure' from command line to 'False'
[0.224s] Level 5:colcon.colcon_core.verb:set package 'fix2nmea' build argument 'ament_cmake_args' from command line to 'None'
[0.224s] Level 5:colcon.colcon_core.verb:set package 'fix2nmea' build argument 'catkin_cmake_args' from command line to 'None'
[0.224s] Level 5:colcon.colcon_core.verb:set package 'fix2nmea' build argument 'catkin_skip_building_tests' from command line to 'False'
[0.224s] DEBUG:colcon.colcon_core.verb:Building package 'fix2nmea' with the following arguments: {'ament_cmake_args': None, 'build_base': '/home/yongjing-ub22/RTK_GPS_NTRIP_ws/build/fix2nmea', 'catkin_cmake_args': None, 'catkin_skip_building_tests': False, 'cmake_args': None, 'cmake_clean_cache': False, 'cmake_clean_first': False, 'cmake_force_configure': False, 'cmake_target': None, 'cmake_target_skip_unavailable': False, 'install_base': '/home/yongjing-ub22/RTK_GPS_NTRIP_ws/install/fix2nmea', 'merge_install': False, 'path': '/home/yongjing-ub22/RTK_GPS_NTRIP_ws/src/RTK_GPS_NTRIP/fix2nmea', 'symlink_install': False, 'test_result_base': None}
[0.225s] Level 5:colcon.colcon_core.verb:set package 'ublox_gps' build argument 'cmake_args' from command line to 'None'
[0.225s] Level 5:colcon.colcon_core.verb:set package 'ublox_gps' build argument 'cmake_target' from command line to 'None'
[0.225s] Level 5:colcon.colcon_core.verb:set package 'ublox_gps' build argument 'cmake_target_skip_unavailable' from command line to 'False'
[0.225s] Level 5:colcon.colcon_core.verb:set package 'ublox_gps' build argument 'cmake_clean_cache' from command line to 'False'
[0.225s] Level 5:colcon.colcon_core.verb:set package 'ublox_gps' build argument 'cmake_clean_first' from command line to 'False'
[0.225s] Level 5:colcon.colcon_core.verb:set package 'ublox_gps' build argument 'cmake_force_configure' from command line to 'False'
[0.225s] Level 5:colcon.colcon_core.verb:set package 'ublox_gps' build argument 'ament_cmake_args' from command line to 'None'
[0.225s] Level 5:colcon.colcon_core.verb:set package 'ublox_gps' build argument 'catkin_cmake_args' from command line to 'None'
[0.225s] Level 5:colcon.colcon_core.verb:set package 'ublox_gps' build argument 'catkin_skip_building_tests' from command line to 'False'
[0.225s] DEBUG:colcon.colcon_core.verb:Building package 'ublox_gps' with the following arguments: {'ament_cmake_args': None, 'build_base': '/home/yongjing-ub22/RTK_GPS_NTRIP_ws/build/ublox_gps', 'catkin_cmake_args': None, 'catkin_skip_building_tests': False, 'cmake_args': None, 'cmake_clean_cache': False, 'cmake_clean_first': False, 'cmake_force_configure': False, 'cmake_target': None, 'cmake_target_skip_unavailable': False, 'install_base': '/home/yongjing-ub22/RTK_GPS_NTRIP_ws/install/ublox_gps', 'merge_install': False, 'path': '/home/yongjing-ub22/RTK_GPS_NTRIP_ws/src/RTK_GPS_NTRIP/ublox_gps', 'symlink_install': False, 'test_result_base': None}
[0.225s] Level 5:colcon.colcon_core.verb:set package 'ublox' build argument 'cmake_args' from command line to 'None'
[0.225s] Level 5:colcon.colcon_core.verb:set package 'ublox' build argument 'cmake_target' from command line to 'None'
[0.225s] Level 5:colcon.colcon_core.verb:set package 'ublox' build argument 'cmake_target_skip_unavailable' from command line to 'False'
[0.225s] Level 5:colcon.colcon_core.verb:set package 'ublox' build argument 'cmake_clean_cache' from command line to 'False'
[0.225s] Level 5:colcon.colcon_core.verb:set package 'ublox' build argument 'cmake_clean_first' from command line to 'False'
[0.225s] Level 5:colcon.colcon_core.verb:set package 'ublox' build argument 'cmake_force_configure' from command line to 'False'
[0.225s] Level 5:colcon.colcon_core.verb:set package 'ublox' build argument 'ament_cmake_args' from command line to 'None'
[0.225s] Level 5:colcon.colcon_core.verb:set package 'ublox' build argument 'catkin_cmake_args' from command line to 'None'
[0.225s] Level 5:colcon.colcon_core.verb:set package 'ublox' build argument 'catkin_skip_building_tests' from command line to 'False'
[0.225s] DEBUG:colcon.colcon_core.verb:Building package 'ublox' with the following arguments: {'ament_cmake_args': None, 'build_base': '/home/yongjing-ub22/RTK_GPS_NTRIP_ws/build/ublox', 'catkin_cmake_args': None, 'catkin_skip_building_tests': False, 'cmake_args': None, 'cmake_clean_cache': False, 'cmake_clean_first': False, 'cmake_force_configure': False, 'cmake_target': None, 'cmake_target_skip_unavailable': False, 'install_base': '/home/yongjing-ub22/RTK_GPS_NTRIP_ws/install/ublox', 'merge_install': False, 'path': '/home/yongjing-ub22/RTK_GPS_NTRIP_ws/src/RTK_GPS_NTRIP/ublox', 'symlink_install': False, 'test_result_base': None}
[0.225s] INFO:colcon.colcon_core.executor:Executing jobs using 'parallel' executor
[0.226s] DEBUG:colcon.colcon_parallel_executor.executor.parallel:run_until_complete
[0.226s] INFO:colcon.colcon_ros.task.ament_cmake.build:Building ROS package in '/home/yongjing-ub22/RTK_GPS_NTRIP_ws/src/RTK_GPS_NTRIP/ublox_serialization' with build type 'ament_cmake'
[0.226s] INFO:colcon.colcon_cmake.task.cmake.build:Building CMake package in '/home/yongjing-ub22/RTK_GPS_NTRIP_ws/src/RTK_GPS_NTRIP/ublox_serialization'
[0.227s] INFO:colcon.colcon_core.plugin_system:Skipping extension 'colcon_core.shell.bat': Not used on non-Windows systems
[0.227s] INFO:colcon.colcon_core.shell:Skip shell extension 'powershell' for command environment: Not usable outside of PowerShell
[0.227s] DEBUG:colcon.colcon_core.shell:Skip shell extension 'dsv' for command environment
[0.229s] INFO:colcon.colcon_ros.task.ament_cmake.build:Building ROS package in '/home/yongjing-ub22/RTK_GPS_NTRIP_ws/src/RTK_GPS_NTRIP/rtcm_msgs' with build type 'ament_cmake'
[0.229s] INFO:colcon.colcon_cmake.task.cmake.build:Building CMake package in '/home/yongjing-ub22/RTK_GPS_NTRIP_ws/src/RTK_GPS_NTRIP/rtcm_msgs'
[0.230s] INFO:colcon.colcon_core.shell:Skip shell extension 'powershell' for command environment: Not usable outside of PowerShell
[0.230s] DEBUG:colcon.colcon_core.shell:Skip shell extension 'dsv' for command environment
[0.231s] INFO:colcon.colcon_ros.task.ament_python.build:Building ROS package in '/home/yongjing-ub22/RTK_GPS_NTRIP_ws/src/RTK_GPS_NTRIP/ntrip_client' with build type 'ament_python'
[0.231s] Level 1:colcon.colcon_core.shell:create_environment_hook('ntrip_client', 'ament_prefix_path')
[0.231s] INFO:colcon.colcon_core.shell:Creating environment hook '/home/yongjing-ub22/RTK_GPS_NTRIP_ws/install/ntrip_client/share/ntrip_client/hook/ament_prefix_path.ps1'
[0.232s] INFO:colcon.colcon_core.shell:Creating environment descriptor '/home/yongjing-ub22/RTK_GPS_NTRIP_ws/install/ntrip_client/share/ntrip_client/hook/ament_prefix_path.dsv'
[0.232s] INFO:colcon.colcon_core.shell:Creating environment hook '/home/yongjing-ub22/RTK_GPS_NTRIP_ws/install/ntrip_client/share/ntrip_client/hook/ament_prefix_path.sh'
[0.232s] INFO:colcon.colcon_core.shell:Skip shell extension 'powershell' for command environment: Not usable outside of PowerShell
[0.232s] DEBUG:colcon.colcon_core.shell:Skip shell extension 'dsv' for command environment
[0.237s] DEBUG:colcon.colcon_core.event_handler.log_command:Invoking command in '/home/yongjing-ub22/RTK_GPS_NTRIP_ws/build/ublox_serialization': CMAKE_PREFIX_PATH=/opt/ros/humble /usr/bin/cmake --build /home/yongjing-ub22/RTK_GPS_NTRIP_ws/build/ublox_serialization -- -j20 -l20
[0.258s] DEBUG:colcon.colcon_core.event_handler.log_command:Invoking command in '/home/yongjing-ub22/RTK_GPS_NTRIP_ws/build/rtcm_msgs': CMAKE_PREFIX_PATH=/opt/ros/humble /usr/bin/cmake --build /home/yongjing-ub22/RTK_GPS_NTRIP_ws/build/rtcm_msgs -- -j20 -l20
[0.423s] INFO:colcon.colcon_core.task.python.build:Building Python package in '/home/yongjing-ub22/RTK_GPS_NTRIP_ws/src/RTK_GPS_NTRIP/ntrip_client'
[0.424s] INFO:colcon.colcon_core.shell:Skip shell extension 'powershell' for command environment: Not usable outside of PowerShell
[0.424s] DEBUG:colcon.colcon_core.shell:Skip shell extension 'dsv' for command environment
[0.427s] DEBUG:colcon.colcon_core.event_handler.log_command:Invoked command in '/home/yongjing-ub22/RTK_GPS_NTRIP_ws/build/ublox_serialization' returned '0': CMAKE_PREFIX_PATH=/opt/ros/humble /usr/bin/cmake --build /home/yongjing-ub22/RTK_GPS_NTRIP_ws/build/ublox_serialization -- -j20 -l20
[0.449s] DEBUG:colcon.colcon_core.event_handler.log_command:Invoking command in '/home/yongjing-ub22/RTK_GPS_NTRIP_ws/build/ublox_serialization': CMAKE_PREFIX_PATH=/opt/ros/humble /usr/bin/cmake --install /home/yongjing-ub22/RTK_GPS_NTRIP_ws/build/ublox_serialization
[0.457s] Level 1:colcon.colcon_core.environment:create_environment_scripts_only(ublox_serialization)
[0.458s] DEBUG:colcon.colcon_core.event_handler.log_command:Invoked command in '/home/yongjing-ub22/RTK_GPS_NTRIP_ws/build/ublox_serialization' returned '0': CMAKE_PREFIX_PATH=/opt/ros/humble /usr/bin/cmake --install /home/yongjing-ub22/RTK_GPS_NTRIP_ws/build/ublox_serialization
[0.460s] Level 1:colcon.colcon_core.environment:checking '/home/yongjing-ub22/RTK_GPS_NTRIP_ws/install/ublox_serialization' for CMake module files
[0.460s] Level 1:colcon.colcon_core.environment:checking '/home/yongjing-ub22/RTK_GPS_NTRIP_ws/install/ublox_serialization' for CMake config files
[0.460s] Level 1:colcon.colcon_core.shell:create_environment_hook('ublox_serialization', 'cmake_prefix_path')
[0.461s] INFO:colcon.colcon_core.shell:Creating environment hook '/home/yongjing-ub22/RTK_GPS_NTRIP_ws/install/ublox_serialization/share/ublox_serialization/hook/cmake_prefix_path.ps1'
[0.461s] INFO:colcon.colcon_core.shell:Creating environment descriptor '/home/yongjing-ub22/RTK_GPS_NTRIP_ws/install/ublox_serialization/share/ublox_serialization/hook/cmake_prefix_path.dsv'
[0.461s] INFO:colcon.colcon_core.shell:Creating environment hook '/home/yongjing-ub22/RTK_GPS_NTRIP_ws/install/ublox_serialization/share/ublox_serialization/hook/cmake_prefix_path.sh'
[0.462s] Level 1:colcon.colcon_core.environment:checking '/home/yongjing-ub22/RTK_GPS_NTRIP_ws/install/ublox_serialization/bin'
[0.462s] Level 1:colcon.colcon_core.environment:checking '/home/yongjing-ub22/RTK_GPS_NTRIP_ws/install/ublox_serialization/lib/pkgconfig/ublox_serialization.pc'
[0.462s] Level 1:colcon.colcon_core.environment:checking '/home/yongjing-ub22/RTK_GPS_NTRIP_ws/install/ublox_serialization/lib/python3.10/site-packages'
[0.462s] Level 1:colcon.colcon_core.environment:checking '/home/yongjing-ub22/RTK_GPS_NTRIP_ws/install/ublox_serialization/bin'
[0.463s] INFO:colcon.colcon_core.shell:Creating package script '/home/yongjing-ub22/RTK_GPS_NTRIP_ws/install/ublox_serialization/share/ublox_serialization/package.ps1'
[0.463s] INFO:colcon.colcon_core.shell:Creating package descriptor '/home/yongjing-ub22/RTK_GPS_NTRIP_ws/install/ublox_serialization/share/ublox_serialization/package.dsv'
[0.464s] INFO:colcon.colcon_core.shell:Creating package script '/home/yongjing-ub22/RTK_GPS_NTRIP_ws/install/ublox_serialization/share/ublox_serialization/package.sh'
[0.464s] INFO:colcon.colcon_core.shell:Creating package script '/home/yongjing-ub22/RTK_GPS_NTRIP_ws/install/ublox_serialization/share/ublox_serialization/package.bash'
[0.465s] INFO:colcon.colcon_core.shell:Creating package script '/home/yongjing-ub22/RTK_GPS_NTRIP_ws/install/ublox_serialization/share/ublox_serialization/package.zsh'
[0.466s] Level 1:colcon.colcon_core.environment:create_file_with_runtime_dependencies(/home/yongjing-ub22/RTK_GPS_NTRIP_ws/install/ublox_serialization/share/colcon-core/packages/ublox_serialization)
[0.481s] Level 1:colcon.colcon_core.environment:create_environment_scripts_only(ublox_serialization)
[0.481s] Level 1:colcon.colcon_core.environment:checking '/home/yongjing-ub22/RTK_GPS_NTRIP_ws/install/ublox_serialization' for CMake module files
[0.482s] Level 1:colcon.colcon_core.environment:checking '/home/yongjing-ub22/RTK_GPS_NTRIP_ws/install/ublox_serialization' for CMake config files
[0.482s] Level 1:colcon.colcon_core.shell:create_environment_hook('ublox_serialization', 'cmake_prefix_path')
[0.482s] INFO:colcon.colcon_core.shell:Creating environment hook '/home/yongjing-ub22/RTK_GPS_NTRIP_ws/install/ublox_serialization/share/ublox_serialization/hook/cmake_prefix_path.ps1'
[0.483s] INFO:colcon.colcon_core.shell:Creating environment descriptor '/home/yongjing-ub22/RTK_GPS_NTRIP_ws/install/ublox_serialization/share/ublox_serialization/hook/cmake_prefix_path.dsv'
[0.483s] INFO:colcon.colcon_core.shell:Creating environment hook '/home/yongjing-ub22/RTK_GPS_NTRIP_ws/install/ublox_serialization/share/ublox_serialization/hook/cmake_prefix_path.sh'
[0.483s] Level 1:colcon.colcon_core.environment:checking '/home/yongjing-ub22/RTK_GPS_NTRIP_ws/install/ublox_serialization/bin'
[0.483s] Level 1:colcon.colcon_core.environment:checking '/home/yongjing-ub22/RTK_GPS_NTRIP_ws/install/ublox_serialization/lib/pkgconfig/ublox_serialization.pc'
[0.483s] Level 1:colcon.colcon_core.environment:checking '/home/yongjing-ub22/RTK_GPS_NTRIP_ws/install/ublox_serialization/lib/python3.10/site-packages'
[0.483s] Level 1:colcon.colcon_core.environment:checking '/home/yongjing-ub22/RTK_GPS_NTRIP_ws/install/ublox_serialization/bin'
[0.483s] INFO:colcon.colcon_core.shell:Creating package script '/home/yongjing-ub22/RTK_GPS_NTRIP_ws/install/ublox_serialization/share/ublox_serialization/package.ps1'
[0.484s] INFO:colcon.colcon_core.shell:Creating package descriptor '/home/yongjing-ub22/RTK_GPS_NTRIP_ws/install/ublox_serialization/share/ublox_serialization/package.dsv'
[0.484s] INFO:colcon.colcon_core.shell:Creating package script '/home/yongjing-ub22/RTK_GPS_NTRIP_ws/install/ublox_serialization/share/ublox_serialization/package.sh'
[0.484s] INFO:colcon.colcon_core.shell:Creating package script '/home/yongjing-ub22/RTK_GPS_NTRIP_ws/install/ublox_serialization/share/ublox_serialization/package.bash'
[0.484s] INFO:colcon.colcon_core.shell:Creating package script '/home/yongjing-ub22/RTK_GPS_NTRIP_ws/install/ublox_serialization/share/ublox_serialization/package.zsh'
[0.484s] Level 1:colcon.colcon_core.environment:create_file_with_runtime_dependencies(/home/yongjing-ub22/RTK_GPS_NTRIP_ws/install/ublox_serialization/share/colcon-core/packages/ublox_serialization)
[0.485s] INFO:colcon.colcon_ros.task.ament_cmake.build:Building ROS package in '/home/yongjing-ub22/RTK_GPS_NTRIP_ws/src/RTK_GPS_NTRIP/ublox_msgs' with build type 'ament_cmake'
[0.485s] INFO:colcon.colcon_cmake.task.cmake.build:Building CMake package in '/home/yongjing-ub22/RTK_GPS_NTRIP_ws/src/RTK_GPS_NTRIP/ublox_msgs'
[0.485s] INFO:colcon.colcon_core.shell:Skip shell extension 'powershell' for command environment: Not usable outside of PowerShell
[0.485s] DEBUG:colcon.colcon_core.shell:Skip shell extension 'dsv' for command environment
[0.488s] DEBUG:colcon.colcon_core.event_handler.log_command:Invoked command in '/home/yongjing-ub22/RTK_GPS_NTRIP_ws/build/rtcm_msgs' returned '0': CMAKE_PREFIX_PATH=/opt/ros/humble /usr/bin/cmake --build /home/yongjing-ub22/RTK_GPS_NTRIP_ws/build/rtcm_msgs -- -j20 -l20
[0.490s] DEBUG:colcon.colcon_core.event_handler.log_command:Invoking command in '/home/yongjing-ub22/RTK_GPS_NTRIP_ws/build/ublox_msgs': AMENT_PREFIX_PATH=/home/yongjing-ub22/RTK_GPS_NTRIP_ws/install/ublox_serialization:${AMENT_PREFIX_PATH} CMAKE_PREFIX_PATH=/home/yongjing-ub22/RTK_GPS_NTRIP_ws/install/ublox_serialization:/opt/ros/humble /usr/bin/cmake --build /home/yongjing-ub22/RTK_GPS_NTRIP_ws/build/ublox_msgs -- -j20 -l20
[0.528s] DEBUG:colcon.colcon_core.event_handler.log_command:Invoking command in '/home/yongjing-ub22/RTK_GPS_NTRIP_ws/build/rtcm_msgs': CMAKE_PREFIX_PATH=/opt/ros/humble /usr/bin/cmake --install /home/yongjing-ub22/RTK_GPS_NTRIP_ws/build/rtcm_msgs
[0.563s] Level 1:colcon.colcon_core.environment:create_environment_scripts_only(rtcm_msgs)
[0.564s] DEBUG:colcon.colcon_core.event_handler.log_command:Invoked command in '/home/yongjing-ub22/RTK_GPS_NTRIP_ws/build/rtcm_msgs' returned '0': CMAKE_PREFIX_PATH=/opt/ros/humble /usr/bin/cmake --install /home/yongjing-ub22/RTK_GPS_NTRIP_ws/build/rtcm_msgs
[0.564s] Level 1:colcon.colcon_core.environment:checking '/home/yongjing-ub22/RTK_GPS_NTRIP_ws/install/rtcm_msgs' for CMake module files
[0.565s] Level 1:colcon.colcon_core.environment:checking '/home/yongjing-ub22/RTK_GPS_NTRIP_ws/install/rtcm_msgs' for CMake config files
[0.565s] Level 1:colcon.colcon_core.shell:create_environment_hook('rtcm_msgs', 'cmake_prefix_path')
[0.565s] INFO:colcon.colcon_core.shell:Creating environment hook '/home/yongjing-ub22/RTK_GPS_NTRIP_ws/install/rtcm_msgs/share/rtcm_msgs/hook/cmake_prefix_path.ps1'
[0.566s] INFO:colcon.colcon_core.shell:Creating environment descriptor '/home/yongjing-ub22/RTK_GPS_NTRIP_ws/install/rtcm_msgs/share/rtcm_msgs/hook/cmake_prefix_path.dsv'
[0.566s] INFO:colcon.colcon_core.shell:Creating environment hook '/home/yongjing-ub22/RTK_GPS_NTRIP_ws/install/rtcm_msgs/share/rtcm_msgs/hook/cmake_prefix_path.sh'
[0.566s] Level 1:colcon.colcon_core.environment:checking '/home/yongjing-ub22/RTK_GPS_NTRIP_ws/install/rtcm_msgs/lib'
[0.567s] Level 1:colcon.colcon_core.shell:create_environment_hook('rtcm_msgs', 'ld_library_path_lib')
[0.567s] INFO:colcon.colcon_core.shell:Creating environment hook '/home/yongjing-ub22/RTK_GPS_NTRIP_ws/install/rtcm_msgs/share/rtcm_msgs/hook/ld_library_path_lib.ps1'
[0.567s] INFO:colcon.colcon_core.shell:Creating environment descriptor '/home/yongjing-ub22/RTK_GPS_NTRIP_ws/install/rtcm_msgs/share/rtcm_msgs/hook/ld_library_path_lib.dsv'
[0.567s] INFO:colcon.colcon_core.shell:Creating environment hook '/home/yongjing-ub22/RTK_GPS_NTRIP_ws/install/rtcm_msgs/share/rtcm_msgs/hook/ld_library_path_lib.sh'
[0.568s] Level 1:colcon.colcon_core.environment:checking '/home/yongjing-ub22/RTK_GPS_NTRIP_ws/install/rtcm_msgs/bin'
[0.568s] Level 1:colcon.colcon_core.environment:checking '/home/yongjing-ub22/RTK_GPS_NTRIP_ws/install/rtcm_msgs/lib/pkgconfig/rtcm_msgs.pc'
[0.568s] Level 1:colcon.colcon_core.environment:checking '/home/yongjing-ub22/RTK_GPS_NTRIP_ws/install/rtcm_msgs/lib/python3.10/site-packages'
[0.568s] Level 1:colcon.colcon_core.environment:checking '/home/yongjing-ub22/RTK_GPS_NTRIP_ws/install/rtcm_msgs/bin'
[0.569s] INFO:colcon.colcon_core.shell:Creating package script '/home/yongjing-ub22/RTK_GPS_NTRIP_ws/install/rtcm_msgs/share/rtcm_msgs/package.ps1'
[0.569s] INFO:colcon.colcon_core.shell:Creating package descriptor '/home/yongjing-ub22/RTK_GPS_NTRIP_ws/install/rtcm_msgs/share/rtcm_msgs/package.dsv'
[0.569s] INFO:colcon.colcon_core.shell:Creating package script '/home/yongjing-ub22/RTK_GPS_NTRIP_ws/install/rtcm_msgs/share/rtcm_msgs/package.sh'
[0.570s] INFO:colcon.colcon_core.shell:Creating package script '/home/yongjing-ub22/RTK_GPS_NTRIP_ws/install/rtcm_msgs/share/rtcm_msgs/package.bash'
[0.570s] INFO:colcon.colcon_core.shell:Creating package script '/home/yongjing-ub22/RTK_GPS_NTRIP_ws/install/rtcm_msgs/share/rtcm_msgs/package.zsh'
[0.570s] Level 1:colcon.colcon_core.environment:create_file_with_runtime_dependencies(/home/yongjing-ub22/RTK_GPS_NTRIP_ws/install/rtcm_msgs/share/colcon-core/packages/rtcm_msgs)
[0.611s] Level 1:colcon.colcon_core.environment:create_environment_scripts_only(rtcm_msgs)
[0.611s] Level 1:colcon.colcon_core.environment:checking '/home/yongjing-ub22/RTK_GPS_NTRIP_ws/install/rtcm_msgs' for CMake module files
[0.612s] Level 1:colcon.colcon_core.environment:checking '/home/yongjing-ub22/RTK_GPS_NTRIP_ws/install/rtcm_msgs' for CMake config files
[0.612s] Level 1:colcon.colcon_core.shell:create_environment_hook('rtcm_msgs', 'cmake_prefix_path')
[0.613s] INFO:colcon.colcon_core.shell:Creating environment hook '/home/yongjing-ub22/RTK_GPS_NTRIP_ws/install/rtcm_msgs/share/rtcm_msgs/hook/cmake_prefix_path.ps1'
[0.613s] INFO:colcon.colcon_core.shell:Creating environment descriptor '/home/yongjing-ub22/RTK_GPS_NTRIP_ws/install/rtcm_msgs/share/rtcm_msgs/hook/cmake_prefix_path.dsv'
[0.613s] INFO:colcon.colcon_core.shell:Creating environment hook '/home/yongjing-ub22/RTK_GPS_NTRIP_ws/install/rtcm_msgs/share/rtcm_msgs/hook/cmake_prefix_path.sh'
[0.614s] Level 1:colcon.colcon_core.environment:checking '/home/yongjing-ub22/RTK_GPS_NTRIP_ws/install/rtcm_msgs/lib'
[0.614s] Level 1:colcon.colcon_core.shell:create_environment_hook('rtcm_msgs', 'ld_library_path_lib')
[0.614s] INFO:colcon.colcon_core.shell:Creating environment hook '/home/yongjing-ub22/RTK_GPS_NTRIP_ws/install/rtcm_msgs/share/rtcm_msgs/hook/ld_library_path_lib.ps1'
[0.615s] INFO:colcon.colcon_core.shell:Creating environment descriptor '/home/yongjing-ub22/RTK_GPS_NTRIP_ws/install/rtcm_msgs/share/rtcm_msgs/hook/ld_library_path_lib.dsv'
[0.615s] INFO:colcon.colcon_core.shell:Creating environment hook '/home/yongjing-ub22/RTK_GPS_NTRIP_ws/install/rtcm_msgs/share/rtcm_msgs/hook/ld_library_path_lib.sh'
[0.615s] Level 1:colcon.colcon_core.environment:checking '/home/yongjing-ub22/RTK_GPS_NTRIP_ws/install/rtcm_msgs/bin'
[0.615s] Level 1:colcon.colcon_core.environment:checking '/home/yongjing-ub22/RTK_GPS_NTRIP_ws/install/rtcm_msgs/lib/pkgconfig/rtcm_msgs.pc'
[0.616s] Level 1:colcon.colcon_core.environment:checking '/home/yongjing-ub22/RTK_GPS_NTRIP_ws/install/rtcm_msgs/lib/python3.10/site-packages'
[0.616s] Level 1:colcon.colcon_core.environment:checking '/home/yongjing-ub22/RTK_GPS_NTRIP_ws/install/rtcm_msgs/bin'
[0.616s] INFO:colcon.colcon_core.shell:Creating package script '/home/yongjing-ub22/RTK_GPS_NTRIP_ws/install/rtcm_msgs/share/rtcm_msgs/package.ps1'
[0.616s] INFO:colcon.colcon_core.shell:Creating package descriptor '/home/yongjing-ub22/RTK_GPS_NTRIP_ws/install/rtcm_msgs/share/rtcm_msgs/package.dsv'
[0.616s] INFO:colcon.colcon_core.shell:Creating package script '/home/yongjing-ub22/RTK_GPS_NTRIP_ws/install/rtcm_msgs/share/rtcm_msgs/package.sh'
[0.617s] INFO:colcon.colcon_core.shell:Creating package script '/home/yongjing-ub22/RTK_GPS_NTRIP_ws/install/rtcm_msgs/share/rtcm_msgs/package.bash'
[0.617s] INFO:colcon.colcon_core.shell:Creating package script '/home/yongjing-ub22/RTK_GPS_NTRIP_ws/install/rtcm_msgs/share/rtcm_msgs/package.zsh'
[0.617s] Level 1:colcon.colcon_core.environment:create_file_with_runtime_dependencies(/home/yongjing-ub22/RTK_GPS_NTRIP_ws/install/rtcm_msgs/share/colcon-core/packages/rtcm_msgs)
[0.672s] DEBUG:colcon.colcon_core.event_handler.log_command:Invoking command in '/home/yongjing-ub22/RTK_GPS_NTRIP_ws/src/RTK_GPS_NTRIP/ntrip_client': PYTHONPATH=/home/yongjing-ub22/RTK_GPS_NTRIP_ws/build/ntrip_client/prefix_override:/usr/lib/python3/dist-packages/colcon_core/task/python/colcon_distutils_commands:/home/yongjing-ub22/RTK_GPS_NTRIP_ws/install/ntrip_client/lib/python3.10/site-packages:${PYTHONPATH} /usr/bin/python3 -W ignore:setup.py install is deprecated setup.py egg_info --egg-base ../../../build/ntrip_client build --build-base /home/yongjing-ub22/RTK_GPS_NTRIP_ws/build/ntrip_client/build install --record /home/yongjing-ub22/RTK_GPS_NTRIP_ws/build/ntrip_client/install.log --single-version-externally-managed install_data
[0.780s] DEBUG:colcon.colcon_core.event_handler.log_command:Invoked command in '/home/yongjing-ub22/RTK_GPS_NTRIP_ws/build/ublox_msgs' returned '0': AMENT_PREFIX_PATH=/home/yongjing-ub22/RTK_GPS_NTRIP_ws/install/ublox_serialization:${AMENT_PREFIX_PATH} CMAKE_PREFIX_PATH=/home/yongjing-ub22/RTK_GPS_NTRIP_ws/install/ublox_serialization:/opt/ros/humble /usr/bin/cmake --build /home/yongjing-ub22/RTK_GPS_NTRIP_ws/build/ublox_msgs -- -j20 -l20
[0.868s] Level 1:colcon.colcon_core.environment:checking '/home/yongjing-ub22/RTK_GPS_NTRIP_ws/install/ntrip_client' for CMake module files
[0.868s] DEBUG:colcon.colcon_core.event_handler.log_command:Invoked command in '/home/yongjing-ub22/RTK_GPS_NTRIP_ws/src/RTK_GPS_NTRIP/ntrip_client' returned '0': PYTHONPATH=/home/yongjing-ub22/RTK_GPS_NTRIP_ws/build/ntrip_client/prefix_override:/usr/lib/python3/dist-packages/colcon_core/task/python/colcon_distutils_commands:/home/yongjing-ub22/RTK_GPS_NTRIP_ws/install/ntrip_client/lib/python3.10/site-packages:${PYTHONPATH} /usr/bin/python3 -W ignore:setup.py install is deprecated setup.py egg_info --egg-base ../../../build/ntrip_client build --build-base /home/yongjing-ub22/RTK_GPS_NTRIP_ws/build/ntrip_client/build install --record /home/yongjing-ub22/RTK_GPS_NTRIP_ws/build/ntrip_client/install.log --single-version-externally-managed install_data
[0.869s] Level 1:colcon.colcon_core.environment:checking '/home/yongjing-ub22/RTK_GPS_NTRIP_ws/install/ntrip_client' for CMake config files
[0.869s] Level 1:colcon.colcon_core.environment:checking '/home/yongjing-ub22/RTK_GPS_NTRIP_ws/install/ntrip_client/lib'
[0.869s] Level 1:colcon.colcon_core.environment:checking '/home/yongjing-ub22/RTK_GPS_NTRIP_ws/install/ntrip_client/bin'
[0.869s] Level 1:colcon.colcon_core.environment:checking '/home/yongjing-ub22/RTK_GPS_NTRIP_ws/install/ntrip_client/lib/pkgconfig/ntrip_client.pc'
[0.869s] Level 1:colcon.colcon_core.environment:checking '/home/yongjing-ub22/RTK_GPS_NTRIP_ws/install/ntrip_client/lib/python3.10/site-packages'
[0.869s] Level 1:colcon.colcon_core.shell:create_environment_hook('ntrip_client', 'pythonpath')
[0.869s] INFO:colcon.colcon_core.shell:Creating environment hook '/home/yongjing-ub22/RTK_GPS_NTRIP_ws/install/ntrip_client/share/ntrip_client/hook/pythonpath.ps1'
[0.870s] INFO:colcon.colcon_core.shell:Creating environment descriptor '/home/yongjing-ub22/RTK_GPS_NTRIP_ws/install/ntrip_client/share/ntrip_client/hook/pythonpath.dsv'
[0.870s] INFO:colcon.colcon_core.shell:Creating environment hook '/home/yongjing-ub22/RTK_GPS_NTRIP_ws/install/ntrip_client/share/ntrip_client/hook/pythonpath.sh'
[0.870s] Level 1:colcon.colcon_core.environment:checking '/home/yongjing-ub22/RTK_GPS_NTRIP_ws/install/ntrip_client/bin'
[0.870s] Level 1:colcon.colcon_core.environment:create_environment_scripts_only(ntrip_client)
[0.870s] INFO:colcon.colcon_core.shell:Creating package script '/home/yongjing-ub22/RTK_GPS_NTRIP_ws/install/ntrip_client/share/ntrip_client/package.ps1'
[0.870s] INFO:colcon.colcon_core.shell:Creating package descriptor '/home/yongjing-ub22/RTK_GPS_NTRIP_ws/install/ntrip_client/share/ntrip_client/package.dsv'
[0.871s] INFO:colcon.colcon_core.shell:Creating package script '/home/yongjing-ub22/RTK_GPS_NTRIP_ws/install/ntrip_client/share/ntrip_client/package.sh'
[0.871s] INFO:colcon.colcon_core.shell:Creating package script '/home/yongjing-ub22/RTK_GPS_NTRIP_ws/install/ntrip_client/share/ntrip_client/package.bash'
[0.871s] INFO:colcon.colcon_core.shell:Creating package script '/home/yongjing-ub22/RTK_GPS_NTRIP_ws/install/ntrip_client/share/ntrip_client/package.zsh'
[0.871s] Level 1:colcon.colcon_core.environment:create_file_with_runtime_dependencies(/home/yongjing-ub22/RTK_GPS_NTRIP_ws/install/ntrip_client/share/colcon-core/packages/ntrip_client)
[1.825s] DEBUG:colcon.colcon_core.event_handler.log_command:Invoking command in '/home/yongjing-ub22/RTK_GPS_NTRIP_ws/build/ublox_msgs': AMENT_PREFIX_PATH=/home/yongjing-ub22/RTK_GPS_NTRIP_ws/install/ublox_serialization:${AMENT_PREFIX_PATH} CMAKE_PREFIX_PATH=/home/yongjing-ub22/RTK_GPS_NTRIP_ws/install/ublox_serialization:/opt/ros/humble /usr/bin/cmake --install /home/yongjing-ub22/RTK_GPS_NTRIP_ws/build/ublox_msgs
[2.012s] Level 1:colcon.colcon_core.environment:create_environment_scripts_only(ublox_msgs)
[2.012s] DEBUG:colcon.colcon_core.event_handler.log_command:Invoked command in '/home/yongjing-ub22/RTK_GPS_NTRIP_ws/build/ublox_msgs' returned '0': AMENT_PREFIX_PATH=/home/yongjing-ub22/RTK_GPS_NTRIP_ws/install/ublox_serialization:${AMENT_PREFIX_PATH} CMAKE_PREFIX_PATH=/home/yongjing-ub22/RTK_GPS_NTRIP_ws/install/ublox_serialization:/opt/ros/humble /usr/bin/cmake --install /home/yongjing-ub22/RTK_GPS_NTRIP_ws/build/ublox_msgs
[2.013s] Level 1:colcon.colcon_core.environment:checking '/home/yongjing-ub22/RTK_GPS_NTRIP_ws/install/ublox_msgs' for CMake module files
[2.013s] Level 1:colcon.colcon_core.environment:checking '/home/yongjing-ub22/RTK_GPS_NTRIP_ws/install/ublox_msgs' for CMake config files
[2.014s] Level 1:colcon.colcon_core.shell:create_environment_hook('ublox_msgs', 'cmake_prefix_path')
[2.014s] INFO:colcon.colcon_core.shell:Creating environment hook '/home/yongjing-ub22/RTK_GPS_NTRIP_ws/install/ublox_msgs/share/ublox_msgs/hook/cmake_prefix_path.ps1'
[2.014s] INFO:colcon.colcon_core.shell:Creating environment descriptor '/home/yongjing-ub22/RTK_GPS_NTRIP_ws/install/ublox_msgs/share/ublox_msgs/hook/cmake_prefix_path.dsv'
[2.015s] INFO:colcon.colcon_core.shell:Creating environment hook '/home/yongjing-ub22/RTK_GPS_NTRIP_ws/install/ublox_msgs/share/ublox_msgs/hook/cmake_prefix_path.sh'
[2.015s] Level 1:colcon.colcon_core.environment:checking '/home/yongjing-ub22/RTK_GPS_NTRIP_ws/install/ublox_msgs/lib'
[2.015s] Level 1:colcon.colcon_core.shell:create_environment_hook('ublox_msgs', 'ld_library_path_lib')
[2.015s] INFO:colcon.colcon_core.shell:Creating environment hook '/home/yongjing-ub22/RTK_GPS_NTRIP_ws/install/ublox_msgs/share/ublox_msgs/hook/ld_library_path_lib.ps1'
[2.015s] INFO:colcon.colcon_core.shell:Creating environment descriptor '/home/yongjing-ub22/RTK_GPS_NTRIP_ws/install/ublox_msgs/share/ublox_msgs/hook/ld_library_path_lib.dsv'
[2.015s] INFO:colcon.colcon_core.shell:Creating environment hook '/home/yongjing-ub22/RTK_GPS_NTRIP_ws/install/ublox_msgs/share/ublox_msgs/hook/ld_library_path_lib.sh'
[2.015s] Level 1:colcon.colcon_core.environment:checking '/home/yongjing-ub22/RTK_GPS_NTRIP_ws/install/ublox_msgs/bin'
[2.016s] Level 1:colcon.colcon_core.environment:checking '/home/yongjing-ub22/RTK_GPS_NTRIP_ws/install/ublox_msgs/lib/pkgconfig/ublox_msgs.pc'
[2.016s] Level 1:colcon.colcon_core.environment:checking '/home/yongjing-ub22/RTK_GPS_NTRIP_ws/install/ublox_msgs/lib/python3.10/site-packages'
[2.016s] Level 1:colcon.colcon_core.environment:checking '/home/yongjing-ub22/RTK_GPS_NTRIP_ws/install/ublox_msgs/bin'
[2.016s] INFO:colcon.colcon_core.shell:Creating package script '/home/yongjing-ub22/RTK_GPS_NTRIP_ws/install/ublox_msgs/share/ublox_msgs/package.ps1'
[2.016s] INFO:colcon.colcon_core.shell:Creating package descriptor '/home/yongjing-ub22/RTK_GPS_NTRIP_ws/install/ublox_msgs/share/ublox_msgs/package.dsv'
[2.016s] INFO:colcon.colcon_core.shell:Creating package script '/home/yongjing-ub22/RTK_GPS_NTRIP_ws/install/ublox_msgs/share/ublox_msgs/package.sh'
[2.017s] INFO:colcon.colcon_core.shell:Creating package script '/home/yongjing-ub22/RTK_GPS_NTRIP_ws/install/ublox_msgs/share/ublox_msgs/package.bash'
[2.017s] INFO:colcon.colcon_core.shell:Creating package script '/home/yongjing-ub22/RTK_GPS_NTRIP_ws/install/ublox_msgs/share/ublox_msgs/package.zsh'
[2.017s] Level 1:colcon.colcon_core.environment:create_file_with_runtime_dependencies(/home/yongjing-ub22/RTK_GPS_NTRIP_ws/install/ublox_msgs/share/colcon-core/packages/ublox_msgs)
[3.069s] Level 1:colcon.colcon_core.environment:create_environment_scripts_only(ublox_msgs)
[3.069s] Level 1:colcon.colcon_core.environment:checking '/home/yongjing-ub22/RTK_GPS_NTRIP_ws/install/ublox_msgs' for CMake module files
[3.069s] Level 1:colcon.colcon_core.environment:checking '/home/yongjing-ub22/RTK_GPS_NTRIP_ws/install/ublox_msgs' for CMake config files
[3.070s] Level 1:colcon.colcon_core.shell:create_environment_hook('ublox_msgs', 'cmake_prefix_path')
[3.070s] INFO:colcon.colcon_core.shell:Creating environment hook '/home/yongjing-ub22/RTK_GPS_NTRIP_ws/install/ublox_msgs/share/ublox_msgs/hook/cmake_prefix_path.ps1'
[3.071s] INFO:colcon.colcon_core.shell:Creating environment descriptor '/home/yongjing-ub22/RTK_GPS_NTRIP_ws/install/ublox_msgs/share/ublox_msgs/hook/cmake_prefix_path.dsv'
[3.071s] INFO:colcon.colcon_core.shell:Creating environment hook '/home/yongjing-ub22/RTK_GPS_NTRIP_ws/install/ublox_msgs/share/ublox_msgs/hook/cmake_prefix_path.sh'
[3.071s] Level 1:colcon.colcon_core.environment:checking '/home/yongjing-ub22/RTK_GPS_NTRIP_ws/install/ublox_msgs/lib'
[3.071s] Level 1:colcon.colcon_core.shell:create_environment_hook('ublox_msgs', 'ld_library_path_lib')
[3.071s] INFO:colcon.colcon_core.shell:Creating environment hook '/home/yongjing-ub22/RTK_GPS_NTRIP_ws/install/ublox_msgs/share/ublox_msgs/hook/ld_library_path_lib.ps1'
[3.072s] INFO:colcon.colcon_core.shell:Creating environment descriptor '/home/yongjing-ub22/RTK_GPS_NTRIP_ws/install/ublox_msgs/share/ublox_msgs/hook/ld_library_path_lib.dsv'
[3.072s] INFO:colcon.colcon_core.shell:Creating environment hook '/home/yongjing-ub22/RTK_GPS_NTRIP_ws/install/ublox_msgs/share/ublox_msgs/hook/ld_library_path_lib.sh'
[3.072s] Level 1:colcon.colcon_core.environment:checking '/home/yongjing-ub22/RTK_GPS_NTRIP_ws/install/ublox_msgs/bin'
[3.072s] Level 1:colcon.colcon_core.environment:checking '/home/yongjing-ub22/RTK_GPS_NTRIP_ws/install/ublox_msgs/lib/pkgconfig/ublox_msgs.pc'
[3.072s] Level 1:colcon.colcon_core.environment:checking '/home/yongjing-ub22/RTK_GPS_NTRIP_ws/install/ublox_msgs/lib/python3.10/site-packages'
[3.072s] Level 1:colcon.colcon_core.environment:checking '/home/yongjing-ub22/RTK_GPS_NTRIP_ws/install/ublox_msgs/bin'
[3.072s] INFO:colcon.colcon_core.shell:Creating package script '/home/yongjing-ub22/RTK_GPS_NTRIP_ws/install/ublox_msgs/share/ublox_msgs/package.ps1'
[3.073s] INFO:colcon.colcon_core.shell:Creating package descriptor '/home/yongjing-ub22/RTK_GPS_NTRIP_ws/install/ublox_msgs/share/ublox_msgs/package.dsv'
[3.073s] INFO:colcon.colcon_core.shell:Creating package script '/home/yongjing-ub22/RTK_GPS_NTRIP_ws/install/ublox_msgs/share/ublox_msgs/package.sh'
[3.073s] INFO:colcon.colcon_core.shell:Creating package script '/home/yongjing-ub22/RTK_GPS_NTRIP_ws/install/ublox_msgs/share/ublox_msgs/package.bash'
[3.073s] INFO:colcon.colcon_core.shell:Creating package script '/home/yongjing-ub22/RTK_GPS_NTRIP_ws/install/ublox_msgs/share/ublox_msgs/package.zsh'
[3.073s] Level 1:colcon.colcon_core.environment:create_file_with_runtime_dependencies(/home/yongjing-ub22/RTK_GPS_NTRIP_ws/install/ublox_msgs/share/colcon-core/packages/ublox_msgs)
[3.074s] INFO:colcon.colcon_ros.task.ament_cmake.build:Building ROS package in '/home/yongjing-ub22/RTK_GPS_NTRIP_ws/src/RTK_GPS_NTRIP/ublox_gps' with build type 'ament_cmake'
[3.074s] INFO:colcon.colcon_cmake.task.cmake.build:Building CMake package in '/home/yongjing-ub22/RTK_GPS_NTRIP_ws/src/RTK_GPS_NTRIP/ublox_gps'
[3.074s] INFO:colcon.colcon_core.shell:Skip shell extension 'powershell' for command environment: Not usable outside of PowerShell
[3.074s] DEBUG:colcon.colcon_core.shell:Skip shell extension 'dsv' for command environment
[3.076s] INFO:colcon.colcon_ros.task.ament_cmake.build:Building ROS package in '/home/yongjing-ub22/RTK_GPS_NTRIP_ws/src/RTK_GPS_NTRIP/fix2nmea' with build type 'ament_cmake'
[3.076s] INFO:colcon.colcon_cmake.task.cmake.build:Building CMake package in '/home/yongjing-ub22/RTK_GPS_NTRIP_ws/src/RTK_GPS_NTRIP/fix2nmea'
[3.076s] INFO:colcon.colcon_core.shell:Skip shell extension 'powershell' for command environment: Not usable outside of PowerShell
[3.076s] DEBUG:colcon.colcon_core.shell:Skip shell extension 'dsv' for command environment
[3.084s] DEBUG:colcon.colcon_core.event_handler.log_command:Invoking command in '/home/yongjing-ub22/RTK_GPS_NTRIP_ws/build/fix2nmea': AMENT_PREFIX_PATH=/home/yongjing-ub22/RTK_GPS_NTRIP_ws/install/ublox_msgs:/home/yongjing-ub22/RTK_GPS_NTRIP_ws/install/ublox_serialization:${AMENT_PREFIX_PATH} CMAKE_PREFIX_PATH=/home/yongjing-ub22/RTK_GPS_NTRIP_ws/install/ublox_msgs:/home/yongjing-ub22/RTK_GPS_NTRIP_ws/install/ublox_serialization:/opt/ros/humble LD_LIBRARY_PATH=/home/yongjing-ub22/RTK_GPS_NTRIP_ws/install/ublox_msgs/lib:${LD_LIBRARY_PATH} PYTHONPATH=/home/yongjing-ub22/RTK_GPS_NTRIP_ws/install/ublox_msgs/local/lib/python3.10/dist-packages:${PYTHONPATH} /usr/bin/cmake --build /home/yongjing-ub22/RTK_GPS_NTRIP_ws/build/fix2nmea -- -j20 -l20
[3.085s] DEBUG:colcon.colcon_core.event_handler.log_command:Invoking command in '/home/yongjing-ub22/RTK_GPS_NTRIP_ws/build/ublox_gps': AMENT_PREFIX_PATH=/home/yongjing-ub22/RTK_GPS_NTRIP_ws/install/ublox_msgs:/home/yongjing-ub22/RTK_GPS_NTRIP_ws/install/ublox_serialization:/home/yongjing-ub22/RTK_GPS_NTRIP_ws/install/rtcm_msgs:${AMENT_PREFIX_PATH} CMAKE_PREFIX_PATH=/home/yongjing-ub22/RTK_GPS_NTRIP_ws/install/ublox_msgs:/home/yongjing-ub22/RTK_GPS_NTRIP_ws/install/ublox_serialization:/home/yongjing-ub22/RTK_GPS_NTRIP_ws/install/rtcm_msgs:/opt/ros/humble LD_LIBRARY_PATH=/home/yongjing-ub22/RTK_GPS_NTRIP_ws/install/ublox_msgs/lib:/home/yongjing-ub22/RTK_GPS_NTRIP_ws/install/rtcm_msgs/lib:${LD_LIBRARY_PATH} PYTHONPATH=/home/yongjing-ub22/RTK_GPS_NTRIP_ws/install/ublox_msgs/local/lib/python3.10/dist-packages:/home/yongjing-ub22/RTK_GPS_NTRIP_ws/install/rtcm_msgs/local/lib/python3.10/dist-packages:${PYTHONPATH} /usr/bin/cmake --build /home/yongjing-ub22/RTK_GPS_NTRIP_ws/build/ublox_gps -- -j20 -l20
[3.163s] DEBUG:colcon.colcon_core.event_handler.log_command:Invoked command in '/home/yongjing-ub22/RTK_GPS_NTRIP_ws/build/fix2nmea' returned '0': AMENT_PREFIX_PATH=/home/yongjing-ub22/RTK_GPS_NTRIP_ws/install/ublox_msgs:/home/yongjing-ub22/RTK_GPS_NTRIP_ws/install/ublox_serialization:${AMENT_PREFIX_PATH} CMAKE_PREFIX_PATH=/home/yongjing-ub22/RTK_GPS_NTRIP_ws/install/ublox_msgs:/home/yongjing-ub22/RTK_GPS_NTRIP_ws/install/ublox_serialization:/opt/ros/humble LD_LIBRARY_PATH=/home/yongjing-ub22/RTK_GPS_NTRIP_ws/install/ublox_msgs/lib:${LD_LIBRARY_PATH} PYTHONPATH=/home/yongjing-ub22/RTK_GPS_NTRIP_ws/install/ublox_msgs/local/lib/python3.10/dist-packages:${PYTHONPATH} /usr/bin/cmake --build /home/yongjing-ub22/RTK_GPS_NTRIP_ws/build/fix2nmea -- -j20 -l20
[3.181s] DEBUG:colcon.colcon_core.event_handler.log_command:Invoking command in '/home/yongjing-ub22/RTK_GPS_NTRIP_ws/build/fix2nmea': AMENT_PREFIX_PATH=/home/yongjing-ub22/RTK_GPS_NTRIP_ws/install/ublox_msgs:/home/yongjing-ub22/RTK_GPS_NTRIP_ws/install/ublox_serialization:${AMENT_PREFIX_PATH} CMAKE_PREFIX_PATH=/home/yongjing-ub22/RTK_GPS_NTRIP_ws/install/ublox_msgs:/home/yongjing-ub22/RTK_GPS_NTRIP_ws/install/ublox_serialization:/opt/ros/humble LD_LIBRARY_PATH=/home/yongjing-ub22/RTK_GPS_NTRIP_ws/install/ublox_msgs/lib:${LD_LIBRARY_PATH} PYTHONPATH=/home/yongjing-ub22/RTK_GPS_NTRIP_ws/install/ublox_msgs/local/lib/python3.10/dist-packages:${PYTHONPATH} /usr/bin/cmake --install /home/yongjing-ub22/RTK_GPS_NTRIP_ws/build/fix2nmea
[3.187s] DEBUG:colcon.colcon_core.event_handler.log_command:Invoked command in '/home/yongjing-ub22/RTK_GPS_NTRIP_ws/build/ublox_gps' returned '0': AMENT_PREFIX_PATH=/home/yongjing-ub22/RTK_GPS_NTRIP_ws/install/ublox_msgs:/home/yongjing-ub22/RTK_GPS_NTRIP_ws/install/ublox_serialization:/home/yongjing-ub22/RTK_GPS_NTRIP_ws/install/rtcm_msgs:${AMENT_PREFIX_PATH} CMAKE_PREFIX_PATH=/home/yongjing-ub22/RTK_GPS_NTRIP_ws/install/ublox_msgs:/home/yongjing-ub22/RTK_GPS_NTRIP_ws/install/ublox_serialization:/home/yongjing-ub22/RTK_GPS_NTRIP_ws/install/rtcm_msgs:/opt/ros/humble LD_LIBRARY_PATH=/home/yongjing-ub22/RTK_GPS_NTRIP_ws/install/ublox_msgs/lib:/home/yongjing-ub22/RTK_GPS_NTRIP_ws/install/rtcm_msgs/lib:${LD_LIBRARY_PATH} PYTHONPATH=/home/yongjing-ub22/RTK_GPS_NTRIP_ws/install/ublox_msgs/local/lib/python3.10/dist-packages:/home/yongjing-ub22/RTK_GPS_NTRIP_ws/install/rtcm_msgs/local/lib/python3.10/dist-packages:${PYTHONPATH} /usr/bin/cmake --build /home/yongjing-ub22/RTK_GPS_NTRIP_ws/build/ublox_gps -- -j20 -l20
[3.189s] Level 1:colcon.colcon_core.environment:create_environment_scripts_only(fix2nmea)
[3.189s] Level 1:colcon.colcon_core.environment:checking '/home/yongjing-ub22/RTK_GPS_NTRIP_ws/install/fix2nmea' for CMake module files
[3.189s] DEBUG:colcon.colcon_core.event_handler.log_command:Invoked command in '/home/yongjing-ub22/RTK_GPS_NTRIP_ws/build/fix2nmea' returned '0': AMENT_PREFIX_PATH=/home/yongjing-ub22/RTK_GPS_NTRIP_ws/install/ublox_msgs:/home/yongjing-ub22/RTK_GPS_NTRIP_ws/install/ublox_serialization:${AMENT_PREFIX_PATH} CMAKE_PREFIX_PATH=/home/yongjing-ub22/RTK_GPS_NTRIP_ws/install/ublox_msgs:/home/yongjing-ub22/RTK_GPS_NTRIP_ws/install/ublox_serialization:/opt/ros/humble LD_LIBRARY_PATH=/home/yongjing-ub22/RTK_GPS_NTRIP_ws/install/ublox_msgs/lib:${LD_LIBRARY_PATH} PYTHONPATH=/home/yongjing-ub22/RTK_GPS_NTRIP_ws/install/ublox_msgs/local/lib/python3.10/dist-packages:${PYTHONPATH} /usr/bin/cmake --install /home/yongjing-ub22/RTK_GPS_NTRIP_ws/build/fix2nmea
[3.189s] Level 1:colcon.colcon_core.environment:checking '/home/yongjing-ub22/RTK_GPS_NTRIP_ws/install/fix2nmea' for CMake config files
[3.189s] Level 1:colcon.colcon_core.shell:create_environment_hook('fix2nmea', 'cmake_prefix_path')
[3.190s] INFO:colcon.colcon_core.shell:Creating environment hook '/home/yongjing-ub22/RTK_GPS_NTRIP_ws/install/fix2nmea/share/fix2nmea/hook/cmake_prefix_path.ps1'
[3.190s] INFO:colcon.colcon_core.shell:Creating environment descriptor '/home/yongjing-ub22/RTK_GPS_NTRIP_ws/install/fix2nmea/share/fix2nmea/hook/cmake_prefix_path.dsv'
[3.190s] INFO:colcon.colcon_core.shell:Creating environment hook '/home/yongjing-ub22/RTK_GPS_NTRIP_ws/install/fix2nmea/share/fix2nmea/hook/cmake_prefix_path.sh'
[3.190s] Level 1:colcon.colcon_core.environment:checking '/home/yongjing-ub22/RTK_GPS_NTRIP_ws/install/fix2nmea/lib'
[3.190s] Level 1:colcon.colcon_core.environment:checking '/home/yongjing-ub22/RTK_GPS_NTRIP_ws/install/fix2nmea/bin'
[3.190s] Level 1:colcon.colcon_core.environment:checking '/home/yongjing-ub22/RTK_GPS_NTRIP_ws/install/fix2nmea/lib/pkgconfig/fix2nmea.pc'
[3.191s] Level 1:colcon.colcon_core.environment:checking '/home/yongjing-ub22/RTK_GPS_NTRIP_ws/install/fix2nmea/lib/python3.10/site-packages'
[3.191s] Level 1:colcon.colcon_core.environment:checking '/home/yongjing-ub22/RTK_GPS_NTRIP_ws/install/fix2nmea/bin'
[3.191s] INFO:colcon.colcon_core.shell:Creating package script '/home/yongjing-ub22/RTK_GPS_NTRIP_ws/install/fix2nmea/share/fix2nmea/package.ps1'
[3.191s] INFO:colcon.colcon_core.shell:Creating package descriptor '/home/yongjing-ub22/RTK_GPS_NTRIP_ws/install/fix2nmea/share/fix2nmea/package.dsv'
[3.191s] INFO:colcon.colcon_core.shell:Creating package script '/home/yongjing-ub22/RTK_GPS_NTRIP_ws/install/fix2nmea/share/fix2nmea/package.sh'
[3.192s] INFO:colcon.colcon_core.shell:Creating package script '/home/yongjing-ub22/RTK_GPS_NTRIP_ws/install/fix2nmea/share/fix2nmea/package.bash'
[3.192s] INFO:colcon.colcon_core.shell:Creating package script '/home/yongjing-ub22/RTK_GPS_NTRIP_ws/install/fix2nmea/share/fix2nmea/package.zsh'
[3.192s] Level 1:colcon.colcon_core.environment:create_file_with_runtime_dependencies(/home/yongjing-ub22/RTK_GPS_NTRIP_ws/install/fix2nmea/share/colcon-core/packages/fix2nmea)
[3.208s] Level 1:colcon.colcon_core.environment:create_environment_scripts_only(fix2nmea)
[3.208s] Level 1:colcon.colcon_core.environment:checking '/home/yongjing-ub22/RTK_GPS_NTRIP_ws/install/fix2nmea' for CMake module files
[3.209s] Level 1:colcon.colcon_core.environment:checking '/home/yongjing-ub22/RTK_GPS_NTRIP_ws/install/fix2nmea' for CMake config files
[3.209s] Level 1:colcon.colcon_core.shell:create_environment_hook('fix2nmea', 'cmake_prefix_path')
[3.209s] INFO:colcon.colcon_core.shell:Creating environment hook '/home/yongjing-ub22/RTK_GPS_NTRIP_ws/install/fix2nmea/share/fix2nmea/hook/cmake_prefix_path.ps1'
[3.209s] INFO:colcon.colcon_core.shell:Creating environment descriptor '/home/yongjing-ub22/RTK_GPS_NTRIP_ws/install/fix2nmea/share/fix2nmea/hook/cmake_prefix_path.dsv'
[3.209s] INFO:colcon.colcon_core.shell:Creating environment hook '/home/yongjing-ub22/RTK_GPS_NTRIP_ws/install/fix2nmea/share/fix2nmea/hook/cmake_prefix_path.sh'
[3.210s] Level 1:colcon.colcon_core.environment:checking '/home/yongjing-ub22/RTK_GPS_NTRIP_ws/install/fix2nmea/lib'
[3.210s] Level 1:colcon.colcon_core.environment:checking '/home/yongjing-ub22/RTK_GPS_NTRIP_ws/install/fix2nmea/bin'
[3.210s] Level 1:colcon.colcon_core.environment:checking '/home/yongjing-ub22/RTK_GPS_NTRIP_ws/install/fix2nmea/lib/pkgconfig/fix2nmea.pc'
[3.210s] Level 1:colcon.colcon_core.environment:checking '/home/yongjing-ub22/RTK_GPS_NTRIP_ws/install/fix2nmea/lib/python3.10/site-packages'
[3.210s] Level 1:colcon.colcon_core.environment:checking '/home/yongjing-ub22/RTK_GPS_NTRIP_ws/install/fix2nmea/bin'
[3.210s] INFO:colcon.colcon_core.shell:Creating package script '/home/yongjing-ub22/RTK_GPS_NTRIP_ws/install/fix2nmea/share/fix2nmea/package.ps1'
[3.210s] INFO:colcon.colcon_core.shell:Creating package descriptor '/home/yongjing-ub22/RTK_GPS_NTRIP_ws/install/fix2nmea/share/fix2nmea/package.dsv'
[3.211s] INFO:colcon.colcon_core.shell:Creating package script '/home/yongjing-ub22/RTK_GPS_NTRIP_ws/install/fix2nmea/share/fix2nmea/package.sh'
[3.211s] INFO:colcon.colcon_core.shell:Creating package script '/home/yongjing-ub22/RTK_GPS_NTRIP_ws/install/fix2nmea/share/fix2nmea/package.bash'
[3.211s] INFO:colcon.colcon_core.shell:Creating package script '/home/yongjing-ub22/RTK_GPS_NTRIP_ws/install/fix2nmea/share/fix2nmea/package.zsh'
[3.211s] Level 1:colcon.colcon_core.environment:create_file_with_runtime_dependencies(/home/yongjing-ub22/RTK_GPS_NTRIP_ws/install/fix2nmea/share/colcon-core/packages/fix2nmea)
[3.233s] DEBUG:colcon.colcon_core.event_handler.log_command:Invoking command in '/home/yongjing-ub22/RTK_GPS_NTRIP_ws/build/ublox_gps': AMENT_PREFIX_PATH=/home/yongjing-ub22/RTK_GPS_NTRIP_ws/install/ublox_msgs:/home/yongjing-ub22/RTK_GPS_NTRIP_ws/install/ublox_serialization:/home/yongjing-ub22/RTK_GPS_NTRIP_ws/install/rtcm_msgs:${AMENT_PREFIX_PATH} CMAKE_PREFIX_PATH=/home/yongjing-ub22/RTK_GPS_NTRIP_ws/install/ublox_msgs:/home/yongjing-ub22/RTK_GPS_NTRIP_ws/install/ublox_serialization:/home/yongjing-ub22/RTK_GPS_NTRIP_ws/install/rtcm_msgs:/opt/ros/humble LD_LIBRARY_PATH=/home/yongjing-ub22/RTK_GPS_NTRIP_ws/install/ublox_msgs/lib:/home/yongjing-ub22/RTK_GPS_NTRIP_ws/install/rtcm_msgs/lib:${LD_LIBRARY_PATH} PYTHONPATH=/home/yongjing-ub22/RTK_GPS_NTRIP_ws/install/ublox_msgs/local/lib/python3.10/dist-packages:/home/yongjing-ub22/RTK_GPS_NTRIP_ws/install/rtcm_msgs/local/lib/python3.10/dist-packages:${PYTHONPATH} /usr/bin/cmake --install /home/yongjing-ub22/RTK_GPS_NTRIP_ws/build/ublox_gps
[3.244s] Level 1:colcon.colcon_core.environment:create_environment_scripts_only(ublox_gps)
[3.244s] Level 1:colcon.colcon_core.environment:checking '/home/yongjing-ub22/RTK_GPS_NTRIP_ws/install/ublox_gps' for CMake module files
[3.245s] DEBUG:colcon.colcon_core.event_handler.log_command:Invoked command in '/home/yongjing-ub22/RTK_GPS_NTRIP_ws/build/ublox_gps' returned '0': AMENT_PREFIX_PATH=/home/yongjing-ub22/RTK_GPS_NTRIP_ws/install/ublox_msgs:/home/yongjing-ub22/RTK_GPS_NTRIP_ws/install/ublox_serialization:/home/yongjing-ub22/RTK_GPS_NTRIP_ws/install/rtcm_msgs:${AMENT_PREFIX_PATH} CMAKE_PREFIX_PATH=/home/yongjing-ub22/RTK_GPS_NTRIP_ws/install/ublox_msgs:/home/yongjing-ub22/RTK_GPS_NTRIP_ws/install/ublox_serialization:/home/yongjing-ub22/RTK_GPS_NTRIP_ws/install/rtcm_msgs:/opt/ros/humble LD_LIBRARY_PATH=/home/yongjing-ub22/RTK_GPS_NTRIP_ws/install/ublox_msgs/lib:/home/yongjing-ub22/RTK_GPS_NTRIP_ws/install/rtcm_msgs/lib:${LD_LIBRARY_PATH} PYTHONPATH=/home/yongjing-ub22/RTK_GPS_NTRIP_ws/install/ublox_msgs/local/lib/python3.10/dist-packages:/home/yongjing-ub22/RTK_GPS_NTRIP_ws/install/rtcm_msgs/local/lib/python3.10/dist-packages:${PYTHONPATH} /usr/bin/cmake --install /home/yongjing-ub22/RTK_GPS_NTRIP_ws/build/ublox_gps
[3.245s] Level 1:colcon.colcon_core.environment:checking '/home/yongjing-ub22/RTK_GPS_NTRIP_ws/install/ublox_gps' for CMake config files
[3.245s] Level 1:colcon.colcon_core.shell:create_environment_hook('ublox_gps', 'cmake_prefix_path')
[3.245s] INFO:colcon.colcon_core.shell:Creating environment hook '/home/yongjing-ub22/RTK_GPS_NTRIP_ws/install/ublox_gps/share/ublox_gps/hook/cmake_prefix_path.ps1'
[3.245s] INFO:colcon.colcon_core.shell:Creating environment descriptor '/home/yongjing-ub22/RTK_GPS_NTRIP_ws/install/ublox_gps/share/ublox_gps/hook/cmake_prefix_path.dsv'
[3.246s] INFO:colcon.colcon_core.shell:Creating environment hook '/home/yongjing-ub22/RTK_GPS_NTRIP_ws/install/ublox_gps/share/ublox_gps/hook/cmake_prefix_path.sh'
[3.246s] Level 1:colcon.colcon_core.environment:checking '/home/yongjing-ub22/RTK_GPS_NTRIP_ws/install/ublox_gps/lib'
[3.246s] Level 1:colcon.colcon_core.shell:create_environment_hook('ublox_gps', 'ld_library_path_lib')
[3.246s] INFO:colcon.colcon_core.shell:Creating environment hook '/home/yongjing-ub22/RTK_GPS_NTRIP_ws/install/ublox_gps/share/ublox_gps/hook/ld_library_path_lib.ps1'
[3.246s] INFO:colcon.colcon_core.shell:Creating environment descriptor '/home/yongjing-ub22/RTK_GPS_NTRIP_ws/install/ublox_gps/share/ublox_gps/hook/ld_library_path_lib.dsv'
[3.246s] INFO:colcon.colcon_core.shell:Creating environment hook '/home/yongjing-ub22/RTK_GPS_NTRIP_ws/install/ublox_gps/share/ublox_gps/hook/ld_library_path_lib.sh'
[3.246s] Level 1:colcon.colcon_core.environment:checking '/home/yongjing-ub22/RTK_GPS_NTRIP_ws/install/ublox_gps/bin'
[3.247s] Level 1:colcon.colcon_core.environment:checking '/home/yongjing-ub22/RTK_GPS_NTRIP_ws/install/ublox_gps/lib/pkgconfig/ublox_gps.pc'
[3.247s] Level 1:colcon.colcon_core.environment:checking '/home/yongjing-ub22/RTK_GPS_NTRIP_ws/install/ublox_gps/lib/python3.10/site-packages'
[3.247s] Level 1:colcon.colcon_core.environment:checking '/home/yongjing-ub22/RTK_GPS_NTRIP_ws/install/ublox_gps/bin'
[3.247s] INFO:colcon.colcon_core.shell:Creating package script '/home/yongjing-ub22/RTK_GPS_NTRIP_ws/install/ublox_gps/share/ublox_gps/package.ps1'
[3.247s] INFO:colcon.colcon_core.shell:Creating package descriptor '/home/yongjing-ub22/RTK_GPS_NTRIP_ws/install/ublox_gps/share/ublox_gps/package.dsv'
[3.247s] INFO:colcon.colcon_core.shell:Creating package script '/home/yongjing-ub22/RTK_GPS_NTRIP_ws/install/ublox_gps/share/ublox_gps/package.sh'
[3.248s] INFO:colcon.colcon_core.shell:Creating package script '/home/yongjing-ub22/RTK_GPS_NTRIP_ws/install/ublox_gps/share/ublox_gps/package.bash'
[3.248s] INFO:colcon.colcon_core.shell:Creating package script '/home/yongjing-ub22/RTK_GPS_NTRIP_ws/install/ublox_gps/share/ublox_gps/package.zsh'
[3.248s] Level 1:colcon.colcon_core.environment:create_file_with_runtime_dependencies(/home/yongjing-ub22/RTK_GPS_NTRIP_ws/install/ublox_gps/share/colcon-core/packages/ublox_gps)
[3.299s] Level 1:colcon.colcon_core.environment:create_environment_scripts_only(ublox_gps)
[3.299s] Level 1:colcon.colcon_core.environment:checking '/home/yongjing-ub22/RTK_GPS_NTRIP_ws/install/ublox_gps' for CMake module files
[3.299s] Level 1:colcon.colcon_core.environment:checking '/home/yongjing-ub22/RTK_GPS_NTRIP_ws/install/ublox_gps' for CMake config files
[3.300s] Level 1:colcon.colcon_core.shell:create_environment_hook('ublox_gps', 'cmake_prefix_path')
[3.300s] INFO:colcon.colcon_core.shell:Creating environment hook '/home/yongjing-ub22/RTK_GPS_NTRIP_ws/install/ublox_gps/share/ublox_gps/hook/cmake_prefix_path.ps1'
[3.300s] INFO:colcon.colcon_core.shell:Creating environment descriptor '/home/yongjing-ub22/RTK_GPS_NTRIP_ws/install/ublox_gps/share/ublox_gps/hook/cmake_prefix_path.dsv'
[3.301s] INFO:colcon.colcon_core.shell:Creating environment hook '/home/yongjing-ub22/RTK_GPS_NTRIP_ws/install/ublox_gps/share/ublox_gps/hook/cmake_prefix_path.sh'
[3.301s] Level 1:colcon.colcon_core.environment:checking '/home/yongjing-ub22/RTK_GPS_NTRIP_ws/install/ublox_gps/lib'
[3.301s] Level 1:colcon.colcon_core.shell:create_environment_hook('ublox_gps', 'ld_library_path_lib')
[3.301s] INFO:colcon.colcon_core.shell:Creating environment hook '/home/yongjing-ub22/RTK_GPS_NTRIP_ws/install/ublox_gps/share/ublox_gps/hook/ld_library_path_lib.ps1'
[3.302s] INFO:colcon.colcon_core.shell:Creating environment descriptor '/home/yongjing-ub22/RTK_GPS_NTRIP_ws/install/ublox_gps/share/ublox_gps/hook/ld_library_path_lib.dsv'
[3.302s] INFO:colcon.colcon_core.shell:Creating environment hook '/home/yongjing-ub22/RTK_GPS_NTRIP_ws/install/ublox_gps/share/ublox_gps/hook/ld_library_path_lib.sh'
[3.302s] Level 1:colcon.colcon_core.environment:checking '/home/yongjing-ub22/RTK_GPS_NTRIP_ws/install/ublox_gps/bin'
[3.302s] Level 1:colcon.colcon_core.environment:checking '/home/yongjing-ub22/RTK_GPS_NTRIP_ws/install/ublox_gps/lib/pkgconfig/ublox_gps.pc'
[3.302s] Level 1:colcon.colcon_core.environment:checking '/home/yongjing-ub22/RTK_GPS_NTRIP_ws/install/ublox_gps/lib/python3.10/site-packages'
[3.303s] Level 1:colcon.colcon_core.environment:checking '/home/yongjing-ub22/RTK_GPS_NTRIP_ws/install/ublox_gps/bin'
[3.303s] INFO:colcon.colcon_core.shell:Creating package script '/home/yongjing-ub22/RTK_GPS_NTRIP_ws/install/ublox_gps/share/ublox_gps/package.ps1'
[3.303s] INFO:colcon.colcon_core.shell:Creating package descriptor '/home/yongjing-ub22/RTK_GPS_NTRIP_ws/install/ublox_gps/share/ublox_gps/package.dsv'
[3.303s] INFO:colcon.colcon_core.shell:Creating package script '/home/yongjing-ub22/RTK_GPS_NTRIP_ws/install/ublox_gps/share/ublox_gps/package.sh'
[3.304s] INFO:colcon.colcon_core.shell:Creating package script '/home/yongjing-ub22/RTK_GPS_NTRIP_ws/install/ublox_gps/share/ublox_gps/package.bash'
[3.304s] INFO:colcon.colcon_core.shell:Creating package script '/home/yongjing-ub22/RTK_GPS_NTRIP_ws/install/ublox_gps/share/ublox_gps/package.zsh'
[3.304s] Level 1:colcon.colcon_core.environment:create_file_with_runtime_dependencies(/home/yongjing-ub22/RTK_GPS_NTRIP_ws/install/ublox_gps/share/colcon-core/packages/ublox_gps)
[3.304s] INFO:colcon.colcon_ros.task.ament_cmake.build:Building ROS package in '/home/yongjing-ub22/RTK_GPS_NTRIP_ws/src/RTK_GPS_NTRIP/ublox' with build type 'ament_cmake'
[3.304s] INFO:colcon.colcon_cmake.task.cmake.build:Building CMake package in '/home/yongjing-ub22/RTK_GPS_NTRIP_ws/src/RTK_GPS_NTRIP/ublox'
[3.304s] INFO:colcon.colcon_core.shell:Skip shell extension 'powershell' for command environment: Not usable outside of PowerShell
[3.304s] DEBUG:colcon.colcon_core.shell:Skip shell extension 'dsv' for command environment
[3.316s] DEBUG:colcon.colcon_core.event_handler.log_command:Invoking command in '/home/yongjing-ub22/RTK_GPS_NTRIP_ws/build/ublox': AMENT_PREFIX_PATH=/home/yongjing-ub22/RTK_GPS_NTRIP_ws/install/ublox_gps:/home/yongjing-ub22/RTK_GPS_NTRIP_ws/install/ublox_msgs:/home/yongjing-ub22/RTK_GPS_NTRIP_ws/install/ublox_serialization:/home/yongjing-ub22/RTK_GPS_NTRIP_ws/install/rtcm_msgs:${AMENT_PREFIX_PATH} CMAKE_PREFIX_PATH=/home/yongjing-ub22/RTK_GPS_NTRIP_ws/install/ublox_gps:/home/yongjing-ub22/RTK_GPS_NTRIP_ws/install/ublox_msgs:/home/yongjing-ub22/RTK_GPS_NTRIP_ws/install/ublox_serialization:/home/yongjing-ub22/RTK_GPS_NTRIP_ws/install/rtcm_msgs:/opt/ros/humble LD_LIBRARY_PATH=/home/yongjing-ub22/RTK_GPS_NTRIP_ws/install/ublox_gps/lib:/home/yongjing-ub22/RTK_GPS_NTRIP_ws/install/ublox_msgs/lib:/home/yongjing-ub22/RTK_GPS_NTRIP_ws/install/rtcm_msgs/lib:${LD_LIBRARY_PATH} PYTHONPATH=/home/yongjing-ub22/RTK_GPS_NTRIP_ws/install/ublox_msgs/local/lib/python3.10/dist-packages:/home/yongjing-ub22/RTK_GPS_NTRIP_ws/install/rtcm_msgs/local/lib/python3.10/dist-packages:${PYTHONPATH} /usr/bin/cmake --build /home/yongjing-ub22/RTK_GPS_NTRIP_ws/build/ublox -- -j20 -l20
[3.346s] DEBUG:colcon.colcon_core.event_handler.log_command:Invoked command in '/home/yongjing-ub22/RTK_GPS_NTRIP_ws/build/ublox' returned '0': AMENT_PREFIX_PATH=/home/yongjing-ub22/RTK_GPS_NTRIP_ws/install/ublox_gps:/home/yongjing-ub22/RTK_GPS_NTRIP_ws/install/ublox_msgs:/home/yongjing-ub22/RTK_GPS_NTRIP_ws/install/ublox_serialization:/home/yongjing-ub22/RTK_GPS_NTRIP_ws/install/rtcm_msgs:${AMENT_PREFIX_PATH} CMAKE_PREFIX_PATH=/home/yongjing-ub22/RTK_GPS_NTRIP_ws/install/ublox_gps:/home/yongjing-ub22/RTK_GPS_NTRIP_ws/install/ublox_msgs:/home/yongjing-ub22/RTK_GPS_NTRIP_ws/install/ublox_serialization:/home/yongjing-ub22/RTK_GPS_NTRIP_ws/install/rtcm_msgs:/opt/ros/humble LD_LIBRARY_PATH=/home/yongjing-ub22/RTK_GPS_NTRIP_ws/install/ublox_gps/lib:/home/yongjing-ub22/RTK_GPS_NTRIP_ws/install/ublox_msgs/lib:/home/yongjing-ub22/RTK_GPS_NTRIP_ws/install/rtcm_msgs/lib:${LD_LIBRARY_PATH} PYTHONPATH=/home/yongjing-ub22/RTK_GPS_NTRIP_ws/install/ublox_msgs/local/lib/python3.10/dist-packages:/home/yongjing-ub22/RTK_GPS_NTRIP_ws/install/rtcm_msgs/local/lib/python3.10/dist-packages:${PYTHONPATH} /usr/bin/cmake --build /home/yongjing-ub22/RTK_GPS_NTRIP_ws/build/ublox -- -j20 -l20
[3.369s] DEBUG:colcon.colcon_core.event_handler.log_command:Invoking command in '/home/yongjing-ub22/RTK_GPS_NTRIP_ws/build/ublox': AMENT_PREFIX_PATH=/home/yongjing-ub22/RTK_GPS_NTRIP_ws/install/ublox_gps:/home/yongjing-ub22/RTK_GPS_NTRIP_ws/install/ublox_msgs:/home/yongjing-ub22/RTK_GPS_NTRIP_ws/install/ublox_serialization:/home/yongjing-ub22/RTK_GPS_NTRIP_ws/install/rtcm_msgs:${AMENT_PREFIX_PATH} CMAKE_PREFIX_PATH=/home/yongjing-ub22/RTK_GPS_NTRIP_ws/install/ublox_gps:/home/yongjing-ub22/RTK_GPS_NTRIP_ws/install/ublox_msgs:/home/yongjing-ub22/RTK_GPS_NTRIP_ws/install/ublox_serialization:/home/yongjing-ub22/RTK_GPS_NTRIP_ws/install/rtcm_msgs:/opt/ros/humble LD_LIBRARY_PATH=/home/yongjing-ub22/RTK_GPS_NTRIP_ws/install/ublox_gps/lib:/home/yongjing-ub22/RTK_GPS_NTRIP_ws/install/ublox_msgs/lib:/home/yongjing-ub22/RTK_GPS_NTRIP_ws/install/rtcm_msgs/lib:${LD_LIBRARY_PATH} PYTHONPATH=/home/yongjing-ub22/RTK_GPS_NTRIP_ws/install/ublox_msgs/local/lib/python3.10/dist-packages:/home/yongjing-ub22/RTK_GPS_NTRIP_ws/install/rtcm_msgs/local/lib/python3.10/dist-packages:${PYTHONPATH} /usr/bin/cmake --install /home/yongjing-ub22/RTK_GPS_NTRIP_ws/build/ublox
[3.376s] Level 1:colcon.colcon_core.environment:create_environment_scripts_only(ublox)
[3.376s] Level 1:colcon.colcon_core.environment:checking '/home/yongjing-ub22/RTK_GPS_NTRIP_ws/install/ublox' for CMake module files
[3.377s] DEBUG:colcon.colcon_core.event_handler.log_command:Invoked command in '/home/yongjing-ub22/RTK_GPS_NTRIP_ws/build/ublox' returned '0': AMENT_PREFIX_PATH=/home/yongjing-ub22/RTK_GPS_NTRIP_ws/install/ublox_gps:/home/yongjing-ub22/RTK_GPS_NTRIP_ws/install/ublox_msgs:/home/yongjing-ub22/RTK_GPS_NTRIP_ws/install/ublox_serialization:/home/yongjing-ub22/RTK_GPS_NTRIP_ws/install/rtcm_msgs:${AMENT_PREFIX_PATH} CMAKE_PREFIX_PATH=/home/yongjing-ub22/RTK_GPS_NTRIP_ws/install/ublox_gps:/home/yongjing-ub22/RTK_GPS_NTRIP_ws/install/ublox_msgs:/home/yongjing-ub22/RTK_GPS_NTRIP_ws/install/ublox_serialization:/home/yongjing-ub22/RTK_GPS_NTRIP_ws/install/rtcm_msgs:/opt/ros/humble LD_LIBRARY_PATH=/home/yongjing-ub22/RTK_GPS_NTRIP_ws/install/ublox_gps/lib:/home/yongjing-ub22/RTK_GPS_NTRIP_ws/install/ublox_msgs/lib:/home/yongjing-ub22/RTK_GPS_NTRIP_ws/install/rtcm_msgs/lib:${LD_LIBRARY_PATH} PYTHONPATH=/home/yongjing-ub22/RTK_GPS_NTRIP_ws/install/ublox_msgs/local/lib/python3.10/dist-packages:/home/yongjing-ub22/RTK_GPS_NTRIP_ws/install/rtcm_msgs/local/lib/python3.10/dist-packages:${PYTHONPATH} /usr/bin/cmake --install /home/yongjing-ub22/RTK_GPS_NTRIP_ws/build/ublox
[3.377s] Level 1:colcon.colcon_core.environment:checking '/home/yongjing-ub22/RTK_GPS_NTRIP_ws/install/ublox' for CMake config files
[3.377s] Level 1:colcon.colcon_core.shell:create_environment_hook('ublox', 'cmake_prefix_path')
[3.377s] INFO:colcon.colcon_core.shell:Creating environment hook '/home/yongjing-ub22/RTK_GPS_NTRIP_ws/install/ublox/share/ublox/hook/cmake_prefix_path.ps1'
[3.377s] INFO:colcon.colcon_core.shell:Creating environment descriptor '/home/yongjing-ub22/RTK_GPS_NTRIP_ws/install/ublox/share/ublox/hook/cmake_prefix_path.dsv'
[3.377s] INFO:colcon.colcon_core.shell:Creating environment hook '/home/yongjing-ub22/RTK_GPS_NTRIP_ws/install/ublox/share/ublox/hook/cmake_prefix_path.sh'
[3.378s] Level 1:colcon.colcon_core.environment:checking '/home/yongjing-ub22/RTK_GPS_NTRIP_ws/install/ublox/bin'
[3.378s] Level 1:colcon.colcon_core.environment:checking '/home/yongjing-ub22/RTK_GPS_NTRIP_ws/install/ublox/lib/pkgconfig/ublox.pc'
[3.378s] Level 1:colcon.colcon_core.environment:checking '/home/yongjing-ub22/RTK_GPS_NTRIP_ws/install/ublox/lib/python3.10/site-packages'
[3.378s] Level 1:colcon.colcon_core.environment:checking '/home/yongjing-ub22/RTK_GPS_NTRIP_ws/install/ublox/bin'
[3.378s] INFO:colcon.colcon_core.shell:Creating package script '/home/yongjing-ub22/RTK_GPS_NTRIP_ws/install/ublox/share/ublox/package.ps1'
[3.379s] INFO:colcon.colcon_core.shell:Creating package descriptor '/home/yongjing-ub22/RTK_GPS_NTRIP_ws/install/ublox/share/ublox/package.dsv'
[3.379s] INFO:colcon.colcon_core.shell:Creating package script '/home/yongjing-ub22/RTK_GPS_NTRIP_ws/install/ublox/share/ublox/package.sh'
[3.379s] INFO:colcon.colcon_core.shell:Creating package script '/home/yongjing-ub22/RTK_GPS_NTRIP_ws/install/ublox/share/ublox/package.bash'
[3.379s] INFO:colcon.colcon_core.shell:Creating package script '/home/yongjing-ub22/RTK_GPS_NTRIP_ws/install/ublox/share/ublox/package.zsh'
[3.379s] Level 1:colcon.colcon_core.environment:create_file_with_runtime_dependencies(/home/yongjing-ub22/RTK_GPS_NTRIP_ws/install/ublox/share/colcon-core/packages/ublox)
[3.401s] Level 1:colcon.colcon_core.environment:create_environment_scripts_only(ublox)
[3.401s] Level 1:colcon.colcon_core.environment:checking '/home/yongjing-ub22/RTK_GPS_NTRIP_ws/install/ublox' for CMake module files
[3.402s] Level 1:colcon.colcon_core.environment:checking '/home/yongjing-ub22/RTK_GPS_NTRIP_ws/install/ublox' for CMake config files
[3.402s] Level 1:colcon.colcon_core.shell:create_environment_hook('ublox', 'cmake_prefix_path')
[3.402s] INFO:colcon.colcon_core.shell:Creating environment hook '/home/yongjing-ub22/RTK_GPS_NTRIP_ws/install/ublox/share/ublox/hook/cmake_prefix_path.ps1'
[3.402s] INFO:colcon.colcon_core.shell:Creating environment descriptor '/home/yongjing-ub22/RTK_GPS_NTRIP_ws/install/ublox/share/ublox/hook/cmake_prefix_path.dsv'
[3.403s] INFO:colcon.colcon_core.shell:Creating environment hook '/home/yongjing-ub22/RTK_GPS_NTRIP_ws/install/ublox/share/ublox/hook/cmake_prefix_path.sh'
[3.403s] Level 1:colcon.colcon_core.environment:checking '/home/yongjing-ub22/RTK_GPS_NTRIP_ws/install/ublox/bin'
[3.403s] Level 1:colcon.colcon_core.environment:checking '/home/yongjing-ub22/RTK_GPS_NTRIP_ws/install/ublox/lib/pkgconfig/ublox.pc'
[3.403s] Level 1:colcon.colcon_core.environment:checking '/home/yongjing-ub22/RTK_GPS_NTRIP_ws/install/ublox/lib/python3.10/site-packages'
[3.404s] Level 1:colcon.colcon_core.environment:checking '/home/yongjing-ub22/RTK_GPS_NTRIP_ws/install/ublox/bin'
[3.404s] INFO:colcon.colcon_core.shell:Creating package script '/home/yongjing-ub22/RTK_GPS_NTRIP_ws/install/ublox/share/ublox/package.ps1'
[3.404s] INFO:colcon.colcon_core.shell:Creating package descriptor '/home/yongjing-ub22/RTK_GPS_NTRIP_ws/install/ublox/share/ublox/package.dsv'
[3.405s] INFO:colcon.colcon_core.shell:Creating package script '/home/yongjing-ub22/RTK_GPS_NTRIP_ws/install/ublox/share/ublox/package.sh'
[3.405s] INFO:colcon.colcon_core.shell:Creating package script '/home/yongjing-ub22/RTK_GPS_NTRIP_ws/install/ublox/share/ublox/package.bash'
[3.405s] INFO:colcon.colcon_core.shell:Creating package script '/home/yongjing-ub22/RTK_GPS_NTRIP_ws/install/ublox/share/ublox/package.zsh'
[3.406s] Level 1:colcon.colcon_core.environment:create_file_with_runtime_dependencies(/home/yongjing-ub22/RTK_GPS_NTRIP_ws/install/ublox/share/colcon-core/packages/ublox)
[3.406s] DEBUG:colcon.colcon_parallel_executor.executor.parallel:closing loop
[3.406s] DEBUG:colcon.colcon_parallel_executor.executor.parallel:loop closed
[3.406s] DEBUG:colcon.colcon_parallel_executor.executor.parallel:run_until_complete finished with '0'
[3.406s] DEBUG:colcon.colcon_core.event_reactor:joining thread
[3.410s] INFO:colcon.colcon_core.plugin_system:Skipping extension 'colcon_notification.desktop_notification.terminal_notifier': Not used on non-Darwin systems
[3.410s] INFO:colcon.colcon_core.plugin_system:Skipping extension 'colcon_notification.desktop_notification.win32': Not used on non-Windows systems
[3.410s] INFO:colcon.colcon_notification.desktop_notification:Sending desktop notification using 'notify2'
[3.418s] DEBUG:colcon.colcon_core.event_reactor:joined thread
[3.418s] INFO:colcon.colcon_core.shell:Creating prefix script '/home/yongjing-ub22/RTK_GPS_NTRIP_ws/install/local_setup.ps1'
[3.419s] INFO:colcon.colcon_core.shell:Creating prefix util module '/home/yongjing-ub22/RTK_GPS_NTRIP_ws/install/_local_setup_util_ps1.py'
[3.420s] INFO:colcon.colcon_core.shell:Creating prefix chain script '/home/yongjing-ub22/RTK_GPS_NTRIP_ws/install/setup.ps1'
[3.420s] INFO:colcon.colcon_core.shell:Creating prefix script '/home/yongjing-ub22/RTK_GPS_NTRIP_ws/install/local_setup.sh'
[3.421s] INFO:colcon.colcon_core.shell:Creating prefix util module '/home/yongjing-ub22/RTK_GPS_NTRIP_ws/install/_local_setup_util_sh.py'
[3.421s] INFO:colcon.colcon_core.shell:Creating prefix chain script '/home/yongjing-ub22/RTK_GPS_NTRIP_ws/install/setup.sh'
[3.421s] INFO:colcon.colcon_core.shell:Creating prefix script '/home/yongjing-ub22/RTK_GPS_NTRIP_ws/install/local_setup.bash'
[3.421s] INFO:colcon.colcon_core.shell:Creating prefix chain script '/home/yongjing-ub22/RTK_GPS_NTRIP_ws/install/setup.bash'
[3.422s] INFO:colcon.colcon_core.shell:Creating prefix script '/home/yongjing-ub22/RTK_GPS_NTRIP_ws/install/local_setup.zsh'
[3.422s] INFO:colcon.colcon_core.shell:Creating prefix chain script '/home/yongjing-ub22/RTK_GPS_NTRIP_ws/install/setup.zsh'
