[0.455s] Invoking command in '/home/yongjing-ub22/comms_nusmr/mapviz_ws_YJ_laptop_only/src/path_publisher': PYTHONPATH=/home/yongjing-ub22/comms_nusmr/mapviz_ws_YJ_laptop_only/build/path_publisher/prefix_override:/usr/lib/python3/dist-packages/colcon_core/task/python/colcon_distutils_commands:/home/yongjing-ub22/comms_nusmr/mapviz_ws_YJ_laptop_only/install/path_publisher/lib/python3.10/site-packages:${PYTHONPATH} /usr/bin/python3 -W ignore:setup.py install is deprecated -W ignore:easy_install command is deprecated setup.py egg_info --egg-base ../../build/path_publisher build --build-base /home/yongjing-ub22/comms_nusmr/mapviz_ws_YJ_laptop_only/build/path_publisher/build install --record /home/yongjing-ub22/comms_nusmr/mapviz_ws_YJ_laptop_only/build/path_publisher/install.log --single-version-externally-managed install_data
[0.621s] running egg_info
[0.622s] writing ../../build/path_publisher/path_publisher.egg-info/PKG-INFO
[0.622s] writing dependency_links to ../../build/path_publisher/path_publisher.egg-info/dependency_links.txt
[0.622s] writing entry points to ../../build/path_publisher/path_publisher.egg-info/entry_points.txt
[0.622s] writing requirements to ../../build/path_publisher/path_publisher.egg-info/requires.txt
[0.622s] writing top-level names to ../../build/path_publisher/path_publisher.egg-info/top_level.txt
[0.623s] reading manifest file '../../build/path_publisher/path_publisher.egg-info/SOURCES.txt'
[0.623s] writing manifest file '../../build/path_publisher/path_publisher.egg-info/SOURCES.txt'
[0.623s] running build
[0.623s] running build_py
[0.623s] copying path_publisher/my_node.py -> /home/yongjing-ub22/comms_nusmr/mapviz_ws_YJ_laptop_only/build/path_publisher/build/lib/path_publisher
[0.623s] running install
[0.624s] running install_lib
[0.624s] copying /home/yongjing-ub22/comms_nusmr/mapviz_ws_YJ_laptop_only/build/path_publisher/build/lib/path_publisher/my_node.py -> /home/yongjing-ub22/comms_nusmr/mapviz_ws_YJ_laptop_only/install/path_publisher/lib/python3.10/site-packages/path_publisher
[0.624s] byte-compiling /home/yongjing-ub22/comms_nusmr/mapviz_ws_YJ_laptop_only/install/path_publisher/lib/python3.10/site-packages/path_publisher/my_node.py to my_node.cpython-310.pyc
[0.625s] running install_data
[0.625s] running install_egg_info
[0.626s] removing '/home/yongjing-ub22/comms_nusmr/mapviz_ws_YJ_laptop_only/install/path_publisher/lib/python3.10/site-packages/path_publisher-0.0.0-py3.10.egg-info' (and everything under it)
[0.626s] Copying ../../build/path_publisher/path_publisher.egg-info to /home/yongjing-ub22/comms_nusmr/mapviz_ws_YJ_laptop_only/install/path_publisher/lib/python3.10/site-packages/path_publisher-0.0.0-py3.10.egg-info
[0.627s] running install_scripts
[0.640s] Installing my_node script to /home/yongjing-ub22/comms_nusmr/mapviz_ws_YJ_laptop_only/install/path_publisher/lib/path_publisher
[0.640s] writing list of installed files to '/home/yongjing-ub22/comms_nusmr/mapviz_ws_YJ_laptop_only/build/path_publisher/install.log'
[0.656s] Invoked command in '/home/yongjing-ub22/comms_nusmr/mapviz_ws_YJ_laptop_only/src/path_publisher' returned '0': PYTHONPATH=/home/yongjing-ub22/comms_nusmr/mapviz_ws_YJ_laptop_only/build/path_publisher/prefix_override:/usr/lib/python3/dist-packages/colcon_core/task/python/colcon_distutils_commands:/home/yongjing-ub22/comms_nusmr/mapviz_ws_YJ_laptop_only/install/path_publisher/lib/python3.10/site-packages:${PYTHONPATH} /usr/bin/python3 -W ignore:setup.py install is deprecated -W ignore:easy_install command is deprecated setup.py egg_info --egg-base ../../build/path_publisher build --build-base /home/yongjing-ub22/comms_nusmr/mapviz_ws_YJ_laptop_only/build/path_publisher/build install --record /home/yongjing-ub22/comms_nusmr/mapviz_ws_YJ_laptop_only/build/path_publisher/install.log --single-version-externally-managed install_data
