[0.016s] Invoking command in '/home/yongjing-ub22/RTK_GPS_NTRIP_ws/build/ublox_gps': CMAKE_PREFIX_PATH=/home/yongjing-ub22/RTK_GPS_NTRIP_ws/install/ublox_msgs:/home/yongjing-ub22/RTK_GPS_NTRIP_ws/install/ublox_serialization:/home/yongjing-ub22/RTK_GPS_NTRIP_ws/install/rtcm_msgs:/home/yongjing-ub22/RTK_GPS_NTRIP_ws/install/ublox:/home/yongjing-ub22/RTK_GPS_NTRIP_ws/install/ublox_gps:/home/yongjing-ub22/RTK_GPS_NTRIP_ws/install/fix2nmea:/home/yongjing-ub22/RTK_GPS_NTRIP_ws/install/ntrip_client:/opt/ros/humble LD_LIBRARY_PATH=/home/yongjing-ub22/RTK_GPS_NTRIP_ws/install/ublox_msgs/lib:/home/yongjing-ub22/RTK_GPS_NTRIP_ws/install/rtcm_msgs/lib:/home/yongjing-ub22/RTK_GPS_NTRIP_ws/install/ublox_gps/lib:/usr/lib/x86_64-linux-gnu/gazebo-11/plugins:/opt/ros/humble/opt/rviz_ogre_vendor/lib:/opt/ros/humble/lib/x86_64-linux-gnu:/opt/ros/humble/lib /usr/bin/cmake --build /home/yongjing-ub22/RTK_GPS_NTRIP_ws/build/ublox_gps -- -j20 -l20
[0.144s] [  4%] [32mBuilding CXX object CMakeFiles/ublox_gps.dir/src/adr_udr_product.cpp.o[0m
[0.146s] [  9%] [32mBuilding CXX object CMakeFiles/ublox_gps.dir/src/gps.cpp.o[0m
[0.148s] [ 13%] [32mBuilding CXX object CMakeFiles/ublox_gps.dir/src/hp_pos_rec_product.cpp.o[0m
[0.149s] [ 18%] [32mBuilding CXX object CMakeFiles/ublox_gps.dir/src/hpg_ref_product.cpp.o[0m
[0.151s] [ 22%] [32mBuilding CXX object CMakeFiles/ublox_gps.dir/src/hpg_rov_product.cpp.o[0m
[0.159s] [ 27%] [32mBuilding CXX object CMakeFiles/ublox_gps.dir/src/node.cpp.o[0m
[0.159s] [ 31%] [32mBuilding CXX object CMakeFiles/ublox_gps.dir/src/raw_data_product.cpp.o[0m
[0.165s] [ 36%] [32mBuilding CXX object CMakeFiles/ublox_gps.dir/src/tim_product.cpp.o[0m
[0.169s] [ 45%] [32mBuilding CXX object CMakeFiles/ublox_gps.dir/src/ublox_firmware.cpp.o[0m
[0.170s] [ 45%] [32mBuilding CXX object CMakeFiles/ublox_gps.dir/src/ublox_firmware6.cpp.o[0m
[0.174s] [ 50%] [32mBuilding CXX object CMakeFiles/ublox_gps.dir/src/ublox_firmware7.cpp.o[0m
[0.180s] [ 59%] [32mBuilding CXX object CMakeFiles/ublox_gps.dir/src/ublox_firmware8.cpp.o[0m
[0.180s] [ 59%] [32mBuilding CXX object CMakeFiles/ublox_gps.dir/src/ublox_firmware9.cpp.o[0m
[29.368s] [ 63%] [32m[1mLinking CXX shared library libublox_gps.so[0m
[32.803s] [ 77%] Built target ublox_gps
[32.839s] [ 81%] [32m[1mLinking CXX executable ublox_logger[0m
[32.844s] [ 86%] [32mBuilding CXX object CMakeFiles/ublox_gps_node.dir/src/node_main.cpp.o[0m
[33.483s] [ 95%] Built target ublox_logger
[38.016s] [100%] [32m[1mLinking CXX executable ublox_gps_node[0m
[39.332s] [100%] Built target ublox_gps_node
[39.349s] Invoked command in '/home/yongjing-ub22/RTK_GPS_NTRIP_ws/build/ublox_gps' returned '0': CMAKE_PREFIX_PATH=/home/yongjing-ub22/RTK_GPS_NTRIP_ws/install/ublox_msgs:/home/yongjing-ub22/RTK_GPS_NTRIP_ws/install/ublox_serialization:/home/yongjing-ub22/RTK_GPS_NTRIP_ws/install/rtcm_msgs:/home/yongjing-ub22/RTK_GPS_NTRIP_ws/install/ublox:/home/yongjing-ub22/RTK_GPS_NTRIP_ws/install/ublox_gps:/home/yongjing-ub22/RTK_GPS_NTRIP_ws/install/fix2nmea:/home/yongjing-ub22/RTK_GPS_NTRIP_ws/install/ntrip_client:/opt/ros/humble LD_LIBRARY_PATH=/home/yongjing-ub22/RTK_GPS_NTRIP_ws/install/ublox_msgs/lib:/home/yongjing-ub22/RTK_GPS_NTRIP_ws/install/rtcm_msgs/lib:/home/yongjing-ub22/RTK_GPS_NTRIP_ws/install/ublox_gps/lib:/usr/lib/x86_64-linux-gnu/gazebo-11/plugins:/opt/ros/humble/opt/rviz_ogre_vendor/lib:/opt/ros/humble/lib/x86_64-linux-gnu:/opt/ros/humble/lib /usr/bin/cmake --build /home/yongjing-ub22/RTK_GPS_NTRIP_ws/build/ublox_gps -- -j20 -l20
[39.450s] Invoking command in '/home/yongjing-ub22/RTK_GPS_NTRIP_ws/build/ublox_gps': CMAKE_PREFIX_PATH=/home/yongjing-ub22/RTK_GPS_NTRIP_ws/install/ublox_msgs:/home/yongjing-ub22/RTK_GPS_NTRIP_ws/install/ublox_serialization:/home/yongjing-ub22/RTK_GPS_NTRIP_ws/install/rtcm_msgs:/home/yongjing-ub22/RTK_GPS_NTRIP_ws/install/ublox:/home/yongjing-ub22/RTK_GPS_NTRIP_ws/install/ublox_gps:/home/yongjing-ub22/RTK_GPS_NTRIP_ws/install/fix2nmea:/home/yongjing-ub22/RTK_GPS_NTRIP_ws/install/ntrip_client:/opt/ros/humble LD_LIBRARY_PATH=/home/yongjing-ub22/RTK_GPS_NTRIP_ws/install/ublox_msgs/lib:/home/yongjing-ub22/RTK_GPS_NTRIP_ws/install/rtcm_msgs/lib:/home/yongjing-ub22/RTK_GPS_NTRIP_ws/install/ublox_gps/lib:/usr/lib/x86_64-linux-gnu/gazebo-11/plugins:/opt/ros/humble/opt/rviz_ogre_vendor/lib:/opt/ros/humble/lib/x86_64-linux-gnu:/opt/ros/humble/lib /usr/bin/cmake --install /home/yongjing-ub22/RTK_GPS_NTRIP_ws/build/ublox_gps
[39.461s] -- Install configuration: ""
[39.462s] -- Installing: /home/yongjing-ub22/RTK_GPS_NTRIP_ws/install/ublox_gps/lib/libublox_gps.so
[39.490s] -- Set runtime path of "/home/yongjing-ub22/RTK_GPS_NTRIP_ws/install/ublox_gps/lib/libublox_gps.so" to ""
[39.491s] -- Installing: /home/yongjing-ub22/RTK_GPS_NTRIP_ws/install/ublox_gps/lib/ublox_gps/ublox_gps_node
[39.492s] -- Set runtime path of "/home/yongjing-ub22/RTK_GPS_NTRIP_ws/install/ublox_gps/lib/ublox_gps/ublox_gps_node" to ""
[39.492s] -- Installing: /home/yongjing-ub22/RTK_GPS_NTRIP_ws/install/ublox_gps/lib/ublox_gps/ublox_logger
[39.496s] -- Set runtime path of "/home/yongjing-ub22/RTK_GPS_NTRIP_ws/install/ublox_gps/lib/ublox_gps/ublox_logger" to ""
[39.496s] -- Up-to-date: /home/yongjing-ub22/RTK_GPS_NTRIP_ws/install/ublox_gps/include/ublox_gps
[39.496s] -- Up-to-date: /home/yongjing-ub22/RTK_GPS_NTRIP_ws/install/ublox_gps/include/ublox_gps/ublox_gps
[39.496s] -- Up-to-date: /home/yongjing-ub22/RTK_GPS_NTRIP_ws/install/ublox_gps/include/ublox_gps/ublox_gps/rtcm.hpp
[39.496s] -- Up-to-date: /home/yongjing-ub22/RTK_GPS_NTRIP_ws/install/ublox_gps/include/ublox_gps/ublox_gps/mkgmtime.h
[39.497s] -- Up-to-date: /home/yongjing-ub22/RTK_GPS_NTRIP_ws/install/ublox_gps/include/ublox_gps/ublox_gps/ublox_firmware6.hpp
[39.497s] -- Up-to-date: /home/yongjing-ub22/RTK_GPS_NTRIP_ws/install/ublox_gps/include/ublox_gps/ublox_gps/ublox_firmware7.hpp
[39.497s] -- Up-to-date: /home/yongjing-ub22/RTK_GPS_NTRIP_ws/install/ublox_gps/include/ublox_gps/ublox_gps/async_worker.hpp
[39.497s] -- Up-to-date: /home/yongjing-ub22/RTK_GPS_NTRIP_ws/install/ublox_gps/include/ublox_gps/ublox_gps/node.hpp
[39.497s] -- Up-to-date: /home/yongjing-ub22/RTK_GPS_NTRIP_ws/install/ublox_gps/include/ublox_gps/ublox_gps/ublox_firmware.hpp
[39.497s] -- Up-to-date: /home/yongjing-ub22/RTK_GPS_NTRIP_ws/install/ublox_gps/include/ublox_gps/ublox_gps/fix_diagnostic.hpp
[39.497s] -- Up-to-date: /home/yongjing-ub22/RTK_GPS_NTRIP_ws/install/ublox_gps/include/ublox_gps/ublox_gps/callback.hpp
[39.498s] -- Up-to-date: /home/yongjing-ub22/RTK_GPS_NTRIP_ws/install/ublox_gps/include/ublox_gps/ublox_gps/fts_product.hpp
[39.498s] -- Up-to-date: /home/yongjing-ub22/RTK_GPS_NTRIP_ws/install/ublox_gps/include/ublox_gps/ublox_gps/raw_data_product.hpp
[39.498s] -- Up-to-date: /home/yongjing-ub22/RTK_GPS_NTRIP_ws/install/ublox_gps/include/ublox_gps/ublox_gps/ublox_firmware8.hpp
[39.498s] -- Up-to-date: /home/yongjing-ub22/RTK_GPS_NTRIP_ws/install/ublox_gps/include/ublox_gps/ublox_gps/gnss.hpp
[39.498s] -- Up-to-date: /home/yongjing-ub22/RTK_GPS_NTRIP_ws/install/ublox_gps/include/ublox_gps/ublox_gps/raw_data_pa.hpp
[39.498s] -- Up-to-date: /home/yongjing-ub22/RTK_GPS_NTRIP_ws/install/ublox_gps/include/ublox_gps/ublox_gps/ublox_topic_diagnostic.hpp
[39.498s] -- Up-to-date: /home/yongjing-ub22/RTK_GPS_NTRIP_ws/install/ublox_gps/include/ublox_gps/ublox_gps/hpg_rov_product.hpp
[39.498s] -- Up-to-date: /home/yongjing-ub22/RTK_GPS_NTRIP_ws/install/ublox_gps/include/ublox_gps/ublox_gps/component_interface.hpp
[39.499s] -- Up-to-date: /home/yongjing-ub22/RTK_GPS_NTRIP_ws/install/ublox_gps/include/ublox_gps/ublox_gps/worker.hpp
[39.499s] -- Up-to-date: /home/yongjing-ub22/RTK_GPS_NTRIP_ws/install/ublox_gps/include/ublox_gps/ublox_gps/utils.hpp
[39.499s] -- Up-to-date: /home/yongjing-ub22/RTK_GPS_NTRIP_ws/install/ublox_gps/include/ublox_gps/ublox_gps/adr_udr_product.hpp
[39.499s] -- Up-to-date: /home/yongjing-ub22/RTK_GPS_NTRIP_ws/install/ublox_gps/include/ublox_gps/ublox_gps/hpg_ref_product.hpp
[39.499s] -- Up-to-date: /home/yongjing-ub22/RTK_GPS_NTRIP_ws/install/ublox_gps/include/ublox_gps/ublox_gps/ublox_firmware7plus.hpp
[39.499s] -- Up-to-date: /home/yongjing-ub22/RTK_GPS_NTRIP_ws/install/ublox_gps/include/ublox_gps/ublox_gps/hp_pos_rec_product.hpp
[39.499s] -- Up-to-date: /home/yongjing-ub22/RTK_GPS_NTRIP_ws/install/ublox_gps/include/ublox_gps/ublox_gps/ublox_firmware9.hpp
[39.499s] -- Up-to-date: /home/yongjing-ub22/RTK_GPS_NTRIP_ws/install/ublox_gps/include/ublox_gps/ublox_gps/tim_product.hpp
[39.499s] -- Installing: /home/yongjing-ub22/RTK_GPS_NTRIP_ws/install/ublox_gps/include/ublox_gps/ublox_gps/gps.hpp
[39.500s] -- Up-to-date: /home/yongjing-ub22/RTK_GPS_NTRIP_ws/install/ublox_gps/share/ublox_gps/launch
[39.500s] -- Up-to-date: /home/yongjing-ub22/RTK_GPS_NTRIP_ws/install/ublox_gps/share/ublox_gps/launch/ublox_gps_node-launch.py
[39.500s] -- Up-to-date: /home/yongjing-ub22/RTK_GPS_NTRIP_ws/install/ublox_gps/share/ublox_gps/launch/ublox_gps_node-composed-launch.py
[39.500s] -- Up-to-date: /home/yongjing-ub22/RTK_GPS_NTRIP_ws/install/ublox_gps/share/ublox_gps/config
[39.500s] -- Up-to-date: /home/yongjing-ub22/RTK_GPS_NTRIP_ws/install/ublox_gps/share/ublox_gps/config/c94_m8t_rover.yaml
[39.500s] -- Installing: /home/yongjing-ub22/RTK_GPS_NTRIP_ws/install/ublox_gps/share/ublox_gps/config/zed_f9p.yaml
[39.500s] -- Up-to-date: /home/yongjing-ub22/RTK_GPS_NTRIP_ws/install/ublox_gps/share/ublox_gps/config/c94_m8p_base.yaml
[39.500s] -- Up-to-date: /home/yongjing-ub22/RTK_GPS_NTRIP_ws/install/ublox_gps/share/ublox_gps/config/neo_m8u_rover.yaml
[39.500s] -- Up-to-date: /home/yongjing-ub22/RTK_GPS_NTRIP_ws/install/ublox_gps/share/ublox_gps/config/c94_m8t_base.yaml
[39.500s] -- Up-to-date: /home/yongjing-ub22/RTK_GPS_NTRIP_ws/install/ublox_gps/share/ublox_gps/config/c94_m8p_rover.yaml
[39.501s] -- Up-to-date: /home/yongjing-ub22/RTK_GPS_NTRIP_ws/install/ublox_gps/share/ublox_gps/config/nmea.yaml
[39.501s] -- Up-to-date: /home/yongjing-ub22/RTK_GPS_NTRIP_ws/install/ublox_gps/share/ament_index/resource_index/package_run_dependencies/ublox_gps
[39.501s] -- Up-to-date: /home/yongjing-ub22/RTK_GPS_NTRIP_ws/install/ublox_gps/share/ament_index/resource_index/parent_prefix_path/ublox_gps
[39.501s] -- Up-to-date: /home/yongjing-ub22/RTK_GPS_NTRIP_ws/install/ublox_gps/share/ublox_gps/environment/ament_prefix_path.sh
[39.501s] -- Up-to-date: /home/yongjing-ub22/RTK_GPS_NTRIP_ws/install/ublox_gps/share/ublox_gps/environment/ament_prefix_path.dsv
[39.501s] -- Up-to-date: /home/yongjing-ub22/RTK_GPS_NTRIP_ws/install/ublox_gps/share/ublox_gps/environment/path.sh
[39.501s] -- Up-to-date: /home/yongjing-ub22/RTK_GPS_NTRIP_ws/install/ublox_gps/share/ublox_gps/environment/path.dsv
[39.501s] -- Up-to-date: /home/yongjing-ub22/RTK_GPS_NTRIP_ws/install/ublox_gps/share/ublox_gps/local_setup.bash
[39.501s] -- Up-to-date: /home/yongjing-ub22/RTK_GPS_NTRIP_ws/install/ublox_gps/share/ublox_gps/local_setup.sh
[39.501s] -- Up-to-date: /home/yongjing-ub22/RTK_GPS_NTRIP_ws/install/ublox_gps/share/ublox_gps/local_setup.zsh
[39.501s] -- Up-to-date: /home/yongjing-ub22/RTK_GPS_NTRIP_ws/install/ublox_gps/share/ublox_gps/local_setup.dsv
[39.501s] -- Installing: /home/yongjing-ub22/RTK_GPS_NTRIP_ws/install/ublox_gps/share/ublox_gps/package.dsv
[39.501s] -- Up-to-date: /home/yongjing-ub22/RTK_GPS_NTRIP_ws/install/ublox_gps/share/ament_index/resource_index/packages/ublox_gps
[39.501s] -- Up-to-date: /home/yongjing-ub22/RTK_GPS_NTRIP_ws/install/ublox_gps/share/ament_index/resource_index/rclcpp_components/ublox_gps
[39.501s] -- Up-to-date: /home/yongjing-ub22/RTK_GPS_NTRIP_ws/install/ublox_gps/share/ublox_gps/cmake/export_ublox_gpsExport.cmake
[39.501s] -- Up-to-date: /home/yongjing-ub22/RTK_GPS_NTRIP_ws/install/ublox_gps/share/ublox_gps/cmake/export_ublox_gpsExport-noconfig.cmake
[39.501s] -- Up-to-date: /home/yongjing-ub22/RTK_GPS_NTRIP_ws/install/ublox_gps/share/ublox_gps/cmake/ament_cmake_export_include_directories-extras.cmake
[39.501s] -- Up-to-date: /home/yongjing-ub22/RTK_GPS_NTRIP_ws/install/ublox_gps/share/ublox_gps/cmake/ament_cmake_export_targets-extras.cmake
[39.501s] -- Up-to-date: /home/yongjing-ub22/RTK_GPS_NTRIP_ws/install/ublox_gps/share/ublox_gps/cmake/ublox_gpsConfig.cmake
[39.502s] -- Up-to-date: /home/yongjing-ub22/RTK_GPS_NTRIP_ws/install/ublox_gps/share/ublox_gps/cmake/ublox_gpsConfig-version.cmake
[39.502s] -- Up-to-date: /home/yongjing-ub22/RTK_GPS_NTRIP_ws/install/ublox_gps/share/ublox_gps/package.xml
[39.503s] Invoked command in '/home/yongjing-ub22/RTK_GPS_NTRIP_ws/build/ublox_gps' returned '0': CMAKE_PREFIX_PATH=/home/yongjing-ub22/RTK_GPS_NTRIP_ws/install/ublox_msgs:/home/yongjing-ub22/RTK_GPS_NTRIP_ws/install/ublox_serialization:/home/yongjing-ub22/RTK_GPS_NTRIP_ws/install/rtcm_msgs:/home/yongjing-ub22/RTK_GPS_NTRIP_ws/install/ublox:/home/yongjing-ub22/RTK_GPS_NTRIP_ws/install/ublox_gps:/home/yongjing-ub22/RTK_GPS_NTRIP_ws/install/fix2nmea:/home/yongjing-ub22/RTK_GPS_NTRIP_ws/install/ntrip_client:/opt/ros/humble LD_LIBRARY_PATH=/home/yongjing-ub22/RTK_GPS_NTRIP_ws/install/ublox_msgs/lib:/home/yongjing-ub22/RTK_GPS_NTRIP_ws/install/rtcm_msgs/lib:/home/yongjing-ub22/RTK_GPS_NTRIP_ws/install/ublox_gps/lib:/usr/lib/x86_64-linux-gnu/gazebo-11/plugins:/opt/ros/humble/opt/rviz_ogre_vendor/lib:/opt/ros/humble/lib/x86_64-linux-gnu:/opt/ros/humble/lib /usr/bin/cmake --install /home/yongjing-ub22/RTK_GPS_NTRIP_ws/build/ublox_gps
