[0.467s] Invoking command in '/home/yongjing-ub22/comms_nusmr/gps_subscriber_ws/src/py_pubsub': PYTHONPATH=/home/yongjing-ub22/comms_nusmr/gps_subscriber_ws/build/py_pubsub/prefix_override:/usr/lib/python3/dist-packages/colcon_core/task/python/colcon_distutils_commands:/home/yongjing-ub22/comms_nusmr/gps_subscriber_ws/install/py_pubsub/lib/python3.10/site-packages:${PYTHONPATH} /usr/bin/python3 -W ignore:setup.py install is deprecated -W ignore:easy_install command is deprecated setup.py egg_info --egg-base ../../build/py_pubsub build --build-base /home/yongjing-ub22/comms_nusmr/gps_subscriber_ws/build/py_pubsub/build install --record /home/yongjing-ub22/comms_nusmr/gps_subscriber_ws/build/py_pubsub/install.log --single-version-externally-managed install_data
[0.622s] running egg_info
[0.623s] creating ../../build/py_pubsub/py_pubsub.egg-info
[0.623s] writing ../../build/py_pubsub/py_pubsub.egg-info/PKG-INFO
[0.623s] writing dependency_links to ../../build/py_pubsub/py_pubsub.egg-info/dependency_links.txt
[0.623s] writing entry points to ../../build/py_pubsub/py_pubsub.egg-info/entry_points.txt
[0.623s] writing requirements to ../../build/py_pubsub/py_pubsub.egg-info/requires.txt
[0.623s] writing top-level names to ../../build/py_pubsub/py_pubsub.egg-info/top_level.txt
[0.623s] writing manifest file '../../build/py_pubsub/py_pubsub.egg-info/SOURCES.txt'
[0.624s] reading manifest file '../../build/py_pubsub/py_pubsub.egg-info/SOURCES.txt'
[0.624s] writing manifest file '../../build/py_pubsub/py_pubsub.egg-info/SOURCES.txt'
[0.624s] running build
[0.625s] running build_py
[0.625s] creating /home/yongjing-ub22/comms_nusmr/gps_subscriber_ws/build/py_pubsub/build
[0.625s] creating /home/yongjing-ub22/comms_nusmr/gps_subscriber_ws/build/py_pubsub/build/lib
[0.625s] creating /home/yongjing-ub22/comms_nusmr/gps_subscriber_ws/build/py_pubsub/build/lib/py_pubsub
[0.625s] copying py_pubsub/publisher_member_function.py -> /home/yongjing-ub22/comms_nusmr/gps_subscriber_ws/build/py_pubsub/build/lib/py_pubsub
[0.625s] copying py_pubsub/subscriber_member_function.py -> /home/yongjing-ub22/comms_nusmr/gps_subscriber_ws/build/py_pubsub/build/lib/py_pubsub
[0.625s] copying py_pubsub/__init__.py -> /home/yongjing-ub22/comms_nusmr/gps_subscriber_ws/build/py_pubsub/build/lib/py_pubsub
[0.625s] running install
[0.625s] running install_lib
[0.625s] creating /home/yongjing-ub22/comms_nusmr/gps_subscriber_ws/install/py_pubsub/lib/python3.10/site-packages/py_pubsub
[0.625s] copying /home/yongjing-ub22/comms_nusmr/gps_subscriber_ws/build/py_pubsub/build/lib/py_pubsub/publisher_member_function.py -> /home/yongjing-ub22/comms_nusmr/gps_subscriber_ws/install/py_pubsub/lib/python3.10/site-packages/py_pubsub
[0.625s] copying /home/yongjing-ub22/comms_nusmr/gps_subscriber_ws/build/py_pubsub/build/lib/py_pubsub/subscriber_member_function.py -> /home/yongjing-ub22/comms_nusmr/gps_subscriber_ws/install/py_pubsub/lib/python3.10/site-packages/py_pubsub
[0.625s] copying /home/yongjing-ub22/comms_nusmr/gps_subscriber_ws/build/py_pubsub/build/lib/py_pubsub/__init__.py -> /home/yongjing-ub22/comms_nusmr/gps_subscriber_ws/install/py_pubsub/lib/python3.10/site-packages/py_pubsub
[0.625s] byte-compiling /home/yongjing-ub22/comms_nusmr/gps_subscriber_ws/install/py_pubsub/lib/python3.10/site-packages/py_pubsub/publisher_member_function.py to publisher_member_function.cpython-310.pyc
[0.626s] byte-compiling /home/yongjing-ub22/comms_nusmr/gps_subscriber_ws/install/py_pubsub/lib/python3.10/site-packages/py_pubsub/subscriber_member_function.py to subscriber_member_function.cpython-310.pyc
[0.626s] byte-compiling /home/yongjing-ub22/comms_nusmr/gps_subscriber_ws/install/py_pubsub/lib/python3.10/site-packages/py_pubsub/__init__.py to __init__.cpython-310.pyc
[0.626s] running install_data
[0.626s] creating /home/yongjing-ub22/comms_nusmr/gps_subscriber_ws/install/py_pubsub/share/ament_index
[0.626s] creating /home/yongjing-ub22/comms_nusmr/gps_subscriber_ws/install/py_pubsub/share/ament_index/resource_index
[0.626s] creating /home/yongjing-ub22/comms_nusmr/gps_subscriber_ws/install/py_pubsub/share/ament_index/resource_index/packages
[0.626s] copying resource/py_pubsub -> /home/yongjing-ub22/comms_nusmr/gps_subscriber_ws/install/py_pubsub/share/ament_index/resource_index/packages
[0.626s] copying package.xml -> /home/yongjing-ub22/comms_nusmr/gps_subscriber_ws/install/py_pubsub/share/py_pubsub
[0.626s] running install_egg_info
[0.627s] Copying ../../build/py_pubsub/py_pubsub.egg-info to /home/yongjing-ub22/comms_nusmr/gps_subscriber_ws/install/py_pubsub/lib/python3.10/site-packages/py_pubsub-0.0.0-py3.10.egg-info
[0.628s] running install_scripts
[0.640s] Installing listener script to /home/yongjing-ub22/comms_nusmr/gps_subscriber_ws/install/py_pubsub/lib/py_pubsub
[0.640s] Installing talker script to /home/yongjing-ub22/comms_nusmr/gps_subscriber_ws/install/py_pubsub/lib/py_pubsub
[0.640s] writing list of installed files to '/home/yongjing-ub22/comms_nusmr/gps_subscriber_ws/build/py_pubsub/install.log'
[0.654s] Invoked command in '/home/yongjing-ub22/comms_nusmr/gps_subscriber_ws/src/py_pubsub' returned '0': PYTHONPATH=/home/yongjing-ub22/comms_nusmr/gps_subscriber_ws/build/py_pubsub/prefix_override:/usr/lib/python3/dist-packages/colcon_core/task/python/colcon_distutils_commands:/home/yongjing-ub22/comms_nusmr/gps_subscriber_ws/install/py_pubsub/lib/python3.10/site-packages:${PYTHONPATH} /usr/bin/python3 -W ignore:setup.py install is deprecated -W ignore:easy_install command is deprecated setup.py egg_info --egg-base ../../build/py_pubsub build --build-base /home/yongjing-ub22/comms_nusmr/gps_subscriber_ws/build/py_pubsub/build install --record /home/yongjing-ub22/comms_nusmr/gps_subscriber_ws/build/py_pubsub/install.log --single-version-externally-managed install_data
