[0.065s] DEBUG:colcon:Command line arguments: ['/usr/bin/colcon', 'build']
[0.065s] DEBUG:colcon:Parsed command line arguments: Namespace(log_base=None, log_level=None, verb_name='build', build_base='build', install_base='install', merge_install=False, symlink_install=False, test_result_base=None, continue_on_error=False, executor='parallel', parallel_workers=20, event_handlers=None, ignore_user_meta=False, metas=['./colcon.meta'], base_paths=['.'], packages_ignore=None, packages_ignore_regex=None, paths=None, packages_up_to=None, packages_up_to_regex=None, packages_above=None, packages_above_and_dependencies=None, packages_above_depth=None, packages_select_by_dep=None, packages_skip_by_dep=None, packages_skip_up_to=None, packages_select_build_failed=False, packages_skip_build_finished=False, packages_select_test_failures=False, packages_skip_test_passed=False, packages_select=None, packages_skip=None, packages_select_regex=None, packages_skip_regex=None, packages_start=None, packages_end=None, allow_overriding=[], cmake_args=None, cmake_target=None, cmake_target_skip_unavailable=False, cmake_clean_cache=False, cmake_clean_first=False, cmake_force_configure=False, ament_cmake_args=None, catkin_cmake_args=None, catkin_skip_building_tests=False, mixin_files=None, mixin=None, verb_parser=<colcon_mixin.mixin.mixin_argument.MixinArgumentDecorator object at 0x78322035fa60>, verb_extension=<colcon_core.verb.build.BuildVerb object at 0x783220319f60>, main=<bound method BuildVerb.main of <colcon_core.verb.build.BuildVerb object at 0x783220319f60>>, mixin_verb=('build',))
[0.178s] Level 1:colcon.colcon_core.package_discovery:discover_packages(colcon_meta) check parameters
[0.178s] Level 1:colcon.colcon_core.package_discovery:discover_packages(recursive) check parameters
[0.178s] Level 1:colcon.colcon_core.package_discovery:discover_packages(ignore) check parameters
[0.178s] Level 1:colcon.colcon_core.package_discovery:discover_packages(path) check parameters
[0.178s] Level 1:colcon.colcon_core.package_discovery:discover_packages(colcon_meta) discover
[0.178s] Level 1:colcon.colcon_core.package_discovery:discover_packages(recursive) discover
[0.178s] INFO:colcon.colcon_core.package_discovery:Crawling recursively for packages in '/home/yongjing-ub22/comms_nusmr/simple_pubsub_ws'
[0.178s] Level 1:colcon.colcon_core.package_identification:_identify(.) by extensions ['ignore', 'ignore_ament_install']
[0.178s] Level 1:colcon.colcon_core.package_identification:_identify(.) by extension 'ignore'
[0.178s] Level 1:colcon.colcon_core.package_identification:_identify(.) by extension 'ignore_ament_install'
[0.178s] Level 1:colcon.colcon_core.package_identification:_identify(.) by extensions ['colcon_pkg']
[0.178s] Level 1:colcon.colcon_core.package_identification:_identify(.) by extension 'colcon_pkg'
[0.178s] Level 1:colcon.colcon_core.package_identification:_identify(.) by extensions ['colcon_meta']
[0.178s] Level 1:colcon.colcon_core.package_identification:_identify(.) by extension 'colcon_meta'
[0.178s] Level 1:colcon.colcon_core.package_identification:_identify(.) by extensions ['ros']
[0.178s] Level 1:colcon.colcon_core.package_identification:_identify(.) by extension 'ros'
[0.189s] Level 1:colcon.colcon_core.package_identification:_identify(.) by extensions ['cmake', 'python']
[0.189s] Level 1:colcon.colcon_core.package_identification:_identify(.) by extension 'cmake'
[0.189s] Level 1:colcon.colcon_core.package_identification:_identify(.) by extension 'python'
[0.189s] Level 1:colcon.colcon_core.package_identification:_identify(.) by extensions ['python_setup_py']
[0.189s] Level 1:colcon.colcon_core.package_identification:_identify(.) by extension 'python_setup_py'
[0.189s] Level 1:colcon.colcon_core.package_identification:_identify(build) by extensions ['ignore', 'ignore_ament_install']
[0.189s] Level 1:colcon.colcon_core.package_identification:_identify(build) by extension 'ignore'
[0.190s] Level 1:colcon.colcon_core.package_identification:_identify(build) ignored
[0.190s] Level 1:colcon.colcon_core.package_identification:_identify(install) by extensions ['ignore', 'ignore_ament_install']
[0.190s] Level 1:colcon.colcon_core.package_identification:_identify(install) by extension 'ignore'
[0.190s] Level 1:colcon.colcon_core.package_identification:_identify(install) ignored
[0.190s] Level 1:colcon.colcon_core.package_identification:_identify(log) by extensions ['ignore', 'ignore_ament_install']
[0.190s] Level 1:colcon.colcon_core.package_identification:_identify(log) by extension 'ignore'
[0.190s] Level 1:colcon.colcon_core.package_identification:_identify(log) ignored
[0.190s] Level 1:colcon.colcon_core.package_identification:_identify(src) by extensions ['ignore', 'ignore_ament_install']
[0.190s] Level 1:colcon.colcon_core.package_identification:_identify(src) by extension 'ignore'
[0.190s] Level 1:colcon.colcon_core.package_identification:_identify(src) by extension 'ignore_ament_install'
[0.190s] Level 1:colcon.colcon_core.package_identification:_identify(src) by extensions ['colcon_pkg']
[0.190s] Level 1:colcon.colcon_core.package_identification:_identify(src) by extension 'colcon_pkg'
[0.190s] Level 1:colcon.colcon_core.package_identification:_identify(src) by extensions ['colcon_meta']
[0.190s] Level 1:colcon.colcon_core.package_identification:_identify(src) by extension 'colcon_meta'
[0.190s] Level 1:colcon.colcon_core.package_identification:_identify(src) by extensions ['ros']
[0.190s] Level 1:colcon.colcon_core.package_identification:_identify(src) by extension 'ros'
[0.190s] Level 1:colcon.colcon_core.package_identification:_identify(src) by extensions ['cmake', 'python']
[0.190s] Level 1:colcon.colcon_core.package_identification:_identify(src) by extension 'cmake'
[0.190s] Level 1:colcon.colcon_core.package_identification:_identify(src) by extension 'python'
[0.190s] Level 1:colcon.colcon_core.package_identification:_identify(src) by extensions ['python_setup_py']
[0.190s] Level 1:colcon.colcon_core.package_identification:_identify(src) by extension 'python_setup_py'
[0.190s] Level 1:colcon.colcon_core.package_identification:_identify(src/py_pubsub) by extensions ['ignore', 'ignore_ament_install']
[0.190s] Level 1:colcon.colcon_core.package_identification:_identify(src/py_pubsub) by extension 'ignore'
[0.190s] Level 1:colcon.colcon_core.package_identification:_identify(src/py_pubsub) by extension 'ignore_ament_install'
[0.190s] Level 1:colcon.colcon_core.package_identification:_identify(src/py_pubsub) by extensions ['colcon_pkg']
[0.190s] Level 1:colcon.colcon_core.package_identification:_identify(src/py_pubsub) by extension 'colcon_pkg'
[0.190s] Level 1:colcon.colcon_core.package_identification:_identify(src/py_pubsub) by extensions ['colcon_meta']
[0.190s] Level 1:colcon.colcon_core.package_identification:_identify(src/py_pubsub) by extension 'colcon_meta'
[0.190s] Level 1:colcon.colcon_core.package_identification:_identify(src/py_pubsub) by extensions ['ros']
[0.190s] Level 1:colcon.colcon_core.package_identification:_identify(src/py_pubsub) by extension 'ros'
[0.192s] DEBUG:colcon.colcon_core.package_identification:Package 'src/py_pubsub' with type 'ros.ament_python' and name 'py_pubsub'
[0.192s] Level 1:colcon.colcon_core.package_discovery:discover_packages(recursive) using defaults
[0.192s] Level 1:colcon.colcon_core.package_discovery:discover_packages(ignore) discover
[0.192s] Level 1:colcon.colcon_core.package_discovery:discover_packages(ignore) using defaults
[0.192s] Level 1:colcon.colcon_core.package_discovery:discover_packages(path) discover
[0.192s] Level 1:colcon.colcon_core.package_discovery:discover_packages(path) using defaults
[0.204s] Level 1:colcon.colcon_core.package_discovery:discover_packages(prefix_path) check parameters
[0.204s] Level 1:colcon.colcon_core.package_discovery:discover_packages(prefix_path) discover
[0.204s] WARNING:colcon.colcon_core.prefix_path.colcon:The path '/home/yongjing-ub22/comms_nusmr/gps_subscriber_ws/install' in the environment variable COLCON_PREFIX_PATH doesn't exist
[0.205s] WARNING:colcon.colcon_ros.prefix_path.ament:The path '/home/yongjing-ub22/comms_nusmr/gps_subscriber_ws/install/py_pubsub' in the environment variable AMENT_PREFIX_PATH doesn't exist
[0.205s] DEBUG:colcon.colcon_installed_package_information.package_discovery:Found 1 installed packages in /home/yongjing-ub22/comms_nusmr/simple_pubsub_ws/install
[0.205s] DEBUG:colcon.colcon_installed_package_information.package_discovery:Found 7 installed packages in /home/yongjing-ub22/RTK_GPS_NTRIP_ws/install
[0.206s] DEBUG:colcon.colcon_installed_package_information.package_discovery:Found 394 installed packages in /opt/ros/humble
[0.208s] Level 1:colcon.colcon_core.package_discovery:discover_packages(prefix_path) using defaults
[0.234s] Level 5:colcon.colcon_core.verb:set package 'py_pubsub' build argument 'cmake_args' from command line to 'None'
[0.234s] Level 5:colcon.colcon_core.verb:set package 'py_pubsub' build argument 'cmake_target' from command line to 'None'
[0.234s] Level 5:colcon.colcon_core.verb:set package 'py_pubsub' build argument 'cmake_target_skip_unavailable' from command line to 'False'
[0.234s] Level 5:colcon.colcon_core.verb:set package 'py_pubsub' build argument 'cmake_clean_cache' from command line to 'False'
[0.234s] Level 5:colcon.colcon_core.verb:set package 'py_pubsub' build argument 'cmake_clean_first' from command line to 'False'
[0.234s] Level 5:colcon.colcon_core.verb:set package 'py_pubsub' build argument 'cmake_force_configure' from command line to 'False'
[0.234s] Level 5:colcon.colcon_core.verb:set package 'py_pubsub' build argument 'ament_cmake_args' from command line to 'None'
[0.234s] Level 5:colcon.colcon_core.verb:set package 'py_pubsub' build argument 'catkin_cmake_args' from command line to 'None'
[0.234s] Level 5:colcon.colcon_core.verb:set package 'py_pubsub' build argument 'catkin_skip_building_tests' from command line to 'False'
[0.234s] DEBUG:colcon.colcon_core.verb:Building package 'py_pubsub' with the following arguments: {'ament_cmake_args': None, 'build_base': '/home/yongjing-ub22/comms_nusmr/simple_pubsub_ws/build/py_pubsub', 'catkin_cmake_args': None, 'catkin_skip_building_tests': False, 'cmake_args': None, 'cmake_clean_cache': False, 'cmake_clean_first': False, 'cmake_force_configure': False, 'cmake_target': None, 'cmake_target_skip_unavailable': False, 'install_base': '/home/yongjing-ub22/comms_nusmr/simple_pubsub_ws/install/py_pubsub', 'merge_install': False, 'path': '/home/yongjing-ub22/comms_nusmr/simple_pubsub_ws/src/py_pubsub', 'symlink_install': False, 'test_result_base': None}
[0.234s] INFO:colcon.colcon_core.executor:Executing jobs using 'parallel' executor
[0.235s] DEBUG:colcon.colcon_parallel_executor.executor.parallel:run_until_complete
[0.235s] INFO:colcon.colcon_ros.task.ament_python.build:Building ROS package in '/home/yongjing-ub22/comms_nusmr/simple_pubsub_ws/src/py_pubsub' with build type 'ament_python'
[0.235s] Level 1:colcon.colcon_core.shell:create_environment_hook('py_pubsub', 'ament_prefix_path')
[0.236s] INFO:colcon.colcon_core.plugin_system:Skipping extension 'colcon_core.shell.bat': Not used on non-Windows systems
[0.236s] INFO:colcon.colcon_core.shell:Creating environment hook '/home/yongjing-ub22/comms_nusmr/simple_pubsub_ws/install/py_pubsub/share/py_pubsub/hook/ament_prefix_path.ps1'
[0.236s] INFO:colcon.colcon_core.shell:Creating environment descriptor '/home/yongjing-ub22/comms_nusmr/simple_pubsub_ws/install/py_pubsub/share/py_pubsub/hook/ament_prefix_path.dsv'
[0.237s] INFO:colcon.colcon_core.shell:Creating environment hook '/home/yongjing-ub22/comms_nusmr/simple_pubsub_ws/install/py_pubsub/share/py_pubsub/hook/ament_prefix_path.sh'
[0.237s] INFO:colcon.colcon_core.shell:Skip shell extension 'powershell' for command environment: Not usable outside of PowerShell
[0.237s] DEBUG:colcon.colcon_core.shell:Skip shell extension 'dsv' for command environment
[0.410s] INFO:colcon.colcon_core.task.python.build:Building Python package in '/home/yongjing-ub22/comms_nusmr/simple_pubsub_ws/src/py_pubsub'
[0.410s] INFO:colcon.colcon_core.shell:Skip shell extension 'powershell' for command environment: Not usable outside of PowerShell
[0.410s] DEBUG:colcon.colcon_core.shell:Skip shell extension 'dsv' for command environment
[0.659s] DEBUG:colcon.colcon_core.event_handler.log_command:Invoking command in '/home/yongjing-ub22/comms_nusmr/simple_pubsub_ws/src/py_pubsub': PYTHONPATH=/home/yongjing-ub22/comms_nusmr/simple_pubsub_ws/build/py_pubsub/prefix_override:/usr/lib/python3/dist-packages/colcon_core/task/python/colcon_distutils_commands:/home/yongjing-ub22/comms_nusmr/simple_pubsub_ws/install/py_pubsub/lib/python3.10/site-packages:${PYTHONPATH} /usr/bin/python3 -W ignore:setup.py install is deprecated -W ignore:easy_install command is deprecated setup.py egg_info --egg-base ../../build/py_pubsub build --build-base /home/yongjing-ub22/comms_nusmr/simple_pubsub_ws/build/py_pubsub/build install --record /home/yongjing-ub22/comms_nusmr/simple_pubsub_ws/build/py_pubsub/install.log --single-version-externally-managed install_data
[0.851s] DEBUG:colcon.colcon_core.event_handler.log_command:Invoked command in '/home/yongjing-ub22/comms_nusmr/simple_pubsub_ws/src/py_pubsub' returned '0': PYTHONPATH=/home/yongjing-ub22/comms_nusmr/simple_pubsub_ws/build/py_pubsub/prefix_override:/usr/lib/python3/dist-packages/colcon_core/task/python/colcon_distutils_commands:/home/yongjing-ub22/comms_nusmr/simple_pubsub_ws/install/py_pubsub/lib/python3.10/site-packages:${PYTHONPATH} /usr/bin/python3 -W ignore:setup.py install is deprecated -W ignore:easy_install command is deprecated setup.py egg_info --egg-base ../../build/py_pubsub build --build-base /home/yongjing-ub22/comms_nusmr/simple_pubsub_ws/build/py_pubsub/build install --record /home/yongjing-ub22/comms_nusmr/simple_pubsub_ws/build/py_pubsub/install.log --single-version-externally-managed install_data
[0.852s] Level 1:colcon.colcon_core.environment:checking '/home/yongjing-ub22/comms_nusmr/simple_pubsub_ws/install/py_pubsub' for CMake module files
[0.852s] Level 1:colcon.colcon_core.environment:checking '/home/yongjing-ub22/comms_nusmr/simple_pubsub_ws/install/py_pubsub' for CMake config files
[0.852s] Level 1:colcon.colcon_core.environment:checking '/home/yongjing-ub22/comms_nusmr/simple_pubsub_ws/install/py_pubsub/lib'
[0.853s] Level 1:colcon.colcon_core.environment:checking '/home/yongjing-ub22/comms_nusmr/simple_pubsub_ws/install/py_pubsub/bin'
[0.853s] Level 1:colcon.colcon_core.environment:checking '/home/yongjing-ub22/comms_nusmr/simple_pubsub_ws/install/py_pubsub/lib/pkgconfig/py_pubsub.pc'
[0.853s] Level 1:colcon.colcon_core.environment:checking '/home/yongjing-ub22/comms_nusmr/simple_pubsub_ws/install/py_pubsub/lib/python3.10/site-packages'
[0.853s] Level 1:colcon.colcon_core.shell:create_environment_hook('py_pubsub', 'pythonpath')
[0.853s] INFO:colcon.colcon_core.shell:Creating environment hook '/home/yongjing-ub22/comms_nusmr/simple_pubsub_ws/install/py_pubsub/share/py_pubsub/hook/pythonpath.ps1'
[0.853s] INFO:colcon.colcon_core.shell:Creating environment descriptor '/home/yongjing-ub22/comms_nusmr/simple_pubsub_ws/install/py_pubsub/share/py_pubsub/hook/pythonpath.dsv'
[0.853s] INFO:colcon.colcon_core.shell:Creating environment hook '/home/yongjing-ub22/comms_nusmr/simple_pubsub_ws/install/py_pubsub/share/py_pubsub/hook/pythonpath.sh'
[0.854s] Level 1:colcon.colcon_core.environment:checking '/home/yongjing-ub22/comms_nusmr/simple_pubsub_ws/install/py_pubsub/bin'
[0.854s] Level 1:colcon.colcon_core.environment:create_environment_scripts_only(py_pubsub)
[0.854s] INFO:colcon.colcon_core.shell:Creating package script '/home/yongjing-ub22/comms_nusmr/simple_pubsub_ws/install/py_pubsub/share/py_pubsub/package.ps1'
[0.854s] INFO:colcon.colcon_core.shell:Creating package descriptor '/home/yongjing-ub22/comms_nusmr/simple_pubsub_ws/install/py_pubsub/share/py_pubsub/package.dsv'
[0.855s] INFO:colcon.colcon_core.shell:Creating package script '/home/yongjing-ub22/comms_nusmr/simple_pubsub_ws/install/py_pubsub/share/py_pubsub/package.sh'
[0.855s] INFO:colcon.colcon_core.shell:Creating package script '/home/yongjing-ub22/comms_nusmr/simple_pubsub_ws/install/py_pubsub/share/py_pubsub/package.bash'
[0.855s] INFO:colcon.colcon_core.shell:Creating package script '/home/yongjing-ub22/comms_nusmr/simple_pubsub_ws/install/py_pubsub/share/py_pubsub/package.zsh'
[0.856s] Level 1:colcon.colcon_core.environment:create_file_with_runtime_dependencies(/home/yongjing-ub22/comms_nusmr/simple_pubsub_ws/install/py_pubsub/share/colcon-core/packages/py_pubsub)
[0.856s] DEBUG:colcon.colcon_parallel_executor.executor.parallel:closing loop
[0.856s] DEBUG:colcon.colcon_parallel_executor.executor.parallel:loop closed
[0.856s] DEBUG:colcon.colcon_parallel_executor.executor.parallel:run_until_complete finished with '0'
[0.856s] DEBUG:colcon.colcon_core.event_reactor:joining thread
[0.859s] INFO:colcon.colcon_core.plugin_system:Skipping extension 'colcon_notification.desktop_notification.terminal_notifier': Not used on non-Darwin systems
[0.860s] INFO:colcon.colcon_core.plugin_system:Skipping extension 'colcon_notification.desktop_notification.win32': Not used on non-Windows systems
[0.860s] INFO:colcon.colcon_notification.desktop_notification:Sending desktop notification using 'notify2'
[0.869s] DEBUG:colcon.colcon_core.event_reactor:joined thread
[0.870s] INFO:colcon.colcon_core.shell:Creating prefix script '/home/yongjing-ub22/comms_nusmr/simple_pubsub_ws/install/local_setup.ps1'
[0.870s] INFO:colcon.colcon_core.shell:Creating prefix util module '/home/yongjing-ub22/comms_nusmr/simple_pubsub_ws/install/_local_setup_util_ps1.py'
[0.871s] INFO:colcon.colcon_core.shell:Creating prefix chain script '/home/yongjing-ub22/comms_nusmr/simple_pubsub_ws/install/setup.ps1'
[0.871s] INFO:colcon.colcon_core.shell:Creating prefix script '/home/yongjing-ub22/comms_nusmr/simple_pubsub_ws/install/local_setup.sh'
[0.872s] INFO:colcon.colcon_core.shell:Creating prefix util module '/home/yongjing-ub22/comms_nusmr/simple_pubsub_ws/install/_local_setup_util_sh.py'
[0.872s] INFO:colcon.colcon_core.shell:Creating prefix chain script '/home/yongjing-ub22/comms_nusmr/simple_pubsub_ws/install/setup.sh'
[0.873s] INFO:colcon.colcon_core.shell:Creating prefix script '/home/yongjing-ub22/comms_nusmr/simple_pubsub_ws/install/local_setup.bash'
[0.873s] INFO:colcon.colcon_core.shell:Creating prefix chain script '/home/yongjing-ub22/comms_nusmr/simple_pubsub_ws/install/setup.bash'
[0.874s] INFO:colcon.colcon_core.shell:Creating prefix script '/home/yongjing-ub22/comms_nusmr/simple_pubsub_ws/install/local_setup.zsh'
[0.874s] INFO:colcon.colcon_core.shell:Creating prefix chain script '/home/yongjing-ub22/comms_nusmr/simple_pubsub_ws/install/setup.zsh'
