[0.011s] Invoking command in '/home/yongjing-ub22/comms_nusmr/mapviz_ws_YJ_laptop_only/build/mapviz': AMENT_PREFIX_PATH=/home/yongjing-ub22/comms_nusmr/mapviz_ws_YJ_laptop_only/install/mapviz_interfaces:${AMENT_PREFIX_PATH} CMAKE_PREFIX_PATH=/home/yongjing-ub22/comms_nusmr/mapviz_ws_YJ_laptop_only/install/mapviz_interfaces:/opt/ros/humble LD_LIBRARY_PATH=/home/yongjing-ub22/comms_nusmr/mapviz_ws_YJ_laptop_only/install/mapviz_interfaces/lib:${LD_LIBRARY_PATH} PYTHONPATH=/home/yongjing-ub22/comms_nusmr/mapviz_ws_YJ_laptop_only/install/mapviz_interfaces/local/lib/python3.10/dist-packages:${PYTHONPATH} /usr/bin/cmake /home/yongjing-ub22/comms_nusmr/mapviz_ws_YJ_laptop_only/src/mapviz -DCMAKE_INSTALL_PREFIX=/home/yongjing-ub22/comms_nusmr/mapviz_ws_YJ_laptop_only/install/mapviz
[0.079s] -- The CXX compiler identification is GNU 11.4.0
[0.087s] -- Detecting CXX compiler ABI info
[0.157s] -- Detecting CXX compiler ABI info - done
[0.163s] -- Check for working CXX compiler: /usr/bin/c++ - skipped
[0.163s] -- Detecting CXX compile features
[0.163s] -- Detecting CXX compile features - done
[0.165s] -- Found ament_cmake: 1.3.11 (/opt/ros/humble/share/ament_cmake/cmake)
[0.298s] -- Found Python3: /usr/bin/python3 (found version "3.10.12") found components: Interpreter 
[0.365s] -- Found cv_bridge: 3.2.1 (/opt/ros/humble/share/cv_bridge/cmake)
[0.400s] -- Found rosidl_generator_c: 3.1.6 (/opt/ros/humble/share/rosidl_generator_c/cmake)
[0.403s] -- Found rosidl_adapter: 3.1.6 (/opt/ros/humble/share/rosidl_adapter/cmake)
[0.408s] -- Found rosidl_generator_cpp: 3.1.6 (/opt/ros/humble/share/rosidl_generator_cpp/cmake)
[0.416s] -- Using all available rosidl_typesupport_c: rosidl_typesupport_fastrtps_c;rosidl_typesupport_introspection_c
[0.426s] -- Using all available rosidl_typesupport_cpp: rosidl_typesupport_fastrtps_cpp;rosidl_typesupport_introspection_cpp
[0.475s] -- Found image_transport: 3.1.10 (/opt/ros/humble/share/image_transport/cmake)
[0.517s] -- Found rmw_implementation_cmake: 6.1.2 (/opt/ros/humble/share/rmw_implementation_cmake/cmake)
[0.519s] -- Found rmw_fastrtps_cpp: 6.2.7 (/opt/ros/humble/share/rmw_fastrtps_cpp/cmake)
[0.603s] -- Found OpenSSL: /usr/lib/x86_64-linux-gnu/libcrypto.so (found version "3.0.2")  
[0.634s] -- Found FastRTPS: /opt/ros/humble/include  
[0.681s] -- Using RMW implementation 'rmw_fastrtps_cpp' as default
[0.698s] -- Looking for C++ include pthread.h
[0.780s] -- Looking for C++ include pthread.h - found
[0.780s] -- Performing Test CMAKE_HAVE_LIBC_PTHREAD
[0.852s] -- Performing Test CMAKE_HAVE_LIBC_PTHREAD - Success
[0.853s] -- Found Threads: TRUE  
[0.909s] -- Found mapviz_interfaces: 2.4.5 (/home/yongjing-ub22/comms_nusmr/mapviz_ws_YJ_laptop_only/install/mapviz_interfaces/share/mapviz_interfaces/cmake)
[0.929s] -- Found rqt_gui_cpp: 1.1.7 (/opt/ros/humble/share/rqt_gui_cpp/cmake)
[0.947s] -- Found std_srvs: 4.2.4 (/opt/ros/humble/share/std_srvs/cmake)
[0.955s] -- Found swri_math_util: 3.7.3 (/opt/ros/humble/share/swri_math_util/cmake)
[0.959s] -- Found swri_transform_util: 3.7.3 (/opt/ros/humble/share/swri_transform_util/cmake)
[1.010s] -- Found eigen3_cmake_module: 0.1.1 (/opt/ros/humble/share/eigen3_cmake_module/cmake)
[1.012s] -- Found Eigen3: TRUE (found version "3.4.0") 
[1.012s] -- Ensuring Eigen3 include directory is part of orocos-kdl CMake target
[1.077s] -- Found PkgConfig: /usr/bin/pkg-config (found version "0.29.2") 
[1.078s] -- Checking for module 'yaml-cpp'
[1.089s] --   Found yaml-cpp, version 0.7.0
[1.144s] -- Found Boost: /usr/lib/x86_64-linux-gnu/cmake/Boost-1.74.0/BoostConfig.cmake (found version "1.74.0") found components: date_time system filesystem 
[1.147s] -- Found OpenCV: /usr (found version "4.5.4") found components: core imgproc imgcodecs videoio 
[1.155s] -- Found OpenGL: /usr/lib/x86_64-linux-gnu/libOpenGL.so   
[1.160s] -- Checking for module 'glut'
[1.162s] --   No package 'glut' found
[1.164s] -- Found GLUT: /usr/lib/x86_64-linux-gnu/libglut.so  
[1.200s] -- Found GLEW: /usr/include (found version "2.2.0") 
[1.262s] -- Configuring done
[1.313s] -- Generating done
[1.319s] -- Build files have been written to: /home/yongjing-ub22/comms_nusmr/mapviz_ws_YJ_laptop_only/build/mapviz
[1.328s] Invoked command in '/home/yongjing-ub22/comms_nusmr/mapviz_ws_YJ_laptop_only/build/mapviz' returned '0': AMENT_PREFIX_PATH=/home/yongjing-ub22/comms_nusmr/mapviz_ws_YJ_laptop_only/install/mapviz_interfaces:${AMENT_PREFIX_PATH} CMAKE_PREFIX_PATH=/home/yongjing-ub22/comms_nusmr/mapviz_ws_YJ_laptop_only/install/mapviz_interfaces:/opt/ros/humble LD_LIBRARY_PATH=/home/yongjing-ub22/comms_nusmr/mapviz_ws_YJ_laptop_only/install/mapviz_interfaces/lib:${LD_LIBRARY_PATH} PYTHONPATH=/home/yongjing-ub22/comms_nusmr/mapviz_ws_YJ_laptop_only/install/mapviz_interfaces/local/lib/python3.10/dist-packages:${PYTHONPATH} /usr/bin/cmake /home/yongjing-ub22/comms_nusmr/mapviz_ws_YJ_laptop_only/src/mapviz -DCMAKE_INSTALL_PREFIX=/home/yongjing-ub22/comms_nusmr/mapviz_ws_YJ_laptop_only/install/mapviz
[1.330s] Invoking command in '/home/yongjing-ub22/comms_nusmr/mapviz_ws_YJ_laptop_only/build/mapviz': AMENT_PREFIX_PATH=/home/yongjing-ub22/comms_nusmr/mapviz_ws_YJ_laptop_only/install/mapviz_interfaces:${AMENT_PREFIX_PATH} CMAKE_PREFIX_PATH=/home/yongjing-ub22/comms_nusmr/mapviz_ws_YJ_laptop_only/install/mapviz_interfaces:/opt/ros/humble LD_LIBRARY_PATH=/home/yongjing-ub22/comms_nusmr/mapviz_ws_YJ_laptop_only/install/mapviz_interfaces/lib:${LD_LIBRARY_PATH} PYTHONPATH=/home/yongjing-ub22/comms_nusmr/mapviz_ws_YJ_laptop_only/install/mapviz_interfaces/local/lib/python3.10/dist-packages:${PYTHONPATH} /usr/bin/cmake --build /home/yongjing-ub22/comms_nusmr/mapviz_ws_YJ_laptop_only/build/mapviz -- -j20 -l20
[1.368s] [  2%] [34m[1mGenerating include/mapviz/moc_mapviz.cpp[0m
[1.369s] [  5%] [34m[1mGenerating ui_pluginselect.h[0m
[1.369s] [  8%] [34m[1mGenerating include/mapviz/moc_map_canvas.cpp[0m
[1.369s] [ 10%] [34m[1mGenerating include/mapviz/moc_color_button.cpp[0m
[1.369s] [ 13%] [34m[1mGenerating include/mapviz/moc_select_service_dialog.cpp[0m
[1.369s] [ 18%] [34m[1mGenerating include/mapviz/moc_video_writer.cpp[0m
[1.370s] [ 18%] [34m[1mGenerating include/mapviz/moc_config_item.cpp[0m
[1.370s] [ 21%] [34m[1mGenerating include/mapviz/moc_mapviz_plugin.cpp[0m
[1.371s] [ 24%] [34m[1mGenerating qrc_icons.cpp[0m
[1.371s] [ 27%] [34m[1mGenerating include/mapviz/moc_rqt_mapviz.cpp[0m
[1.372s] [ 29%] [34m[1mGenerating include/mapviz/moc_select_frame_dialog.cpp[0m
[1.373s] [ 32%] [34m[1mGenerating ui_configitem.h[0m
[1.374s] [ 35%] [34m[1mGenerating include/mapviz/moc_widgets.cpp[0m
[1.376s] [ 37%] [34m[1mGenerating ui_mapviz.h[0m
[1.419s] [ 45%] [32mBuilding CXX object CMakeFiles/rqt_mapviz.dir/include/mapviz/moc_color_button.cpp.o[0m
[1.422s] [ 48%] [32mBuilding CXX object CMakeFiles/rqt_mapviz.dir/include/mapviz/moc_map_canvas.cpp.o[0m
[1.423s] [ 45%] [32mBuilding CXX object CMakeFiles/rqt_mapviz.dir/include/mapviz/moc_config_item.cpp.o[0m
[1.423s] [ 48%] [32mBuilding CXX object CMakeFiles/rqt_mapviz.dir/include/mapviz/moc_mapviz.cpp.o[0m
[1.424s] [ 51%] [32mBuilding CXX object CMakeFiles/rqt_mapviz.dir/src/config_item.cpp.o[0m
[1.424s] [ 59%] [32mBuilding CXX object CMakeFiles/rqt_mapviz.dir/include/mapviz/moc_select_service_dialog.cpp.o[0m
[1.425s] [ 64%] [32mBuilding CXX object CMakeFiles/rqt_mapviz.dir/include/mapviz/moc_widgets.cpp.o[0m
[1.425s] [ 67%] [32mBuilding CXX object CMakeFiles/rqt_mapviz.dir/src/mapviz_application.cpp.o[0m
[1.426s] [ 59%] [32mBuilding CXX object CMakeFiles/rqt_mapviz.dir/include/mapviz/moc_rqt_mapviz.cpp.o[0m
[1.426s] [ 78%] [32mBuilding CXX object CMakeFiles/rqt_mapviz.dir/include/mapviz/moc_select_frame_dialog.cpp.o[0m
[1.426s] [ 78%] [32mBuilding CXX object CMakeFiles/rqt_mapviz.dir/src/select_frame_dialog.cpp.o[0m
[1.426s] [ 78%] [32mBuilding CXX object CMakeFiles/rqt_mapviz.dir/src/mapviz.cpp.o[0m
[1.426s] [ 78%] [32mBuilding CXX object CMakeFiles/rqt_mapviz.dir/include/mapviz/moc_video_writer.cpp.o[0m
[1.427s] [ 78%] [32mBuilding CXX object CMakeFiles/rqt_mapviz.dir/include/mapviz/moc_mapviz_plugin.cpp.o[0m
[1.427s] [ 78%] [32mBuilding CXX object CMakeFiles/rqt_mapviz.dir/src/color_button.cpp.o[0m
[1.427s] [ 81%] [32mBuilding CXX object CMakeFiles/rqt_mapviz.dir/src/select_service_dialog.cpp.o[0m
[1.427s] [ 83%] [32mBuilding CXX object CMakeFiles/rqt_mapviz.dir/src/map_canvas.cpp.o[0m
[1.428s] [ 86%] [32mBuilding CXX object CMakeFiles/rqt_mapviz.dir/qrc_icons.cpp.o[0m
[1.428s] [ 89%] [32mBuilding CXX object CMakeFiles/rqt_mapviz.dir/src/rqt_mapviz.cpp.o[0m
[1.429s] [ 91%] [32mBuilding CXX object CMakeFiles/rqt_mapviz.dir/src/video_writer.cpp.o[0m
[21.139s] [ 94%] [32m[1mLinking CXX static library librqt_mapviz.a[0m
[21.495s] [ 94%] Built target rqt_mapviz
[21.514s] [ 97%] [32mBuilding CXX object CMakeFiles/mapviz.dir/src/mapviz_main.cpp.o[0m
[26.073s] [100%] [32m[1mLinking CXX executable mapviz[0m
[28.105s] [100%] Built target mapviz
[28.119s] Invoked command in '/home/yongjing-ub22/comms_nusmr/mapviz_ws_YJ_laptop_only/build/mapviz' returned '0': AMENT_PREFIX_PATH=/home/yongjing-ub22/comms_nusmr/mapviz_ws_YJ_laptop_only/install/mapviz_interfaces:${AMENT_PREFIX_PATH} CMAKE_PREFIX_PATH=/home/yongjing-ub22/comms_nusmr/mapviz_ws_YJ_laptop_only/install/mapviz_interfaces:/opt/ros/humble LD_LIBRARY_PATH=/home/yongjing-ub22/comms_nusmr/mapviz_ws_YJ_laptop_only/install/mapviz_interfaces/lib:${LD_LIBRARY_PATH} PYTHONPATH=/home/yongjing-ub22/comms_nusmr/mapviz_ws_YJ_laptop_only/install/mapviz_interfaces/local/lib/python3.10/dist-packages:${PYTHONPATH} /usr/bin/cmake --build /home/yongjing-ub22/comms_nusmr/mapviz_ws_YJ_laptop_only/build/mapviz -- -j20 -l20
[28.120s] Invoking command in '/home/yongjing-ub22/comms_nusmr/mapviz_ws_YJ_laptop_only/build/mapviz': AMENT_PREFIX_PATH=/home/yongjing-ub22/comms_nusmr/mapviz_ws_YJ_laptop_only/install/mapviz_interfaces:${AMENT_PREFIX_PATH} CMAKE_PREFIX_PATH=/home/yongjing-ub22/comms_nusmr/mapviz_ws_YJ_laptop_only/install/mapviz_interfaces:/opt/ros/humble LD_LIBRARY_PATH=/home/yongjing-ub22/comms_nusmr/mapviz_ws_YJ_laptop_only/install/mapviz_interfaces/lib:${LD_LIBRARY_PATH} PYTHONPATH=/home/yongjing-ub22/comms_nusmr/mapviz_ws_YJ_laptop_only/install/mapviz_interfaces/local/lib/python3.10/dist-packages:${PYTHONPATH} /usr/bin/cmake --install /home/yongjing-ub22/comms_nusmr/mapviz_ws_YJ_laptop_only/build/mapviz
[28.126s] -- Install configuration: ""
[28.126s] -- Installing: /home/yongjing-ub22/comms_nusmr/mapviz_ws_YJ_laptop_only/install/mapviz/include/mapviz
[28.126s] -- Installing: /home/yongjing-ub22/comms_nusmr/mapviz_ws_YJ_laptop_only/install/mapviz/include/mapviz/video_writer.h
[28.126s] -- Installing: /home/yongjing-ub22/comms_nusmr/mapviz_ws_YJ_laptop_only/install/mapviz/include/mapviz/rqt_mapviz.h
[28.126s] -- Installing: /home/yongjing-ub22/comms_nusmr/mapviz_ws_YJ_laptop_only/install/mapviz/include/mapviz/select_service_dialog.h
[28.126s] -- Installing: /home/yongjing-ub22/comms_nusmr/mapviz_ws_YJ_laptop_only/install/mapviz/include/mapviz/widgets.h
[28.126s] -- Installing: /home/yongjing-ub22/comms_nusmr/mapviz_ws_YJ_laptop_only/install/mapviz/include/mapviz/mapviz_application.h
[28.126s] -- Installing: /home/yongjing-ub22/comms_nusmr/mapviz_ws_YJ_laptop_only/install/mapviz/include/mapviz/config_item.h
[28.126s] -- Installing: /home/yongjing-ub22/comms_nusmr/mapviz_ws_YJ_laptop_only/install/mapviz/include/mapviz/stopwatch.h
[28.126s] -- Installing: /home/yongjing-ub22/comms_nusmr/mapviz_ws_YJ_laptop_only/install/mapviz/include/mapviz/select_frame_dialog.h
[28.126s] -- Installing: /home/yongjing-ub22/comms_nusmr/mapviz_ws_YJ_laptop_only/install/mapviz/include/mapviz/color_button.h
[28.126s] -- Installing: /home/yongjing-ub22/comms_nusmr/mapviz_ws_YJ_laptop_only/install/mapviz/include/mapviz/mapviz_plugin.h
[28.126s] -- Installing: /home/yongjing-ub22/comms_nusmr/mapviz_ws_YJ_laptop_only/install/mapviz/include/mapviz/map_canvas.h
[28.127s] -- Installing: /home/yongjing-ub22/comms_nusmr/mapviz_ws_YJ_laptop_only/install/mapviz/lib/mapviz/mapviz
[28.131s] -- Set runtime path of "/home/yongjing-ub22/comms_nusmr/mapviz_ws_YJ_laptop_only/install/mapviz/lib/mapviz/mapviz" to ""
[28.131s] -- Installing: /home/yongjing-ub22/comms_nusmr/mapviz_ws_YJ_laptop_only/install/mapviz/lib/librqt_mapviz.a
[28.147s] -- Installing: /home/yongjing-ub22/comms_nusmr/mapviz_ws_YJ_laptop_only/install/mapviz/share/mapviz/launch
[28.147s] -- Installing: /home/yongjing-ub22/comms_nusmr/mapviz_ws_YJ_laptop_only/install/mapviz/share/mapviz/launch/mapviz.launch.xml
[28.147s] -- Installing: /home/yongjing-ub22/comms_nusmr/mapviz_ws_YJ_laptop_only/install/mapviz/share/mapviz/launch/mapviz.launch.py
[28.147s] -- Installing: /home/yongjing-ub22/comms_nusmr/mapviz_ws_YJ_laptop_only/install/mapviz/share/mapviz/plugin.xml
[28.147s] -- Installing: /home/yongjing-ub22/comms_nusmr/mapviz_ws_YJ_laptop_only/install/mapviz/share/mapviz/environment/library_path.sh
[28.148s] -- Installing: /home/yongjing-ub22/comms_nusmr/mapviz_ws_YJ_laptop_only/install/mapviz/share/mapviz/environment/library_path.dsv
[28.148s] -- Installing: /home/yongjing-ub22/comms_nusmr/mapviz_ws_YJ_laptop_only/install/mapviz/share/ament_index/resource_index/package_run_dependencies/mapviz
[28.148s] -- Installing: /home/yongjing-ub22/comms_nusmr/mapviz_ws_YJ_laptop_only/install/mapviz/share/ament_index/resource_index/parent_prefix_path/mapviz
[28.148s] -- Installing: /home/yongjing-ub22/comms_nusmr/mapviz_ws_YJ_laptop_only/install/mapviz/share/mapviz/environment/ament_prefix_path.sh
[28.148s] -- Installing: /home/yongjing-ub22/comms_nusmr/mapviz_ws_YJ_laptop_only/install/mapviz/share/mapviz/environment/ament_prefix_path.dsv
[28.148s] -- Installing: /home/yongjing-ub22/comms_nusmr/mapviz_ws_YJ_laptop_only/install/mapviz/share/mapviz/environment/path.sh
[28.149s] -- Installing: /home/yongjing-ub22/comms_nusmr/mapviz_ws_YJ_laptop_only/install/mapviz/share/mapviz/environment/path.dsv
[28.149s] -- Installing: /home/yongjing-ub22/comms_nusmr/mapviz_ws_YJ_laptop_only/install/mapviz/share/mapviz/local_setup.bash
[28.149s] -- Installing: /home/yongjing-ub22/comms_nusmr/mapviz_ws_YJ_laptop_only/install/mapviz/share/mapviz/local_setup.sh
[28.149s] -- Installing: /home/yongjing-ub22/comms_nusmr/mapviz_ws_YJ_laptop_only/install/mapviz/share/mapviz/local_setup.zsh
[28.149s] -- Installing: /home/yongjing-ub22/comms_nusmr/mapviz_ws_YJ_laptop_only/install/mapviz/share/mapviz/local_setup.dsv
[28.149s] -- Installing: /home/yongjing-ub22/comms_nusmr/mapviz_ws_YJ_laptop_only/install/mapviz/share/mapviz/package.dsv
[28.149s] -- Installing: /home/yongjing-ub22/comms_nusmr/mapviz_ws_YJ_laptop_only/install/mapviz/share/ament_index/resource_index/packages/mapviz
[28.149s] -- Installing: /home/yongjing-ub22/comms_nusmr/mapviz_ws_YJ_laptop_only/install/mapviz/share/mapviz/cmake/ament_cmake_export_dependencies-extras.cmake
[28.149s] -- Installing: /home/yongjing-ub22/comms_nusmr/mapviz_ws_YJ_laptop_only/install/mapviz/share/mapviz/cmake/ament_cmake_export_include_directories-extras.cmake
[28.149s] -- Installing: /home/yongjing-ub22/comms_nusmr/mapviz_ws_YJ_laptop_only/install/mapviz/share/mapviz/cmake/ament_cmake_export_libraries-extras.cmake
[28.149s] -- Installing: /home/yongjing-ub22/comms_nusmr/mapviz_ws_YJ_laptop_only/install/mapviz/share/mapviz/cmake/mapvizConfig.cmake
[28.149s] -- Installing: /home/yongjing-ub22/comms_nusmr/mapviz_ws_YJ_laptop_only/install/mapviz/share/mapviz/cmake/mapvizConfig-version.cmake
[28.149s] -- Installing: /home/yongjing-ub22/comms_nusmr/mapviz_ws_YJ_laptop_only/install/mapviz/share/mapviz/package.xml
[28.152s] Invoked command in '/home/yongjing-ub22/comms_nusmr/mapviz_ws_YJ_laptop_only/build/mapviz' returned '0': AMENT_PREFIX_PATH=/home/yongjing-ub22/comms_nusmr/mapviz_ws_YJ_laptop_only/install/mapviz_interfaces:${AMENT_PREFIX_PATH} CMAKE_PREFIX_PATH=/home/yongjing-ub22/comms_nusmr/mapviz_ws_YJ_laptop_only/install/mapviz_interfaces:/opt/ros/humble LD_LIBRARY_PATH=/home/yongjing-ub22/comms_nusmr/mapviz_ws_YJ_laptop_only/install/mapviz_interfaces/lib:${LD_LIBRARY_PATH} PYTHONPATH=/home/yongjing-ub22/comms_nusmr/mapviz_ws_YJ_laptop_only/install/mapviz_interfaces/local/lib/python3.10/dist-packages:${PYTHONPATH} /usr/bin/cmake --install /home/yongjing-ub22/comms_nusmr/mapviz_ws_YJ_laptop_only/build/mapviz
