[0.011s] Invoking command in '/home/yongjing-ub22/RTK_GPS_NTRIP_ws/build/fix2nmea': AMENT_PREFIX_PATH=/home/yongjing-ub22/RTK_GPS_NTRIP_ws/install/ublox_msgs:/home/yongjing-ub22/RTK_GPS_NTRIP_ws/install/ublox_serialization:${AMENT_PREFIX_PATH} CMAKE_PREFIX_PATH=/home/yongjing-ub22/RTK_GPS_NTRIP_ws/install/ublox_msgs:/home/yongjing-ub22/RTK_GPS_NTRIP_ws/install/ublox_serialization:/opt/ros/humble LD_LIBRARY_PATH=/home/yongjing-ub22/RTK_GPS_NTRIP_ws/install/ublox_msgs/lib:${LD_LIBRARY_PATH} PYTHONPATH=/home/yongjing-ub22/RTK_GPS_NTRIP_ws/install/ublox_msgs/local/lib/python3.10/dist-packages:${PYTHONPATH} /usr/bin/cmake --build /home/yongjing-ub22/RTK_GPS_NTRIP_ws/build/fix2nmea -- -j20 -l20
[0.099s] [100%] Built target fix2nmea
[0.110s] Invoked command in '/home/yongjing-ub22/RTK_GPS_NTRIP_ws/build/fix2nmea' returned '0': AMENT_PREFIX_PATH=/home/yongjing-ub22/RTK_GPS_NTRIP_ws/install/ublox_msgs:/home/yongjing-ub22/RTK_GPS_NTRIP_ws/install/ublox_serialization:${AMENT_PREFIX_PATH} CMAKE_PREFIX_PATH=/home/yongjing-ub22/RTK_GPS_NTRIP_ws/install/ublox_msgs:/home/yongjing-ub22/RTK_GPS_NTRIP_ws/install/ublox_serialization:/opt/ros/humble LD_LIBRARY_PATH=/home/yongjing-ub22/RTK_GPS_NTRIP_ws/install/ublox_msgs/lib:${LD_LIBRARY_PATH} PYTHONPATH=/home/yongjing-ub22/RTK_GPS_NTRIP_ws/install/ublox_msgs/local/lib/python3.10/dist-packages:${PYTHONPATH} /usr/bin/cmake --build /home/yongjing-ub22/RTK_GPS_NTRIP_ws/build/fix2nmea -- -j20 -l20
[0.133s] Invoking command in '/home/yongjing-ub22/RTK_GPS_NTRIP_ws/build/fix2nmea': AMENT_PREFIX_PATH=/home/yongjing-ub22/RTK_GPS_NTRIP_ws/install/ublox_msgs:/home/yongjing-ub22/RTK_GPS_NTRIP_ws/install/ublox_serialization:${AMENT_PREFIX_PATH} CMAKE_PREFIX_PATH=/home/yongjing-ub22/RTK_GPS_NTRIP_ws/install/ublox_msgs:/home/yongjing-ub22/RTK_GPS_NTRIP_ws/install/ublox_serialization:/opt/ros/humble LD_LIBRARY_PATH=/home/yongjing-ub22/RTK_GPS_NTRIP_ws/install/ublox_msgs/lib:${LD_LIBRARY_PATH} PYTHONPATH=/home/yongjing-ub22/RTK_GPS_NTRIP_ws/install/ublox_msgs/local/lib/python3.10/dist-packages:${PYTHONPATH} /usr/bin/cmake --install /home/yongjing-ub22/RTK_GPS_NTRIP_ws/build/fix2nmea
[0.140s] -- Install configuration: ""
[0.141s] -- Up-to-date: /home/yongjing-ub22/RTK_GPS_NTRIP_ws/install/fix2nmea/lib/fix2nmea/fix2nmea
[0.141s] -- Up-to-date: /home/yongjing-ub22/RTK_GPS_NTRIP_ws/install/fix2nmea/share/ament_index/resource_index/package_run_dependencies/fix2nmea
[0.141s] -- Up-to-date: /home/yongjing-ub22/RTK_GPS_NTRIP_ws/install/fix2nmea/share/ament_index/resource_index/parent_prefix_path/fix2nmea
[0.141s] -- Up-to-date: /home/yongjing-ub22/RTK_GPS_NTRIP_ws/install/fix2nmea/share/fix2nmea/environment/ament_prefix_path.sh
[0.141s] -- Up-to-date: /home/yongjing-ub22/RTK_GPS_NTRIP_ws/install/fix2nmea/share/fix2nmea/environment/ament_prefix_path.dsv
[0.141s] -- Up-to-date: /home/yongjing-ub22/RTK_GPS_NTRIP_ws/install/fix2nmea/share/fix2nmea/environment/path.sh
[0.142s] -- Up-to-date: /home/yongjing-ub22/RTK_GPS_NTRIP_ws/install/fix2nmea/share/fix2nmea/environment/path.dsv
[0.142s] -- Up-to-date: /home/yongjing-ub22/RTK_GPS_NTRIP_ws/install/fix2nmea/share/fix2nmea/local_setup.bash
[0.142s] -- Up-to-date: /home/yongjing-ub22/RTK_GPS_NTRIP_ws/install/fix2nmea/share/fix2nmea/local_setup.sh
[0.142s] -- Up-to-date: /home/yongjing-ub22/RTK_GPS_NTRIP_ws/install/fix2nmea/share/fix2nmea/local_setup.zsh
[0.142s] -- Up-to-date: /home/yongjing-ub22/RTK_GPS_NTRIP_ws/install/fix2nmea/share/fix2nmea/local_setup.dsv
[0.142s] -- Installing: /home/yongjing-ub22/RTK_GPS_NTRIP_ws/install/fix2nmea/share/fix2nmea/package.dsv
[0.142s] -- Up-to-date: /home/yongjing-ub22/RTK_GPS_NTRIP_ws/install/fix2nmea/share/ament_index/resource_index/packages/fix2nmea
[0.142s] -- Up-to-date: /home/yongjing-ub22/RTK_GPS_NTRIP_ws/install/fix2nmea/share/fix2nmea/cmake/fix2nmeaConfig.cmake
[0.142s] -- Up-to-date: /home/yongjing-ub22/RTK_GPS_NTRIP_ws/install/fix2nmea/share/fix2nmea/cmake/fix2nmeaConfig-version.cmake
[0.142s] -- Up-to-date: /home/yongjing-ub22/RTK_GPS_NTRIP_ws/install/fix2nmea/share/fix2nmea/package.xml
[0.144s] Invoked command in '/home/yongjing-ub22/RTK_GPS_NTRIP_ws/build/fix2nmea' returned '0': AMENT_PREFIX_PATH=/home/yongjing-ub22/RTK_GPS_NTRIP_ws/install/ublox_msgs:/home/yongjing-ub22/RTK_GPS_NTRIP_ws/install/ublox_serialization:${AMENT_PREFIX_PATH} CMAKE_PREFIX_PATH=/home/yongjing-ub22/RTK_GPS_NTRIP_ws/install/ublox_msgs:/home/yongjing-ub22/RTK_GPS_NTRIP_ws/install/ublox_serialization:/opt/ros/humble LD_LIBRARY_PATH=/home/yongjing-ub22/RTK_GPS_NTRIP_ws/install/ublox_msgs/lib:${LD_LIBRARY_PATH} PYTHONPATH=/home/yongjing-ub22/RTK_GPS_NTRIP_ws/install/ublox_msgs/local/lib/python3.10/dist-packages:${PYTHONPATH} /usr/bin/cmake --install /home/yongjing-ub22/RTK_GPS_NTRIP_ws/build/fix2nmea
