[0.006s] Invoking command in '/home/yongjing-ub22/comms_nusmr/mapviz_ws_YJ_laptop_only/build/mapviz': AMENT_PREFIX_PATH=/home/yongjing-ub22/comms_nusmr/mapviz_ws_YJ_laptop_only/install/mapviz_interfaces:${AMENT_PREFIX_PATH} CMAKE_PREFIX_PATH=/home/yongjing-ub22/comms_nusmr/mapviz_ws_YJ_laptop_only/install/mapviz_interfaces:/opt/ros/humble LD_LIBRARY_PATH=/home/yongjing-ub22/comms_nusmr/mapviz_ws_YJ_laptop_only/install/mapviz_interfaces/lib:${LD_LIBRARY_PATH} PYTHONPATH=/home/yongjing-ub22/comms_nusmr/mapviz_ws_YJ_laptop_only/install/mapviz_interfaces/local/lib/python3.10/dist-packages:${PYTHONPATH} /usr/bin/cmake --build /home/yongjing-ub22/comms_nusmr/mapviz_ws_YJ_laptop_only/build/mapviz -- -j20 -l20
[0.071s] [ 94%] Built target rqt_mapviz
[0.096s] [100%] Built target mapviz
[0.104s] Invoked command in '/home/yongjing-ub22/comms_nusmr/mapviz_ws_YJ_laptop_only/build/mapviz' returned '0': AMENT_PREFIX_PATH=/home/yongjing-ub22/comms_nusmr/mapviz_ws_YJ_laptop_only/install/mapviz_interfaces:${AMENT_PREFIX_PATH} CMAKE_PREFIX_PATH=/home/yongjing-ub22/comms_nusmr/mapviz_ws_YJ_laptop_only/install/mapviz_interfaces:/opt/ros/humble LD_LIBRARY_PATH=/home/yongjing-ub22/comms_nusmr/mapviz_ws_YJ_laptop_only/install/mapviz_interfaces/lib:${LD_LIBRARY_PATH} PYTHONPATH=/home/yongjing-ub22/comms_nusmr/mapviz_ws_YJ_laptop_only/install/mapviz_interfaces/local/lib/python3.10/dist-packages:${PYTHONPATH} /usr/bin/cmake --build /home/yongjing-ub22/comms_nusmr/mapviz_ws_YJ_laptop_only/build/mapviz -- -j20 -l20
[0.105s] Invoking command in '/home/yongjing-ub22/comms_nusmr/mapviz_ws_YJ_laptop_only/build/mapviz': AMENT_PREFIX_PATH=/home/yongjing-ub22/comms_nusmr/mapviz_ws_YJ_laptop_only/install/mapviz_interfaces:${AMENT_PREFIX_PATH} CMAKE_PREFIX_PATH=/home/yongjing-ub22/comms_nusmr/mapviz_ws_YJ_laptop_only/install/mapviz_interfaces:/opt/ros/humble LD_LIBRARY_PATH=/home/yongjing-ub22/comms_nusmr/mapviz_ws_YJ_laptop_only/install/mapviz_interfaces/lib:${LD_LIBRARY_PATH} PYTHONPATH=/home/yongjing-ub22/comms_nusmr/mapviz_ws_YJ_laptop_only/install/mapviz_interfaces/local/lib/python3.10/dist-packages:${PYTHONPATH} /usr/bin/cmake --install /home/yongjing-ub22/comms_nusmr/mapviz_ws_YJ_laptop_only/build/mapviz
[0.110s] -- Install configuration: ""
[0.110s] -- Up-to-date: /home/yongjing-ub22/comms_nusmr/mapviz_ws_YJ_laptop_only/install/mapviz/include/mapviz
[0.110s] -- Up-to-date: /home/yongjing-ub22/comms_nusmr/mapviz_ws_YJ_laptop_only/install/mapviz/include/mapviz/video_writer.h
[0.111s] -- Up-to-date: /home/yongjing-ub22/comms_nusmr/mapviz_ws_YJ_laptop_only/install/mapviz/include/mapviz/rqt_mapviz.h
[0.111s] -- Up-to-date: /home/yongjing-ub22/comms_nusmr/mapviz_ws_YJ_laptop_only/install/mapviz/include/mapviz/select_service_dialog.h
[0.111s] -- Up-to-date: /home/yongjing-ub22/comms_nusmr/mapviz_ws_YJ_laptop_only/install/mapviz/include/mapviz/widgets.h
[0.111s] -- Up-to-date: /home/yongjing-ub22/comms_nusmr/mapviz_ws_YJ_laptop_only/install/mapviz/include/mapviz/mapviz_application.h
[0.111s] -- Up-to-date: /home/yongjing-ub22/comms_nusmr/mapviz_ws_YJ_laptop_only/install/mapviz/include/mapviz/config_item.h
[0.111s] -- Up-to-date: /home/yongjing-ub22/comms_nusmr/mapviz_ws_YJ_laptop_only/install/mapviz/include/mapviz/stopwatch.h
[0.111s] -- Up-to-date: /home/yongjing-ub22/comms_nusmr/mapviz_ws_YJ_laptop_only/install/mapviz/include/mapviz/select_frame_dialog.h
[0.111s] -- Up-to-date: /home/yongjing-ub22/comms_nusmr/mapviz_ws_YJ_laptop_only/install/mapviz/include/mapviz/color_button.h
[0.111s] -- Up-to-date: /home/yongjing-ub22/comms_nusmr/mapviz_ws_YJ_laptop_only/install/mapviz/include/mapviz/mapviz_plugin.h
[0.111s] -- Up-to-date: /home/yongjing-ub22/comms_nusmr/mapviz_ws_YJ_laptop_only/install/mapviz/include/mapviz/map_canvas.h
[0.111s] -- Up-to-date: /home/yongjing-ub22/comms_nusmr/mapviz_ws_YJ_laptop_only/install/mapviz/lib/mapviz/mapviz
[0.111s] -- Up-to-date: /home/yongjing-ub22/comms_nusmr/mapviz_ws_YJ_laptop_only/install/mapviz/lib/librqt_mapviz.a
[0.111s] -- Up-to-date: /home/yongjing-ub22/comms_nusmr/mapviz_ws_YJ_laptop_only/install/mapviz/share/mapviz/launch
[0.112s] -- Up-to-date: /home/yongjing-ub22/comms_nusmr/mapviz_ws_YJ_laptop_only/install/mapviz/share/mapviz/launch/mapviz.launch.xml
[0.112s] -- Up-to-date: /home/yongjing-ub22/comms_nusmr/mapviz_ws_YJ_laptop_only/install/mapviz/share/mapviz/launch/mapviz.launch.py
[0.112s] -- Up-to-date: /home/yongjing-ub22/comms_nusmr/mapviz_ws_YJ_laptop_only/install/mapviz/share/mapviz/plugin.xml
[0.112s] -- Up-to-date: /home/yongjing-ub22/comms_nusmr/mapviz_ws_YJ_laptop_only/install/mapviz/share/mapviz/environment/library_path.sh
[0.112s] -- Up-to-date: /home/yongjing-ub22/comms_nusmr/mapviz_ws_YJ_laptop_only/install/mapviz/share/mapviz/environment/library_path.dsv
[0.112s] -- Up-to-date: /home/yongjing-ub22/comms_nusmr/mapviz_ws_YJ_laptop_only/install/mapviz/share/ament_index/resource_index/package_run_dependencies/mapviz
[0.112s] -- Up-to-date: /home/yongjing-ub22/comms_nusmr/mapviz_ws_YJ_laptop_only/install/mapviz/share/ament_index/resource_index/parent_prefix_path/mapviz
[0.113s] -- Up-to-date: /home/yongjing-ub22/comms_nusmr/mapviz_ws_YJ_laptop_only/install/mapviz/share/mapviz/environment/ament_prefix_path.sh
[0.113s] -- Up-to-date: /home/yongjing-ub22/comms_nusmr/mapviz_ws_YJ_laptop_only/install/mapviz/share/mapviz/environment/ament_prefix_path.dsv
[0.113s] -- Up-to-date: /home/yongjing-ub22/comms_nusmr/mapviz_ws_YJ_laptop_only/install/mapviz/share/mapviz/environment/path.sh
[0.113s] -- Up-to-date: /home/yongjing-ub22/comms_nusmr/mapviz_ws_YJ_laptop_only/install/mapviz/share/mapviz/environment/path.dsv
[0.113s] -- Up-to-date: /home/yongjing-ub22/comms_nusmr/mapviz_ws_YJ_laptop_only/install/mapviz/share/mapviz/local_setup.bash
[0.114s] -- Up-to-date: /home/yongjing-ub22/comms_nusmr/mapviz_ws_YJ_laptop_only/install/mapviz/share/mapviz/local_setup.sh
[0.114s] -- Up-to-date: /home/yongjing-ub22/comms_nusmr/mapviz_ws_YJ_laptop_only/install/mapviz/share/mapviz/local_setup.zsh
[0.114s] -- Up-to-date: /home/yongjing-ub22/comms_nusmr/mapviz_ws_YJ_laptop_only/install/mapviz/share/mapviz/local_setup.dsv
[0.114s] -- Installing: /home/yongjing-ub22/comms_nusmr/mapviz_ws_YJ_laptop_only/install/mapviz/share/mapviz/package.dsv
[0.114s] -- Up-to-date: /home/yongjing-ub22/comms_nusmr/mapviz_ws_YJ_laptop_only/install/mapviz/share/ament_index/resource_index/packages/mapviz
[0.114s] -- Up-to-date: /home/yongjing-ub22/comms_nusmr/mapviz_ws_YJ_laptop_only/install/mapviz/share/mapviz/cmake/ament_cmake_export_dependencies-extras.cmake
[0.114s] -- Up-to-date: /home/yongjing-ub22/comms_nusmr/mapviz_ws_YJ_laptop_only/install/mapviz/share/mapviz/cmake/ament_cmake_export_include_directories-extras.cmake
[0.114s] -- Up-to-date: /home/yongjing-ub22/comms_nusmr/mapviz_ws_YJ_laptop_only/install/mapviz/share/mapviz/cmake/ament_cmake_export_libraries-extras.cmake
[0.114s] -- Up-to-date: /home/yongjing-ub22/comms_nusmr/mapviz_ws_YJ_laptop_only/install/mapviz/share/mapviz/cmake/mapvizConfig.cmake
[0.114s] -- Up-to-date: /home/yongjing-ub22/comms_nusmr/mapviz_ws_YJ_laptop_only/install/mapviz/share/mapviz/cmake/mapvizConfig-version.cmake
[0.114s] -- Up-to-date: /home/yongjing-ub22/comms_nusmr/mapviz_ws_YJ_laptop_only/install/mapviz/share/mapviz/package.xml
[0.115s] Invoked command in '/home/yongjing-ub22/comms_nusmr/mapviz_ws_YJ_laptop_only/build/mapviz' returned '0': AMENT_PREFIX_PATH=/home/yongjing-ub22/comms_nusmr/mapviz_ws_YJ_laptop_only/install/mapviz_interfaces:${AMENT_PREFIX_PATH} CMAKE_PREFIX_PATH=/home/yongjing-ub22/comms_nusmr/mapviz_ws_YJ_laptop_only/install/mapviz_interfaces:/opt/ros/humble LD_LIBRARY_PATH=/home/yongjing-ub22/comms_nusmr/mapviz_ws_YJ_laptop_only/install/mapviz_interfaces/lib:${LD_LIBRARY_PATH} PYTHONPATH=/home/yongjing-ub22/comms_nusmr/mapviz_ws_YJ_laptop_only/install/mapviz_interfaces/local/lib/python3.10/dist-packages:${PYTHONPATH} /usr/bin/cmake --install /home/yongjing-ub22/comms_nusmr/mapviz_ws_YJ_laptop_only/build/mapviz
