[0.010s] Invoking command in '/home/yongjing-ub22/RTK_GPS_NTRIP_ws/build/ublox_serialization': CMAKE_PREFIX_PATH=/opt/ros/humble /usr/bin/cmake --build /home/yongjing-ub22/RTK_GPS_NTRIP_ws/build/ublox_serialization -- -j20 -l20
[0.200s] Invoked command in '/home/yongjing-ub22/RTK_GPS_NTRIP_ws/build/ublox_serialization' returned '0': CMAKE_PREFIX_PATH=/opt/ros/humble /usr/bin/cmake --build /home/yongjing-ub22/RTK_GPS_NTRIP_ws/build/ublox_serialization -- -j20 -l20
[0.223s] Invoking command in '/home/yongjing-ub22/RTK_GPS_NTRIP_ws/build/ublox_serialization': CMAKE_PREFIX_PATH=/opt/ros/humble /usr/bin/cmake --install /home/yongjing-ub22/RTK_GPS_NTRIP_ws/build/ublox_serialization
[0.229s] -- Install configuration: ""
[0.229s] -- Up-to-date: /home/yongjing-ub22/RTK_GPS_NTRIP_ws/install/ublox_serialization/include/ublox_serialization
[0.229s] -- Up-to-date: /home/yongjing-ub22/RTK_GPS_NTRIP_ws/install/ublox_serialization/include/ublox_serialization/ublox_serialization
[0.229s] -- Up-to-date: /home/yongjing-ub22/RTK_GPS_NTRIP_ws/install/ublox_serialization/include/ublox_serialization/ublox_serialization/checksum.hpp
[0.229s] -- Up-to-date: /home/yongjing-ub22/RTK_GPS_NTRIP_ws/install/ublox_serialization/include/ublox_serialization/ublox_serialization/serialization.hpp
[0.229s] -- Up-to-date: /home/yongjing-ub22/RTK_GPS_NTRIP_ws/install/ublox_serialization/share/ament_index/resource_index/package_run_dependencies/ublox_serialization
[0.229s] -- Up-to-date: /home/yongjing-ub22/RTK_GPS_NTRIP_ws/install/ublox_serialization/share/ament_index/resource_index/parent_prefix_path/ublox_serialization
[0.229s] -- Up-to-date: /home/yongjing-ub22/RTK_GPS_NTRIP_ws/install/ublox_serialization/share/ublox_serialization/environment/ament_prefix_path.sh
[0.229s] -- Up-to-date: /home/yongjing-ub22/RTK_GPS_NTRIP_ws/install/ublox_serialization/share/ublox_serialization/environment/ament_prefix_path.dsv
[0.229s] -- Up-to-date: /home/yongjing-ub22/RTK_GPS_NTRIP_ws/install/ublox_serialization/share/ublox_serialization/environment/path.sh
[0.229s] -- Up-to-date: /home/yongjing-ub22/RTK_GPS_NTRIP_ws/install/ublox_serialization/share/ublox_serialization/environment/path.dsv
[0.230s] -- Up-to-date: /home/yongjing-ub22/RTK_GPS_NTRIP_ws/install/ublox_serialization/share/ublox_serialization/local_setup.bash
[0.230s] -- Up-to-date: /home/yongjing-ub22/RTK_GPS_NTRIP_ws/install/ublox_serialization/share/ublox_serialization/local_setup.sh
[0.230s] -- Up-to-date: /home/yongjing-ub22/RTK_GPS_NTRIP_ws/install/ublox_serialization/share/ublox_serialization/local_setup.zsh
[0.230s] -- Up-to-date: /home/yongjing-ub22/RTK_GPS_NTRIP_ws/install/ublox_serialization/share/ublox_serialization/local_setup.dsv
[0.230s] -- Installing: /home/yongjing-ub22/RTK_GPS_NTRIP_ws/install/ublox_serialization/share/ublox_serialization/package.dsv
[0.230s] -- Up-to-date: /home/yongjing-ub22/RTK_GPS_NTRIP_ws/install/ublox_serialization/share/ament_index/resource_index/packages/ublox_serialization
[0.230s] -- Up-to-date: /home/yongjing-ub22/RTK_GPS_NTRIP_ws/install/ublox_serialization/share/ublox_serialization/cmake/export_ublox_serializationExport.cmake
[0.230s] -- Up-to-date: /home/yongjing-ub22/RTK_GPS_NTRIP_ws/install/ublox_serialization/share/ublox_serialization/cmake/ament_cmake_export_include_directories-extras.cmake
[0.230s] -- Up-to-date: /home/yongjing-ub22/RTK_GPS_NTRIP_ws/install/ublox_serialization/share/ublox_serialization/cmake/ament_cmake_export_targets-extras.cmake
[0.230s] -- Up-to-date: /home/yongjing-ub22/RTK_GPS_NTRIP_ws/install/ublox_serialization/share/ublox_serialization/cmake/ublox_serializationConfig.cmake
[0.230s] -- Up-to-date: /home/yongjing-ub22/RTK_GPS_NTRIP_ws/install/ublox_serialization/share/ublox_serialization/cmake/ublox_serializationConfig-version.cmake
[0.230s] -- Up-to-date: /home/yongjing-ub22/RTK_GPS_NTRIP_ws/install/ublox_serialization/share/ublox_serialization/package.xml
[0.231s] Invoked command in '/home/yongjing-ub22/RTK_GPS_NTRIP_ws/build/ublox_serialization' returned '0': CMAKE_PREFIX_PATH=/opt/ros/humble /usr/bin/cmake --install /home/yongjing-ub22/RTK_GPS_NTRIP_ws/build/ublox_serialization
