[0.014s] Invoking command in '/home/yongjing-ub22/comms_nusmr/RTK_GPS_NTRIP_ws_YJ_laptop_only/build/rtcm_msgs': CMAKE_PREFIX_PATH=${CMAKE_PREFIX_PATH}:/home/yongjing-ub22/comms_nusmr/mapviz_ws_YJ_laptop_only/install/path_publisher:/home/yongjing-ub22/comms_nusmr/mapviz_ws_YJ_laptop_only/install/gnss_path_publisher:/opt/ros/humble /usr/bin/cmake /home/yongjing-ub22/comms_nusmr/RTK_GPS_NTRIP_ws_YJ_laptop_only/src/RTK_GPS_NTRIP/rtcm_msgs -DCMAKE_INSTALL_PREFIX=/home/yongjing-ub22/comms_nusmr/RTK_GPS_NTRIP_ws_YJ_laptop_only/install/rtcm_msgs
[0.086s] -- The C compiler identification is GNU 11.4.0
[0.151s] -- The CXX compiler identification is GNU 11.4.0
[0.160s] -- Detecting C compiler ABI info
[0.246s] -- Detecting C compiler ABI info - done
[0.255s] -- Check for working C compiler: /usr/bin/cc - skipped
[0.256s] -- Detecting C compile features
[0.256s] -- Detecting C compile features - done
[0.260s] -- Detecting CXX compiler ABI info
[0.363s] -- Detecting CXX compiler ABI info - done
[0.370s] -- Check for working CXX compiler: /usr/bin/c++ - skipped
[0.371s] -- Detecting CXX compile features
[0.371s] -- Detecting CXX compile features - done
[0.374s] -- Found ros_environment: 3.2.2 (/opt/ros/humble/share/ros_environment/cmake)
[0.376s] -- Found std_msgs: 4.2.4 (/opt/ros/humble/share/std_msgs/cmake)
[0.563s] -- Found Python3: /usr/bin/python3 (found version "3.10.12") found components: Interpreter 
[0.716s] -- Found rosidl_generator_c: 3.1.6 (/opt/ros/humble/share/rosidl_generator_c/cmake)
[0.724s] -- Found rosidl_adapter: 3.1.6 (/opt/ros/humble/share/rosidl_adapter/cmake)
[0.735s] -- Found rosidl_generator_cpp: 3.1.6 (/opt/ros/humble/share/rosidl_generator_cpp/cmake)
[0.749s] -- Using all available rosidl_typesupport_c: rosidl_typesupport_fastrtps_c;rosidl_typesupport_introspection_c
[0.767s] -- Using all available rosidl_typesupport_cpp: rosidl_typesupport_fastrtps_cpp;rosidl_typesupport_introspection_cpp
[0.794s] -- Found rosidl_default_generators: 1.2.0 (/opt/ros/humble/share/rosidl_default_generators/cmake)
[1.120s] -- Found ament_cmake_cppcheck: 0.12.11 (/opt/ros/humble/share/ament_cmake_cppcheck/cmake)
[1.124s] -- Found ament_cmake_cpplint: 0.12.11 (/opt/ros/humble/share/ament_cmake_cpplint/cmake)
[1.128s] -- Found ament_cmake_uncrustify: 0.12.11 (/opt/ros/humble/share/ament_cmake_uncrustify/cmake)
[1.132s] -- Found ament_cmake_ros: 0.10.0 (/opt/ros/humble/share/ament_cmake_ros/cmake)
[1.531s] -- Using all available rosidl_typesupport_c: rosidl_typesupport_fastrtps_c;rosidl_typesupport_introspection_c
[1.676s] -- Using all available rosidl_typesupport_cpp: rosidl_typesupport_fastrtps_cpp;rosidl_typesupport_introspection_cpp
[1.703s] -- Found PythonInterp: /usr/bin/python3 (found suitable version "3.10.12", minimum required is "3.6") 
[1.706s] -- Found python_cmake_module: 0.10.0 (/opt/ros/humble/share/python_cmake_module/cmake)
[1.737s] -- Found PythonLibs: /usr/lib/x86_64-linux-gnu/libpython3.10.so (found suitable version "3.10.12", minimum required is "3.5") 
[1.737s] -- Using PYTHON_EXECUTABLE: /usr/bin/python3
[1.737s] -- Using PYTHON_INCLUDE_DIRS: /usr/include/python3.10
[1.737s] -- Using PYTHON_LIBRARIES: /usr/lib/x86_64-linux-gnu/libpython3.10.so
[1.759s] -- Found PythonExtra: .so  
[1.810s] -- Found ament_cmake_flake8: 0.12.11 (/opt/ros/humble/share/ament_cmake_flake8/cmake)
[1.812s] -- Found ament_cmake_pep257: 0.12.11 (/opt/ros/humble/share/ament_cmake_pep257/cmake)
[1.819s] -- Configuring done
[1.846s] -- Generating done
[1.855s] -- Build files have been written to: /home/yongjing-ub22/comms_nusmr/RTK_GPS_NTRIP_ws_YJ_laptop_only/build/rtcm_msgs
[1.864s] Invoked command in '/home/yongjing-ub22/comms_nusmr/RTK_GPS_NTRIP_ws_YJ_laptop_only/build/rtcm_msgs' returned '0': CMAKE_PREFIX_PATH=${CMAKE_PREFIX_PATH}:/home/yongjing-ub22/comms_nusmr/mapviz_ws_YJ_laptop_only/install/path_publisher:/home/yongjing-ub22/comms_nusmr/mapviz_ws_YJ_laptop_only/install/gnss_path_publisher:/opt/ros/humble /usr/bin/cmake /home/yongjing-ub22/comms_nusmr/RTK_GPS_NTRIP_ws_YJ_laptop_only/src/RTK_GPS_NTRIP/rtcm_msgs -DCMAKE_INSTALL_PREFIX=/home/yongjing-ub22/comms_nusmr/RTK_GPS_NTRIP_ws_YJ_laptop_only/install/rtcm_msgs
[1.865s] Invoking command in '/home/yongjing-ub22/comms_nusmr/RTK_GPS_NTRIP_ws_YJ_laptop_only/build/rtcm_msgs': CMAKE_PREFIX_PATH=${CMAKE_PREFIX_PATH}:/home/yongjing-ub22/comms_nusmr/mapviz_ws_YJ_laptop_only/install/path_publisher:/home/yongjing-ub22/comms_nusmr/mapviz_ws_YJ_laptop_only/install/gnss_path_publisher:/opt/ros/humble /usr/bin/cmake --build /home/yongjing-ub22/comms_nusmr/RTK_GPS_NTRIP_ws_YJ_laptop_only/build/rtcm_msgs -- -j20 -l20
[1.912s] [  3%] [34m[1mGenerating C code for ROS interfaces[0m
[1.926s] [  6%] [34m[1mGenerating C++ code for ROS interfaces[0m
[1.935s] [  6%] Built target ament_cmake_python_copy_rtcm_msgs
[2.221s] [  6%] Built target rtcm_msgs__cpp
[2.232s] [  9%] [32mBuilding C object CMakeFiles/rtcm_msgs__rosidl_generator_c.dir/rosidl_generator_c/rtcm_msgs/msg/detail/message__functions.c.o[0m
[2.235s] [ 12%] [34m[1mGenerating C++ introspection for ROS interfaces[0m
[2.238s] [ 16%] [34m[1mGenerating C++ type support dispatch for ROS interfaces[0m
[2.239s] [ 19%] [34m[1mGenerating C++ type support for eProsima Fast-RTPS[0m
[2.283s] running egg_info
[2.284s] creating rtcm_msgs.egg-info
[2.284s] writing rtcm_msgs.egg-info/PKG-INFO
[2.285s] writing dependency_links to rtcm_msgs.egg-info/dependency_links.txt
[2.285s] writing top-level names to rtcm_msgs.egg-info/top_level.txt
[2.285s] writing manifest file 'rtcm_msgs.egg-info/SOURCES.txt'
[2.288s] reading manifest file 'rtcm_msgs.egg-info/SOURCES.txt'
[2.289s] writing manifest file 'rtcm_msgs.egg-info/SOURCES.txt'
[2.310s] [ 22%] [32m[1mLinking C shared library librtcm_msgs__rosidl_generator_c.so[0m
[2.332s] [ 22%] Built target ament_cmake_python_build_rtcm_msgs_egg
[2.371s] [ 22%] Built target rtcm_msgs__rosidl_generator_c
[2.387s] [ 25%] [34m[1mGenerating C type support dispatch for ROS interfaces[0m
[2.389s] [ 29%] [34m[1mGenerating C introspection for ROS interfaces[0m
[2.390s] [ 32%] [34m[1mGenerating C type support for eProsima Fast-RTPS[0m
[2.574s] [ 35%] [32mBuilding CXX object CMakeFiles/rtcm_msgs__rosidl_typesupport_cpp.dir/rosidl_typesupport_cpp/rtcm_msgs/msg/message__type_support.cpp.o[0m
[2.604s] [ 38%] [32mBuilding CXX object CMakeFiles/rtcm_msgs__rosidl_typesupport_introspection_cpp.dir/rosidl_typesupport_introspection_cpp/rtcm_msgs/msg/detail/message__type_support.cpp.o[0m
[2.684s] [ 41%] [32mBuilding CXX object CMakeFiles/rtcm_msgs__rosidl_typesupport_fastrtps_cpp.dir/rosidl_typesupport_fastrtps_cpp/rtcm_msgs/msg/detail/dds_fastrtps/message__type_support.cpp.o[0m
[2.725s] [ 45%] [32mBuilding CXX object CMakeFiles/rtcm_msgs__rosidl_typesupport_c.dir/rosidl_typesupport_c/rtcm_msgs/msg/message__type_support.cpp.o[0m
[2.755s] [ 48%] [32mBuilding CXX object CMakeFiles/rtcm_msgs__rosidl_typesupport_fastrtps_c.dir/rosidl_typesupport_fastrtps_c/rtcm_msgs/msg/detail/message__type_support_c.cpp.o[0m
[2.771s] [ 51%] [32mBuilding C object CMakeFiles/rtcm_msgs__rosidl_typesupport_introspection_c.dir/rosidl_typesupport_introspection_c/rtcm_msgs/msg/detail/message__type_support.c.o[0m
[2.773s] [ 54%] [32m[1mLinking CXX shared library librtcm_msgs__rosidl_typesupport_c.so[0m
[2.839s] [ 58%] [32m[1mLinking C shared library librtcm_msgs__rosidl_typesupport_introspection_c.so[0m
[2.839s] [ 58%] Built target rtcm_msgs__rosidl_typesupport_c
[2.889s] [ 58%] Built target rtcm_msgs__rosidl_typesupport_introspection_c
[2.914s] [ 61%] [32m[1mLinking CXX shared library librtcm_msgs__rosidl_typesupport_cpp.so[0m
[2.974s] [ 61%] Built target rtcm_msgs__rosidl_typesupport_cpp
[3.101s] [ 64%] [32m[1mLinking CXX shared library librtcm_msgs__rosidl_typesupport_introspection_cpp.so[0m
[3.157s] [ 67%] [32m[1mLinking CXX shared library librtcm_msgs__rosidl_typesupport_fastrtps_c.so[0m
[3.190s] [ 67%] Built target rtcm_msgs__rosidl_typesupport_introspection_cpp
[3.194s] [ 70%] [32m[1mLinking CXX shared library librtcm_msgs__rosidl_typesupport_fastrtps_cpp.so[0m
[3.247s] [ 70%] Built target rtcm_msgs__rosidl_typesupport_fastrtps_c
[3.278s] [ 70%] Built target rtcm_msgs__rosidl_typesupport_fastrtps_cpp
[3.301s] [ 70%] Built target rtcm_msgs
[3.327s] [ 74%] [34m[1mGenerating Python code for ROS interfaces[0m
[3.602s] [ 74%] Built target rtcm_msgs__py
[3.627s] [ 77%] [32mBuilding C object CMakeFiles/rtcm_msgs__rosidl_generator_py.dir/rosidl_generator_py/rtcm_msgs/msg/_message_s.c.o[0m
[3.725s] [ 80%] [32m[1mLinking C shared library rosidl_generator_py/rtcm_msgs/librtcm_msgs__rosidl_generator_py.so[0m
[3.771s] [ 80%] Built target rtcm_msgs__rosidl_generator_py
[3.797s] [ 83%] [32mBuilding C object CMakeFiles/rtcm_msgs__rosidl_typesupport_fastrtps_c__pyext.dir/rosidl_generator_py/rtcm_msgs/_rtcm_msgs_s.ep.rosidl_typesupport_fastrtps_c.c.o[0m
[3.798s] [ 90%] [32mBuilding C object CMakeFiles/rtcm_msgs__rosidl_typesupport_c__pyext.dir/rosidl_generator_py/rtcm_msgs/_rtcm_msgs_s.ep.rosidl_typesupport_c.c.o[0m
[3.798s] [ 90%] [32mBuilding C object CMakeFiles/rtcm_msgs__rosidl_typesupport_introspection_c__pyext.dir/rosidl_generator_py/rtcm_msgs/_rtcm_msgs_s.ep.rosidl_typesupport_introspection_c.c.o[0m
[3.909s] [100%] [32m[1mLinking C shared library rosidl_generator_py/rtcm_msgs/rtcm_msgs_s__rosidl_typesupport_c.cpython-310-x86_64-linux-gnu.so[0m
[3.909s] [100%] [32m[1mLinking C shared library rosidl_generator_py/rtcm_msgs/rtcm_msgs_s__rosidl_typesupport_introspection_c.cpython-310-x86_64-linux-gnu.so[0m
[3.909s] [100%] [32m[1mLinking C shared library rosidl_generator_py/rtcm_msgs/rtcm_msgs_s__rosidl_typesupport_fastrtps_c.cpython-310-x86_64-linux-gnu.so[0m
[3.961s] [100%] Built target rtcm_msgs__rosidl_typesupport_introspection_c__pyext
[3.961s] [100%] Built target rtcm_msgs__rosidl_typesupport_fastrtps_c__pyext
[3.961s] [100%] Built target rtcm_msgs__rosidl_typesupport_c__pyext
[3.976s] Invoked command in '/home/yongjing-ub22/comms_nusmr/RTK_GPS_NTRIP_ws_YJ_laptop_only/build/rtcm_msgs' returned '0': CMAKE_PREFIX_PATH=${CMAKE_PREFIX_PATH}:/home/yongjing-ub22/comms_nusmr/mapviz_ws_YJ_laptop_only/install/path_publisher:/home/yongjing-ub22/comms_nusmr/mapviz_ws_YJ_laptop_only/install/gnss_path_publisher:/opt/ros/humble /usr/bin/cmake --build /home/yongjing-ub22/comms_nusmr/RTK_GPS_NTRIP_ws_YJ_laptop_only/build/rtcm_msgs -- -j20 -l20
[3.977s] Invoking command in '/home/yongjing-ub22/comms_nusmr/RTK_GPS_NTRIP_ws_YJ_laptop_only/build/rtcm_msgs': CMAKE_PREFIX_PATH=${CMAKE_PREFIX_PATH}:/home/yongjing-ub22/comms_nusmr/mapviz_ws_YJ_laptop_only/install/path_publisher:/home/yongjing-ub22/comms_nusmr/mapviz_ws_YJ_laptop_only/install/gnss_path_publisher:/opt/ros/humble /usr/bin/cmake --install /home/yongjing-ub22/comms_nusmr/RTK_GPS_NTRIP_ws_YJ_laptop_only/build/rtcm_msgs
[3.984s] -- Install configuration: ""
[3.984s] -- Installing: /home/yongjing-ub22/comms_nusmr/RTK_GPS_NTRIP_ws_YJ_laptop_only/install/rtcm_msgs/share/ament_index/resource_index/rosidl_interfaces/rtcm_msgs
[3.984s] -- Installing: /home/yongjing-ub22/comms_nusmr/RTK_GPS_NTRIP_ws_YJ_laptop_only/install/rtcm_msgs/include/rtcm_msgs/rtcm_msgs
[3.984s] -- Installing: /home/yongjing-ub22/comms_nusmr/RTK_GPS_NTRIP_ws_YJ_laptop_only/install/rtcm_msgs/include/rtcm_msgs/rtcm_msgs/msg
[3.984s] -- Installing: /home/yongjing-ub22/comms_nusmr/RTK_GPS_NTRIP_ws_YJ_laptop_only/install/rtcm_msgs/include/rtcm_msgs/rtcm_msgs/msg/message.h
[3.985s] -- Installing: /home/yongjing-ub22/comms_nusmr/RTK_GPS_NTRIP_ws_YJ_laptop_only/install/rtcm_msgs/include/rtcm_msgs/rtcm_msgs/msg/rosidl_generator_c__visibility_control.h
[3.985s] -- Installing: /home/yongjing-ub22/comms_nusmr/RTK_GPS_NTRIP_ws_YJ_laptop_only/install/rtcm_msgs/include/rtcm_msgs/rtcm_msgs/msg/detail
[3.985s] -- Installing: /home/yongjing-ub22/comms_nusmr/RTK_GPS_NTRIP_ws_YJ_laptop_only/install/rtcm_msgs/include/rtcm_msgs/rtcm_msgs/msg/detail/message__functions.h
[3.985s] -- Installing: /home/yongjing-ub22/comms_nusmr/RTK_GPS_NTRIP_ws_YJ_laptop_only/install/rtcm_msgs/include/rtcm_msgs/rtcm_msgs/msg/detail/message__struct.h
[3.985s] -- Installing: /home/yongjing-ub22/comms_nusmr/RTK_GPS_NTRIP_ws_YJ_laptop_only/install/rtcm_msgs/include/rtcm_msgs/rtcm_msgs/msg/detail/message__type_support.h
[3.985s] -- Installing: /home/yongjing-ub22/comms_nusmr/RTK_GPS_NTRIP_ws_YJ_laptop_only/install/rtcm_msgs/include/rtcm_msgs/rtcm_msgs/msg/detail/message__functions.c
[3.985s] -- Installing: /home/yongjing-ub22/comms_nusmr/RTK_GPS_NTRIP_ws_YJ_laptop_only/install/rtcm_msgs/share/rtcm_msgs/environment/library_path.sh
[3.985s] -- Installing: /home/yongjing-ub22/comms_nusmr/RTK_GPS_NTRIP_ws_YJ_laptop_only/install/rtcm_msgs/share/rtcm_msgs/environment/library_path.dsv
[3.985s] -- Installing: /home/yongjing-ub22/comms_nusmr/RTK_GPS_NTRIP_ws_YJ_laptop_only/install/rtcm_msgs/lib/librtcm_msgs__rosidl_generator_c.so
[3.985s] -- Set runtime path of "/home/yongjing-ub22/comms_nusmr/RTK_GPS_NTRIP_ws_YJ_laptop_only/install/rtcm_msgs/lib/librtcm_msgs__rosidl_generator_c.so" to ""
[3.985s] -- Up-to-date: /home/yongjing-ub22/comms_nusmr/RTK_GPS_NTRIP_ws_YJ_laptop_only/install/rtcm_msgs/include/rtcm_msgs/rtcm_msgs
[3.985s] -- Up-to-date: /home/yongjing-ub22/comms_nusmr/RTK_GPS_NTRIP_ws_YJ_laptop_only/install/rtcm_msgs/include/rtcm_msgs/rtcm_msgs/msg
[3.985s] -- Installing: /home/yongjing-ub22/comms_nusmr/RTK_GPS_NTRIP_ws_YJ_laptop_only/install/rtcm_msgs/include/rtcm_msgs/rtcm_msgs/msg/rosidl_typesupport_fastrtps_c__visibility_control.h
[3.985s] -- Up-to-date: /home/yongjing-ub22/comms_nusmr/RTK_GPS_NTRIP_ws_YJ_laptop_only/install/rtcm_msgs/include/rtcm_msgs/rtcm_msgs/msg/detail
[3.986s] -- Installing: /home/yongjing-ub22/comms_nusmr/RTK_GPS_NTRIP_ws_YJ_laptop_only/install/rtcm_msgs/include/rtcm_msgs/rtcm_msgs/msg/detail/message__rosidl_typesupport_fastrtps_c.h
[3.986s] -- Installing: /home/yongjing-ub22/comms_nusmr/RTK_GPS_NTRIP_ws_YJ_laptop_only/install/rtcm_msgs/lib/librtcm_msgs__rosidl_typesupport_fastrtps_c.so
[3.986s] -- Set runtime path of "/home/yongjing-ub22/comms_nusmr/RTK_GPS_NTRIP_ws_YJ_laptop_only/install/rtcm_msgs/lib/librtcm_msgs__rosidl_typesupport_fastrtps_c.so" to ""
[3.986s] -- Up-to-date: /home/yongjing-ub22/comms_nusmr/RTK_GPS_NTRIP_ws_YJ_laptop_only/install/rtcm_msgs/include/rtcm_msgs/rtcm_msgs
[3.986s] -- Up-to-date: /home/yongjing-ub22/comms_nusmr/RTK_GPS_NTRIP_ws_YJ_laptop_only/install/rtcm_msgs/include/rtcm_msgs/rtcm_msgs/msg
[3.986s] -- Installing: /home/yongjing-ub22/comms_nusmr/RTK_GPS_NTRIP_ws_YJ_laptop_only/install/rtcm_msgs/include/rtcm_msgs/rtcm_msgs/msg/message.hpp
[3.986s] -- Installing: /home/yongjing-ub22/comms_nusmr/RTK_GPS_NTRIP_ws_YJ_laptop_only/install/rtcm_msgs/include/rtcm_msgs/rtcm_msgs/msg/rosidl_generator_cpp__visibility_control.hpp
[3.986s] -- Up-to-date: /home/yongjing-ub22/comms_nusmr/RTK_GPS_NTRIP_ws_YJ_laptop_only/install/rtcm_msgs/include/rtcm_msgs/rtcm_msgs/msg/detail
[3.986s] -- Installing: /home/yongjing-ub22/comms_nusmr/RTK_GPS_NTRIP_ws_YJ_laptop_only/install/rtcm_msgs/include/rtcm_msgs/rtcm_msgs/msg/detail/message__type_support.hpp
[3.986s] -- Installing: /home/yongjing-ub22/comms_nusmr/RTK_GPS_NTRIP_ws_YJ_laptop_only/install/rtcm_msgs/include/rtcm_msgs/rtcm_msgs/msg/detail/message__traits.hpp
[3.987s] -- Installing: /home/yongjing-ub22/comms_nusmr/RTK_GPS_NTRIP_ws_YJ_laptop_only/install/rtcm_msgs/include/rtcm_msgs/rtcm_msgs/msg/detail/message__struct.hpp
[3.987s] -- Installing: /home/yongjing-ub22/comms_nusmr/RTK_GPS_NTRIP_ws_YJ_laptop_only/install/rtcm_msgs/include/rtcm_msgs/rtcm_msgs/msg/detail/message__builder.hpp
[3.987s] -- Up-to-date: /home/yongjing-ub22/comms_nusmr/RTK_GPS_NTRIP_ws_YJ_laptop_only/install/rtcm_msgs/include/rtcm_msgs/rtcm_msgs
[3.987s] -- Up-to-date: /home/yongjing-ub22/comms_nusmr/RTK_GPS_NTRIP_ws_YJ_laptop_only/install/rtcm_msgs/include/rtcm_msgs/rtcm_msgs/msg
[3.987s] -- Installing: /home/yongjing-ub22/comms_nusmr/RTK_GPS_NTRIP_ws_YJ_laptop_only/install/rtcm_msgs/include/rtcm_msgs/rtcm_msgs/msg/rosidl_typesupport_fastrtps_cpp__visibility_control.h
[3.988s] -- Up-to-date: /home/yongjing-ub22/comms_nusmr/RTK_GPS_NTRIP_ws_YJ_laptop_only/install/rtcm_msgs/include/rtcm_msgs/rtcm_msgs/msg/detail
[3.988s] -- Installing: /home/yongjing-ub22/comms_nusmr/RTK_GPS_NTRIP_ws_YJ_laptop_only/install/rtcm_msgs/include/rtcm_msgs/rtcm_msgs/msg/detail/message__rosidl_typesupport_fastrtps_cpp.hpp
[3.988s] -- Installing: /home/yongjing-ub22/comms_nusmr/RTK_GPS_NTRIP_ws_YJ_laptop_only/install/rtcm_msgs/include/rtcm_msgs/rtcm_msgs/msg/detail/dds_fastrtps
[3.988s] -- Installing: /home/yongjing-ub22/comms_nusmr/RTK_GPS_NTRIP_ws_YJ_laptop_only/install/rtcm_msgs/lib/librtcm_msgs__rosidl_typesupport_fastrtps_cpp.so
[3.988s] -- Set runtime path of "/home/yongjing-ub22/comms_nusmr/RTK_GPS_NTRIP_ws_YJ_laptop_only/install/rtcm_msgs/lib/librtcm_msgs__rosidl_typesupport_fastrtps_cpp.so" to ""
[3.988s] -- Up-to-date: /home/yongjing-ub22/comms_nusmr/RTK_GPS_NTRIP_ws_YJ_laptop_only/install/rtcm_msgs/include/rtcm_msgs/rtcm_msgs
[3.988s] -- Up-to-date: /home/yongjing-ub22/comms_nusmr/RTK_GPS_NTRIP_ws_YJ_laptop_only/install/rtcm_msgs/include/rtcm_msgs/rtcm_msgs/msg
[3.988s] -- Installing: /home/yongjing-ub22/comms_nusmr/RTK_GPS_NTRIP_ws_YJ_laptop_only/install/rtcm_msgs/include/rtcm_msgs/rtcm_msgs/msg/rosidl_typesupport_introspection_c__visibility_control.h
[3.988s] -- Up-to-date: /home/yongjing-ub22/comms_nusmr/RTK_GPS_NTRIP_ws_YJ_laptop_only/install/rtcm_msgs/include/rtcm_msgs/rtcm_msgs/msg/detail
[3.988s] -- Installing: /home/yongjing-ub22/comms_nusmr/RTK_GPS_NTRIP_ws_YJ_laptop_only/install/rtcm_msgs/include/rtcm_msgs/rtcm_msgs/msg/detail/message__rosidl_typesupport_introspection_c.h
[3.988s] -- Installing: /home/yongjing-ub22/comms_nusmr/RTK_GPS_NTRIP_ws_YJ_laptop_only/install/rtcm_msgs/include/rtcm_msgs/rtcm_msgs/msg/detail/message__type_support.c
[3.988s] -- Installing: /home/yongjing-ub22/comms_nusmr/RTK_GPS_NTRIP_ws_YJ_laptop_only/install/rtcm_msgs/lib/librtcm_msgs__rosidl_typesupport_introspection_c.so
[3.988s] -- Set runtime path of "/home/yongjing-ub22/comms_nusmr/RTK_GPS_NTRIP_ws_YJ_laptop_only/install/rtcm_msgs/lib/librtcm_msgs__rosidl_typesupport_introspection_c.so" to ""
[3.988s] -- Installing: /home/yongjing-ub22/comms_nusmr/RTK_GPS_NTRIP_ws_YJ_laptop_only/install/rtcm_msgs/lib/librtcm_msgs__rosidl_typesupport_c.so
[3.988s] -- Set runtime path of "/home/yongjing-ub22/comms_nusmr/RTK_GPS_NTRIP_ws_YJ_laptop_only/install/rtcm_msgs/lib/librtcm_msgs__rosidl_typesupport_c.so" to ""
[3.989s] -- Up-to-date: /home/yongjing-ub22/comms_nusmr/RTK_GPS_NTRIP_ws_YJ_laptop_only/install/rtcm_msgs/include/rtcm_msgs/rtcm_msgs
[3.989s] -- Up-to-date: /home/yongjing-ub22/comms_nusmr/RTK_GPS_NTRIP_ws_YJ_laptop_only/install/rtcm_msgs/include/rtcm_msgs/rtcm_msgs/msg
[3.989s] -- Up-to-date: /home/yongjing-ub22/comms_nusmr/RTK_GPS_NTRIP_ws_YJ_laptop_only/install/rtcm_msgs/include/rtcm_msgs/rtcm_msgs/msg/detail
[3.989s] -- Installing: /home/yongjing-ub22/comms_nusmr/RTK_GPS_NTRIP_ws_YJ_laptop_only/install/rtcm_msgs/include/rtcm_msgs/rtcm_msgs/msg/detail/message__type_support.cpp
[3.989s] -- Installing: /home/yongjing-ub22/comms_nusmr/RTK_GPS_NTRIP_ws_YJ_laptop_only/install/rtcm_msgs/include/rtcm_msgs/rtcm_msgs/msg/detail/message__rosidl_typesupport_introspection_cpp.hpp
[3.989s] -- Installing: /home/yongjing-ub22/comms_nusmr/RTK_GPS_NTRIP_ws_YJ_laptop_only/install/rtcm_msgs/lib/librtcm_msgs__rosidl_typesupport_introspection_cpp.so
[3.989s] -- Set runtime path of "/home/yongjing-ub22/comms_nusmr/RTK_GPS_NTRIP_ws_YJ_laptop_only/install/rtcm_msgs/lib/librtcm_msgs__rosidl_typesupport_introspection_cpp.so" to ""
[3.989s] -- Installing: /home/yongjing-ub22/comms_nusmr/RTK_GPS_NTRIP_ws_YJ_laptop_only/install/rtcm_msgs/lib/librtcm_msgs__rosidl_typesupport_cpp.so
[3.989s] -- Set runtime path of "/home/yongjing-ub22/comms_nusmr/RTK_GPS_NTRIP_ws_YJ_laptop_only/install/rtcm_msgs/lib/librtcm_msgs__rosidl_typesupport_cpp.so" to ""
[3.989s] -- Installing: /home/yongjing-ub22/comms_nusmr/RTK_GPS_NTRIP_ws_YJ_laptop_only/install/rtcm_msgs/share/rtcm_msgs/environment/pythonpath.sh
[3.989s] -- Installing: /home/yongjing-ub22/comms_nusmr/RTK_GPS_NTRIP_ws_YJ_laptop_only/install/rtcm_msgs/share/rtcm_msgs/environment/pythonpath.dsv
[3.989s] -- Installing: /home/yongjing-ub22/comms_nusmr/RTK_GPS_NTRIP_ws_YJ_laptop_only/install/rtcm_msgs/local/lib/python3.10/dist-packages/rtcm_msgs-1.1.6-py3.10.egg-info
[3.989s] -- Installing: /home/yongjing-ub22/comms_nusmr/RTK_GPS_NTRIP_ws_YJ_laptop_only/install/rtcm_msgs/local/lib/python3.10/dist-packages/rtcm_msgs-1.1.6-py3.10.egg-info/PKG-INFO
[3.989s] -- Installing: /home/yongjing-ub22/comms_nusmr/RTK_GPS_NTRIP_ws_YJ_laptop_only/install/rtcm_msgs/local/lib/python3.10/dist-packages/rtcm_msgs-1.1.6-py3.10.egg-info/dependency_links.txt
[3.989s] -- Installing: /home/yongjing-ub22/comms_nusmr/RTK_GPS_NTRIP_ws_YJ_laptop_only/install/rtcm_msgs/local/lib/python3.10/dist-packages/rtcm_msgs-1.1.6-py3.10.egg-info/top_level.txt
[3.989s] -- Installing: /home/yongjing-ub22/comms_nusmr/RTK_GPS_NTRIP_ws_YJ_laptop_only/install/rtcm_msgs/local/lib/python3.10/dist-packages/rtcm_msgs-1.1.6-py3.10.egg-info/SOURCES.txt
[3.989s] -- Installing: /home/yongjing-ub22/comms_nusmr/RTK_GPS_NTRIP_ws_YJ_laptop_only/install/rtcm_msgs/local/lib/python3.10/dist-packages/rtcm_msgs
[3.990s] -- Installing: /home/yongjing-ub22/comms_nusmr/RTK_GPS_NTRIP_ws_YJ_laptop_only/install/rtcm_msgs/local/lib/python3.10/dist-packages/rtcm_msgs/rtcm_msgs_s__rosidl_typesupport_c.cpython-310-x86_64-linux-gnu.so
[3.990s] -- Installing: /home/yongjing-ub22/comms_nusmr/RTK_GPS_NTRIP_ws_YJ_laptop_only/install/rtcm_msgs/local/lib/python3.10/dist-packages/rtcm_msgs/rtcm_msgs_s__rosidl_typesupport_introspection_c.cpython-310-x86_64-linux-gnu.so
[3.990s] -- Installing: /home/yongjing-ub22/comms_nusmr/RTK_GPS_NTRIP_ws_YJ_laptop_only/install/rtcm_msgs/local/lib/python3.10/dist-packages/rtcm_msgs/msg
[3.990s] -- Installing: /home/yongjing-ub22/comms_nusmr/RTK_GPS_NTRIP_ws_YJ_laptop_only/install/rtcm_msgs/local/lib/python3.10/dist-packages/rtcm_msgs/msg/_message.py
[3.990s] -- Installing: /home/yongjing-ub22/comms_nusmr/RTK_GPS_NTRIP_ws_YJ_laptop_only/install/rtcm_msgs/local/lib/python3.10/dist-packages/rtcm_msgs/msg/__init__.py
[3.990s] -- Installing: /home/yongjing-ub22/comms_nusmr/RTK_GPS_NTRIP_ws_YJ_laptop_only/install/rtcm_msgs/local/lib/python3.10/dist-packages/rtcm_msgs/msg/_message_s.c
[3.990s] -- Installing: /home/yongjing-ub22/comms_nusmr/RTK_GPS_NTRIP_ws_YJ_laptop_only/install/rtcm_msgs/local/lib/python3.10/dist-packages/rtcm_msgs/_rtcm_msgs_s.ep.rosidl_typesupport_c.c
[3.990s] -- Installing: /home/yongjing-ub22/comms_nusmr/RTK_GPS_NTRIP_ws_YJ_laptop_only/install/rtcm_msgs/local/lib/python3.10/dist-packages/rtcm_msgs/_rtcm_msgs_s.ep.rosidl_typesupport_introspection_c.c
[3.990s] -- Installing: /home/yongjing-ub22/comms_nusmr/RTK_GPS_NTRIP_ws_YJ_laptop_only/install/rtcm_msgs/local/lib/python3.10/dist-packages/rtcm_msgs/__init__.py
[3.990s] -- Installing: /home/yongjing-ub22/comms_nusmr/RTK_GPS_NTRIP_ws_YJ_laptop_only/install/rtcm_msgs/local/lib/python3.10/dist-packages/rtcm_msgs/rtcm_msgs_s__rosidl_typesupport_fastrtps_c.cpython-310-x86_64-linux-gnu.so
[3.990s] -- Installing: /home/yongjing-ub22/comms_nusmr/RTK_GPS_NTRIP_ws_YJ_laptop_only/install/rtcm_msgs/local/lib/python3.10/dist-packages/rtcm_msgs/_rtcm_msgs_s.ep.rosidl_typesupport_fastrtps_c.c
[3.990s] -- Installing: /home/yongjing-ub22/comms_nusmr/RTK_GPS_NTRIP_ws_YJ_laptop_only/install/rtcm_msgs/local/lib/python3.10/dist-packages/rtcm_msgs/librtcm_msgs__rosidl_generator_py.so
[4.031s] Listing '/home/yongjing-ub22/comms_nusmr/RTK_GPS_NTRIP_ws_YJ_laptop_only/install/rtcm_msgs/local/lib/python3.10/dist-packages/rtcm_msgs'...
[4.031s] Compiling '/home/yongjing-ub22/comms_nusmr/RTK_GPS_NTRIP_ws_YJ_laptop_only/install/rtcm_msgs/local/lib/python3.10/dist-packages/rtcm_msgs/__init__.py'...
[4.031s] Listing '/home/yongjing-ub22/comms_nusmr/RTK_GPS_NTRIP_ws_YJ_laptop_only/install/rtcm_msgs/local/lib/python3.10/dist-packages/rtcm_msgs/msg'...
[4.031s] Compiling '/home/yongjing-ub22/comms_nusmr/RTK_GPS_NTRIP_ws_YJ_laptop_only/install/rtcm_msgs/local/lib/python3.10/dist-packages/rtcm_msgs/msg/__init__.py'...
[4.032s] Compiling '/home/yongjing-ub22/comms_nusmr/RTK_GPS_NTRIP_ws_YJ_laptop_only/install/rtcm_msgs/local/lib/python3.10/dist-packages/rtcm_msgs/msg/_message.py'...
[4.038s] -- Installing: /home/yongjing-ub22/comms_nusmr/RTK_GPS_NTRIP_ws_YJ_laptop_only/install/rtcm_msgs/local/lib/python3.10/dist-packages/rtcm_msgs/rtcm_msgs_s__rosidl_typesupport_fastrtps_c.cpython-310-x86_64-linux-gnu.so
[4.038s] -- Set runtime path of "/home/yongjing-ub22/comms_nusmr/RTK_GPS_NTRIP_ws_YJ_laptop_only/install/rtcm_msgs/local/lib/python3.10/dist-packages/rtcm_msgs/rtcm_msgs_s__rosidl_typesupport_fastrtps_c.cpython-310-x86_64-linux-gnu.so" to ""
[4.038s] -- Installing: /home/yongjing-ub22/comms_nusmr/RTK_GPS_NTRIP_ws_YJ_laptop_only/install/rtcm_msgs/local/lib/python3.10/dist-packages/rtcm_msgs/rtcm_msgs_s__rosidl_typesupport_introspection_c.cpython-310-x86_64-linux-gnu.so
[4.038s] -- Set runtime path of "/home/yongjing-ub22/comms_nusmr/RTK_GPS_NTRIP_ws_YJ_laptop_only/install/rtcm_msgs/local/lib/python3.10/dist-packages/rtcm_msgs/rtcm_msgs_s__rosidl_typesupport_introspection_c.cpython-310-x86_64-linux-gnu.so" to ""
[4.038s] -- Installing: /home/yongjing-ub22/comms_nusmr/RTK_GPS_NTRIP_ws_YJ_laptop_only/install/rtcm_msgs/local/lib/python3.10/dist-packages/rtcm_msgs/rtcm_msgs_s__rosidl_typesupport_c.cpython-310-x86_64-linux-gnu.so
[4.038s] -- Set runtime path of "/home/yongjing-ub22/comms_nusmr/RTK_GPS_NTRIP_ws_YJ_laptop_only/install/rtcm_msgs/local/lib/python3.10/dist-packages/rtcm_msgs/rtcm_msgs_s__rosidl_typesupport_c.cpython-310-x86_64-linux-gnu.so" to ""
[4.038s] -- Installing: /home/yongjing-ub22/comms_nusmr/RTK_GPS_NTRIP_ws_YJ_laptop_only/install/rtcm_msgs/lib/librtcm_msgs__rosidl_generator_py.so
[4.039s] -- Set runtime path of "/home/yongjing-ub22/comms_nusmr/RTK_GPS_NTRIP_ws_YJ_laptop_only/install/rtcm_msgs/lib/librtcm_msgs__rosidl_generator_py.so" to ""
[4.039s] -- Installing: /home/yongjing-ub22/comms_nusmr/RTK_GPS_NTRIP_ws_YJ_laptop_only/install/rtcm_msgs/share/rtcm_msgs/msg/Message.idl
[4.039s] -- Installing: /home/yongjing-ub22/comms_nusmr/RTK_GPS_NTRIP_ws_YJ_laptop_only/install/rtcm_msgs/share/rtcm_msgs/msg/Message.msg
[4.039s] -- Installing: /home/yongjing-ub22/comms_nusmr/RTK_GPS_NTRIP_ws_YJ_laptop_only/install/rtcm_msgs/share/ament_index/resource_index/package_run_dependencies/rtcm_msgs
[4.039s] -- Installing: /home/yongjing-ub22/comms_nusmr/RTK_GPS_NTRIP_ws_YJ_laptop_only/install/rtcm_msgs/share/ament_index/resource_index/parent_prefix_path/rtcm_msgs
[4.040s] -- Installing: /home/yongjing-ub22/comms_nusmr/RTK_GPS_NTRIP_ws_YJ_laptop_only/install/rtcm_msgs/share/rtcm_msgs/environment/ament_prefix_path.sh
[4.040s] -- Installing: /home/yongjing-ub22/comms_nusmr/RTK_GPS_NTRIP_ws_YJ_laptop_only/install/rtcm_msgs/share/rtcm_msgs/environment/ament_prefix_path.dsv
[4.040s] -- Installing: /home/yongjing-ub22/comms_nusmr/RTK_GPS_NTRIP_ws_YJ_laptop_only/install/rtcm_msgs/share/rtcm_msgs/environment/path.sh
[4.040s] -- Installing: /home/yongjing-ub22/comms_nusmr/RTK_GPS_NTRIP_ws_YJ_laptop_only/install/rtcm_msgs/share/rtcm_msgs/environment/path.dsv
[4.040s] -- Installing: /home/yongjing-ub22/comms_nusmr/RTK_GPS_NTRIP_ws_YJ_laptop_only/install/rtcm_msgs/share/rtcm_msgs/local_setup.bash
[4.041s] -- Installing: /home/yongjing-ub22/comms_nusmr/RTK_GPS_NTRIP_ws_YJ_laptop_only/install/rtcm_msgs/share/rtcm_msgs/local_setup.sh
[4.041s] -- Installing: /home/yongjing-ub22/comms_nusmr/RTK_GPS_NTRIP_ws_YJ_laptop_only/install/rtcm_msgs/share/rtcm_msgs/local_setup.zsh
[4.041s] -- Installing: /home/yongjing-ub22/comms_nusmr/RTK_GPS_NTRIP_ws_YJ_laptop_only/install/rtcm_msgs/share/rtcm_msgs/local_setup.dsv
[4.042s] -- Installing: /home/yongjing-ub22/comms_nusmr/RTK_GPS_NTRIP_ws_YJ_laptop_only/install/rtcm_msgs/share/rtcm_msgs/package.dsv
[4.042s] -- Installing: /home/yongjing-ub22/comms_nusmr/RTK_GPS_NTRIP_ws_YJ_laptop_only/install/rtcm_msgs/share/ament_index/resource_index/packages/rtcm_msgs
[4.042s] -- Installing: /home/yongjing-ub22/comms_nusmr/RTK_GPS_NTRIP_ws_YJ_laptop_only/install/rtcm_msgs/share/rtcm_msgs/cmake/export_rtcm_msgs__rosidl_generator_cExport.cmake
[4.042s] -- Installing: /home/yongjing-ub22/comms_nusmr/RTK_GPS_NTRIP_ws_YJ_laptop_only/install/rtcm_msgs/share/rtcm_msgs/cmake/export_rtcm_msgs__rosidl_generator_cExport-noconfig.cmake
[4.043s] -- Installing: /home/yongjing-ub22/comms_nusmr/RTK_GPS_NTRIP_ws_YJ_laptop_only/install/rtcm_msgs/share/rtcm_msgs/cmake/export_rtcm_msgs__rosidl_typesupport_fastrtps_cExport.cmake
[4.043s] -- Installing: /home/yongjing-ub22/comms_nusmr/RTK_GPS_NTRIP_ws_YJ_laptop_only/install/rtcm_msgs/share/rtcm_msgs/cmake/export_rtcm_msgs__rosidl_typesupport_fastrtps_cExport-noconfig.cmake
[4.043s] -- Installing: /home/yongjing-ub22/comms_nusmr/RTK_GPS_NTRIP_ws_YJ_laptop_only/install/rtcm_msgs/share/rtcm_msgs/cmake/export_rtcm_msgs__rosidl_generator_cppExport.cmake
[4.043s] -- Installing: /home/yongjing-ub22/comms_nusmr/RTK_GPS_NTRIP_ws_YJ_laptop_only/install/rtcm_msgs/share/rtcm_msgs/cmake/export_rtcm_msgs__rosidl_typesupport_fastrtps_cppExport.cmake
[4.044s] -- Installing: /home/yongjing-ub22/comms_nusmr/RTK_GPS_NTRIP_ws_YJ_laptop_only/install/rtcm_msgs/share/rtcm_msgs/cmake/export_rtcm_msgs__rosidl_typesupport_fastrtps_cppExport-noconfig.cmake
[4.044s] -- Installing: /home/yongjing-ub22/comms_nusmr/RTK_GPS_NTRIP_ws_YJ_laptop_only/install/rtcm_msgs/share/rtcm_msgs/cmake/rtcm_msgs__rosidl_typesupport_introspection_cExport.cmake
[4.044s] -- Installing: /home/yongjing-ub22/comms_nusmr/RTK_GPS_NTRIP_ws_YJ_laptop_only/install/rtcm_msgs/share/rtcm_msgs/cmake/rtcm_msgs__rosidl_typesupport_introspection_cExport-noconfig.cmake
[4.044s] -- Installing: /home/yongjing-ub22/comms_nusmr/RTK_GPS_NTRIP_ws_YJ_laptop_only/install/rtcm_msgs/share/rtcm_msgs/cmake/rtcm_msgs__rosidl_typesupport_cExport.cmake
[4.044s] -- Installing: /home/yongjing-ub22/comms_nusmr/RTK_GPS_NTRIP_ws_YJ_laptop_only/install/rtcm_msgs/share/rtcm_msgs/cmake/rtcm_msgs__rosidl_typesupport_cExport-noconfig.cmake
[4.044s] -- Installing: /home/yongjing-ub22/comms_nusmr/RTK_GPS_NTRIP_ws_YJ_laptop_only/install/rtcm_msgs/share/rtcm_msgs/cmake/rtcm_msgs__rosidl_typesupport_introspection_cppExport.cmake
[4.044s] -- Installing: /home/yongjing-ub22/comms_nusmr/RTK_GPS_NTRIP_ws_YJ_laptop_only/install/rtcm_msgs/share/rtcm_msgs/cmake/rtcm_msgs__rosidl_typesupport_introspection_cppExport-noconfig.cmake
[4.044s] -- Installing: /home/yongjing-ub22/comms_nusmr/RTK_GPS_NTRIP_ws_YJ_laptop_only/install/rtcm_msgs/share/rtcm_msgs/cmake/rtcm_msgs__rosidl_typesupport_cppExport.cmake
[4.044s] -- Installing: /home/yongjing-ub22/comms_nusmr/RTK_GPS_NTRIP_ws_YJ_laptop_only/install/rtcm_msgs/share/rtcm_msgs/cmake/rtcm_msgs__rosidl_typesupport_cppExport-noconfig.cmake
[4.044s] -- Installing: /home/yongjing-ub22/comms_nusmr/RTK_GPS_NTRIP_ws_YJ_laptop_only/install/rtcm_msgs/share/rtcm_msgs/cmake/export_rtcm_msgs__rosidl_generator_pyExport.cmake
[4.045s] -- Installing: /home/yongjing-ub22/comms_nusmr/RTK_GPS_NTRIP_ws_YJ_laptop_only/install/rtcm_msgs/share/rtcm_msgs/cmake/export_rtcm_msgs__rosidl_generator_pyExport-noconfig.cmake
[4.045s] -- Installing: /home/yongjing-ub22/comms_nusmr/RTK_GPS_NTRIP_ws_YJ_laptop_only/install/rtcm_msgs/share/rtcm_msgs/cmake/rosidl_cmake-extras.cmake
[4.045s] -- Installing: /home/yongjing-ub22/comms_nusmr/RTK_GPS_NTRIP_ws_YJ_laptop_only/install/rtcm_msgs/share/rtcm_msgs/cmake/ament_cmake_export_dependencies-extras.cmake
[4.045s] -- Installing: /home/yongjing-ub22/comms_nusmr/RTK_GPS_NTRIP_ws_YJ_laptop_only/install/rtcm_msgs/share/rtcm_msgs/cmake/ament_cmake_export_include_directories-extras.cmake
[4.045s] -- Installing: /home/yongjing-ub22/comms_nusmr/RTK_GPS_NTRIP_ws_YJ_laptop_only/install/rtcm_msgs/share/rtcm_msgs/cmake/ament_cmake_export_libraries-extras.cmake
[4.045s] -- Installing: /home/yongjing-ub22/comms_nusmr/RTK_GPS_NTRIP_ws_YJ_laptop_only/install/rtcm_msgs/share/rtcm_msgs/cmake/ament_cmake_export_targets-extras.cmake
[4.045s] -- Installing: /home/yongjing-ub22/comms_nusmr/RTK_GPS_NTRIP_ws_YJ_laptop_only/install/rtcm_msgs/share/rtcm_msgs/cmake/rosidl_cmake_export_typesupport_targets-extras.cmake
[4.045s] -- Installing: /home/yongjing-ub22/comms_nusmr/RTK_GPS_NTRIP_ws_YJ_laptop_only/install/rtcm_msgs/share/rtcm_msgs/cmake/rosidl_cmake_export_typesupport_libraries-extras.cmake
[4.045s] -- Installing: /home/yongjing-ub22/comms_nusmr/RTK_GPS_NTRIP_ws_YJ_laptop_only/install/rtcm_msgs/share/rtcm_msgs/cmake/rtcm_msgsConfig.cmake
[4.045s] -- Installing: /home/yongjing-ub22/comms_nusmr/RTK_GPS_NTRIP_ws_YJ_laptop_only/install/rtcm_msgs/share/rtcm_msgs/cmake/rtcm_msgsConfig-version.cmake
[4.045s] -- Installing: /home/yongjing-ub22/comms_nusmr/RTK_GPS_NTRIP_ws_YJ_laptop_only/install/rtcm_msgs/share/rtcm_msgs/package.xml
[4.048s] Invoked command in '/home/yongjing-ub22/comms_nusmr/RTK_GPS_NTRIP_ws_YJ_laptop_only/build/rtcm_msgs' returned '0': CMAKE_PREFIX_PATH=${CMAKE_PREFIX_PATH}:/home/yongjing-ub22/comms_nusmr/mapviz_ws_YJ_laptop_only/install/path_publisher:/home/yongjing-ub22/comms_nusmr/mapviz_ws_YJ_laptop_only/install/gnss_path_publisher:/opt/ros/humble /usr/bin/cmake --install /home/yongjing-ub22/comms_nusmr/RTK_GPS_NTRIP_ws_YJ_laptop_only/build/rtcm_msgs
