[0.011s] Invoking command in '/home/yongjing-ub22/comms_nusmr/RTK_GPS_NTRIP_ws_YJ_laptop_only/build/fix2nmea': AMENT_PREFIX_PATH=/home/yongjing-ub22/comms_nusmr/RTK_GPS_NTRIP_ws_YJ_laptop_only/install/ublox_msgs:/home/yongjing-ub22/comms_nusmr/RTK_GPS_NTRIP_ws_YJ_laptop_only/install/ublox_serialization:${AMENT_PREFIX_PATH} CMAKE_PREFIX_PATH=/home/yongjing-ub22/comms_nusmr/RTK_GPS_NTRIP_ws_YJ_laptop_only/install/ublox_msgs:/home/yongjing-ub22/comms_nusmr/RTK_GPS_NTRIP_ws_YJ_laptop_only/install/ublox_serialization:/home/yongjing-ub22/comms_nusmr/mapviz_ws_YJ_laptop_only/install/tile_map:/home/yongjing-ub22/comms_nusmr/mapviz_ws_YJ_laptop_only/install/multires_image:/home/yongjing-ub22/comms_nusmr/mapviz_ws_YJ_laptop_only/install/mapviz_plugins:/home/yongjing-ub22/comms_nusmr/mapviz_ws_YJ_laptop_only/install/mapviz:/home/yongjing-ub22/comms_nusmr/mapviz_ws_YJ_laptop_only/install/mapviz_interfaces:/home/yongjing-ub22/comms_nusmr/mapviz_ws_YJ_laptop_only/install/path_publisher:/home/yongjing-ub22/comms_nusmr/mapviz_ws_YJ_laptop_only/install/gnss_path_publisher:/opt/ros/humble LD_LIBRARY_PATH=/home/yongjing-ub22/comms_nusmr/RTK_GPS_NTRIP_ws_YJ_laptop_only/install/ublox_msgs/lib:${LD_LIBRARY_PATH} PYTHONPATH=/home/yongjing-ub22/comms_nusmr/RTK_GPS_NTRIP_ws_YJ_laptop_only/install/ublox_msgs/local/lib/python3.10/dist-packages:${PYTHONPATH} /usr/bin/cmake /home/yongjing-ub22/comms_nusmr/RTK_GPS_NTRIP_ws_YJ_laptop_only/src/RTK_GPS_NTRIP/fix2nmea -DCMAKE_INSTALL_PREFIX=/home/yongjing-ub22/comms_nusmr/RTK_GPS_NTRIP_ws_YJ_laptop_only/install/fix2nmea
[0.074s] -- The C compiler identification is GNU 11.4.0
[0.136s] -- The CXX compiler identification is GNU 11.4.0
[0.144s] -- Detecting C compiler ABI info
[0.219s] -- Detecting C compiler ABI info - done
[0.228s] -- Check for working C compiler: /usr/bin/cc - skipped
[0.228s] -- Detecting C compile features
[0.229s] -- Detecting C compile features - done
[0.232s] -- Detecting CXX compiler ABI info
[0.317s] -- Detecting CXX compiler ABI info - done
[0.326s] -- Check for working CXX compiler: /usr/bin/c++ - skipped
[0.326s] -- Detecting CXX compile features
[0.326s] -- Detecting CXX compile features - done
[0.329s] -- Found ament_cmake: 1.3.11 (/opt/ros/humble/share/ament_cmake/cmake)
[0.491s] -- Found Python3: /usr/bin/python3 (found version "3.10.12") found components: Interpreter 
[0.585s] -- Found rclcpp: 16.0.11 (/opt/ros/humble/share/rclcpp/cmake)
[0.626s] -- Found rosidl_generator_c: 3.1.6 (/opt/ros/humble/share/rosidl_generator_c/cmake)
[0.634s] -- Found rosidl_adapter: 3.1.6 (/opt/ros/humble/share/rosidl_adapter/cmake)
[0.646s] -- Found rosidl_generator_cpp: 3.1.6 (/opt/ros/humble/share/rosidl_generator_cpp/cmake)
[0.662s] -- Using all available rosidl_typesupport_c: rosidl_typesupport_fastrtps_c;rosidl_typesupport_introspection_c
[0.678s] -- Using all available rosidl_typesupport_cpp: rosidl_typesupport_fastrtps_cpp;rosidl_typesupport_introspection_cpp
[0.721s] -- Found rmw_implementation_cmake: 6.1.2 (/opt/ros/humble/share/rmw_implementation_cmake/cmake)
[0.724s] -- Found rmw_fastrtps_cpp: 6.2.7 (/opt/ros/humble/share/rmw_fastrtps_cpp/cmake)
[0.821s] -- Found OpenSSL: /usr/lib/x86_64-linux-gnu/libcrypto.so (found version "3.0.2")  
[0.848s] -- Found FastRTPS: /opt/ros/humble/include  
[0.888s] -- Using RMW implementation 'rmw_fastrtps_cpp' as default
[0.903s] -- Looking for pthread.h
[0.982s] -- Looking for pthread.h - found
[0.982s] -- Performing Test CMAKE_HAVE_LIBC_PTHREAD
[1.068s] -- Performing Test CMAKE_HAVE_LIBC_PTHREAD - Success
[1.069s] -- Found Threads: TRUE  
[1.127s] -- Found nmea_msgs: 2.0.0 (/opt/ros/humble/share/nmea_msgs/cmake)
[1.150s] -- Found sensor_msgs: 4.2.4 (/opt/ros/humble/share/sensor_msgs/cmake)
[1.180s] -- Found ublox_msgs: 2.3.0 (/home/yongjing-ub22/comms_nusmr/RTK_GPS_NTRIP_ws_YJ_laptop_only/install/ublox_msgs/share/ublox_msgs/cmake)
[1.201s] -- Found ament_lint_auto: 0.12.11 (/opt/ros/humble/share/ament_lint_auto/cmake)
[1.291s] -- Added test 'cppcheck' to perform static code analysis on C / C++ code
[1.291s] -- Configured cppcheck include dirs: 
[1.291s] -- Configured cppcheck exclude dirs and/or files: 
[1.291s] -- Added test 'lint_cmake' to check CMake code style
[1.292s] -- Added test 'uncrustify' to check C / C++ code style
[1.292s] -- Configured uncrustify additional arguments: 
[1.293s] -- Added test 'xmllint' to check XML markup files
[1.294s] -- Configuring done
[1.304s] -- Generating done
[1.308s] -- Build files have been written to: /home/yongjing-ub22/comms_nusmr/RTK_GPS_NTRIP_ws_YJ_laptop_only/build/fix2nmea
[1.318s] Invoked command in '/home/yongjing-ub22/comms_nusmr/RTK_GPS_NTRIP_ws_YJ_laptop_only/build/fix2nmea' returned '0': AMENT_PREFIX_PATH=/home/yongjing-ub22/comms_nusmr/RTK_GPS_NTRIP_ws_YJ_laptop_only/install/ublox_msgs:/home/yongjing-ub22/comms_nusmr/RTK_GPS_NTRIP_ws_YJ_laptop_only/install/ublox_serialization:${AMENT_PREFIX_PATH} CMAKE_PREFIX_PATH=/home/yongjing-ub22/comms_nusmr/RTK_GPS_NTRIP_ws_YJ_laptop_only/install/ublox_msgs:/home/yongjing-ub22/comms_nusmr/RTK_GPS_NTRIP_ws_YJ_laptop_only/install/ublox_serialization:/home/yongjing-ub22/comms_nusmr/mapviz_ws_YJ_laptop_only/install/tile_map:/home/yongjing-ub22/comms_nusmr/mapviz_ws_YJ_laptop_only/install/multires_image:/home/yongjing-ub22/comms_nusmr/mapviz_ws_YJ_laptop_only/install/mapviz_plugins:/home/yongjing-ub22/comms_nusmr/mapviz_ws_YJ_laptop_only/install/mapviz:/home/yongjing-ub22/comms_nusmr/mapviz_ws_YJ_laptop_only/install/mapviz_interfaces:/home/yongjing-ub22/comms_nusmr/mapviz_ws_YJ_laptop_only/install/path_publisher:/home/yongjing-ub22/comms_nusmr/mapviz_ws_YJ_laptop_only/install/gnss_path_publisher:/opt/ros/humble LD_LIBRARY_PATH=/home/yongjing-ub22/comms_nusmr/RTK_GPS_NTRIP_ws_YJ_laptop_only/install/ublox_msgs/lib:${LD_LIBRARY_PATH} PYTHONPATH=/home/yongjing-ub22/comms_nusmr/RTK_GPS_NTRIP_ws_YJ_laptop_only/install/ublox_msgs/local/lib/python3.10/dist-packages:${PYTHONPATH} /usr/bin/cmake /home/yongjing-ub22/comms_nusmr/RTK_GPS_NTRIP_ws_YJ_laptop_only/src/RTK_GPS_NTRIP/fix2nmea -DCMAKE_INSTALL_PREFIX=/home/yongjing-ub22/comms_nusmr/RTK_GPS_NTRIP_ws_YJ_laptop_only/install/fix2nmea
[1.321s] Invoking command in '/home/yongjing-ub22/comms_nusmr/RTK_GPS_NTRIP_ws_YJ_laptop_only/build/fix2nmea': AMENT_PREFIX_PATH=/home/yongjing-ub22/comms_nusmr/RTK_GPS_NTRIP_ws_YJ_laptop_only/install/ublox_msgs:/home/yongjing-ub22/comms_nusmr/RTK_GPS_NTRIP_ws_YJ_laptop_only/install/ublox_serialization:${AMENT_PREFIX_PATH} CMAKE_PREFIX_PATH=/home/yongjing-ub22/comms_nusmr/RTK_GPS_NTRIP_ws_YJ_laptop_only/install/ublox_msgs:/home/yongjing-ub22/comms_nusmr/RTK_GPS_NTRIP_ws_YJ_laptop_only/install/ublox_serialization:/home/yongjing-ub22/comms_nusmr/mapviz_ws_YJ_laptop_only/install/tile_map:/home/yongjing-ub22/comms_nusmr/mapviz_ws_YJ_laptop_only/install/multires_image:/home/yongjing-ub22/comms_nusmr/mapviz_ws_YJ_laptop_only/install/mapviz_plugins:/home/yongjing-ub22/comms_nusmr/mapviz_ws_YJ_laptop_only/install/mapviz:/home/yongjing-ub22/comms_nusmr/mapviz_ws_YJ_laptop_only/install/mapviz_interfaces:/home/yongjing-ub22/comms_nusmr/mapviz_ws_YJ_laptop_only/install/path_publisher:/home/yongjing-ub22/comms_nusmr/mapviz_ws_YJ_laptop_only/install/gnss_path_publisher:/opt/ros/humble LD_LIBRARY_PATH=/home/yongjing-ub22/comms_nusmr/RTK_GPS_NTRIP_ws_YJ_laptop_only/install/ublox_msgs/lib:${LD_LIBRARY_PATH} PYTHONPATH=/home/yongjing-ub22/comms_nusmr/RTK_GPS_NTRIP_ws_YJ_laptop_only/install/ublox_msgs/local/lib/python3.10/dist-packages:${PYTHONPATH} /usr/bin/cmake --build /home/yongjing-ub22/comms_nusmr/RTK_GPS_NTRIP_ws_YJ_laptop_only/build/fix2nmea -- -j20 -l20
[1.395s] [ 50%] [32mBuilding CXX object CMakeFiles/fix2nmea.dir/src/fix2nmea.cpp.o[0m
[21.158s] [100%] [32m[1mLinking CXX executable fix2nmea[0m
[21.994s] [100%] Built target fix2nmea
[22.019s] Invoked command in '/home/yongjing-ub22/comms_nusmr/RTK_GPS_NTRIP_ws_YJ_laptop_only/build/fix2nmea' returned '0': AMENT_PREFIX_PATH=/home/yongjing-ub22/comms_nusmr/RTK_GPS_NTRIP_ws_YJ_laptop_only/install/ublox_msgs:/home/yongjing-ub22/comms_nusmr/RTK_GPS_NTRIP_ws_YJ_laptop_only/install/ublox_serialization:${AMENT_PREFIX_PATH} CMAKE_PREFIX_PATH=/home/yongjing-ub22/comms_nusmr/RTK_GPS_NTRIP_ws_YJ_laptop_only/install/ublox_msgs:/home/yongjing-ub22/comms_nusmr/RTK_GPS_NTRIP_ws_YJ_laptop_only/install/ublox_serialization:/home/yongjing-ub22/comms_nusmr/mapviz_ws_YJ_laptop_only/install/tile_map:/home/yongjing-ub22/comms_nusmr/mapviz_ws_YJ_laptop_only/install/multires_image:/home/yongjing-ub22/comms_nusmr/mapviz_ws_YJ_laptop_only/install/mapviz_plugins:/home/yongjing-ub22/comms_nusmr/mapviz_ws_YJ_laptop_only/install/mapviz:/home/yongjing-ub22/comms_nusmr/mapviz_ws_YJ_laptop_only/install/mapviz_interfaces:/home/yongjing-ub22/comms_nusmr/mapviz_ws_YJ_laptop_only/install/path_publisher:/home/yongjing-ub22/comms_nusmr/mapviz_ws_YJ_laptop_only/install/gnss_path_publisher:/opt/ros/humble LD_LIBRARY_PATH=/home/yongjing-ub22/comms_nusmr/RTK_GPS_NTRIP_ws_YJ_laptop_only/install/ublox_msgs/lib:${LD_LIBRARY_PATH} PYTHONPATH=/home/yongjing-ub22/comms_nusmr/RTK_GPS_NTRIP_ws_YJ_laptop_only/install/ublox_msgs/local/lib/python3.10/dist-packages:${PYTHONPATH} /usr/bin/cmake --build /home/yongjing-ub22/comms_nusmr/RTK_GPS_NTRIP_ws_YJ_laptop_only/build/fix2nmea -- -j20 -l20
[22.023s] Invoking command in '/home/yongjing-ub22/comms_nusmr/RTK_GPS_NTRIP_ws_YJ_laptop_only/build/fix2nmea': AMENT_PREFIX_PATH=/home/yongjing-ub22/comms_nusmr/RTK_GPS_NTRIP_ws_YJ_laptop_only/install/ublox_msgs:/home/yongjing-ub22/comms_nusmr/RTK_GPS_NTRIP_ws_YJ_laptop_only/install/ublox_serialization:${AMENT_PREFIX_PATH} CMAKE_PREFIX_PATH=/home/yongjing-ub22/comms_nusmr/RTK_GPS_NTRIP_ws_YJ_laptop_only/install/ublox_msgs:/home/yongjing-ub22/comms_nusmr/RTK_GPS_NTRIP_ws_YJ_laptop_only/install/ublox_serialization:/home/yongjing-ub22/comms_nusmr/mapviz_ws_YJ_laptop_only/install/tile_map:/home/yongjing-ub22/comms_nusmr/mapviz_ws_YJ_laptop_only/install/multires_image:/home/yongjing-ub22/comms_nusmr/mapviz_ws_YJ_laptop_only/install/mapviz_plugins:/home/yongjing-ub22/comms_nusmr/mapviz_ws_YJ_laptop_only/install/mapviz:/home/yongjing-ub22/comms_nusmr/mapviz_ws_YJ_laptop_only/install/mapviz_interfaces:/home/yongjing-ub22/comms_nusmr/mapviz_ws_YJ_laptop_only/install/path_publisher:/home/yongjing-ub22/comms_nusmr/mapviz_ws_YJ_laptop_only/install/gnss_path_publisher:/opt/ros/humble LD_LIBRARY_PATH=/home/yongjing-ub22/comms_nusmr/RTK_GPS_NTRIP_ws_YJ_laptop_only/install/ublox_msgs/lib:${LD_LIBRARY_PATH} PYTHONPATH=/home/yongjing-ub22/comms_nusmr/RTK_GPS_NTRIP_ws_YJ_laptop_only/install/ublox_msgs/local/lib/python3.10/dist-packages:${PYTHONPATH} /usr/bin/cmake --install /home/yongjing-ub22/comms_nusmr/RTK_GPS_NTRIP_ws_YJ_laptop_only/build/fix2nmea
[22.045s] -- Install configuration: ""
[22.046s] -- Installing: /home/yongjing-ub22/comms_nusmr/RTK_GPS_NTRIP_ws_YJ_laptop_only/install/fix2nmea/lib/fix2nmea/fix2nmea
[22.049s] -- Set runtime path of "/home/yongjing-ub22/comms_nusmr/RTK_GPS_NTRIP_ws_YJ_laptop_only/install/fix2nmea/lib/fix2nmea/fix2nmea" to ""
[22.049s] -- Installing: /home/yongjing-ub22/comms_nusmr/RTK_GPS_NTRIP_ws_YJ_laptop_only/install/fix2nmea/share/ament_index/resource_index/package_run_dependencies/fix2nmea
[22.050s] -- Installing: /home/yongjing-ub22/comms_nusmr/RTK_GPS_NTRIP_ws_YJ_laptop_only/install/fix2nmea/share/ament_index/resource_index/parent_prefix_path/fix2nmea
[22.051s] -- Installing: /home/yongjing-ub22/comms_nusmr/RTK_GPS_NTRIP_ws_YJ_laptop_only/install/fix2nmea/share/fix2nmea/environment/ament_prefix_path.sh
[22.052s] -- Installing: /home/yongjing-ub22/comms_nusmr/RTK_GPS_NTRIP_ws_YJ_laptop_only/install/fix2nmea/share/fix2nmea/environment/ament_prefix_path.dsv
[22.052s] -- Installing: /home/yongjing-ub22/comms_nusmr/RTK_GPS_NTRIP_ws_YJ_laptop_only/install/fix2nmea/share/fix2nmea/environment/path.sh
[22.053s] -- Installing: /home/yongjing-ub22/comms_nusmr/RTK_GPS_NTRIP_ws_YJ_laptop_only/install/fix2nmea/share/fix2nmea/environment/path.dsv
[22.053s] -- Installing: /home/yongjing-ub22/comms_nusmr/RTK_GPS_NTRIP_ws_YJ_laptop_only/install/fix2nmea/share/fix2nmea/local_setup.bash
[22.055s] -- Installing: /home/yongjing-ub22/comms_nusmr/RTK_GPS_NTRIP_ws_YJ_laptop_only/install/fix2nmea/share/fix2nmea/local_setup.sh
[22.056s] -- Installing: /home/yongjing-ub22/comms_nusmr/RTK_GPS_NTRIP_ws_YJ_laptop_only/install/fix2nmea/share/fix2nmea/local_setup.zsh
[22.056s] -- Installing: /home/yongjing-ub22/comms_nusmr/RTK_GPS_NTRIP_ws_YJ_laptop_only/install/fix2nmea/share/fix2nmea/local_setup.dsv
[22.056s] -- Installing: /home/yongjing-ub22/comms_nusmr/RTK_GPS_NTRIP_ws_YJ_laptop_only/install/fix2nmea/share/fix2nmea/package.dsv
[22.057s] -- Installing: /home/yongjing-ub22/comms_nusmr/RTK_GPS_NTRIP_ws_YJ_laptop_only/install/fix2nmea/share/ament_index/resource_index/packages/fix2nmea
[22.057s] -- Installing: /home/yongjing-ub22/comms_nusmr/RTK_GPS_NTRIP_ws_YJ_laptop_only/install/fix2nmea/share/fix2nmea/cmake/fix2nmeaConfig.cmake
[22.057s] -- Installing: /home/yongjing-ub22/comms_nusmr/RTK_GPS_NTRIP_ws_YJ_laptop_only/install/fix2nmea/share/fix2nmea/cmake/fix2nmeaConfig-version.cmake
[22.058s] -- Installing: /home/yongjing-ub22/comms_nusmr/RTK_GPS_NTRIP_ws_YJ_laptop_only/install/fix2nmea/share/fix2nmea/package.xml
[22.063s] Invoked command in '/home/yongjing-ub22/comms_nusmr/RTK_GPS_NTRIP_ws_YJ_laptop_only/build/fix2nmea' returned '0': AMENT_PREFIX_PATH=/home/yongjing-ub22/comms_nusmr/RTK_GPS_NTRIP_ws_YJ_laptop_only/install/ublox_msgs:/home/yongjing-ub22/comms_nusmr/RTK_GPS_NTRIP_ws_YJ_laptop_only/install/ublox_serialization:${AMENT_PREFIX_PATH} CMAKE_PREFIX_PATH=/home/yongjing-ub22/comms_nusmr/RTK_GPS_NTRIP_ws_YJ_laptop_only/install/ublox_msgs:/home/yongjing-ub22/comms_nusmr/RTK_GPS_NTRIP_ws_YJ_laptop_only/install/ublox_serialization:/home/yongjing-ub22/comms_nusmr/mapviz_ws_YJ_laptop_only/install/tile_map:/home/yongjing-ub22/comms_nusmr/mapviz_ws_YJ_laptop_only/install/multires_image:/home/yongjing-ub22/comms_nusmr/mapviz_ws_YJ_laptop_only/install/mapviz_plugins:/home/yongjing-ub22/comms_nusmr/mapviz_ws_YJ_laptop_only/install/mapviz:/home/yongjing-ub22/comms_nusmr/mapviz_ws_YJ_laptop_only/install/mapviz_interfaces:/home/yongjing-ub22/comms_nusmr/mapviz_ws_YJ_laptop_only/install/path_publisher:/home/yongjing-ub22/comms_nusmr/mapviz_ws_YJ_laptop_only/install/gnss_path_publisher:/opt/ros/humble LD_LIBRARY_PATH=/home/yongjing-ub22/comms_nusmr/RTK_GPS_NTRIP_ws_YJ_laptop_only/install/ublox_msgs/lib:${LD_LIBRARY_PATH} PYTHONPATH=/home/yongjing-ub22/comms_nusmr/RTK_GPS_NTRIP_ws_YJ_laptop_only/install/ublox_msgs/local/lib/python3.10/dist-packages:${PYTHONPATH} /usr/bin/cmake --install /home/yongjing-ub22/comms_nusmr/RTK_GPS_NTRIP_ws_YJ_laptop_only/build/fix2nmea
