[35m[1mConsolidate compiler generated dependencies of target mapviz_plugins[0m
[100%] Built target mapviz_plugins
-- Install configuration: ""
-- Up-to-date: /home/yongjing-ub22/comms_nusmr/mapviz_ws_YJ_laptop_only/install/mapviz_plugins/include/mapviz_plugins
-- Up-to-date: /home/yongjing-ub22/comms_nusmr/mapviz_ws_YJ_laptop_only/install/mapviz_plugins/include/mapviz_plugins/pose_plugin.h
-- Up-to-date: /home/yongjing-ub22/comms_nusmr/mapviz_ws_YJ_laptop_only/install/mapviz_plugins/include/mapviz_plugins/grid_plugin.h
-- Up-to-date: /home/yongjing-ub22/comms_nusmr/mapviz_ws_YJ_laptop_only/install/mapviz_plugins/include/mapviz_plugins/marker_plugin.h
-- Up-to-date: /home/yongjing-ub22/comms_nusmr/mapviz_ws_YJ_laptop_only/install/mapviz_plugins/include/mapviz_plugins/odometry_plugin.h
-- Up-to-date: /home/yongjing-ub22/comms_nusmr/mapviz_ws_YJ_laptop_only/install/mapviz_plugins/include/mapviz_plugins/robot_image_plugin.h
-- Up-to-date: /home/yongjing-ub22/comms_nusmr/mapviz_ws_YJ_laptop_only/install/mapviz_plugins/include/mapviz_plugins/measuring_plugin.h
-- Up-to-date: /home/yongjing-ub22/comms_nusmr/mapviz_ws_YJ_laptop_only/install/mapviz_plugins/include/mapviz_plugins/occupancy_grid_plugin.h
-- Up-to-date: /home/yongjing-ub22/comms_nusmr/mapviz_ws_YJ_laptop_only/install/mapviz_plugins/include/mapviz_plugins/topic_select.h
-- Up-to-date: /home/yongjing-ub22/comms_nusmr/mapviz_ws_YJ_laptop_only/install/mapviz_plugins/include/mapviz_plugins/plan_route_plugin.h
-- Up-to-date: /home/yongjing-ub22/comms_nusmr/mapviz_ws_YJ_laptop_only/install/mapviz_plugins/include/mapviz_plugins/canvas_click_filter.h
-- Up-to-date: /home/yongjing-ub22/comms_nusmr/mapviz_ws_YJ_laptop_only/install/mapviz_plugins/include/mapviz_plugins/point_click_publisher_plugin.h
-- Up-to-date: /home/yongjing-ub22/comms_nusmr/mapviz_ws_YJ_laptop_only/install/mapviz_plugins/include/mapviz_plugins/laserscan_plugin.h
-- Up-to-date: /home/yongjing-ub22/comms_nusmr/mapviz_ws_YJ_laptop_only/install/mapviz_plugins/include/mapviz_plugins/coordinate_picker_plugin.h
-- Up-to-date: /home/yongjing-ub22/comms_nusmr/mapviz_ws_YJ_laptop_only/install/mapviz_plugins/include/mapviz_plugins/path_plugin.h
-- Up-to-date: /home/yongjing-ub22/comms_nusmr/mapviz_ws_YJ_laptop_only/install/mapviz_plugins/include/mapviz_plugins/image_plugin.h
-- Up-to-date: /home/yongjing-ub22/comms_nusmr/mapviz_ws_YJ_laptop_only/install/mapviz_plugins/include/mapviz_plugins/placeable_window_proxy.h
-- Up-to-date: /home/yongjing-ub22/comms_nusmr/mapviz_ws_YJ_laptop_only/install/mapviz_plugins/include/mapviz_plugins/textured_marker_plugin.h
-- Up-to-date: /home/yongjing-ub22/comms_nusmr/mapviz_ws_YJ_laptop_only/install/mapviz_plugins/include/mapviz_plugins/navsat_plugin.h
-- Up-to-date: /home/yongjing-ub22/comms_nusmr/mapviz_ws_YJ_laptop_only/install/mapviz_plugins/include/mapviz_plugins/float_plugin.h
-- Up-to-date: /home/yongjing-ub22/comms_nusmr/mapviz_ws_YJ_laptop_only/install/mapviz_plugins/include/mapviz_plugins/tf_frame_plugin.h
-- Up-to-date: /home/yongjing-ub22/comms_nusmr/mapviz_ws_YJ_laptop_only/install/mapviz_plugins/include/mapviz_plugins/point_drawing_plugin.h
-- Up-to-date: /home/yongjing-ub22/comms_nusmr/mapviz_ws_YJ_laptop_only/install/mapviz_plugins/include/mapviz_plugins/attitude_indicator_plugin.h
-- Up-to-date: /home/yongjing-ub22/comms_nusmr/mapviz_ws_YJ_laptop_only/install/mapviz_plugins/include/mapviz_plugins/draw_polygon_plugin.h
-- Up-to-date: /home/yongjing-ub22/comms_nusmr/mapviz_ws_YJ_laptop_only/install/mapviz_plugins/include/mapviz_plugins/pointcloud2_plugin.h
-- Up-to-date: /home/yongjing-ub22/comms_nusmr/mapviz_ws_YJ_laptop_only/install/mapviz_plugins/include/mapviz_plugins/string_plugin.h
-- Up-to-date: /home/yongjing-ub22/comms_nusmr/mapviz_ws_YJ_laptop_only/install/mapviz_plugins/include/mapviz_plugins/move_base_plugin.h
-- Up-to-date: /home/yongjing-ub22/comms_nusmr/mapviz_ws_YJ_laptop_only/install/mapviz_plugins/include/mapviz_plugins/gps_plugin.h
-- Up-to-date: /home/yongjing-ub22/comms_nusmr/mapviz_ws_YJ_laptop_only/install/mapviz_plugins/include/mapviz_plugins/route_plugin.h
-- Up-to-date: /home/yongjing-ub22/comms_nusmr/mapviz_ws_YJ_laptop_only/install/mapviz_plugins/include/mapviz_plugins/disparity_plugin.h
-- Up-to-date: /home/yongjing-ub22/comms_nusmr/mapviz_ws_YJ_laptop_only/install/mapviz_plugins/include/mapviz_plugins/ui_topicselect.h
-- Up-to-date: /home/yongjing-ub22/comms_nusmr/mapviz_ws_YJ_laptop_only/install/mapviz_plugins/lib/libmapviz_plugins.so
-- Up-to-date: /home/yongjing-ub22/comms_nusmr/mapviz_ws_YJ_laptop_only/install/mapviz_plugins/share/mapviz_plugins/mapviz_plugins.xml
-- Up-to-date: /home/yongjing-ub22/comms_nusmr/mapviz_ws_YJ_laptop_only/install/mapviz_plugins/share/mapviz_plugins/environment/library_path.sh
-- Up-to-date: /home/yongjing-ub22/comms_nusmr/mapviz_ws_YJ_laptop_only/install/mapviz_plugins/share/mapviz_plugins/environment/library_path.dsv
-- Up-to-date: /home/yongjing-ub22/comms_nusmr/mapviz_ws_YJ_laptop_only/install/mapviz_plugins/share/ament_index/resource_index/package_run_dependencies/mapviz_plugins
-- Up-to-date: /home/yongjing-ub22/comms_nusmr/mapviz_ws_YJ_laptop_only/install/mapviz_plugins/share/ament_index/resource_index/parent_prefix_path/mapviz_plugins
-- Up-to-date: /home/yongjing-ub22/comms_nusmr/mapviz_ws_YJ_laptop_only/install/mapviz_plugins/share/mapviz_plugins/environment/ament_prefix_path.sh
-- Up-to-date: /home/yongjing-ub22/comms_nusmr/mapviz_ws_YJ_laptop_only/install/mapviz_plugins/share/mapviz_plugins/environment/ament_prefix_path.dsv
-- Up-to-date: /home/yongjing-ub22/comms_nusmr/mapviz_ws_YJ_laptop_only/install/mapviz_plugins/share/mapviz_plugins/environment/path.sh
-- Up-to-date: /home/yongjing-ub22/comms_nusmr/mapviz_ws_YJ_laptop_only/install/mapviz_plugins/share/mapviz_plugins/environment/path.dsv
-- Up-to-date: /home/yongjing-ub22/comms_nusmr/mapviz_ws_YJ_laptop_only/install/mapviz_plugins/share/mapviz_plugins/local_setup.bash
-- Up-to-date: /home/yongjing-ub22/comms_nusmr/mapviz_ws_YJ_laptop_only/install/mapviz_plugins/share/mapviz_plugins/local_setup.sh
-- Up-to-date: /home/yongjing-ub22/comms_nusmr/mapviz_ws_YJ_laptop_only/install/mapviz_plugins/share/mapviz_plugins/local_setup.zsh
-- Up-to-date: /home/yongjing-ub22/comms_nusmr/mapviz_ws_YJ_laptop_only/install/mapviz_plugins/share/mapviz_plugins/local_setup.dsv
-- Installing: /home/yongjing-ub22/comms_nusmr/mapviz_ws_YJ_laptop_only/install/mapviz_plugins/share/mapviz_plugins/package.dsv
-- Up-to-date: /home/yongjing-ub22/comms_nusmr/mapviz_ws_YJ_laptop_only/install/mapviz_plugins/share/ament_index/resource_index/packages/mapviz_plugins
-- Up-to-date: /home/yongjing-ub22/comms_nusmr/mapviz_ws_YJ_laptop_only/install/mapviz_plugins/share/ament_index/resource_index/mapviz__pluginlib__plugin/mapviz_plugins
-- Up-to-date: /home/yongjing-ub22/comms_nusmr/mapviz_ws_YJ_laptop_only/install/mapviz_plugins/share/mapviz_plugins/cmake/ament_cmake_export_dependencies-extras.cmake
-- Up-to-date: /home/yongjing-ub22/comms_nusmr/mapviz_ws_YJ_laptop_only/install/mapviz_plugins/share/mapviz_plugins/cmake/ament_cmake_export_include_directories-extras.cmake
-- Up-to-date: /home/yongjing-ub22/comms_nusmr/mapviz_ws_YJ_laptop_only/install/mapviz_plugins/share/mapviz_plugins/cmake/ament_cmake_export_libraries-extras.cmake
-- Up-to-date: /home/yongjing-ub22/comms_nusmr/mapviz_ws_YJ_laptop_only/install/mapviz_plugins/share/mapviz_plugins/cmake/mapviz_pluginsConfig.cmake
-- Up-to-date: /home/yongjing-ub22/comms_nusmr/mapviz_ws_YJ_laptop_only/install/mapviz_plugins/share/mapviz_plugins/cmake/mapviz_pluginsConfig-version.cmake
-- Up-to-date: /home/yongjing-ub22/comms_nusmr/mapviz_ws_YJ_laptop_only/install/mapviz_plugins/share/mapviz_plugins/package.xml
