[0.730s] Invoking command in '/home/yongjing-ub22/comms_nusmr/RTK_GPS_NTRIP_ws_YJ_laptop_only/src/RTK_GPS_NTRIP/ntrip_client': PYTHONPATH=/home/yongjing-ub22/comms_nusmr/RTK_GPS_NTRIP_ws_YJ_laptop_only/build/ntrip_client/prefix_override:/usr/lib/python3/dist-packages/colcon_core/task/python/colcon_distutils_commands:/home/yongjing-ub22/comms_nusmr/RTK_GPS_NTRIP_ws_YJ_laptop_only/install/ntrip_client/lib/python3.10/site-packages:${PYTHONPATH} /usr/bin/python3 -W ignore:setup.py install is deprecated -W ignore:easy_install command is deprecated setup.py egg_info --egg-base ../../../build/ntrip_client build --build-base /home/yongjing-ub22/comms_nusmr/RTK_GPS_NTRIP_ws_YJ_laptop_only/build/ntrip_client/build install --record /home/yongjing-ub22/comms_nusmr/RTK_GPS_NTRIP_ws_YJ_laptop_only/build/ntrip_client/install.log --single-version-externally-managed install_data
[1.012s] running egg_info
[1.013s] creating ../../../build/ntrip_client/ntrip_client.egg-info
[1.013s] writing ../../../build/ntrip_client/ntrip_client.egg-info/PKG-INFO
[1.014s] writing dependency_links to ../../../build/ntrip_client/ntrip_client.egg-info/dependency_links.txt
[1.014s] writing requirements to ../../../build/ntrip_client/ntrip_client.egg-info/requires.txt
[1.014s] writing top-level names to ../../../build/ntrip_client/ntrip_client.egg-info/top_level.txt
[1.015s] writing manifest file '../../../build/ntrip_client/ntrip_client.egg-info/SOURCES.txt'
[1.017s] reading manifest file '../../../build/ntrip_client/ntrip_client.egg-info/SOURCES.txt'
[1.018s] adding license file 'LICENSE'
[1.018s] writing manifest file '../../../build/ntrip_client/ntrip_client.egg-info/SOURCES.txt'
[1.018s] running build
[1.019s] running build_py
[1.019s] creating /home/yongjing-ub22/comms_nusmr/RTK_GPS_NTRIP_ws_YJ_laptop_only/build/ntrip_client/build
[1.019s] creating /home/yongjing-ub22/comms_nusmr/RTK_GPS_NTRIP_ws_YJ_laptop_only/build/ntrip_client/build/lib
[1.020s] creating /home/yongjing-ub22/comms_nusmr/RTK_GPS_NTRIP_ws_YJ_laptop_only/build/ntrip_client/build/lib/ntrip_client
[1.020s] copying src/ntrip_client/ntrip_client.py -> /home/yongjing-ub22/comms_nusmr/RTK_GPS_NTRIP_ws_YJ_laptop_only/build/ntrip_client/build/lib/ntrip_client
[1.020s] copying src/ntrip_client/nmea_parser.py -> /home/yongjing-ub22/comms_nusmr/RTK_GPS_NTRIP_ws_YJ_laptop_only/build/ntrip_client/build/lib/ntrip_client
[1.020s] copying src/ntrip_client/__init__.py -> /home/yongjing-ub22/comms_nusmr/RTK_GPS_NTRIP_ws_YJ_laptop_only/build/ntrip_client/build/lib/ntrip_client
[1.020s] copying src/ntrip_client/rtcm_parser.py -> /home/yongjing-ub22/comms_nusmr/RTK_GPS_NTRIP_ws_YJ_laptop_only/build/ntrip_client/build/lib/ntrip_client
[1.020s] running build_scripts
[1.021s] creating /home/yongjing-ub22/comms_nusmr/RTK_GPS_NTRIP_ws_YJ_laptop_only/build/ntrip_client/build/scripts-3.10
[1.021s] copying and adjusting scripts/ntrip_ros.py -> /home/yongjing-ub22/comms_nusmr/RTK_GPS_NTRIP_ws_YJ_laptop_only/build/ntrip_client/build/scripts-3.10
[1.021s] changing mode of /home/yongjing-ub22/comms_nusmr/RTK_GPS_NTRIP_ws_YJ_laptop_only/build/ntrip_client/build/scripts-3.10/ntrip_ros.py from 664 to 775
[1.021s] running install
[1.021s] running install_lib
[1.021s] creating /home/yongjing-ub22/comms_nusmr/RTK_GPS_NTRIP_ws_YJ_laptop_only/install/ntrip_client/lib/python3.10/site-packages/ntrip_client
[1.021s] copying /home/yongjing-ub22/comms_nusmr/RTK_GPS_NTRIP_ws_YJ_laptop_only/build/ntrip_client/build/lib/ntrip_client/ntrip_client.py -> /home/yongjing-ub22/comms_nusmr/RTK_GPS_NTRIP_ws_YJ_laptop_only/install/ntrip_client/lib/python3.10/site-packages/ntrip_client
[1.022s] copying /home/yongjing-ub22/comms_nusmr/RTK_GPS_NTRIP_ws_YJ_laptop_only/build/ntrip_client/build/lib/ntrip_client/nmea_parser.py -> /home/yongjing-ub22/comms_nusmr/RTK_GPS_NTRIP_ws_YJ_laptop_only/install/ntrip_client/lib/python3.10/site-packages/ntrip_client
[1.022s] copying /home/yongjing-ub22/comms_nusmr/RTK_GPS_NTRIP_ws_YJ_laptop_only/build/ntrip_client/build/lib/ntrip_client/__init__.py -> /home/yongjing-ub22/comms_nusmr/RTK_GPS_NTRIP_ws_YJ_laptop_only/install/ntrip_client/lib/python3.10/site-packages/ntrip_client
[1.022s] copying /home/yongjing-ub22/comms_nusmr/RTK_GPS_NTRIP_ws_YJ_laptop_only/build/ntrip_client/build/lib/ntrip_client/rtcm_parser.py -> /home/yongjing-ub22/comms_nusmr/RTK_GPS_NTRIP_ws_YJ_laptop_only/install/ntrip_client/lib/python3.10/site-packages/ntrip_client
[1.022s] byte-compiling /home/yongjing-ub22/comms_nusmr/RTK_GPS_NTRIP_ws_YJ_laptop_only/install/ntrip_client/lib/python3.10/site-packages/ntrip_client/ntrip_client.py to ntrip_client.cpython-310.pyc
[1.024s] byte-compiling /home/yongjing-ub22/comms_nusmr/RTK_GPS_NTRIP_ws_YJ_laptop_only/install/ntrip_client/lib/python3.10/site-packages/ntrip_client/nmea_parser.py to nmea_parser.cpython-310.pyc
[1.024s] byte-compiling /home/yongjing-ub22/comms_nusmr/RTK_GPS_NTRIP_ws_YJ_laptop_only/install/ntrip_client/lib/python3.10/site-packages/ntrip_client/__init__.py to __init__.cpython-310.pyc
[1.024s] byte-compiling /home/yongjing-ub22/comms_nusmr/RTK_GPS_NTRIP_ws_YJ_laptop_only/install/ntrip_client/lib/python3.10/site-packages/ntrip_client/rtcm_parser.py to rtcm_parser.cpython-310.pyc
[1.025s] running install_data
[1.025s] creating /home/yongjing-ub22/comms_nusmr/RTK_GPS_NTRIP_ws_YJ_laptop_only/install/ntrip_client/share/ament_index
[1.026s] creating /home/yongjing-ub22/comms_nusmr/RTK_GPS_NTRIP_ws_YJ_laptop_only/install/ntrip_client/share/ament_index/resource_index
[1.026s] creating /home/yongjing-ub22/comms_nusmr/RTK_GPS_NTRIP_ws_YJ_laptop_only/install/ntrip_client/share/ament_index/resource_index/packages
[1.026s] copying resource/ntrip_client -> /home/yongjing-ub22/comms_nusmr/RTK_GPS_NTRIP_ws_YJ_laptop_only/install/ntrip_client/share/ament_index/resource_index/packages
[1.026s] copying package.xml -> /home/yongjing-ub22/comms_nusmr/RTK_GPS_NTRIP_ws_YJ_laptop_only/install/ntrip_client/share/ntrip_client
[1.026s] copying launch/ntrip_client_launch.py -> /home/yongjing-ub22/comms_nusmr/RTK_GPS_NTRIP_ws_YJ_laptop_only/install/ntrip_client/share/ntrip_client
[1.026s] running install_egg_info
[1.028s] Copying ../../../build/ntrip_client/ntrip_client.egg-info to /home/yongjing-ub22/comms_nusmr/RTK_GPS_NTRIP_ws_YJ_laptop_only/install/ntrip_client/lib/python3.10/site-packages/ntrip_client-1.2.0-py3.10.egg-info
[1.029s] running install_scripts
[1.049s] creating /home/yongjing-ub22/comms_nusmr/RTK_GPS_NTRIP_ws_YJ_laptop_only/install/ntrip_client/lib/ntrip_client
[1.049s] copying /home/yongjing-ub22/comms_nusmr/RTK_GPS_NTRIP_ws_YJ_laptop_only/build/ntrip_client/build/scripts-3.10/ntrip_ros.py -> /home/yongjing-ub22/comms_nusmr/RTK_GPS_NTRIP_ws_YJ_laptop_only/install/ntrip_client/lib/ntrip_client
[1.049s] changing mode of /home/yongjing-ub22/comms_nusmr/RTK_GPS_NTRIP_ws_YJ_laptop_only/install/ntrip_client/lib/ntrip_client/ntrip_ros.py to 775
[1.050s] writing list of installed files to '/home/yongjing-ub22/comms_nusmr/RTK_GPS_NTRIP_ws_YJ_laptop_only/build/ntrip_client/install.log'
[1.077s] Invoked command in '/home/yongjing-ub22/comms_nusmr/RTK_GPS_NTRIP_ws_YJ_laptop_only/src/RTK_GPS_NTRIP/ntrip_client' returned '0': PYTHONPATH=/home/yongjing-ub22/comms_nusmr/RTK_GPS_NTRIP_ws_YJ_laptop_only/build/ntrip_client/prefix_override:/usr/lib/python3/dist-packages/colcon_core/task/python/colcon_distutils_commands:/home/yongjing-ub22/comms_nusmr/RTK_GPS_NTRIP_ws_YJ_laptop_only/install/ntrip_client/lib/python3.10/site-packages:${PYTHONPATH} /usr/bin/python3 -W ignore:setup.py install is deprecated -W ignore:easy_install command is deprecated setup.py egg_info --egg-base ../../../build/ntrip_client build --build-base /home/yongjing-ub22/comms_nusmr/RTK_GPS_NTRIP_ws_YJ_laptop_only/build/ntrip_client/build install --record /home/yongjing-ub22/comms_nusmr/RTK_GPS_NTRIP_ws_YJ_laptop_only/build/ntrip_client/install.log --single-version-externally-managed install_data
