[0.010s] Invoking command in '/home/yongjing-ub22/RTK_GPS_NTRIP_ws/build/ublox_serialization': CMAKE_PREFIX_PATH=/opt/ros/humble /usr/bin/cmake /home/yongjing-ub22/RTK_GPS_NTRIP_ws/src/RTK_GPS_NTRIP/ublox_serialization -DCMAKE_INSTALL_PREFIX=/home/yongjing-ub22/RTK_GPS_NTRIP_ws/install/ublox_serialization
[0.111s] -- The C compiler identification is GNU 11.4.0
[0.190s] -- The CXX compiler identification is GNU 11.4.0
[0.197s] -- Detecting C compiler ABI info
[0.250s] -- Detecting C compiler ABI info - done
[0.255s] -- Check for working C compiler: /usr/bin/cc - skipped
[0.255s] -- Detecting C compile features
[0.255s] -- Detecting C compile features - done
[0.257s] -- Detecting CXX compiler ABI info
[0.311s] -- Detecting CXX compiler ABI info - done
[0.318s] -- Check for working CXX compiler: /usr/bin/c++ - skipped
[0.318s] -- Detecting CXX compile features
[0.318s] -- Detecting CXX compile features - done
[0.320s] -- Found ament_cmake: 1.3.10 (/opt/ros/humble/share/ament_cmake/cmake)
[0.426s] -- Found Python3: /usr/bin/python3 (found version "3.10.12") found components: Interpreter 
[0.534s] -- Configuring done
[0.536s] -- Generating done
[0.536s] -- Build files have been written to: /home/yongjing-ub22/RTK_GPS_NTRIP_ws/build/ublox_serialization
[0.540s] Invoked command in '/home/yongjing-ub22/RTK_GPS_NTRIP_ws/build/ublox_serialization' returned '0': CMAKE_PREFIX_PATH=/opt/ros/humble /usr/bin/cmake /home/yongjing-ub22/RTK_GPS_NTRIP_ws/src/RTK_GPS_NTRIP/ublox_serialization -DCMAKE_INSTALL_PREFIX=/home/yongjing-ub22/RTK_GPS_NTRIP_ws/install/ublox_serialization
[0.540s] Invoking command in '/home/yongjing-ub22/RTK_GPS_NTRIP_ws/build/ublox_serialization': CMAKE_PREFIX_PATH=/opt/ros/humble /usr/bin/cmake --build /home/yongjing-ub22/RTK_GPS_NTRIP_ws/build/ublox_serialization -- -j20 -l20
[0.564s] Invoked command in '/home/yongjing-ub22/RTK_GPS_NTRIP_ws/build/ublox_serialization' returned '0': CMAKE_PREFIX_PATH=/opt/ros/humble /usr/bin/cmake --build /home/yongjing-ub22/RTK_GPS_NTRIP_ws/build/ublox_serialization -- -j20 -l20
[0.584s] Invoking command in '/home/yongjing-ub22/RTK_GPS_NTRIP_ws/build/ublox_serialization': CMAKE_PREFIX_PATH=/opt/ros/humble /usr/bin/cmake --install /home/yongjing-ub22/RTK_GPS_NTRIP_ws/build/ublox_serialization
[0.588s] -- Install configuration: ""
[0.588s] -- Installing: /home/yongjing-ub22/RTK_GPS_NTRIP_ws/install/ublox_serialization/include/ublox_serialization
[0.588s] -- Installing: /home/yongjing-ub22/RTK_GPS_NTRIP_ws/install/ublox_serialization/include/ublox_serialization/ublox_serialization
[0.588s] -- Installing: /home/yongjing-ub22/RTK_GPS_NTRIP_ws/install/ublox_serialization/include/ublox_serialization/ublox_serialization/checksum.hpp
[0.588s] -- Installing: /home/yongjing-ub22/RTK_GPS_NTRIP_ws/install/ublox_serialization/include/ublox_serialization/ublox_serialization/serialization.hpp
[0.588s] -- Installing: /home/yongjing-ub22/RTK_GPS_NTRIP_ws/install/ublox_serialization/share/ament_index/resource_index/package_run_dependencies/ublox_serialization
[0.588s] -- Installing: /home/yongjing-ub22/RTK_GPS_NTRIP_ws/install/ublox_serialization/share/ament_index/resource_index/parent_prefix_path/ublox_serialization
[0.588s] -- Installing: /home/yongjing-ub22/RTK_GPS_NTRIP_ws/install/ublox_serialization/share/ublox_serialization/environment/ament_prefix_path.sh
[0.588s] -- Installing: /home/yongjing-ub22/RTK_GPS_NTRIP_ws/install/ublox_serialization/share/ublox_serialization/environment/ament_prefix_path.dsv
[0.588s] -- Installing: /home/yongjing-ub22/RTK_GPS_NTRIP_ws/install/ublox_serialization/share/ublox_serialization/environment/path.sh
[0.588s] -- Installing: /home/yongjing-ub22/RTK_GPS_NTRIP_ws/install/ublox_serialization/share/ublox_serialization/environment/path.dsv
[0.589s] -- Installing: /home/yongjing-ub22/RTK_GPS_NTRIP_ws/install/ublox_serialization/share/ublox_serialization/local_setup.bash
[0.589s] -- Installing: /home/yongjing-ub22/RTK_GPS_NTRIP_ws/install/ublox_serialization/share/ublox_serialization/local_setup.sh
[0.589s] -- Installing: /home/yongjing-ub22/RTK_GPS_NTRIP_ws/install/ublox_serialization/share/ublox_serialization/local_setup.zsh
[0.589s] -- Installing: /home/yongjing-ub22/RTK_GPS_NTRIP_ws/install/ublox_serialization/share/ublox_serialization/local_setup.dsv
[0.589s] -- Installing: /home/yongjing-ub22/RTK_GPS_NTRIP_ws/install/ublox_serialization/share/ublox_serialization/package.dsv
[0.589s] -- Installing: /home/yongjing-ub22/RTK_GPS_NTRIP_ws/install/ublox_serialization/share/ament_index/resource_index/packages/ublox_serialization
[0.589s] -- Installing: /home/yongjing-ub22/RTK_GPS_NTRIP_ws/install/ublox_serialization/share/ublox_serialization/cmake/export_ublox_serializationExport.cmake
[0.589s] -- Installing: /home/yongjing-ub22/RTK_GPS_NTRIP_ws/install/ublox_serialization/share/ublox_serialization/cmake/ament_cmake_export_include_directories-extras.cmake
[0.589s] -- Installing: /home/yongjing-ub22/RTK_GPS_NTRIP_ws/install/ublox_serialization/share/ublox_serialization/cmake/ament_cmake_export_targets-extras.cmake
[0.589s] -- Installing: /home/yongjing-ub22/RTK_GPS_NTRIP_ws/install/ublox_serialization/share/ublox_serialization/cmake/ublox_serializationConfig.cmake
[0.589s] -- Installing: /home/yongjing-ub22/RTK_GPS_NTRIP_ws/install/ublox_serialization/share/ublox_serialization/cmake/ublox_serializationConfig-version.cmake
[0.589s] -- Installing: /home/yongjing-ub22/RTK_GPS_NTRIP_ws/install/ublox_serialization/share/ublox_serialization/package.xml
[0.590s] Invoked command in '/home/yongjing-ub22/RTK_GPS_NTRIP_ws/build/ublox_serialization' returned '0': CMAKE_PREFIX_PATH=/opt/ros/humble /usr/bin/cmake --install /home/yongjing-ub22/RTK_GPS_NTRIP_ws/build/ublox_serialization
