[  3%] [34m[1mGenerating C code for ROS interfaces[0m
[  6%] [34m[1mGenerating C++ code for ROS interfaces[0m
[  6%] Built target ament_cmake_python_copy_rtcm_msgs
[  6%] Built target rtcm_msgs__cpp
[  9%] [34m[1mGenerating C++ introspection for ROS interfaces[0m
[ 16%] [34m[1mGenerating C++ type support for eProsima Fast-RTPS[0m
[ 16%] [34m[1mGenerating C++ type support dispatch for ROS interfaces[0m
[ 19%] [32mBuilding C object CMakeFiles/rtcm_msgs__rosidl_generator_c.dir/rosidl_generator_c/rtcm_msgs/msg/detail/message__functions.c.o[0m
running egg_info
creating rtcm_msgs.egg-info
writing rtcm_msgs.egg-info/PKG-INFO
writing dependency_links to rtcm_msgs.egg-info/dependency_links.txt
writing top-level names to rtcm_msgs.egg-info/top_level.txt
writing manifest file 'rtcm_msgs.egg-info/SOURCES.txt'
reading manifest file 'rtcm_msgs.egg-info/SOURCES.txt'
writing manifest file 'rtcm_msgs.egg-info/SOURCES.txt'
[ 19%] Built target ament_cmake_python_build_rtcm_msgs_egg
[ 22%] [32m[1mLinking C shared library librtcm_msgs__rosidl_generator_c.so[0m
[ 22%] Built target rtcm_msgs__rosidl_generator_c
[ 25%] [34m[1mGenerating C type support dispatch for ROS interfaces[0m
[ 29%] [34m[1mGenerating C type support for eProsima Fast-RTPS[0m
[ 32%] [34m[1mGenerating C introspection for ROS interfaces[0m
[ 35%] [32mBuilding CXX object CMakeFiles/rtcm_msgs__rosidl_typesupport_cpp.dir/rosidl_typesupport_cpp/rtcm_msgs/msg/message__type_support.cpp.o[0m
[ 38%] [32mBuilding CXX object CMakeFiles/rtcm_msgs__rosidl_typesupport_introspection_cpp.dir/rosidl_typesupport_introspection_cpp/rtcm_msgs/msg/detail/message__type_support.cpp.o[0m
[ 41%] [32mBuilding CXX object CMakeFiles/rtcm_msgs__rosidl_typesupport_c.dir/rosidl_typesupport_c/rtcm_msgs/msg/message__type_support.cpp.o[0m
[ 45%] [32mBuilding CXX object CMakeFiles/rtcm_msgs__rosidl_typesupport_fastrtps_cpp.dir/rosidl_typesupport_fastrtps_cpp/rtcm_msgs/msg/detail/dds_fastrtps/message__type_support.cpp.o[0m
[ 48%] [32m[1mLinking CXX shared library librtcm_msgs__rosidl_typesupport_c.so[0m
[ 51%] [32mBuilding CXX object CMakeFiles/rtcm_msgs__rosidl_typesupport_fastrtps_c.dir/rosidl_typesupport_fastrtps_c/rtcm_msgs/msg/detail/message__type_support_c.cpp.o[0m
[ 54%] [32mBuilding C object CMakeFiles/rtcm_msgs__rosidl_typesupport_introspection_c.dir/rosidl_typesupport_introspection_c/rtcm_msgs/msg/detail/message__type_support.c.o[0m
[ 54%] Built target rtcm_msgs__rosidl_typesupport_c
[ 58%] [32m[1mLinking C shared library librtcm_msgs__rosidl_typesupport_introspection_c.so[0m
[ 58%] Built target rtcm_msgs__rosidl_typesupport_introspection_c
[ 61%] [32m[1mLinking CXX shared library librtcm_msgs__rosidl_typesupport_cpp.so[0m
[ 61%] Built target rtcm_msgs__rosidl_typesupport_cpp
[ 64%] [32m[1mLinking CXX shared library librtcm_msgs__rosidl_typesupport_introspection_cpp.so[0m
[ 64%] Built target rtcm_msgs__rosidl_typesupport_introspection_cpp
[ 67%] [32m[1mLinking CXX shared library librtcm_msgs__rosidl_typesupport_fastrtps_c.so[0m
[ 70%] [32m[1mLinking CXX shared library librtcm_msgs__rosidl_typesupport_fastrtps_cpp.so[0m
[ 70%] Built target rtcm_msgs__rosidl_typesupport_fastrtps_c
[ 70%] Built target rtcm_msgs__rosidl_typesupport_fastrtps_cpp
[ 70%] Built target rtcm_msgs
[ 74%] [34m[1mGenerating Python code for ROS interfaces[0m
[ 74%] Built target rtcm_msgs__py
[ 77%] [32mBuilding C object CMakeFiles/rtcm_msgs__rosidl_generator_py.dir/rosidl_generator_py/rtcm_msgs/msg/_message_s.c.o[0m
[ 80%] [32m[1mLinking C shared library rosidl_generator_py/rtcm_msgs/librtcm_msgs__rosidl_generator_py.so[0m
[ 80%] Built target rtcm_msgs__rosidl_generator_py
[ 83%] [32mBuilding C object CMakeFiles/rtcm_msgs__rosidl_typesupport_introspection_c__pyext.dir/rosidl_generator_py/rtcm_msgs/_rtcm_msgs_s.ep.rosidl_typesupport_introspection_c.c.o[0m
[ 87%] [32mBuilding C object CMakeFiles/rtcm_msgs__rosidl_typesupport_fastrtps_c__pyext.dir/rosidl_generator_py/rtcm_msgs/_rtcm_msgs_s.ep.rosidl_typesupport_fastrtps_c.c.o[0m
[ 90%] [32mBuilding C object CMakeFiles/rtcm_msgs__rosidl_typesupport_c__pyext.dir/rosidl_generator_py/rtcm_msgs/_rtcm_msgs_s.ep.rosidl_typesupport_c.c.o[0m
[100%] [32m[1mLinking C shared library rosidl_generator_py/rtcm_msgs/rtcm_msgs_s__rosidl_typesupport_introspection_c.cpython-310-x86_64-linux-gnu.so[0m
[100%] [32m[1mLinking C shared library rosidl_generator_py/rtcm_msgs/rtcm_msgs_s__rosidl_typesupport_c.cpython-310-x86_64-linux-gnu.so[0m
[100%] [32m[1mLinking C shared library rosidl_generator_py/rtcm_msgs/rtcm_msgs_s__rosidl_typesupport_fastrtps_c.cpython-310-x86_64-linux-gnu.so[0m
[100%] Built target rtcm_msgs__rosidl_typesupport_c__pyext
[100%] Built target rtcm_msgs__rosidl_typesupport_introspection_c__pyext
[100%] Built target rtcm_msgs__rosidl_typesupport_fastrtps_c__pyext
-- Install configuration: ""
-- Installing: /home/yongjing-ub22/RTK_GPS_NTRIP_ws/install/rtcm_msgs/share/ament_index/resource_index/rosidl_interfaces/rtcm_msgs
-- Installing: /home/yongjing-ub22/RTK_GPS_NTRIP_ws/install/rtcm_msgs/include/rtcm_msgs/rtcm_msgs
-- Installing: /home/yongjing-ub22/RTK_GPS_NTRIP_ws/install/rtcm_msgs/include/rtcm_msgs/rtcm_msgs/msg
-- Installing: /home/yongjing-ub22/RTK_GPS_NTRIP_ws/install/rtcm_msgs/include/rtcm_msgs/rtcm_msgs/msg/message.h
-- Installing: /home/yongjing-ub22/RTK_GPS_NTRIP_ws/install/rtcm_msgs/include/rtcm_msgs/rtcm_msgs/msg/rosidl_generator_c__visibility_control.h
-- Installing: /home/yongjing-ub22/RTK_GPS_NTRIP_ws/install/rtcm_msgs/include/rtcm_msgs/rtcm_msgs/msg/detail
-- Installing: /home/yongjing-ub22/RTK_GPS_NTRIP_ws/install/rtcm_msgs/include/rtcm_msgs/rtcm_msgs/msg/detail/message__functions.h
-- Installing: /home/yongjing-ub22/RTK_GPS_NTRIP_ws/install/rtcm_msgs/include/rtcm_msgs/rtcm_msgs/msg/detail/message__struct.h
-- Installing: /home/yongjing-ub22/RTK_GPS_NTRIP_ws/install/rtcm_msgs/include/rtcm_msgs/rtcm_msgs/msg/detail/message__type_support.h
-- Installing: /home/yongjing-ub22/RTK_GPS_NTRIP_ws/install/rtcm_msgs/include/rtcm_msgs/rtcm_msgs/msg/detail/message__functions.c
-- Installing: /home/yongjing-ub22/RTK_GPS_NTRIP_ws/install/rtcm_msgs/share/rtcm_msgs/environment/library_path.sh
-- Installing: /home/yongjing-ub22/RTK_GPS_NTRIP_ws/install/rtcm_msgs/share/rtcm_msgs/environment/library_path.dsv
-- Installing: /home/yongjing-ub22/RTK_GPS_NTRIP_ws/install/rtcm_msgs/lib/librtcm_msgs__rosidl_generator_c.so
-- Set runtime path of "/home/yongjing-ub22/RTK_GPS_NTRIP_ws/install/rtcm_msgs/lib/librtcm_msgs__rosidl_generator_c.so" to ""
-- Up-to-date: /home/yongjing-ub22/RTK_GPS_NTRIP_ws/install/rtcm_msgs/include/rtcm_msgs/rtcm_msgs
-- Up-to-date: /home/yongjing-ub22/RTK_GPS_NTRIP_ws/install/rtcm_msgs/include/rtcm_msgs/rtcm_msgs/msg
-- Installing: /home/yongjing-ub22/RTK_GPS_NTRIP_ws/install/rtcm_msgs/include/rtcm_msgs/rtcm_msgs/msg/rosidl_typesupport_fastrtps_c__visibility_control.h
-- Up-to-date: /home/yongjing-ub22/RTK_GPS_NTRIP_ws/install/rtcm_msgs/include/rtcm_msgs/rtcm_msgs/msg/detail
-- Installing: /home/yongjing-ub22/RTK_GPS_NTRIP_ws/install/rtcm_msgs/include/rtcm_msgs/rtcm_msgs/msg/detail/message__rosidl_typesupport_fastrtps_c.h
-- Installing: /home/yongjing-ub22/RTK_GPS_NTRIP_ws/install/rtcm_msgs/lib/librtcm_msgs__rosidl_typesupport_fastrtps_c.so
-- Set runtime path of "/home/yongjing-ub22/RTK_GPS_NTRIP_ws/install/rtcm_msgs/lib/librtcm_msgs__rosidl_typesupport_fastrtps_c.so" to ""
-- Up-to-date: /home/yongjing-ub22/RTK_GPS_NTRIP_ws/install/rtcm_msgs/include/rtcm_msgs/rtcm_msgs
-- Up-to-date: /home/yongjing-ub22/RTK_GPS_NTRIP_ws/install/rtcm_msgs/include/rtcm_msgs/rtcm_msgs/msg
-- Installing: /home/yongjing-ub22/RTK_GPS_NTRIP_ws/install/rtcm_msgs/include/rtcm_msgs/rtcm_msgs/msg/message.hpp
-- Up-to-date: /home/yongjing-ub22/RTK_GPS_NTRIP_ws/install/rtcm_msgs/include/rtcm_msgs/rtcm_msgs/msg/detail
-- Installing: /home/yongjing-ub22/RTK_GPS_NTRIP_ws/install/rtcm_msgs/include/rtcm_msgs/rtcm_msgs/msg/detail/message__traits.hpp
-- Installing: /home/yongjing-ub22/RTK_GPS_NTRIP_ws/install/rtcm_msgs/include/rtcm_msgs/rtcm_msgs/msg/detail/message__struct.hpp
-- Installing: /home/yongjing-ub22/RTK_GPS_NTRIP_ws/install/rtcm_msgs/include/rtcm_msgs/rtcm_msgs/msg/detail/message__builder.hpp
-- Up-to-date: /home/yongjing-ub22/RTK_GPS_NTRIP_ws/install/rtcm_msgs/include/rtcm_msgs/rtcm_msgs
-- Up-to-date: /home/yongjing-ub22/RTK_GPS_NTRIP_ws/install/rtcm_msgs/include/rtcm_msgs/rtcm_msgs/msg
-- Installing: /home/yongjing-ub22/RTK_GPS_NTRIP_ws/install/rtcm_msgs/include/rtcm_msgs/rtcm_msgs/msg/rosidl_typesupport_fastrtps_cpp__visibility_control.h
-- Up-to-date: /home/yongjing-ub22/RTK_GPS_NTRIP_ws/install/rtcm_msgs/include/rtcm_msgs/rtcm_msgs/msg/detail
-- Installing: /home/yongjing-ub22/RTK_GPS_NTRIP_ws/install/rtcm_msgs/include/rtcm_msgs/rtcm_msgs/msg/detail/message__rosidl_typesupport_fastrtps_cpp.hpp
-- Installing: /home/yongjing-ub22/RTK_GPS_NTRIP_ws/install/rtcm_msgs/include/rtcm_msgs/rtcm_msgs/msg/detail/dds_fastrtps
-- Installing: /home/yongjing-ub22/RTK_GPS_NTRIP_ws/install/rtcm_msgs/lib/librtcm_msgs__rosidl_typesupport_fastrtps_cpp.so
-- Set runtime path of "/home/yongjing-ub22/RTK_GPS_NTRIP_ws/install/rtcm_msgs/lib/librtcm_msgs__rosidl_typesupport_fastrtps_cpp.so" to ""
-- Up-to-date: /home/yongjing-ub22/RTK_GPS_NTRIP_ws/install/rtcm_msgs/include/rtcm_msgs/rtcm_msgs
-- Up-to-date: /home/yongjing-ub22/RTK_GPS_NTRIP_ws/install/rtcm_msgs/include/rtcm_msgs/rtcm_msgs/msg
-- Installing: /home/yongjing-ub22/RTK_GPS_NTRIP_ws/install/rtcm_msgs/include/rtcm_msgs/rtcm_msgs/msg/rosidl_typesupport_introspection_c__visibility_control.h
-- Up-to-date: /home/yongjing-ub22/RTK_GPS_NTRIP_ws/install/rtcm_msgs/include/rtcm_msgs/rtcm_msgs/msg/detail
-- Installing: /home/yongjing-ub22/RTK_GPS_NTRIP_ws/install/rtcm_msgs/include/rtcm_msgs/rtcm_msgs/msg/detail/message__rosidl_typesupport_introspection_c.h
-- Installing: /home/yongjing-ub22/RTK_GPS_NTRIP_ws/install/rtcm_msgs/include/rtcm_msgs/rtcm_msgs/msg/detail/message__type_support.c
-- Installing: /home/yongjing-ub22/RTK_GPS_NTRIP_ws/install/rtcm_msgs/lib/librtcm_msgs__rosidl_typesupport_introspection_c.so
-- Set runtime path of "/home/yongjing-ub22/RTK_GPS_NTRIP_ws/install/rtcm_msgs/lib/librtcm_msgs__rosidl_typesupport_introspection_c.so" to ""
-- Installing: /home/yongjing-ub22/RTK_GPS_NTRIP_ws/install/rtcm_msgs/lib/librtcm_msgs__rosidl_typesupport_c.so
-- Set runtime path of "/home/yongjing-ub22/RTK_GPS_NTRIP_ws/install/rtcm_msgs/lib/librtcm_msgs__rosidl_typesupport_c.so" to ""
-- Up-to-date: /home/yongjing-ub22/RTK_GPS_NTRIP_ws/install/rtcm_msgs/include/rtcm_msgs/rtcm_msgs
-- Up-to-date: /home/yongjing-ub22/RTK_GPS_NTRIP_ws/install/rtcm_msgs/include/rtcm_msgs/rtcm_msgs/msg
-- Up-to-date: /home/yongjing-ub22/RTK_GPS_NTRIP_ws/install/rtcm_msgs/include/rtcm_msgs/rtcm_msgs/msg/detail
-- Installing: /home/yongjing-ub22/RTK_GPS_NTRIP_ws/install/rtcm_msgs/include/rtcm_msgs/rtcm_msgs/msg/detail/message__type_support.cpp
-- Installing: /home/yongjing-ub22/RTK_GPS_NTRIP_ws/install/rtcm_msgs/include/rtcm_msgs/rtcm_msgs/msg/detail/message__rosidl_typesupport_introspection_cpp.hpp
-- Installing: /home/yongjing-ub22/RTK_GPS_NTRIP_ws/install/rtcm_msgs/lib/librtcm_msgs__rosidl_typesupport_introspection_cpp.so
-- Set runtime path of "/home/yongjing-ub22/RTK_GPS_NTRIP_ws/install/rtcm_msgs/lib/librtcm_msgs__rosidl_typesupport_introspection_cpp.so" to ""
-- Installing: /home/yongjing-ub22/RTK_GPS_NTRIP_ws/install/rtcm_msgs/lib/librtcm_msgs__rosidl_typesupport_cpp.so
-- Set runtime path of "/home/yongjing-ub22/RTK_GPS_NTRIP_ws/install/rtcm_msgs/lib/librtcm_msgs__rosidl_typesupport_cpp.so" to ""
-- Installing: /home/yongjing-ub22/RTK_GPS_NTRIP_ws/install/rtcm_msgs/share/rtcm_msgs/environment/pythonpath.sh
-- Installing: /home/yongjing-ub22/RTK_GPS_NTRIP_ws/install/rtcm_msgs/share/rtcm_msgs/environment/pythonpath.dsv
-- Installing: /home/yongjing-ub22/RTK_GPS_NTRIP_ws/install/rtcm_msgs/local/lib/python3.10/dist-packages/rtcm_msgs-1.1.6-py3.10.egg-info
-- Installing: /home/yongjing-ub22/RTK_GPS_NTRIP_ws/install/rtcm_msgs/local/lib/python3.10/dist-packages/rtcm_msgs-1.1.6-py3.10.egg-info/PKG-INFO
-- Installing: /home/yongjing-ub22/RTK_GPS_NTRIP_ws/install/rtcm_msgs/local/lib/python3.10/dist-packages/rtcm_msgs-1.1.6-py3.10.egg-info/dependency_links.txt
-- Installing: /home/yongjing-ub22/RTK_GPS_NTRIP_ws/install/rtcm_msgs/local/lib/python3.10/dist-packages/rtcm_msgs-1.1.6-py3.10.egg-info/top_level.txt
-- Installing: /home/yongjing-ub22/RTK_GPS_NTRIP_ws/install/rtcm_msgs/local/lib/python3.10/dist-packages/rtcm_msgs-1.1.6-py3.10.egg-info/SOURCES.txt
-- Installing: /home/yongjing-ub22/RTK_GPS_NTRIP_ws/install/rtcm_msgs/local/lib/python3.10/dist-packages/rtcm_msgs
-- Installing: /home/yongjing-ub22/RTK_GPS_NTRIP_ws/install/rtcm_msgs/local/lib/python3.10/dist-packages/rtcm_msgs/rtcm_msgs_s__rosidl_typesupport_c.cpython-310-x86_64-linux-gnu.so
-- Installing: /home/yongjing-ub22/RTK_GPS_NTRIP_ws/install/rtcm_msgs/local/lib/python3.10/dist-packages/rtcm_msgs/rtcm_msgs_s__rosidl_typesupport_introspection_c.cpython-310-x86_64-linux-gnu.so
-- Installing: /home/yongjing-ub22/RTK_GPS_NTRIP_ws/install/rtcm_msgs/local/lib/python3.10/dist-packages/rtcm_msgs/msg
-- Installing: /home/yongjing-ub22/RTK_GPS_NTRIP_ws/install/rtcm_msgs/local/lib/python3.10/dist-packages/rtcm_msgs/msg/_message.py
-- Installing: /home/yongjing-ub22/RTK_GPS_NTRIP_ws/install/rtcm_msgs/local/lib/python3.10/dist-packages/rtcm_msgs/msg/__init__.py
-- Installing: /home/yongjing-ub22/RTK_GPS_NTRIP_ws/install/rtcm_msgs/local/lib/python3.10/dist-packages/rtcm_msgs/msg/_message_s.c
-- Installing: /home/yongjing-ub22/RTK_GPS_NTRIP_ws/install/rtcm_msgs/local/lib/python3.10/dist-packages/rtcm_msgs/_rtcm_msgs_s.ep.rosidl_typesupport_c.c
-- Installing: /home/yongjing-ub22/RTK_GPS_NTRIP_ws/install/rtcm_msgs/local/lib/python3.10/dist-packages/rtcm_msgs/_rtcm_msgs_s.ep.rosidl_typesupport_introspection_c.c
-- Installing: /home/yongjing-ub22/RTK_GPS_NTRIP_ws/install/rtcm_msgs/local/lib/python3.10/dist-packages/rtcm_msgs/__init__.py
-- Installing: /home/yongjing-ub22/RTK_GPS_NTRIP_ws/install/rtcm_msgs/local/lib/python3.10/dist-packages/rtcm_msgs/rtcm_msgs_s__rosidl_typesupport_fastrtps_c.cpython-310-x86_64-linux-gnu.so
-- Installing: /home/yongjing-ub22/RTK_GPS_NTRIP_ws/install/rtcm_msgs/local/lib/python3.10/dist-packages/rtcm_msgs/_rtcm_msgs_s.ep.rosidl_typesupport_fastrtps_c.c
-- Installing: /home/yongjing-ub22/RTK_GPS_NTRIP_ws/install/rtcm_msgs/local/lib/python3.10/dist-packages/rtcm_msgs/librtcm_msgs__rosidl_generator_py.so
Listing '/home/yongjing-ub22/RTK_GPS_NTRIP_ws/install/rtcm_msgs/local/lib/python3.10/dist-packages/rtcm_msgs'...
Compiling '/home/yongjing-ub22/RTK_GPS_NTRIP_ws/install/rtcm_msgs/local/lib/python3.10/dist-packages/rtcm_msgs/__init__.py'...
Listing '/home/yongjing-ub22/RTK_GPS_NTRIP_ws/install/rtcm_msgs/local/lib/python3.10/dist-packages/rtcm_msgs/msg'...
Compiling '/home/yongjing-ub22/RTK_GPS_NTRIP_ws/install/rtcm_msgs/local/lib/python3.10/dist-packages/rtcm_msgs/msg/__init__.py'...
Compiling '/home/yongjing-ub22/RTK_GPS_NTRIP_ws/install/rtcm_msgs/local/lib/python3.10/dist-packages/rtcm_msgs/msg/_message.py'...
-- Installing: /home/yongjing-ub22/RTK_GPS_NTRIP_ws/install/rtcm_msgs/local/lib/python3.10/dist-packages/rtcm_msgs/rtcm_msgs_s__rosidl_typesupport_fastrtps_c.cpython-310-x86_64-linux-gnu.so
-- Set runtime path of "/home/yongjing-ub22/RTK_GPS_NTRIP_ws/install/rtcm_msgs/local/lib/python3.10/dist-packages/rtcm_msgs/rtcm_msgs_s__rosidl_typesupport_fastrtps_c.cpython-310-x86_64-linux-gnu.so" to ""
-- Installing: /home/yongjing-ub22/RTK_GPS_NTRIP_ws/install/rtcm_msgs/local/lib/python3.10/dist-packages/rtcm_msgs/rtcm_msgs_s__rosidl_typesupport_introspection_c.cpython-310-x86_64-linux-gnu.so
-- Set runtime path of "/home/yongjing-ub22/RTK_GPS_NTRIP_ws/install/rtcm_msgs/local/lib/python3.10/dist-packages/rtcm_msgs/rtcm_msgs_s__rosidl_typesupport_introspection_c.cpython-310-x86_64-linux-gnu.so" to ""
-- Installing: /home/yongjing-ub22/RTK_GPS_NTRIP_ws/install/rtcm_msgs/local/lib/python3.10/dist-packages/rtcm_msgs/rtcm_msgs_s__rosidl_typesupport_c.cpython-310-x86_64-linux-gnu.so
-- Set runtime path of "/home/yongjing-ub22/RTK_GPS_NTRIP_ws/install/rtcm_msgs/local/lib/python3.10/dist-packages/rtcm_msgs/rtcm_msgs_s__rosidl_typesupport_c.cpython-310-x86_64-linux-gnu.so" to ""
-- Installing: /home/yongjing-ub22/RTK_GPS_NTRIP_ws/install/rtcm_msgs/lib/librtcm_msgs__rosidl_generator_py.so
-- Set runtime path of "/home/yongjing-ub22/RTK_GPS_NTRIP_ws/install/rtcm_msgs/lib/librtcm_msgs__rosidl_generator_py.so" to ""
-- Installing: /home/yongjing-ub22/RTK_GPS_NTRIP_ws/install/rtcm_msgs/share/rtcm_msgs/msg/Message.idl
-- Installing: /home/yongjing-ub22/RTK_GPS_NTRIP_ws/install/rtcm_msgs/share/rtcm_msgs/msg/Message.msg
-- Installing: /home/yongjing-ub22/RTK_GPS_NTRIP_ws/install/rtcm_msgs/share/ament_index/resource_index/package_run_dependencies/rtcm_msgs
-- Installing: /home/yongjing-ub22/RTK_GPS_NTRIP_ws/install/rtcm_msgs/share/ament_index/resource_index/parent_prefix_path/rtcm_msgs
-- Installing: /home/yongjing-ub22/RTK_GPS_NTRIP_ws/install/rtcm_msgs/share/rtcm_msgs/environment/ament_prefix_path.sh
-- Installing: /home/yongjing-ub22/RTK_GPS_NTRIP_ws/install/rtcm_msgs/share/rtcm_msgs/environment/ament_prefix_path.dsv
-- Installing: /home/yongjing-ub22/RTK_GPS_NTRIP_ws/install/rtcm_msgs/share/rtcm_msgs/environment/path.sh
-- Installing: /home/yongjing-ub22/RTK_GPS_NTRIP_ws/install/rtcm_msgs/share/rtcm_msgs/environment/path.dsv
-- Installing: /home/yongjing-ub22/RTK_GPS_NTRIP_ws/install/rtcm_msgs/share/rtcm_msgs/local_setup.bash
-- Installing: /home/yongjing-ub22/RTK_GPS_NTRIP_ws/install/rtcm_msgs/share/rtcm_msgs/local_setup.sh
-- Installing: /home/yongjing-ub22/RTK_GPS_NTRIP_ws/install/rtcm_msgs/share/rtcm_msgs/local_setup.zsh
-- Installing: /home/yongjing-ub22/RTK_GPS_NTRIP_ws/install/rtcm_msgs/share/rtcm_msgs/local_setup.dsv
-- Installing: /home/yongjing-ub22/RTK_GPS_NTRIP_ws/install/rtcm_msgs/share/rtcm_msgs/package.dsv
-- Installing: /home/yongjing-ub22/RTK_GPS_NTRIP_ws/install/rtcm_msgs/share/ament_index/resource_index/packages/rtcm_msgs
-- Installing: /home/yongjing-ub22/RTK_GPS_NTRIP_ws/install/rtcm_msgs/share/rtcm_msgs/cmake/export_rtcm_msgs__rosidl_generator_cExport.cmake
-- Installing: /home/yongjing-ub22/RTK_GPS_NTRIP_ws/install/rtcm_msgs/share/rtcm_msgs/cmake/export_rtcm_msgs__rosidl_generator_cExport-noconfig.cmake
-- Installing: /home/yongjing-ub22/RTK_GPS_NTRIP_ws/install/rtcm_msgs/share/rtcm_msgs/cmake/export_rtcm_msgs__rosidl_typesupport_fastrtps_cExport.cmake
-- Installing: /home/yongjing-ub22/RTK_GPS_NTRIP_ws/install/rtcm_msgs/share/rtcm_msgs/cmake/export_rtcm_msgs__rosidl_typesupport_fastrtps_cExport-noconfig.cmake
-- Installing: /home/yongjing-ub22/RTK_GPS_NTRIP_ws/install/rtcm_msgs/share/rtcm_msgs/cmake/export_rtcm_msgs__rosidl_generator_cppExport.cmake
-- Installing: /home/yongjing-ub22/RTK_GPS_NTRIP_ws/install/rtcm_msgs/share/rtcm_msgs/cmake/export_rtcm_msgs__rosidl_typesupport_fastrtps_cppExport.cmake
-- Installing: /home/yongjing-ub22/RTK_GPS_NTRIP_ws/install/rtcm_msgs/share/rtcm_msgs/cmake/export_rtcm_msgs__rosidl_typesupport_fastrtps_cppExport-noconfig.cmake
-- Installing: /home/yongjing-ub22/RTK_GPS_NTRIP_ws/install/rtcm_msgs/share/rtcm_msgs/cmake/rtcm_msgs__rosidl_typesupport_introspection_cExport.cmake
-- Installing: /home/yongjing-ub22/RTK_GPS_NTRIP_ws/install/rtcm_msgs/share/rtcm_msgs/cmake/rtcm_msgs__rosidl_typesupport_introspection_cExport-noconfig.cmake
-- Installing: /home/yongjing-ub22/RTK_GPS_NTRIP_ws/install/rtcm_msgs/share/rtcm_msgs/cmake/rtcm_msgs__rosidl_typesupport_cExport.cmake
-- Installing: /home/yongjing-ub22/RTK_GPS_NTRIP_ws/install/rtcm_msgs/share/rtcm_msgs/cmake/rtcm_msgs__rosidl_typesupport_cExport-noconfig.cmake
-- Installing: /home/yongjing-ub22/RTK_GPS_NTRIP_ws/install/rtcm_msgs/share/rtcm_msgs/cmake/rtcm_msgs__rosidl_typesupport_introspection_cppExport.cmake
-- Installing: /home/yongjing-ub22/RTK_GPS_NTRIP_ws/install/rtcm_msgs/share/rtcm_msgs/cmake/rtcm_msgs__rosidl_typesupport_introspection_cppExport-noconfig.cmake
-- Installing: /home/yongjing-ub22/RTK_GPS_NTRIP_ws/install/rtcm_msgs/share/rtcm_msgs/cmake/rtcm_msgs__rosidl_typesupport_cppExport.cmake
-- Installing: /home/yongjing-ub22/RTK_GPS_NTRIP_ws/install/rtcm_msgs/share/rtcm_msgs/cmake/rtcm_msgs__rosidl_typesupport_cppExport-noconfig.cmake
-- Installing: /home/yongjing-ub22/RTK_GPS_NTRIP_ws/install/rtcm_msgs/share/rtcm_msgs/cmake/export_rtcm_msgs__rosidl_generator_pyExport.cmake
-- Installing: /home/yongjing-ub22/RTK_GPS_NTRIP_ws/install/rtcm_msgs/share/rtcm_msgs/cmake/export_rtcm_msgs__rosidl_generator_pyExport-noconfig.cmake
-- Installing: /home/yongjing-ub22/RTK_GPS_NTRIP_ws/install/rtcm_msgs/share/rtcm_msgs/cmake/rosidl_cmake-extras.cmake
-- Installing: /home/yongjing-ub22/RTK_GPS_NTRIP_ws/install/rtcm_msgs/share/rtcm_msgs/cmake/ament_cmake_export_dependencies-extras.cmake
-- Installing: /home/yongjing-ub22/RTK_GPS_NTRIP_ws/install/rtcm_msgs/share/rtcm_msgs/cmake/ament_cmake_export_include_directories-extras.cmake
-- Installing: /home/yongjing-ub22/RTK_GPS_NTRIP_ws/install/rtcm_msgs/share/rtcm_msgs/cmake/ament_cmake_export_libraries-extras.cmake
-- Installing: /home/yongjing-ub22/RTK_GPS_NTRIP_ws/install/rtcm_msgs/share/rtcm_msgs/cmake/ament_cmake_export_targets-extras.cmake
-- Installing: /home/yongjing-ub22/RTK_GPS_NTRIP_ws/install/rtcm_msgs/share/rtcm_msgs/cmake/rosidl_cmake_export_typesupport_targets-extras.cmake
-- Installing: /home/yongjing-ub22/RTK_GPS_NTRIP_ws/install/rtcm_msgs/share/rtcm_msgs/cmake/rosidl_cmake_export_typesupport_libraries-extras.cmake
-- Installing: /home/yongjing-ub22/RTK_GPS_NTRIP_ws/install/rtcm_msgs/share/rtcm_msgs/cmake/rtcm_msgsConfig.cmake
-- Installing: /home/yongjing-ub22/RTK_GPS_NTRIP_ws/install/rtcm_msgs/share/rtcm_msgs/cmake/rtcm_msgsConfig-version.cmake
-- Installing: /home/yongjing-ub22/RTK_GPS_NTRIP_ws/install/rtcm_msgs/share/rtcm_msgs/package.xml
