[0.412s] Invoking command in '/home/yongjing-ub22/RTK_GPS_NTRIP_ws/src/RTK_GPS_NTRIP/ntrip_client': PYTHONPATH=/home/yongjing-ub22/RTK_GPS_NTRIP_ws/build/ntrip_client/prefix_override:/usr/lib/python3/dist-packages/colcon_core/task/python/colcon_distutils_commands:/home/yongjing-ub22/RTK_GPS_NTRIP_ws/install/ntrip_client/lib/python3.10/site-packages:${PYTHONPATH} /usr/bin/python3 -W ignore:setup.py install is deprecated setup.py egg_info --egg-base ../../../build/ntrip_client build --build-base /home/yongjing-ub22/RTK_GPS_NTRIP_ws/build/ntrip_client/build install --record /home/yongjing-ub22/RTK_GPS_NTRIP_ws/build/ntrip_client/install.log --single-version-externally-managed install_data
[0.579s] running egg_info
[0.579s] creating ../../../build/ntrip_client/ntrip_client.egg-info
[0.579s] writing ../../../build/ntrip_client/ntrip_client.egg-info/PKG-INFO
[0.579s] writing dependency_links to ../../../build/ntrip_client/ntrip_client.egg-info/dependency_links.txt
[0.579s] writing requirements to ../../../build/ntrip_client/ntrip_client.egg-info/requires.txt
[0.579s] writing top-level names to ../../../build/ntrip_client/ntrip_client.egg-info/top_level.txt
[0.579s] writing manifest file '../../../build/ntrip_client/ntrip_client.egg-info/SOURCES.txt'
[0.580s] reading manifest file '../../../build/ntrip_client/ntrip_client.egg-info/SOURCES.txt'
[0.580s] adding license file 'LICENSE'
[0.581s] writing manifest file '../../../build/ntrip_client/ntrip_client.egg-info/SOURCES.txt'
[0.581s] running build
[0.581s] running build_py
[0.581s] creating /home/yongjing-ub22/RTK_GPS_NTRIP_ws/build/ntrip_client/build
[0.581s] creating /home/yongjing-ub22/RTK_GPS_NTRIP_ws/build/ntrip_client/build/lib
[0.581s] creating /home/yongjing-ub22/RTK_GPS_NTRIP_ws/build/ntrip_client/build/lib/ntrip_client
[0.581s] copying src/ntrip_client/ntrip_client.py -> /home/yongjing-ub22/RTK_GPS_NTRIP_ws/build/ntrip_client/build/lib/ntrip_client
[0.581s] copying src/ntrip_client/nmea_parser.py -> /home/yongjing-ub22/RTK_GPS_NTRIP_ws/build/ntrip_client/build/lib/ntrip_client
[0.581s] copying src/ntrip_client/__init__.py -> /home/yongjing-ub22/RTK_GPS_NTRIP_ws/build/ntrip_client/build/lib/ntrip_client
[0.581s] copying src/ntrip_client/rtcm_parser.py -> /home/yongjing-ub22/RTK_GPS_NTRIP_ws/build/ntrip_client/build/lib/ntrip_client
[0.582s] running build_scripts
[0.582s] creating /home/yongjing-ub22/RTK_GPS_NTRIP_ws/build/ntrip_client/build/scripts-3.10
[0.582s] copying and adjusting scripts/ntrip_ros.py -> /home/yongjing-ub22/RTK_GPS_NTRIP_ws/build/ntrip_client/build/scripts-3.10
[0.582s] changing mode of /home/yongjing-ub22/RTK_GPS_NTRIP_ws/build/ntrip_client/build/scripts-3.10/ntrip_ros.py from 664 to 775
[0.582s] running install
[0.582s] running install_lib
[0.582s] creating /home/yongjing-ub22/RTK_GPS_NTRIP_ws/install/ntrip_client/lib/python3.10/site-packages/ntrip_client
[0.582s] copying /home/yongjing-ub22/RTK_GPS_NTRIP_ws/build/ntrip_client/build/lib/ntrip_client/ntrip_client.py -> /home/yongjing-ub22/RTK_GPS_NTRIP_ws/install/ntrip_client/lib/python3.10/site-packages/ntrip_client
[0.583s] copying /home/yongjing-ub22/RTK_GPS_NTRIP_ws/build/ntrip_client/build/lib/ntrip_client/nmea_parser.py -> /home/yongjing-ub22/RTK_GPS_NTRIP_ws/install/ntrip_client/lib/python3.10/site-packages/ntrip_client
[0.583s] copying /home/yongjing-ub22/RTK_GPS_NTRIP_ws/build/ntrip_client/build/lib/ntrip_client/__init__.py -> /home/yongjing-ub22/RTK_GPS_NTRIP_ws/install/ntrip_client/lib/python3.10/site-packages/ntrip_client
[0.583s] copying /home/yongjing-ub22/RTK_GPS_NTRIP_ws/build/ntrip_client/build/lib/ntrip_client/rtcm_parser.py -> /home/yongjing-ub22/RTK_GPS_NTRIP_ws/install/ntrip_client/lib/python3.10/site-packages/ntrip_client
[0.583s] byte-compiling /home/yongjing-ub22/RTK_GPS_NTRIP_ws/install/ntrip_client/lib/python3.10/site-packages/ntrip_client/ntrip_client.py to ntrip_client.cpython-310.pyc
[0.584s] byte-compiling /home/yongjing-ub22/RTK_GPS_NTRIP_ws/install/ntrip_client/lib/python3.10/site-packages/ntrip_client/nmea_parser.py to nmea_parser.cpython-310.pyc
[0.584s] byte-compiling /home/yongjing-ub22/RTK_GPS_NTRIP_ws/install/ntrip_client/lib/python3.10/site-packages/ntrip_client/__init__.py to __init__.cpython-310.pyc
[0.584s] byte-compiling /home/yongjing-ub22/RTK_GPS_NTRIP_ws/install/ntrip_client/lib/python3.10/site-packages/ntrip_client/rtcm_parser.py to rtcm_parser.cpython-310.pyc
[0.585s] running install_data
[0.586s] creating /home/yongjing-ub22/RTK_GPS_NTRIP_ws/install/ntrip_client/share/ament_index
[0.586s] creating /home/yongjing-ub22/RTK_GPS_NTRIP_ws/install/ntrip_client/share/ament_index/resource_index
[0.586s] creating /home/yongjing-ub22/RTK_GPS_NTRIP_ws/install/ntrip_client/share/ament_index/resource_index/packages
[0.586s] copying resource/ntrip_client -> /home/yongjing-ub22/RTK_GPS_NTRIP_ws/install/ntrip_client/share/ament_index/resource_index/packages
[0.586s] copying package.xml -> /home/yongjing-ub22/RTK_GPS_NTRIP_ws/install/ntrip_client/share/ntrip_client
[0.586s] error: can't copy 'launch/__pycache__': doesn't exist or not a regular file
[0.596s] Invoked command in '/home/yongjing-ub22/RTK_GPS_NTRIP_ws/src/RTK_GPS_NTRIP/ntrip_client' returned '1': PYTHONPATH=/home/yongjing-ub22/RTK_GPS_NTRIP_ws/build/ntrip_client/prefix_override:/usr/lib/python3/dist-packages/colcon_core/task/python/colcon_distutils_commands:/home/yongjing-ub22/RTK_GPS_NTRIP_ws/install/ntrip_client/lib/python3.10/site-packages:${PYTHONPATH} /usr/bin/python3 -W ignore:setup.py install is deprecated setup.py egg_info --egg-base ../../../build/ntrip_client build --build-base /home/yongjing-ub22/RTK_GPS_NTRIP_ws/build/ntrip_client/build install --record /home/yongjing-ub22/RTK_GPS_NTRIP_ws/build/ntrip_client/install.log --single-version-externally-managed install_data
