[0.577s] Invoking command in '/home/yongjing-ub22/comms_nusmr/simple_pubsub_ws/src/py_pubsub': PYTHONPATH=/home/yongjing-ub22/comms_nusmr/simple_pubsub_ws/build/py_pubsub/prefix_override:/usr/lib/python3/dist-packages/colcon_core/task/python/colcon_distutils_commands:/home/yongjing-ub22/comms_nusmr/simple_pubsub_ws/install/py_pubsub/lib/python3.10/site-packages:${PYTHONPATH} /usr/bin/python3 -W ignore:setup.py install is deprecated -W ignore:easy_install command is deprecated setup.py egg_info --egg-base ../../build/py_pubsub build --build-base /home/yongjing-ub22/comms_nusmr/simple_pubsub_ws/build/py_pubsub/build install --record /home/yongjing-ub22/comms_nusmr/simple_pubsub_ws/build/py_pubsub/install.log --single-version-externally-managed install_data
[0.772s] running egg_info
[0.772s] writing ../../build/py_pubsub/py_pubsub.egg-info/PKG-INFO
[0.772s] writing dependency_links to ../../build/py_pubsub/py_pubsub.egg-info/dependency_links.txt
[0.773s] writing entry points to ../../build/py_pubsub/py_pubsub.egg-info/entry_points.txt
[0.773s] writing requirements to ../../build/py_pubsub/py_pubsub.egg-info/requires.txt
[0.773s] writing top-level names to ../../build/py_pubsub/py_pubsub.egg-info/top_level.txt
[0.774s] reading manifest file '../../build/py_pubsub/py_pubsub.egg-info/SOURCES.txt'
[0.775s] writing manifest file '../../build/py_pubsub/py_pubsub.egg-info/SOURCES.txt'
[0.776s] running build
[0.776s] running build_py
[0.776s] copying py_pubsub/subscriber_member_function.py -> /home/yongjing-ub22/comms_nusmr/simple_pubsub_ws/build/py_pubsub/build/lib/py_pubsub
[0.776s] running install
[0.777s] running install_lib
[0.777s] copying /home/yongjing-ub22/comms_nusmr/simple_pubsub_ws/build/py_pubsub/build/lib/py_pubsub/subscriber_member_function.py -> /home/yongjing-ub22/comms_nusmr/simple_pubsub_ws/install/py_pubsub/lib/python3.10/site-packages/py_pubsub
[0.778s] byte-compiling /home/yongjing-ub22/comms_nusmr/simple_pubsub_ws/install/py_pubsub/lib/python3.10/site-packages/py_pubsub/subscriber_member_function.py to subscriber_member_function.cpython-310.pyc
[0.779s] running install_data
[0.779s] running install_egg_info
[0.781s] removing '/home/yongjing-ub22/comms_nusmr/simple_pubsub_ws/install/py_pubsub/lib/python3.10/site-packages/py_pubsub-0.0.0-py3.10.egg-info' (and everything under it)
[0.781s] Copying ../../build/py_pubsub/py_pubsub.egg-info to /home/yongjing-ub22/comms_nusmr/simple_pubsub_ws/install/py_pubsub/lib/python3.10/site-packages/py_pubsub-0.0.0-py3.10.egg-info
[0.781s] running install_scripts
[0.796s] Installing listener script to /home/yongjing-ub22/comms_nusmr/simple_pubsub_ws/install/py_pubsub/lib/py_pubsub
[0.797s] Installing talker script to /home/yongjing-ub22/comms_nusmr/simple_pubsub_ws/install/py_pubsub/lib/py_pubsub
[0.797s] writing list of installed files to '/home/yongjing-ub22/comms_nusmr/simple_pubsub_ws/build/py_pubsub/install.log'
[0.819s] Invoked command in '/home/yongjing-ub22/comms_nusmr/simple_pubsub_ws/src/py_pubsub' returned '0': PYTHONPATH=/home/yongjing-ub22/comms_nusmr/simple_pubsub_ws/build/py_pubsub/prefix_override:/usr/lib/python3/dist-packages/colcon_core/task/python/colcon_distutils_commands:/home/yongjing-ub22/comms_nusmr/simple_pubsub_ws/install/py_pubsub/lib/python3.10/site-packages:${PYTHONPATH} /usr/bin/python3 -W ignore:setup.py install is deprecated -W ignore:easy_install command is deprecated setup.py egg_info --egg-base ../../build/py_pubsub build --build-base /home/yongjing-ub22/comms_nusmr/simple_pubsub_ws/build/py_pubsub/build install --record /home/yongjing-ub22/comms_nusmr/simple_pubsub_ws/build/py_pubsub/install.log --single-version-externally-managed install_data
